[2024-01-22T15:30:46.936+0200] {processor.py:161} INFO - Started process (PID=40619) to work on /usr/local/lib/python3.10/dist-packages/airflow/example_dags/example_external_task_marker_dag.py
[2024-01-22T15:30:46.937+0200] {processor.py:830} INFO - Processing file /usr/local/lib/python3.10/dist-packages/airflow/example_dags/example_external_task_marker_dag.py for tasks to queue
[2024-01-22T15:30:46.938+0200] {logging_mixin.py:188} INFO - [2024-01-22T15:30:46.937+0200] {dagbag.py:538} INFO - Filling up the DagBag from /usr/local/lib/python3.10/dist-packages/airflow/example_dags/example_external_task_marker_dag.py
[2024-01-22T15:30:46.955+0200] {processor.py:840} INFO - DAG(s) 'example_external_task_marker_child', 'example_external_task_marker_parent' retrieved from /usr/local/lib/python3.10/dist-packages/airflow/example_dags/example_external_task_marker_dag.py
[2024-01-22T15:30:47.116+0200] {logging_mixin.py:188} INFO - [2024-01-22T15:30:47.116+0200] {dag.py:3036} INFO - Sync 2 DAGs
[2024-01-22T15:30:47.131+0200] {logging_mixin.py:188} INFO - [2024-01-22T15:30:47.131+0200] {dag.py:3823} INFO - Setting next_dagrun for example_external_task_marker_child to None, run_after=None
[2024-01-22T15:30:47.133+0200] {logging_mixin.py:188} INFO - [2024-01-22T15:30:47.133+0200] {dag.py:3823} INFO - Setting next_dagrun for example_external_task_marker_parent to None, run_after=None
[2024-01-22T15:30:47.165+0200] {processor.py:183} INFO - Processing /usr/local/lib/python3.10/dist-packages/airflow/example_dags/example_external_task_marker_dag.py took 0.234 seconds
[2024-01-22T15:31:59.286+0200] {processor.py:161} INFO - Started process (PID=41084) to work on /usr/local/lib/python3.10/dist-packages/airflow/example_dags/example_external_task_marker_dag.py
[2024-01-22T15:31:59.289+0200] {processor.py:830} INFO - Processing file /usr/local/lib/python3.10/dist-packages/airflow/example_dags/example_external_task_marker_dag.py for tasks to queue
[2024-01-22T15:31:59.291+0200] {logging_mixin.py:188} INFO - [2024-01-22T15:31:59.290+0200] {dagbag.py:538} INFO - Filling up the DagBag from /usr/local/lib/python3.10/dist-packages/airflow/example_dags/example_external_task_marker_dag.py
[2024-01-22T15:31:59.312+0200] {processor.py:840} INFO - DAG(s) 'example_external_task_marker_parent', 'example_external_task_marker_child' retrieved from /usr/local/lib/python3.10/dist-packages/airflow/example_dags/example_external_task_marker_dag.py
[2024-01-22T15:31:59.347+0200] {logging_mixin.py:188} INFO - [2024-01-22T15:31:59.347+0200] {dag.py:3036} INFO - Sync 2 DAGs
[2024-01-22T15:31:59.367+0200] {logging_mixin.py:188} INFO - [2024-01-22T15:31:59.367+0200] {dag.py:3823} INFO - Setting next_dagrun for example_external_task_marker_child to None, run_after=None
[2024-01-22T15:31:59.370+0200] {logging_mixin.py:188} INFO - [2024-01-22T15:31:59.370+0200] {dag.py:3823} INFO - Setting next_dagrun for example_external_task_marker_parent to None, run_after=None
[2024-01-22T15:31:59.403+0200] {processor.py:183} INFO - Processing /usr/local/lib/python3.10/dist-packages/airflow/example_dags/example_external_task_marker_dag.py took 0.128 seconds
[2024-01-22T15:33:00.954+0200] {processor.py:161} INFO - Started process (PID=41286) to work on /usr/local/lib/python3.10/dist-packages/airflow/example_dags/example_external_task_marker_dag.py
[2024-01-22T15:33:00.955+0200] {processor.py:830} INFO - Processing file /usr/local/lib/python3.10/dist-packages/airflow/example_dags/example_external_task_marker_dag.py for tasks to queue
[2024-01-22T15:33:00.956+0200] {logging_mixin.py:188} INFO - [2024-01-22T15:33:00.956+0200] {dagbag.py:538} INFO - Filling up the DagBag from /usr/local/lib/python3.10/dist-packages/airflow/example_dags/example_external_task_marker_dag.py
[2024-01-22T15:33:00.963+0200] {processor.py:840} INFO - DAG(s) 'example_external_task_marker_child', 'example_external_task_marker_parent' retrieved from /usr/local/lib/python3.10/dist-packages/airflow/example_dags/example_external_task_marker_dag.py
[2024-01-22T15:33:00.996+0200] {logging_mixin.py:188} INFO - [2024-01-22T15:33:00.996+0200] {dag.py:3036} INFO - Sync 2 DAGs
[2024-01-22T15:33:01.009+0200] {logging_mixin.py:188} INFO - [2024-01-22T15:33:01.009+0200] {dag.py:3823} INFO - Setting next_dagrun for example_external_task_marker_child to None, run_after=None
[2024-01-22T15:33:01.015+0200] {logging_mixin.py:188} INFO - [2024-01-22T15:33:01.015+0200] {dag.py:3823} INFO - Setting next_dagrun for example_external_task_marker_parent to None, run_after=None
[2024-01-22T15:33:01.031+0200] {processor.py:183} INFO - Processing /usr/local/lib/python3.10/dist-packages/airflow/example_dags/example_external_task_marker_dag.py took 0.080 seconds
[2024-01-22T15:34:00.274+0200] {processor.py:161} INFO - Started process (PID=41565) to work on /usr/local/lib/python3.10/dist-packages/airflow/example_dags/example_external_task_marker_dag.py
[2024-01-22T15:34:00.289+0200] {processor.py:830} INFO - Processing file /usr/local/lib/python3.10/dist-packages/airflow/example_dags/example_external_task_marker_dag.py for tasks to queue
[2024-01-22T15:34:00.289+0200] {logging_mixin.py:188} INFO - [2024-01-22T15:34:00.289+0200] {dagbag.py:538} INFO - Filling up the DagBag from /usr/local/lib/python3.10/dist-packages/airflow/example_dags/example_external_task_marker_dag.py
[2024-01-22T15:34:00.302+0200] {processor.py:840} INFO - DAG(s) 'example_external_task_marker_parent', 'example_external_task_marker_child' retrieved from /usr/local/lib/python3.10/dist-packages/airflow/example_dags/example_external_task_marker_dag.py
[2024-01-22T15:34:00.332+0200] {logging_mixin.py:188} INFO - [2024-01-22T15:34:00.332+0200] {dag.py:3036} INFO - Sync 2 DAGs
[2024-01-22T15:34:00.352+0200] {logging_mixin.py:188} INFO - [2024-01-22T15:34:00.352+0200] {dag.py:3823} INFO - Setting next_dagrun for example_external_task_marker_child to None, run_after=None
[2024-01-22T15:34:00.354+0200] {logging_mixin.py:188} INFO - [2024-01-22T15:34:00.354+0200] {dag.py:3823} INFO - Setting next_dagrun for example_external_task_marker_parent to None, run_after=None
[2024-01-22T15:34:00.379+0200] {processor.py:183} INFO - Processing /usr/local/lib/python3.10/dist-packages/airflow/example_dags/example_external_task_marker_dag.py took 0.108 seconds
[2024-01-22T15:34:52.374+0200] {processor.py:161} INFO - Started process (PID=41653) to work on /usr/local/lib/python3.10/dist-packages/airflow/example_dags/example_external_task_marker_dag.py
[2024-01-22T15:34:52.376+0200] {processor.py:830} INFO - Processing file /usr/local/lib/python3.10/dist-packages/airflow/example_dags/example_external_task_marker_dag.py for tasks to queue
[2024-01-22T15:34:52.377+0200] {logging_mixin.py:188} INFO - [2024-01-22T15:34:52.376+0200] {dagbag.py:538} INFO - Filling up the DagBag from /usr/local/lib/python3.10/dist-packages/airflow/example_dags/example_external_task_marker_dag.py
[2024-01-22T15:34:52.391+0200] {processor.py:840} INFO - DAG(s) 'example_external_task_marker_child', 'example_external_task_marker_parent' retrieved from /usr/local/lib/python3.10/dist-packages/airflow/example_dags/example_external_task_marker_dag.py
[2024-01-22T15:34:52.419+0200] {logging_mixin.py:188} INFO - [2024-01-22T15:34:52.419+0200] {dag.py:3036} INFO - Sync 2 DAGs
[2024-01-22T15:34:52.444+0200] {logging_mixin.py:188} INFO - [2024-01-22T15:34:52.444+0200] {dag.py:3823} INFO - Setting next_dagrun for example_external_task_marker_child to None, run_after=None
[2024-01-22T15:34:52.446+0200] {logging_mixin.py:188} INFO - [2024-01-22T15:34:52.446+0200] {dag.py:3823} INFO - Setting next_dagrun for example_external_task_marker_parent to None, run_after=None
[2024-01-22T15:34:52.468+0200] {processor.py:183} INFO - Processing /usr/local/lib/python3.10/dist-packages/airflow/example_dags/example_external_task_marker_dag.py took 0.104 seconds
[2024-01-22T15:35:40.541+0200] {processor.py:161} INFO - Started process (PID=41806) to work on /usr/local/lib/python3.10/dist-packages/airflow/example_dags/example_external_task_marker_dag.py
[2024-01-22T15:35:40.543+0200] {processor.py:830} INFO - Processing file /usr/local/lib/python3.10/dist-packages/airflow/example_dags/example_external_task_marker_dag.py for tasks to queue
[2024-01-22T15:35:40.543+0200] {logging_mixin.py:188} INFO - [2024-01-22T15:35:40.543+0200] {dagbag.py:538} INFO - Filling up the DagBag from /usr/local/lib/python3.10/dist-packages/airflow/example_dags/example_external_task_marker_dag.py
[2024-01-22T15:35:40.551+0200] {processor.py:840} INFO - DAG(s) 'example_external_task_marker_parent', 'example_external_task_marker_child' retrieved from /usr/local/lib/python3.10/dist-packages/airflow/example_dags/example_external_task_marker_dag.py
[2024-01-22T15:35:40.575+0200] {logging_mixin.py:188} INFO - [2024-01-22T15:35:40.575+0200] {dag.py:3036} INFO - Sync 2 DAGs
[2024-01-22T15:35:40.583+0200] {logging_mixin.py:188} INFO - [2024-01-22T15:35:40.583+0200] {dag.py:3823} INFO - Setting next_dagrun for example_external_task_marker_child to None, run_after=None
[2024-01-22T15:35:40.585+0200] {logging_mixin.py:188} INFO - [2024-01-22T15:35:40.585+0200] {dag.py:3823} INFO - Setting next_dagrun for example_external_task_marker_parent to None, run_after=None
[2024-01-22T15:35:40.602+0200] {processor.py:183} INFO - Processing /usr/local/lib/python3.10/dist-packages/airflow/example_dags/example_external_task_marker_dag.py took 0.064 seconds
[2024-01-22T15:36:28.031+0200] {processor.py:161} INFO - Started process (PID=41928) to work on /usr/local/lib/python3.10/dist-packages/airflow/example_dags/example_external_task_marker_dag.py
[2024-01-22T15:36:28.033+0200] {processor.py:830} INFO - Processing file /usr/local/lib/python3.10/dist-packages/airflow/example_dags/example_external_task_marker_dag.py for tasks to queue
[2024-01-22T15:36:28.034+0200] {logging_mixin.py:188} INFO - [2024-01-22T15:36:28.034+0200] {dagbag.py:538} INFO - Filling up the DagBag from /usr/local/lib/python3.10/dist-packages/airflow/example_dags/example_external_task_marker_dag.py
[2024-01-22T15:36:28.044+0200] {processor.py:840} INFO - DAG(s) 'example_external_task_marker_child', 'example_external_task_marker_parent' retrieved from /usr/local/lib/python3.10/dist-packages/airflow/example_dags/example_external_task_marker_dag.py
[2024-01-22T15:36:28.060+0200] {logging_mixin.py:188} INFO - [2024-01-22T15:36:28.060+0200] {dag.py:3036} INFO - Sync 2 DAGs
[2024-01-22T15:36:28.067+0200] {logging_mixin.py:188} INFO - [2024-01-22T15:36:28.067+0200] {dag.py:3823} INFO - Setting next_dagrun for example_external_task_marker_child to None, run_after=None
[2024-01-22T15:36:28.069+0200] {logging_mixin.py:188} INFO - [2024-01-22T15:36:28.069+0200] {dag.py:3823} INFO - Setting next_dagrun for example_external_task_marker_parent to None, run_after=None
[2024-01-22T15:36:28.085+0200] {processor.py:183} INFO - Processing /usr/local/lib/python3.10/dist-packages/airflow/example_dags/example_external_task_marker_dag.py took 0.058 seconds
[2024-01-22T15:37:13.855+0200] {processor.py:161} INFO - Started process (PID=42037) to work on /usr/local/lib/python3.10/dist-packages/airflow/example_dags/example_external_task_marker_dag.py
[2024-01-22T15:37:13.857+0200] {processor.py:830} INFO - Processing file /usr/local/lib/python3.10/dist-packages/airflow/example_dags/example_external_task_marker_dag.py for tasks to queue
[2024-01-22T15:37:13.858+0200] {logging_mixin.py:188} INFO - [2024-01-22T15:37:13.858+0200] {dagbag.py:538} INFO - Filling up the DagBag from /usr/local/lib/python3.10/dist-packages/airflow/example_dags/example_external_task_marker_dag.py
[2024-01-22T15:37:13.869+0200] {processor.py:840} INFO - DAG(s) 'example_external_task_marker_parent', 'example_external_task_marker_child' retrieved from /usr/local/lib/python3.10/dist-packages/airflow/example_dags/example_external_task_marker_dag.py
[2024-01-22T15:37:13.914+0200] {logging_mixin.py:188} INFO - [2024-01-22T15:37:13.914+0200] {dag.py:3036} INFO - Sync 2 DAGs
[2024-01-22T15:37:13.926+0200] {logging_mixin.py:188} INFO - [2024-01-22T15:37:13.926+0200] {dag.py:3823} INFO - Setting next_dagrun for example_external_task_marker_child to None, run_after=None
[2024-01-22T15:37:13.929+0200] {logging_mixin.py:188} INFO - [2024-01-22T15:37:13.929+0200] {dag.py:3823} INFO - Setting next_dagrun for example_external_task_marker_parent to None, run_after=None
[2024-01-22T15:37:13.969+0200] {processor.py:183} INFO - Processing /usr/local/lib/python3.10/dist-packages/airflow/example_dags/example_external_task_marker_dag.py took 0.118 seconds
[2024-01-22T15:38:00.014+0200] {processor.py:161} INFO - Started process (PID=42099) to work on /usr/local/lib/python3.10/dist-packages/airflow/example_dags/example_external_task_marker_dag.py
[2024-01-22T15:38:00.016+0200] {processor.py:830} INFO - Processing file /usr/local/lib/python3.10/dist-packages/airflow/example_dags/example_external_task_marker_dag.py for tasks to queue
[2024-01-22T15:38:00.017+0200] {logging_mixin.py:188} INFO - [2024-01-22T15:38:00.017+0200] {dagbag.py:538} INFO - Filling up the DagBag from /usr/local/lib/python3.10/dist-packages/airflow/example_dags/example_external_task_marker_dag.py
[2024-01-22T15:38:00.037+0200] {processor.py:840} INFO - DAG(s) 'example_external_task_marker_child', 'example_external_task_marker_parent' retrieved from /usr/local/lib/python3.10/dist-packages/airflow/example_dags/example_external_task_marker_dag.py
[2024-01-22T15:38:00.064+0200] {logging_mixin.py:188} INFO - [2024-01-22T15:38:00.064+0200] {dag.py:3036} INFO - Sync 2 DAGs
[2024-01-22T15:38:00.077+0200] {logging_mixin.py:188} INFO - [2024-01-22T15:38:00.077+0200] {dag.py:3823} INFO - Setting next_dagrun for example_external_task_marker_child to None, run_after=None
[2024-01-22T15:38:00.080+0200] {logging_mixin.py:188} INFO - [2024-01-22T15:38:00.080+0200] {dag.py:3823} INFO - Setting next_dagrun for example_external_task_marker_parent to None, run_after=None
[2024-01-22T15:38:00.107+0200] {processor.py:183} INFO - Processing /usr/local/lib/python3.10/dist-packages/airflow/example_dags/example_external_task_marker_dag.py took 0.098 seconds
[2024-01-22T15:38:52.978+0200] {processor.py:161} INFO - Started process (PID=42153) to work on /usr/local/lib/python3.10/dist-packages/airflow/example_dags/example_external_task_marker_dag.py
[2024-01-22T15:38:52.979+0200] {processor.py:830} INFO - Processing file /usr/local/lib/python3.10/dist-packages/airflow/example_dags/example_external_task_marker_dag.py for tasks to queue
[2024-01-22T15:38:52.981+0200] {logging_mixin.py:188} INFO - [2024-01-22T15:38:52.980+0200] {dagbag.py:538} INFO - Filling up the DagBag from /usr/local/lib/python3.10/dist-packages/airflow/example_dags/example_external_task_marker_dag.py
[2024-01-22T15:38:52.989+0200] {processor.py:840} INFO - DAG(s) 'example_external_task_marker_parent', 'example_external_task_marker_child' retrieved from /usr/local/lib/python3.10/dist-packages/airflow/example_dags/example_external_task_marker_dag.py
[2024-01-22T15:38:53.010+0200] {logging_mixin.py:188} INFO - [2024-01-22T15:38:53.010+0200] {dag.py:3036} INFO - Sync 2 DAGs
[2024-01-22T15:38:53.023+0200] {logging_mixin.py:188} INFO - [2024-01-22T15:38:53.022+0200] {dag.py:3823} INFO - Setting next_dagrun for example_external_task_marker_child to None, run_after=None
[2024-01-22T15:38:53.026+0200] {logging_mixin.py:188} INFO - [2024-01-22T15:38:53.025+0200] {dag.py:3823} INFO - Setting next_dagrun for example_external_task_marker_parent to None, run_after=None
[2024-01-22T15:38:53.049+0200] {processor.py:183} INFO - Processing /usr/local/lib/python3.10/dist-packages/airflow/example_dags/example_external_task_marker_dag.py took 0.075 seconds
[2024-01-22T15:39:51.930+0200] {processor.py:161} INFO - Started process (PID=42219) to work on /usr/local/lib/python3.10/dist-packages/airflow/example_dags/example_external_task_marker_dag.py
[2024-01-22T15:39:51.932+0200] {processor.py:830} INFO - Processing file /usr/local/lib/python3.10/dist-packages/airflow/example_dags/example_external_task_marker_dag.py for tasks to queue
[2024-01-22T15:39:51.933+0200] {logging_mixin.py:188} INFO - [2024-01-22T15:39:51.932+0200] {dagbag.py:538} INFO - Filling up the DagBag from /usr/local/lib/python3.10/dist-packages/airflow/example_dags/example_external_task_marker_dag.py
[2024-01-22T15:39:51.939+0200] {processor.py:840} INFO - DAG(s) 'example_external_task_marker_parent', 'example_external_task_marker_child' retrieved from /usr/local/lib/python3.10/dist-packages/airflow/example_dags/example_external_task_marker_dag.py
[2024-01-22T15:39:51.956+0200] {logging_mixin.py:188} INFO - [2024-01-22T15:39:51.956+0200] {dag.py:3036} INFO - Sync 2 DAGs
[2024-01-22T15:39:51.967+0200] {logging_mixin.py:188} INFO - [2024-01-22T15:39:51.966+0200] {dag.py:3823} INFO - Setting next_dagrun for example_external_task_marker_child to None, run_after=None
[2024-01-22T15:39:51.968+0200] {logging_mixin.py:188} INFO - [2024-01-22T15:39:51.968+0200] {dag.py:3823} INFO - Setting next_dagrun for example_external_task_marker_parent to None, run_after=None
[2024-01-22T15:39:51.995+0200] {processor.py:183} INFO - Processing /usr/local/lib/python3.10/dist-packages/airflow/example_dags/example_external_task_marker_dag.py took 0.068 seconds
[2024-01-22T15:40:55.996+0200] {processor.py:161} INFO - Started process (PID=42309) to work on /usr/local/lib/python3.10/dist-packages/airflow/example_dags/example_external_task_marker_dag.py
[2024-01-22T15:40:55.999+0200] {processor.py:830} INFO - Processing file /usr/local/lib/python3.10/dist-packages/airflow/example_dags/example_external_task_marker_dag.py for tasks to queue
[2024-01-22T15:40:56.000+0200] {logging_mixin.py:188} INFO - [2024-01-22T15:40:55.999+0200] {dagbag.py:538} INFO - Filling up the DagBag from /usr/local/lib/python3.10/dist-packages/airflow/example_dags/example_external_task_marker_dag.py
[2024-01-22T15:40:56.009+0200] {processor.py:840} INFO - DAG(s) 'example_external_task_marker_parent', 'example_external_task_marker_child' retrieved from /usr/local/lib/python3.10/dist-packages/airflow/example_dags/example_external_task_marker_dag.py
[2024-01-22T15:40:56.049+0200] {logging_mixin.py:188} INFO - [2024-01-22T15:40:56.049+0200] {dag.py:3036} INFO - Sync 2 DAGs
[2024-01-22T15:40:56.061+0200] {logging_mixin.py:188} INFO - [2024-01-22T15:40:56.061+0200] {dag.py:3823} INFO - Setting next_dagrun for example_external_task_marker_child to None, run_after=None
[2024-01-22T15:40:56.064+0200] {logging_mixin.py:188} INFO - [2024-01-22T15:40:56.064+0200] {dag.py:3823} INFO - Setting next_dagrun for example_external_task_marker_parent to None, run_after=None
[2024-01-22T15:40:56.090+0200] {processor.py:183} INFO - Processing /usr/local/lib/python3.10/dist-packages/airflow/example_dags/example_external_task_marker_dag.py took 0.099 seconds
[2024-01-22T15:41:49.607+0200] {processor.py:161} INFO - Started process (PID=42365) to work on /usr/local/lib/python3.10/dist-packages/airflow/example_dags/example_external_task_marker_dag.py
[2024-01-22T15:41:49.609+0200] {processor.py:830} INFO - Processing file /usr/local/lib/python3.10/dist-packages/airflow/example_dags/example_external_task_marker_dag.py for tasks to queue
[2024-01-22T15:41:49.610+0200] {logging_mixin.py:188} INFO - [2024-01-22T15:41:49.610+0200] {dagbag.py:538} INFO - Filling up the DagBag from /usr/local/lib/python3.10/dist-packages/airflow/example_dags/example_external_task_marker_dag.py
[2024-01-22T15:41:49.619+0200] {processor.py:840} INFO - DAG(s) 'example_external_task_marker_child', 'example_external_task_marker_parent' retrieved from /usr/local/lib/python3.10/dist-packages/airflow/example_dags/example_external_task_marker_dag.py
[2024-01-22T15:41:49.640+0200] {logging_mixin.py:188} INFO - [2024-01-22T15:41:49.639+0200] {dag.py:3036} INFO - Sync 2 DAGs
[2024-01-22T15:41:49.651+0200] {logging_mixin.py:188} INFO - [2024-01-22T15:41:49.651+0200] {dag.py:3823} INFO - Setting next_dagrun for example_external_task_marker_child to None, run_after=None
[2024-01-22T15:41:49.654+0200] {logging_mixin.py:188} INFO - [2024-01-22T15:41:49.653+0200] {dag.py:3823} INFO - Setting next_dagrun for example_external_task_marker_parent to None, run_after=None
[2024-01-22T15:41:49.681+0200] {processor.py:183} INFO - Processing /usr/local/lib/python3.10/dist-packages/airflow/example_dags/example_external_task_marker_dag.py took 0.079 seconds
[2024-01-22T15:42:46.812+0200] {processor.py:161} INFO - Started process (PID=42431) to work on /usr/local/lib/python3.10/dist-packages/airflow/example_dags/example_external_task_marker_dag.py
[2024-01-22T15:42:46.813+0200] {processor.py:830} INFO - Processing file /usr/local/lib/python3.10/dist-packages/airflow/example_dags/example_external_task_marker_dag.py for tasks to queue
[2024-01-22T15:42:46.814+0200] {logging_mixin.py:188} INFO - [2024-01-22T15:42:46.814+0200] {dagbag.py:538} INFO - Filling up the DagBag from /usr/local/lib/python3.10/dist-packages/airflow/example_dags/example_external_task_marker_dag.py
[2024-01-22T15:42:46.836+0200] {processor.py:840} INFO - DAG(s) 'example_external_task_marker_parent', 'example_external_task_marker_child' retrieved from /usr/local/lib/python3.10/dist-packages/airflow/example_dags/example_external_task_marker_dag.py
[2024-01-22T15:42:46.886+0200] {logging_mixin.py:188} INFO - [2024-01-22T15:42:46.886+0200] {dag.py:3036} INFO - Sync 2 DAGs
[2024-01-22T15:42:46.917+0200] {logging_mixin.py:188} INFO - [2024-01-22T15:42:46.916+0200] {dag.py:3823} INFO - Setting next_dagrun for example_external_task_marker_child to None, run_after=None
[2024-01-22T15:42:46.921+0200] {logging_mixin.py:188} INFO - [2024-01-22T15:42:46.921+0200] {dag.py:3823} INFO - Setting next_dagrun for example_external_task_marker_parent to None, run_after=None
[2024-01-22T15:42:46.967+0200] {processor.py:183} INFO - Processing /usr/local/lib/python3.10/dist-packages/airflow/example_dags/example_external_task_marker_dag.py took 0.167 seconds
[2024-01-22T15:43:39.875+0200] {processor.py:161} INFO - Started process (PID=42487) to work on /usr/local/lib/python3.10/dist-packages/airflow/example_dags/example_external_task_marker_dag.py
[2024-01-22T15:43:39.878+0200] {processor.py:830} INFO - Processing file /usr/local/lib/python3.10/dist-packages/airflow/example_dags/example_external_task_marker_dag.py for tasks to queue
[2024-01-22T15:43:39.879+0200] {logging_mixin.py:188} INFO - [2024-01-22T15:43:39.878+0200] {dagbag.py:538} INFO - Filling up the DagBag from /usr/local/lib/python3.10/dist-packages/airflow/example_dags/example_external_task_marker_dag.py
[2024-01-22T15:43:39.885+0200] {processor.py:840} INFO - DAG(s) 'example_external_task_marker_parent', 'example_external_task_marker_child' retrieved from /usr/local/lib/python3.10/dist-packages/airflow/example_dags/example_external_task_marker_dag.py
[2024-01-22T15:43:39.898+0200] {logging_mixin.py:188} INFO - [2024-01-22T15:43:39.898+0200] {dag.py:3036} INFO - Sync 2 DAGs
[2024-01-22T15:43:39.907+0200] {logging_mixin.py:188} INFO - [2024-01-22T15:43:39.907+0200] {dag.py:3823} INFO - Setting next_dagrun for example_external_task_marker_child to None, run_after=None
[2024-01-22T15:43:39.909+0200] {logging_mixin.py:188} INFO - [2024-01-22T15:43:39.908+0200] {dag.py:3823} INFO - Setting next_dagrun for example_external_task_marker_parent to None, run_after=None
[2024-01-22T15:43:39.924+0200] {processor.py:183} INFO - Processing /usr/local/lib/python3.10/dist-packages/airflow/example_dags/example_external_task_marker_dag.py took 0.053 seconds
[2024-01-22T15:44:31.449+0200] {processor.py:161} INFO - Started process (PID=42540) to work on /usr/local/lib/python3.10/dist-packages/airflow/example_dags/example_external_task_marker_dag.py
[2024-01-22T15:44:31.451+0200] {processor.py:830} INFO - Processing file /usr/local/lib/python3.10/dist-packages/airflow/example_dags/example_external_task_marker_dag.py for tasks to queue
[2024-01-22T15:44:31.452+0200] {logging_mixin.py:188} INFO - [2024-01-22T15:44:31.451+0200] {dagbag.py:538} INFO - Filling up the DagBag from /usr/local/lib/python3.10/dist-packages/airflow/example_dags/example_external_task_marker_dag.py
[2024-01-22T15:44:31.462+0200] {processor.py:840} INFO - DAG(s) 'example_external_task_marker_parent', 'example_external_task_marker_child' retrieved from /usr/local/lib/python3.10/dist-packages/airflow/example_dags/example_external_task_marker_dag.py
[2024-01-22T15:44:31.496+0200] {logging_mixin.py:188} INFO - [2024-01-22T15:44:31.496+0200] {dag.py:3036} INFO - Sync 2 DAGs
[2024-01-22T15:44:31.515+0200] {logging_mixin.py:188} INFO - [2024-01-22T15:44:31.514+0200] {dag.py:3823} INFO - Setting next_dagrun for example_external_task_marker_child to None, run_after=None
[2024-01-22T15:44:31.518+0200] {logging_mixin.py:188} INFO - [2024-01-22T15:44:31.517+0200] {dag.py:3823} INFO - Setting next_dagrun for example_external_task_marker_parent to None, run_after=None
[2024-01-22T15:44:31.544+0200] {processor.py:183} INFO - Processing /usr/local/lib/python3.10/dist-packages/airflow/example_dags/example_external_task_marker_dag.py took 0.100 seconds
[2024-01-22T15:45:20.309+0200] {processor.py:161} INFO - Started process (PID=42645) to work on /usr/local/lib/python3.10/dist-packages/airflow/example_dags/example_external_task_marker_dag.py
[2024-01-22T15:45:20.311+0200] {processor.py:830} INFO - Processing file /usr/local/lib/python3.10/dist-packages/airflow/example_dags/example_external_task_marker_dag.py for tasks to queue
[2024-01-22T15:45:20.312+0200] {logging_mixin.py:188} INFO - [2024-01-22T15:45:20.312+0200] {dagbag.py:538} INFO - Filling up the DagBag from /usr/local/lib/python3.10/dist-packages/airflow/example_dags/example_external_task_marker_dag.py
[2024-01-22T15:45:20.322+0200] {processor.py:840} INFO - DAG(s) 'example_external_task_marker_parent', 'example_external_task_marker_child' retrieved from /usr/local/lib/python3.10/dist-packages/airflow/example_dags/example_external_task_marker_dag.py
[2024-01-22T15:45:20.346+0200] {logging_mixin.py:188} INFO - [2024-01-22T15:45:20.346+0200] {dag.py:3036} INFO - Sync 2 DAGs
[2024-01-22T15:45:20.359+0200] {logging_mixin.py:188} INFO - [2024-01-22T15:45:20.359+0200] {dag.py:3823} INFO - Setting next_dagrun for example_external_task_marker_child to None, run_after=None
[2024-01-22T15:45:20.362+0200] {logging_mixin.py:188} INFO - [2024-01-22T15:45:20.362+0200] {dag.py:3823} INFO - Setting next_dagrun for example_external_task_marker_parent to None, run_after=None
[2024-01-22T15:45:20.387+0200] {processor.py:183} INFO - Processing /usr/local/lib/python3.10/dist-packages/airflow/example_dags/example_external_task_marker_dag.py took 0.082 seconds
[2024-01-22T15:46:21.147+0200] {processor.py:161} INFO - Started process (PID=42715) to work on /usr/local/lib/python3.10/dist-packages/airflow/example_dags/example_external_task_marker_dag.py
[2024-01-22T15:46:21.162+0200] {processor.py:830} INFO - Processing file /usr/local/lib/python3.10/dist-packages/airflow/example_dags/example_external_task_marker_dag.py for tasks to queue
[2024-01-22T15:46:21.182+0200] {logging_mixin.py:188} INFO - [2024-01-22T15:46:21.173+0200] {dagbag.py:538} INFO - Filling up the DagBag from /usr/local/lib/python3.10/dist-packages/airflow/example_dags/example_external_task_marker_dag.py
[2024-01-22T15:46:21.241+0200] {processor.py:840} INFO - DAG(s) 'example_external_task_marker_parent', 'example_external_task_marker_child' retrieved from /usr/local/lib/python3.10/dist-packages/airflow/example_dags/example_external_task_marker_dag.py
[2024-01-22T15:46:21.354+0200] {logging_mixin.py:188} INFO - [2024-01-22T15:46:21.353+0200] {dag.py:3036} INFO - Sync 2 DAGs
[2024-01-22T15:46:21.452+0200] {logging_mixin.py:188} INFO - [2024-01-22T15:46:21.452+0200] {dag.py:3823} INFO - Setting next_dagrun for example_external_task_marker_child to None, run_after=None
[2024-01-22T15:46:21.493+0200] {logging_mixin.py:188} INFO - [2024-01-22T15:46:21.455+0200] {dag.py:3823} INFO - Setting next_dagrun for example_external_task_marker_parent to None, run_after=None
[2024-01-22T15:46:21.600+0200] {processor.py:183} INFO - Processing /usr/local/lib/python3.10/dist-packages/airflow/example_dags/example_external_task_marker_dag.py took 0.494 seconds
[2024-01-22T15:47:19.328+0200] {processor.py:161} INFO - Started process (PID=43667) to work on /usr/local/lib/python3.10/dist-packages/airflow/example_dags/example_external_task_marker_dag.py
[2024-01-22T15:47:19.332+0200] {processor.py:830} INFO - Processing file /usr/local/lib/python3.10/dist-packages/airflow/example_dags/example_external_task_marker_dag.py for tasks to queue
[2024-01-22T15:47:19.333+0200] {logging_mixin.py:188} INFO - [2024-01-22T15:47:19.333+0200] {dagbag.py:538} INFO - Filling up the DagBag from /usr/local/lib/python3.10/dist-packages/airflow/example_dags/example_external_task_marker_dag.py
[2024-01-22T15:47:19.343+0200] {processor.py:840} INFO - DAG(s) 'example_external_task_marker_parent', 'example_external_task_marker_child' retrieved from /usr/local/lib/python3.10/dist-packages/airflow/example_dags/example_external_task_marker_dag.py
[2024-01-22T15:47:19.366+0200] {logging_mixin.py:188} INFO - [2024-01-22T15:47:19.365+0200] {dag.py:3036} INFO - Sync 2 DAGs
[2024-01-22T15:47:19.385+0200] {logging_mixin.py:188} INFO - [2024-01-22T15:47:19.385+0200] {dag.py:3823} INFO - Setting next_dagrun for example_external_task_marker_child to None, run_after=None
[2024-01-22T15:47:19.388+0200] {logging_mixin.py:188} INFO - [2024-01-22T15:47:19.388+0200] {dag.py:3823} INFO - Setting next_dagrun for example_external_task_marker_parent to None, run_after=None
[2024-01-22T15:47:19.498+0200] {processor.py:183} INFO - Processing /usr/local/lib/python3.10/dist-packages/airflow/example_dags/example_external_task_marker_dag.py took 0.176 seconds
[2024-01-22T15:48:25.130+0200] {processor.py:161} INFO - Started process (PID=43816) to work on /usr/local/lib/python3.10/dist-packages/airflow/example_dags/example_external_task_marker_dag.py
[2024-01-22T15:48:25.168+0200] {processor.py:830} INFO - Processing file /usr/local/lib/python3.10/dist-packages/airflow/example_dags/example_external_task_marker_dag.py for tasks to queue
[2024-01-22T15:48:25.169+0200] {logging_mixin.py:188} INFO - [2024-01-22T15:48:25.169+0200] {dagbag.py:538} INFO - Filling up the DagBag from /usr/local/lib/python3.10/dist-packages/airflow/example_dags/example_external_task_marker_dag.py
[2024-01-22T15:48:25.207+0200] {processor.py:840} INFO - DAG(s) 'example_external_task_marker_parent', 'example_external_task_marker_child' retrieved from /usr/local/lib/python3.10/dist-packages/airflow/example_dags/example_external_task_marker_dag.py
[2024-01-22T15:48:25.470+0200] {logging_mixin.py:188} INFO - [2024-01-22T15:48:25.470+0200] {dag.py:3036} INFO - Sync 2 DAGs
[2024-01-22T15:48:25.511+0200] {logging_mixin.py:188} INFO - [2024-01-22T15:48:25.511+0200] {dag.py:3823} INFO - Setting next_dagrun for example_external_task_marker_child to None, run_after=None
[2024-01-22T15:48:25.513+0200] {logging_mixin.py:188} INFO - [2024-01-22T15:48:25.513+0200] {dag.py:3823} INFO - Setting next_dagrun for example_external_task_marker_parent to None, run_after=None
[2024-01-22T15:48:25.652+0200] {processor.py:183} INFO - Processing /usr/local/lib/python3.10/dist-packages/airflow/example_dags/example_external_task_marker_dag.py took 0.525 seconds
