[2024-01-22T15:30:20.998+0200] {processor.py:161} INFO - Started process (PID=40586) to work on /usr/local/lib/python3.10/dist-packages/airflow/example_dags/example_task_group.py
[2024-01-22T15:30:20.999+0200] {processor.py:830} INFO - Processing file /usr/local/lib/python3.10/dist-packages/airflow/example_dags/example_task_group.py for tasks to queue
[2024-01-22T15:30:20.999+0200] {logging_mixin.py:188} INFO - [2024-01-22T15:30:20.999+0200] {dagbag.py:538} INFO - Filling up the DagBag from /usr/local/lib/python3.10/dist-packages/airflow/example_dags/example_task_group.py
[2024-01-22T15:30:21.019+0200] {processor.py:840} INFO - DAG(s) 'example_task_group' retrieved from /usr/local/lib/python3.10/dist-packages/airflow/example_dags/example_task_group.py
[2024-01-22T15:30:21.200+0200] {logging_mixin.py:188} INFO - [2024-01-22T15:30:21.200+0200] {dag.py:3036} INFO - Sync 1 DAGs
[2024-01-22T15:30:21.228+0200] {logging_mixin.py:188} INFO - [2024-01-22T15:30:21.228+0200] {dag.py:3823} INFO - Setting next_dagrun for example_task_group to 2024-01-21 00:00:00+00:00, run_after=2024-01-22 00:00:00+00:00
[2024-01-22T15:30:21.254+0200] {processor.py:183} INFO - Processing /usr/local/lib/python3.10/dist-packages/airflow/example_dags/example_task_group.py took 0.274 seconds
[2024-01-22T15:31:34.893+0200] {processor.py:161} INFO - Started process (PID=40912) to work on /usr/local/lib/python3.10/dist-packages/airflow/example_dags/example_task_group.py
[2024-01-22T15:31:34.904+0200] {processor.py:830} INFO - Processing file /usr/local/lib/python3.10/dist-packages/airflow/example_dags/example_task_group.py for tasks to queue
[2024-01-22T15:31:34.905+0200] {logging_mixin.py:188} INFO - [2024-01-22T15:31:34.904+0200] {dagbag.py:538} INFO - Filling up the DagBag from /usr/local/lib/python3.10/dist-packages/airflow/example_dags/example_task_group.py
[2024-01-22T15:31:34.915+0200] {processor.py:840} INFO - DAG(s) 'example_task_group' retrieved from /usr/local/lib/python3.10/dist-packages/airflow/example_dags/example_task_group.py
[2024-01-22T15:31:34.950+0200] {logging_mixin.py:188} INFO - [2024-01-22T15:31:34.950+0200] {dag.py:3036} INFO - Sync 1 DAGs
[2024-01-22T15:31:34.974+0200] {logging_mixin.py:188} INFO - [2024-01-22T15:31:34.973+0200] {dag.py:3823} INFO - Setting next_dagrun for example_task_group to 2024-01-21 00:00:00+00:00, run_after=2024-01-22 00:00:00+00:00
[2024-01-22T15:31:35.016+0200] {processor.py:183} INFO - Processing /usr/local/lib/python3.10/dist-packages/airflow/example_dags/example_task_group.py took 0.126 seconds
[2024-01-22T15:32:29.664+0200] {processor.py:161} INFO - Started process (PID=41193) to work on /usr/local/lib/python3.10/dist-packages/airflow/example_dags/example_task_group.py
[2024-01-22T15:32:29.668+0200] {processor.py:830} INFO - Processing file /usr/local/lib/python3.10/dist-packages/airflow/example_dags/example_task_group.py for tasks to queue
[2024-01-22T15:32:29.669+0200] {logging_mixin.py:188} INFO - [2024-01-22T15:32:29.668+0200] {dagbag.py:538} INFO - Filling up the DagBag from /usr/local/lib/python3.10/dist-packages/airflow/example_dags/example_task_group.py
[2024-01-22T15:32:29.678+0200] {processor.py:840} INFO - DAG(s) 'example_task_group' retrieved from /usr/local/lib/python3.10/dist-packages/airflow/example_dags/example_task_group.py
[2024-01-22T15:32:29.696+0200] {logging_mixin.py:188} INFO - [2024-01-22T15:32:29.695+0200] {dag.py:3036} INFO - Sync 1 DAGs
[2024-01-22T15:32:29.708+0200] {logging_mixin.py:188} INFO - [2024-01-22T15:32:29.708+0200] {dag.py:3823} INFO - Setting next_dagrun for example_task_group to 2024-01-21 00:00:00+00:00, run_after=2024-01-22 00:00:00+00:00
[2024-01-22T15:32:29.731+0200] {processor.py:183} INFO - Processing /usr/local/lib/python3.10/dist-packages/airflow/example_dags/example_task_group.py took 0.070 seconds
[2024-01-22T15:33:20.808+0200] {processor.py:161} INFO - Started process (PID=41436) to work on /usr/local/lib/python3.10/dist-packages/airflow/example_dags/example_task_group.py
[2024-01-22T15:33:20.815+0200] {processor.py:830} INFO - Processing file /usr/local/lib/python3.10/dist-packages/airflow/example_dags/example_task_group.py for tasks to queue
[2024-01-22T15:33:20.816+0200] {logging_mixin.py:188} INFO - [2024-01-22T15:33:20.816+0200] {dagbag.py:538} INFO - Filling up the DagBag from /usr/local/lib/python3.10/dist-packages/airflow/example_dags/example_task_group.py
[2024-01-22T15:33:20.837+0200] {processor.py:840} INFO - DAG(s) 'example_task_group' retrieved from /usr/local/lib/python3.10/dist-packages/airflow/example_dags/example_task_group.py
[2024-01-22T15:33:20.900+0200] {logging_mixin.py:188} INFO - [2024-01-22T15:33:20.900+0200] {dag.py:3036} INFO - Sync 1 DAGs
[2024-01-22T15:33:20.998+0200] {logging_mixin.py:188} INFO - [2024-01-22T15:33:20.981+0200] {dag.py:3823} INFO - Setting next_dagrun for example_task_group to 2024-01-21 00:00:00+00:00, run_after=2024-01-22 00:00:00+00:00
[2024-01-22T15:33:21.045+0200] {processor.py:183} INFO - Processing /usr/local/lib/python3.10/dist-packages/airflow/example_dags/example_task_group.py took 0.240 seconds
[2024-01-22T15:34:17.574+0200] {processor.py:161} INFO - Started process (PID=41603) to work on /usr/local/lib/python3.10/dist-packages/airflow/example_dags/example_task_group.py
[2024-01-22T15:34:17.578+0200] {processor.py:830} INFO - Processing file /usr/local/lib/python3.10/dist-packages/airflow/example_dags/example_task_group.py for tasks to queue
[2024-01-22T15:34:17.579+0200] {logging_mixin.py:188} INFO - [2024-01-22T15:34:17.579+0200] {dagbag.py:538} INFO - Filling up the DagBag from /usr/local/lib/python3.10/dist-packages/airflow/example_dags/example_task_group.py
[2024-01-22T15:34:17.603+0200] {processor.py:840} INFO - DAG(s) 'example_task_group' retrieved from /usr/local/lib/python3.10/dist-packages/airflow/example_dags/example_task_group.py
[2024-01-22T15:34:17.628+0200] {logging_mixin.py:188} INFO - [2024-01-22T15:34:17.628+0200] {dag.py:3036} INFO - Sync 1 DAGs
[2024-01-22T15:34:17.679+0200] {logging_mixin.py:188} INFO - [2024-01-22T15:34:17.678+0200] {dag.py:3823} INFO - Setting next_dagrun for example_task_group to 2024-01-21 00:00:00+00:00, run_after=2024-01-22 00:00:00+00:00
[2024-01-22T15:34:17.716+0200] {processor.py:183} INFO - Processing /usr/local/lib/python3.10/dist-packages/airflow/example_dags/example_task_group.py took 0.145 seconds
[2024-01-22T15:35:05.448+0200] {processor.py:161} INFO - Started process (PID=41665) to work on /usr/local/lib/python3.10/dist-packages/airflow/example_dags/example_task_group.py
[2024-01-22T15:35:05.455+0200] {processor.py:830} INFO - Processing file /usr/local/lib/python3.10/dist-packages/airflow/example_dags/example_task_group.py for tasks to queue
[2024-01-22T15:35:05.456+0200] {logging_mixin.py:188} INFO - [2024-01-22T15:35:05.456+0200] {dagbag.py:538} INFO - Filling up the DagBag from /usr/local/lib/python3.10/dist-packages/airflow/example_dags/example_task_group.py
[2024-01-22T15:35:05.464+0200] {processor.py:840} INFO - DAG(s) 'example_task_group' retrieved from /usr/local/lib/python3.10/dist-packages/airflow/example_dags/example_task_group.py
[2024-01-22T15:35:05.518+0200] {logging_mixin.py:188} INFO - [2024-01-22T15:35:05.518+0200] {dag.py:3036} INFO - Sync 1 DAGs
[2024-01-22T15:35:05.546+0200] {logging_mixin.py:188} INFO - [2024-01-22T15:35:05.546+0200] {dag.py:3823} INFO - Setting next_dagrun for example_task_group to 2024-01-21 00:00:00+00:00, run_after=2024-01-22 00:00:00+00:00
[2024-01-22T15:35:05.576+0200] {processor.py:183} INFO - Processing /usr/local/lib/python3.10/dist-packages/airflow/example_dags/example_task_group.py took 0.131 seconds
[2024-01-22T15:35:52.341+0200] {processor.py:161} INFO - Started process (PID=41818) to work on /usr/local/lib/python3.10/dist-packages/airflow/example_dags/example_task_group.py
[2024-01-22T15:35:52.346+0200] {processor.py:830} INFO - Processing file /usr/local/lib/python3.10/dist-packages/airflow/example_dags/example_task_group.py for tasks to queue
[2024-01-22T15:35:52.347+0200] {logging_mixin.py:188} INFO - [2024-01-22T15:35:52.347+0200] {dagbag.py:538} INFO - Filling up the DagBag from /usr/local/lib/python3.10/dist-packages/airflow/example_dags/example_task_group.py
[2024-01-22T15:35:52.366+0200] {processor.py:840} INFO - DAG(s) 'example_task_group' retrieved from /usr/local/lib/python3.10/dist-packages/airflow/example_dags/example_task_group.py
[2024-01-22T15:35:52.395+0200] {logging_mixin.py:188} INFO - [2024-01-22T15:35:52.394+0200] {dag.py:3036} INFO - Sync 1 DAGs
[2024-01-22T15:35:52.422+0200] {logging_mixin.py:188} INFO - [2024-01-22T15:35:52.422+0200] {dag.py:3823} INFO - Setting next_dagrun for example_task_group to 2024-01-21 00:00:00+00:00, run_after=2024-01-22 00:00:00+00:00
[2024-01-22T15:35:52.454+0200] {processor.py:183} INFO - Processing /usr/local/lib/python3.10/dist-packages/airflow/example_dags/example_task_group.py took 0.120 seconds
[2024-01-22T15:36:39.434+0200] {processor.py:161} INFO - Started process (PID=41940) to work on /usr/local/lib/python3.10/dist-packages/airflow/example_dags/example_task_group.py
[2024-01-22T15:36:39.448+0200] {processor.py:830} INFO - Processing file /usr/local/lib/python3.10/dist-packages/airflow/example_dags/example_task_group.py for tasks to queue
[2024-01-22T15:36:39.449+0200] {logging_mixin.py:188} INFO - [2024-01-22T15:36:39.449+0200] {dagbag.py:538} INFO - Filling up the DagBag from /usr/local/lib/python3.10/dist-packages/airflow/example_dags/example_task_group.py
[2024-01-22T15:36:39.461+0200] {processor.py:840} INFO - DAG(s) 'example_task_group' retrieved from /usr/local/lib/python3.10/dist-packages/airflow/example_dags/example_task_group.py
[2024-01-22T15:36:39.481+0200] {logging_mixin.py:188} INFO - [2024-01-22T15:36:39.481+0200] {dag.py:3036} INFO - Sync 1 DAGs
[2024-01-22T15:36:39.501+0200] {logging_mixin.py:188} INFO - [2024-01-22T15:36:39.500+0200] {dag.py:3823} INFO - Setting next_dagrun for example_task_group to 2024-01-21 00:00:00+00:00, run_after=2024-01-22 00:00:00+00:00
[2024-01-22T15:36:39.526+0200] {processor.py:183} INFO - Processing /usr/local/lib/python3.10/dist-packages/airflow/example_dags/example_task_group.py took 0.097 seconds
[2024-01-22T15:37:25.404+0200] {processor.py:161} INFO - Started process (PID=42061) to work on /usr/local/lib/python3.10/dist-packages/airflow/example_dags/example_task_group.py
[2024-01-22T15:37:25.408+0200] {processor.py:830} INFO - Processing file /usr/local/lib/python3.10/dist-packages/airflow/example_dags/example_task_group.py for tasks to queue
[2024-01-22T15:37:25.409+0200] {logging_mixin.py:188} INFO - [2024-01-22T15:37:25.408+0200] {dagbag.py:538} INFO - Filling up the DagBag from /usr/local/lib/python3.10/dist-packages/airflow/example_dags/example_task_group.py
[2024-01-22T15:37:25.424+0200] {processor.py:840} INFO - DAG(s) 'example_task_group' retrieved from /usr/local/lib/python3.10/dist-packages/airflow/example_dags/example_task_group.py
[2024-01-22T15:37:25.444+0200] {logging_mixin.py:188} INFO - [2024-01-22T15:37:25.444+0200] {dag.py:3036} INFO - Sync 1 DAGs
[2024-01-22T15:37:25.467+0200] {logging_mixin.py:188} INFO - [2024-01-22T15:37:25.466+0200] {dag.py:3823} INFO - Setting next_dagrun for example_task_group to 2024-01-21 00:00:00+00:00, run_after=2024-01-22 00:00:00+00:00
[2024-01-22T15:37:25.493+0200] {processor.py:183} INFO - Processing /usr/local/lib/python3.10/dist-packages/airflow/example_dags/example_task_group.py took 0.093 seconds
[2024-01-22T15:38:07.389+0200] {processor.py:161} INFO - Started process (PID=42107) to work on /usr/local/lib/python3.10/dist-packages/airflow/example_dags/example_task_group.py
[2024-01-22T15:38:07.391+0200] {processor.py:830} INFO - Processing file /usr/local/lib/python3.10/dist-packages/airflow/example_dags/example_task_group.py for tasks to queue
[2024-01-22T15:38:07.392+0200] {logging_mixin.py:188} INFO - [2024-01-22T15:38:07.391+0200] {dagbag.py:538} INFO - Filling up the DagBag from /usr/local/lib/python3.10/dist-packages/airflow/example_dags/example_task_group.py
[2024-01-22T15:38:07.414+0200] {processor.py:840} INFO - DAG(s) 'example_task_group' retrieved from /usr/local/lib/python3.10/dist-packages/airflow/example_dags/example_task_group.py
[2024-01-22T15:38:07.437+0200] {logging_mixin.py:188} INFO - [2024-01-22T15:38:07.437+0200] {dag.py:3036} INFO - Sync 1 DAGs
[2024-01-22T15:38:07.456+0200] {logging_mixin.py:188} INFO - [2024-01-22T15:38:07.456+0200] {dag.py:3823} INFO - Setting next_dagrun for example_task_group to 2024-01-21 00:00:00+00:00, run_after=2024-01-22 00:00:00+00:00
[2024-01-22T15:38:07.482+0200] {processor.py:183} INFO - Processing /usr/local/lib/python3.10/dist-packages/airflow/example_dags/example_task_group.py took 0.097 seconds
[2024-01-22T15:38:42.848+0200] {processor.py:161} INFO - Started process (PID=42143) to work on /usr/local/lib/python3.10/dist-packages/airflow/example_dags/example_task_group.py
[2024-01-22T15:38:42.851+0200] {processor.py:830} INFO - Processing file /usr/local/lib/python3.10/dist-packages/airflow/example_dags/example_task_group.py for tasks to queue
[2024-01-22T15:38:42.852+0200] {logging_mixin.py:188} INFO - [2024-01-22T15:38:42.852+0200] {dagbag.py:538} INFO - Filling up the DagBag from /usr/local/lib/python3.10/dist-packages/airflow/example_dags/example_task_group.py
[2024-01-22T15:38:42.863+0200] {processor.py:840} INFO - DAG(s) 'example_task_group' retrieved from /usr/local/lib/python3.10/dist-packages/airflow/example_dags/example_task_group.py
[2024-01-22T15:38:42.884+0200] {logging_mixin.py:188} INFO - [2024-01-22T15:38:42.884+0200] {dag.py:3036} INFO - Sync 1 DAGs
[2024-01-22T15:38:42.905+0200] {logging_mixin.py:188} INFO - [2024-01-22T15:38:42.905+0200] {dag.py:3823} INFO - Setting next_dagrun for example_task_group to 2024-01-21 00:00:00+00:00, run_after=2024-01-22 00:00:00+00:00
[2024-01-22T15:38:42.926+0200] {processor.py:183} INFO - Processing /usr/local/lib/python3.10/dist-packages/airflow/example_dags/example_task_group.py took 0.081 seconds
[2024-01-22T15:39:22.160+0200] {processor.py:161} INFO - Started process (PID=42182) to work on /usr/local/lib/python3.10/dist-packages/airflow/example_dags/example_task_group.py
[2024-01-22T15:39:22.163+0200] {processor.py:830} INFO - Processing file /usr/local/lib/python3.10/dist-packages/airflow/example_dags/example_task_group.py for tasks to queue
[2024-01-22T15:39:22.164+0200] {logging_mixin.py:188} INFO - [2024-01-22T15:39:22.164+0200] {dagbag.py:538} INFO - Filling up the DagBag from /usr/local/lib/python3.10/dist-packages/airflow/example_dags/example_task_group.py
[2024-01-22T15:39:22.172+0200] {processor.py:840} INFO - DAG(s) 'example_task_group' retrieved from /usr/local/lib/python3.10/dist-packages/airflow/example_dags/example_task_group.py
[2024-01-22T15:39:22.201+0200] {logging_mixin.py:188} INFO - [2024-01-22T15:39:22.201+0200] {dag.py:3036} INFO - Sync 1 DAGs
[2024-01-22T15:39:22.217+0200] {logging_mixin.py:188} INFO - [2024-01-22T15:39:22.217+0200] {dag.py:3823} INFO - Setting next_dagrun for example_task_group to 2024-01-21 00:00:00+00:00, run_after=2024-01-22 00:00:00+00:00
[2024-01-22T15:39:22.238+0200] {processor.py:183} INFO - Processing /usr/local/lib/python3.10/dist-packages/airflow/example_dags/example_task_group.py took 0.081 seconds
[2024-01-22T15:40:01.504+0200] {processor.py:161} INFO - Started process (PID=42231) to work on /usr/local/lib/python3.10/dist-packages/airflow/example_dags/example_task_group.py
[2024-01-22T15:40:01.506+0200] {processor.py:830} INFO - Processing file /usr/local/lib/python3.10/dist-packages/airflow/example_dags/example_task_group.py for tasks to queue
[2024-01-22T15:40:01.507+0200] {logging_mixin.py:188} INFO - [2024-01-22T15:40:01.506+0200] {dagbag.py:538} INFO - Filling up the DagBag from /usr/local/lib/python3.10/dist-packages/airflow/example_dags/example_task_group.py
[2024-01-22T15:40:01.514+0200] {processor.py:840} INFO - DAG(s) 'example_task_group' retrieved from /usr/local/lib/python3.10/dist-packages/airflow/example_dags/example_task_group.py
[2024-01-22T15:40:01.528+0200] {logging_mixin.py:188} INFO - [2024-01-22T15:40:01.527+0200] {dag.py:3036} INFO - Sync 1 DAGs
[2024-01-22T15:40:01.562+0200] {logging_mixin.py:188} INFO - [2024-01-22T15:40:01.561+0200] {dag.py:3823} INFO - Setting next_dagrun for example_task_group to 2024-01-21 00:00:00+00:00, run_after=2024-01-22 00:00:00+00:00
[2024-01-22T15:40:01.587+0200] {processor.py:183} INFO - Processing /usr/local/lib/python3.10/dist-packages/airflow/example_dags/example_task_group.py took 0.086 seconds
[2024-01-22T15:40:45.791+0200] {processor.py:161} INFO - Started process (PID=42299) to work on /usr/local/lib/python3.10/dist-packages/airflow/example_dags/example_task_group.py
[2024-01-22T15:40:45.793+0200] {processor.py:830} INFO - Processing file /usr/local/lib/python3.10/dist-packages/airflow/example_dags/example_task_group.py for tasks to queue
[2024-01-22T15:40:45.795+0200] {logging_mixin.py:188} INFO - [2024-01-22T15:40:45.794+0200] {dagbag.py:538} INFO - Filling up the DagBag from /usr/local/lib/python3.10/dist-packages/airflow/example_dags/example_task_group.py
[2024-01-22T15:40:45.806+0200] {processor.py:840} INFO - DAG(s) 'example_task_group' retrieved from /usr/local/lib/python3.10/dist-packages/airflow/example_dags/example_task_group.py
[2024-01-22T15:40:45.827+0200] {logging_mixin.py:188} INFO - [2024-01-22T15:40:45.826+0200] {dag.py:3036} INFO - Sync 1 DAGs
[2024-01-22T15:40:45.859+0200] {logging_mixin.py:188} INFO - [2024-01-22T15:40:45.858+0200] {dag.py:3823} INFO - Setting next_dagrun for example_task_group to 2024-01-21 00:00:00+00:00, run_after=2024-01-22 00:00:00+00:00
[2024-01-22T15:40:45.890+0200] {processor.py:183} INFO - Processing /usr/local/lib/python3.10/dist-packages/airflow/example_dags/example_task_group.py took 0.106 seconds
[2024-01-22T15:41:24.118+0200] {processor.py:161} INFO - Started process (PID=42338) to work on /usr/local/lib/python3.10/dist-packages/airflow/example_dags/example_task_group.py
[2024-01-22T15:41:24.120+0200] {processor.py:830} INFO - Processing file /usr/local/lib/python3.10/dist-packages/airflow/example_dags/example_task_group.py for tasks to queue
[2024-01-22T15:41:24.121+0200] {logging_mixin.py:188} INFO - [2024-01-22T15:41:24.121+0200] {dagbag.py:538} INFO - Filling up the DagBag from /usr/local/lib/python3.10/dist-packages/airflow/example_dags/example_task_group.py
[2024-01-22T15:41:24.138+0200] {processor.py:840} INFO - DAG(s) 'example_task_group' retrieved from /usr/local/lib/python3.10/dist-packages/airflow/example_dags/example_task_group.py
[2024-01-22T15:41:24.158+0200] {logging_mixin.py:188} INFO - [2024-01-22T15:41:24.158+0200] {dag.py:3036} INFO - Sync 1 DAGs
[2024-01-22T15:41:24.177+0200] {logging_mixin.py:188} INFO - [2024-01-22T15:41:24.177+0200] {dag.py:3823} INFO - Setting next_dagrun for example_task_group to 2024-01-21 00:00:00+00:00, run_after=2024-01-22 00:00:00+00:00
[2024-01-22T15:41:24.205+0200] {processor.py:183} INFO - Processing /usr/local/lib/python3.10/dist-packages/airflow/example_dags/example_task_group.py took 0.093 seconds
[2024-01-22T15:42:00.339+0200] {processor.py:161} INFO - Started process (PID=42375) to work on /usr/local/lib/python3.10/dist-packages/airflow/example_dags/example_task_group.py
[2024-01-22T15:42:00.340+0200] {processor.py:830} INFO - Processing file /usr/local/lib/python3.10/dist-packages/airflow/example_dags/example_task_group.py for tasks to queue
[2024-01-22T15:42:00.341+0200] {logging_mixin.py:188} INFO - [2024-01-22T15:42:00.341+0200] {dagbag.py:538} INFO - Filling up the DagBag from /usr/local/lib/python3.10/dist-packages/airflow/example_dags/example_task_group.py
[2024-01-22T15:42:00.352+0200] {processor.py:840} INFO - DAG(s) 'example_task_group' retrieved from /usr/local/lib/python3.10/dist-packages/airflow/example_dags/example_task_group.py
[2024-01-22T15:42:00.373+0200] {logging_mixin.py:188} INFO - [2024-01-22T15:42:00.373+0200] {dag.py:3036} INFO - Sync 1 DAGs
[2024-01-22T15:42:00.393+0200] {logging_mixin.py:188} INFO - [2024-01-22T15:42:00.392+0200] {dag.py:3823} INFO - Setting next_dagrun for example_task_group to 2024-01-21 00:00:00+00:00, run_after=2024-01-22 00:00:00+00:00
[2024-01-22T15:42:00.420+0200] {processor.py:183} INFO - Processing /usr/local/lib/python3.10/dist-packages/airflow/example_dags/example_task_group.py took 0.086 seconds
[2024-01-22T15:42:37.003+0200] {processor.py:161} INFO - Started process (PID=42416) to work on /usr/local/lib/python3.10/dist-packages/airflow/example_dags/example_task_group.py
[2024-01-22T15:42:37.005+0200] {processor.py:830} INFO - Processing file /usr/local/lib/python3.10/dist-packages/airflow/example_dags/example_task_group.py for tasks to queue
[2024-01-22T15:42:37.006+0200] {logging_mixin.py:188} INFO - [2024-01-22T15:42:37.005+0200] {dagbag.py:538} INFO - Filling up the DagBag from /usr/local/lib/python3.10/dist-packages/airflow/example_dags/example_task_group.py
[2024-01-22T15:42:37.017+0200] {processor.py:840} INFO - DAG(s) 'example_task_group' retrieved from /usr/local/lib/python3.10/dist-packages/airflow/example_dags/example_task_group.py
[2024-01-22T15:42:37.039+0200] {logging_mixin.py:188} INFO - [2024-01-22T15:42:37.039+0200] {dag.py:3036} INFO - Sync 1 DAGs
[2024-01-22T15:42:37.061+0200] {logging_mixin.py:188} INFO - [2024-01-22T15:42:37.061+0200] {dag.py:3823} INFO - Setting next_dagrun for example_task_group to 2024-01-21 00:00:00+00:00, run_after=2024-01-22 00:00:00+00:00
[2024-01-22T15:42:37.089+0200] {processor.py:183} INFO - Processing /usr/local/lib/python3.10/dist-packages/airflow/example_dags/example_task_group.py took 0.091 seconds
[2024-01-22T15:43:16.308+0200] {processor.py:161} INFO - Started process (PID=42462) to work on /usr/local/lib/python3.10/dist-packages/airflow/example_dags/example_task_group.py
[2024-01-22T15:43:16.315+0200] {processor.py:830} INFO - Processing file /usr/local/lib/python3.10/dist-packages/airflow/example_dags/example_task_group.py for tasks to queue
[2024-01-22T15:43:16.316+0200] {logging_mixin.py:188} INFO - [2024-01-22T15:43:16.316+0200] {dagbag.py:538} INFO - Filling up the DagBag from /usr/local/lib/python3.10/dist-packages/airflow/example_dags/example_task_group.py
[2024-01-22T15:43:16.329+0200] {processor.py:840} INFO - DAG(s) 'example_task_group' retrieved from /usr/local/lib/python3.10/dist-packages/airflow/example_dags/example_task_group.py
[2024-01-22T15:43:16.351+0200] {logging_mixin.py:188} INFO - [2024-01-22T15:43:16.351+0200] {dag.py:3036} INFO - Sync 1 DAGs
[2024-01-22T15:43:16.374+0200] {logging_mixin.py:188} INFO - [2024-01-22T15:43:16.374+0200] {dag.py:3823} INFO - Setting next_dagrun for example_task_group to 2024-01-21 00:00:00+00:00, run_after=2024-01-22 00:00:00+00:00
[2024-01-22T15:43:16.403+0200] {processor.py:183} INFO - Processing /usr/local/lib/python3.10/dist-packages/airflow/example_dags/example_task_group.py took 0.100 seconds
[2024-01-22T15:43:50.280+0200] {processor.py:161} INFO - Started process (PID=42497) to work on /usr/local/lib/python3.10/dist-packages/airflow/example_dags/example_task_group.py
[2024-01-22T15:43:50.282+0200] {processor.py:830} INFO - Processing file /usr/local/lib/python3.10/dist-packages/airflow/example_dags/example_task_group.py for tasks to queue
[2024-01-22T15:43:50.283+0200] {logging_mixin.py:188} INFO - [2024-01-22T15:43:50.282+0200] {dagbag.py:538} INFO - Filling up the DagBag from /usr/local/lib/python3.10/dist-packages/airflow/example_dags/example_task_group.py
[2024-01-22T15:43:50.294+0200] {processor.py:840} INFO - DAG(s) 'example_task_group' retrieved from /usr/local/lib/python3.10/dist-packages/airflow/example_dags/example_task_group.py
[2024-01-22T15:43:50.311+0200] {logging_mixin.py:188} INFO - [2024-01-22T15:43:50.311+0200] {dag.py:3036} INFO - Sync 1 DAGs
[2024-01-22T15:43:50.331+0200] {logging_mixin.py:188} INFO - [2024-01-22T15:43:50.331+0200] {dag.py:3823} INFO - Setting next_dagrun for example_task_group to 2024-01-21 00:00:00+00:00, run_after=2024-01-22 00:00:00+00:00
[2024-01-22T15:43:50.357+0200] {processor.py:183} INFO - Processing /usr/local/lib/python3.10/dist-packages/airflow/example_dags/example_task_group.py took 0.081 seconds
[2024-01-22T15:44:26.277+0200] {processor.py:161} INFO - Started process (PID=42535) to work on /usr/local/lib/python3.10/dist-packages/airflow/example_dags/example_task_group.py
[2024-01-22T15:44:26.280+0200] {processor.py:830} INFO - Processing file /usr/local/lib/python3.10/dist-packages/airflow/example_dags/example_task_group.py for tasks to queue
[2024-01-22T15:44:26.281+0200] {logging_mixin.py:188} INFO - [2024-01-22T15:44:26.280+0200] {dagbag.py:538} INFO - Filling up the DagBag from /usr/local/lib/python3.10/dist-packages/airflow/example_dags/example_task_group.py
[2024-01-22T15:44:26.292+0200] {processor.py:840} INFO - DAG(s) 'example_task_group' retrieved from /usr/local/lib/python3.10/dist-packages/airflow/example_dags/example_task_group.py
[2024-01-22T15:44:26.310+0200] {logging_mixin.py:188} INFO - [2024-01-22T15:44:26.310+0200] {dag.py:3036} INFO - Sync 1 DAGs
[2024-01-22T15:44:26.328+0200] {logging_mixin.py:188} INFO - [2024-01-22T15:44:26.328+0200] {dag.py:3823} INFO - Setting next_dagrun for example_task_group to 2024-01-21 00:00:00+00:00, run_after=2024-01-22 00:00:00+00:00
[2024-01-22T15:44:26.353+0200] {processor.py:183} INFO - Processing /usr/local/lib/python3.10/dist-packages/airflow/example_dags/example_task_group.py took 0.080 seconds
[2024-01-22T15:45:15.252+0200] {processor.py:161} INFO - Started process (PID=42640) to work on /usr/local/lib/python3.10/dist-packages/airflow/example_dags/example_task_group.py
[2024-01-22T15:45:15.255+0200] {processor.py:830} INFO - Processing file /usr/local/lib/python3.10/dist-packages/airflow/example_dags/example_task_group.py for tasks to queue
[2024-01-22T15:45:15.256+0200] {logging_mixin.py:188} INFO - [2024-01-22T15:45:15.256+0200] {dagbag.py:538} INFO - Filling up the DagBag from /usr/local/lib/python3.10/dist-packages/airflow/example_dags/example_task_group.py
[2024-01-22T15:45:15.268+0200] {processor.py:840} INFO - DAG(s) 'example_task_group' retrieved from /usr/local/lib/python3.10/dist-packages/airflow/example_dags/example_task_group.py
[2024-01-22T15:45:15.285+0200] {logging_mixin.py:188} INFO - [2024-01-22T15:45:15.284+0200] {dag.py:3036} INFO - Sync 1 DAGs
[2024-01-22T15:45:15.305+0200] {logging_mixin.py:188} INFO - [2024-01-22T15:45:15.305+0200] {dag.py:3823} INFO - Setting next_dagrun for example_task_group to 2024-01-21 00:00:00+00:00, run_after=2024-01-22 00:00:00+00:00
[2024-01-22T15:45:15.332+0200] {processor.py:183} INFO - Processing /usr/local/lib/python3.10/dist-packages/airflow/example_dags/example_task_group.py took 0.083 seconds
[2024-01-22T15:46:10.757+0200] {processor.py:161} INFO - Started process (PID=42702) to work on /usr/local/lib/python3.10/dist-packages/airflow/example_dags/example_task_group.py
[2024-01-22T15:46:10.770+0200] {processor.py:830} INFO - Processing file /usr/local/lib/python3.10/dist-packages/airflow/example_dags/example_task_group.py for tasks to queue
[2024-01-22T15:46:10.771+0200] {logging_mixin.py:188} INFO - [2024-01-22T15:46:10.771+0200] {dagbag.py:538} INFO - Filling up the DagBag from /usr/local/lib/python3.10/dist-packages/airflow/example_dags/example_task_group.py
[2024-01-22T15:46:10.798+0200] {processor.py:840} INFO - DAG(s) 'example_task_group' retrieved from /usr/local/lib/python3.10/dist-packages/airflow/example_dags/example_task_group.py
[2024-01-22T15:46:10.823+0200] {logging_mixin.py:188} INFO - [2024-01-22T15:46:10.823+0200] {dag.py:3036} INFO - Sync 1 DAGs
[2024-01-22T15:46:10.856+0200] {logging_mixin.py:188} INFO - [2024-01-22T15:46:10.855+0200] {dag.py:3823} INFO - Setting next_dagrun for example_task_group to 2024-01-21 00:00:00+00:00, run_after=2024-01-22 00:00:00+00:00
[2024-01-22T15:46:10.896+0200] {processor.py:183} INFO - Processing /usr/local/lib/python3.10/dist-packages/airflow/example_dags/example_task_group.py took 0.142 seconds
[2024-01-22T15:47:08.803+0200] {processor.py:161} INFO - Started process (PID=43655) to work on /usr/local/lib/python3.10/dist-packages/airflow/example_dags/example_task_group.py
[2024-01-22T15:47:08.819+0200] {processor.py:830} INFO - Processing file /usr/local/lib/python3.10/dist-packages/airflow/example_dags/example_task_group.py for tasks to queue
[2024-01-22T15:47:08.820+0200] {logging_mixin.py:188} INFO - [2024-01-22T15:47:08.820+0200] {dagbag.py:538} INFO - Filling up the DagBag from /usr/local/lib/python3.10/dist-packages/airflow/example_dags/example_task_group.py
[2024-01-22T15:47:08.842+0200] {processor.py:840} INFO - DAG(s) 'example_task_group' retrieved from /usr/local/lib/python3.10/dist-packages/airflow/example_dags/example_task_group.py
[2024-01-22T15:47:08.880+0200] {logging_mixin.py:188} INFO - [2024-01-22T15:47:08.880+0200] {dag.py:3036} INFO - Sync 1 DAGs
[2024-01-22T15:47:08.906+0200] {logging_mixin.py:188} INFO - [2024-01-22T15:47:08.906+0200] {dag.py:3823} INFO - Setting next_dagrun for example_task_group to 2024-01-21 00:00:00+00:00, run_after=2024-01-22 00:00:00+00:00
[2024-01-22T15:47:08.937+0200] {processor.py:183} INFO - Processing /usr/local/lib/python3.10/dist-packages/airflow/example_dags/example_task_group.py took 0.137 seconds
[2024-01-22T15:47:54.668+0200] {processor.py:161} INFO - Started process (PID=43744) to work on /usr/local/lib/python3.10/dist-packages/airflow/example_dags/example_task_group.py
[2024-01-22T15:47:54.671+0200] {processor.py:830} INFO - Processing file /usr/local/lib/python3.10/dist-packages/airflow/example_dags/example_task_group.py for tasks to queue
[2024-01-22T15:47:54.672+0200] {logging_mixin.py:188} INFO - [2024-01-22T15:47:54.672+0200] {dagbag.py:538} INFO - Filling up the DagBag from /usr/local/lib/python3.10/dist-packages/airflow/example_dags/example_task_group.py
[2024-01-22T15:47:54.684+0200] {processor.py:840} INFO - DAG(s) 'example_task_group' retrieved from /usr/local/lib/python3.10/dist-packages/airflow/example_dags/example_task_group.py
[2024-01-22T15:47:54.719+0200] {logging_mixin.py:188} INFO - [2024-01-22T15:47:54.719+0200] {dag.py:3036} INFO - Sync 1 DAGs
[2024-01-22T15:47:54.748+0200] {logging_mixin.py:188} INFO - [2024-01-22T15:47:54.748+0200] {dag.py:3823} INFO - Setting next_dagrun for example_task_group to 2024-01-21 00:00:00+00:00, run_after=2024-01-22 00:00:00+00:00
[2024-01-22T15:47:54.776+0200] {processor.py:183} INFO - Processing /usr/local/lib/python3.10/dist-packages/airflow/example_dags/example_task_group.py took 0.112 seconds
[2024-01-22T15:48:40.641+0200] {processor.py:161} INFO - Started process (PID=43926) to work on /usr/local/lib/python3.10/dist-packages/airflow/example_dags/example_task_group.py
[2024-01-22T15:48:40.644+0200] {processor.py:830} INFO - Processing file /usr/local/lib/python3.10/dist-packages/airflow/example_dags/example_task_group.py for tasks to queue
[2024-01-22T15:48:40.644+0200] {logging_mixin.py:188} INFO - [2024-01-22T15:48:40.644+0200] {dagbag.py:538} INFO - Filling up the DagBag from /usr/local/lib/python3.10/dist-packages/airflow/example_dags/example_task_group.py
[2024-01-22T15:48:40.653+0200] {processor.py:840} INFO - DAG(s) 'example_task_group' retrieved from /usr/local/lib/python3.10/dist-packages/airflow/example_dags/example_task_group.py
[2024-01-22T15:48:40.668+0200] {logging_mixin.py:188} INFO - [2024-01-22T15:48:40.668+0200] {dag.py:3036} INFO - Sync 1 DAGs
[2024-01-22T15:48:40.683+0200] {logging_mixin.py:188} INFO - [2024-01-22T15:48:40.683+0200] {dag.py:3823} INFO - Setting next_dagrun for example_task_group to 2024-01-21 00:00:00+00:00, run_after=2024-01-22 00:00:00+00:00
[2024-01-22T15:48:40.702+0200] {processor.py:183} INFO - Processing /usr/local/lib/python3.10/dist-packages/airflow/example_dags/example_task_group.py took 0.065 seconds
