[2024-01-22T15:30:18.078+0200] {processor.py:161} INFO - Started process (PID=40580) to work on /usr/local/lib/python3.10/dist-packages/airflow/example_dags/example_trigger_target_dag.py
[2024-01-22T15:30:18.079+0200] {processor.py:830} INFO - Processing file /usr/local/lib/python3.10/dist-packages/airflow/example_dags/example_trigger_target_dag.py for tasks to queue
[2024-01-22T15:30:18.079+0200] {logging_mixin.py:188} INFO - [2024-01-22T15:30:18.079+0200] {dagbag.py:538} INFO - Filling up the DagBag from /usr/local/lib/python3.10/dist-packages/airflow/example_dags/example_trigger_target_dag.py
[2024-01-22T15:30:18.186+0200] {processor.py:840} INFO - DAG(s) 'example_trigger_target_dag' retrieved from /usr/local/lib/python3.10/dist-packages/airflow/example_dags/example_trigger_target_dag.py
[2024-01-22T15:30:18.678+0200] {logging_mixin.py:188} INFO - [2024-01-22T15:30:18.678+0200] {dag.py:3036} INFO - Sync 1 DAGs
[2024-01-22T15:30:18.719+0200] {logging_mixin.py:188} INFO - [2024-01-22T15:30:18.718+0200] {dag.py:3823} INFO - Setting next_dagrun for example_trigger_target_dag to None, run_after=None
[2024-01-22T15:30:18.811+0200] {processor.py:183} INFO - Processing /usr/local/lib/python3.10/dist-packages/airflow/example_dags/example_trigger_target_dag.py took 0.735 seconds
[2024-01-22T15:31:33.353+0200] {processor.py:161} INFO - Started process (PID=40910) to work on /usr/local/lib/python3.10/dist-packages/airflow/example_dags/example_trigger_target_dag.py
[2024-01-22T15:31:33.355+0200] {processor.py:830} INFO - Processing file /usr/local/lib/python3.10/dist-packages/airflow/example_dags/example_trigger_target_dag.py for tasks to queue
[2024-01-22T15:31:33.356+0200] {logging_mixin.py:188} INFO - [2024-01-22T15:31:33.356+0200] {dagbag.py:538} INFO - Filling up the DagBag from /usr/local/lib/python3.10/dist-packages/airflow/example_dags/example_trigger_target_dag.py
[2024-01-22T15:31:33.364+0200] {processor.py:840} INFO - DAG(s) 'example_trigger_target_dag' retrieved from /usr/local/lib/python3.10/dist-packages/airflow/example_dags/example_trigger_target_dag.py
[2024-01-22T15:31:33.377+0200] {logging_mixin.py:188} INFO - [2024-01-22T15:31:33.376+0200] {dag.py:3036} INFO - Sync 1 DAGs
[2024-01-22T15:31:33.385+0200] {logging_mixin.py:188} INFO - [2024-01-22T15:31:33.385+0200] {dag.py:3823} INFO - Setting next_dagrun for example_trigger_target_dag to None, run_after=None
[2024-01-22T15:31:33.402+0200] {processor.py:183} INFO - Processing /usr/local/lib/python3.10/dist-packages/airflow/example_dags/example_trigger_target_dag.py took 0.063 seconds
[2024-01-22T15:32:10.491+0200] {processor.py:161} INFO - Started process (PID=41096) to work on /usr/local/lib/python3.10/dist-packages/airflow/example_dags/example_trigger_target_dag.py
[2024-01-22T15:32:10.498+0200] {processor.py:830} INFO - Processing file /usr/local/lib/python3.10/dist-packages/airflow/example_dags/example_trigger_target_dag.py for tasks to queue
[2024-01-22T15:32:10.499+0200] {logging_mixin.py:188} INFO - [2024-01-22T15:32:10.498+0200] {dagbag.py:538} INFO - Filling up the DagBag from /usr/local/lib/python3.10/dist-packages/airflow/example_dags/example_trigger_target_dag.py
[2024-01-22T15:32:10.510+0200] {processor.py:840} INFO - DAG(s) 'example_trigger_target_dag' retrieved from /usr/local/lib/python3.10/dist-packages/airflow/example_dags/example_trigger_target_dag.py
[2024-01-22T15:32:10.541+0200] {logging_mixin.py:188} INFO - [2024-01-22T15:32:10.541+0200] {dag.py:3036} INFO - Sync 1 DAGs
[2024-01-22T15:32:10.549+0200] {logging_mixin.py:188} INFO - [2024-01-22T15:32:10.549+0200] {dag.py:3823} INFO - Setting next_dagrun for example_trigger_target_dag to None, run_after=None
[2024-01-22T15:32:10.587+0200] {processor.py:183} INFO - Processing /usr/local/lib/python3.10/dist-packages/airflow/example_dags/example_trigger_target_dag.py took 0.099 seconds
[2024-01-22T15:32:59.698+0200] {processor.py:161} INFO - Started process (PID=41285) to work on /usr/local/lib/python3.10/dist-packages/airflow/example_dags/example_trigger_target_dag.py
[2024-01-22T15:32:59.712+0200] {processor.py:830} INFO - Processing file /usr/local/lib/python3.10/dist-packages/airflow/example_dags/example_trigger_target_dag.py for tasks to queue
[2024-01-22T15:32:59.713+0200] {logging_mixin.py:188} INFO - [2024-01-22T15:32:59.713+0200] {dagbag.py:538} INFO - Filling up the DagBag from /usr/local/lib/python3.10/dist-packages/airflow/example_dags/example_trigger_target_dag.py
[2024-01-22T15:32:59.722+0200] {processor.py:840} INFO - DAG(s) 'example_trigger_target_dag' retrieved from /usr/local/lib/python3.10/dist-packages/airflow/example_dags/example_trigger_target_dag.py
[2024-01-22T15:32:59.750+0200] {logging_mixin.py:188} INFO - [2024-01-22T15:32:59.750+0200] {dag.py:3036} INFO - Sync 1 DAGs
[2024-01-22T15:32:59.770+0200] {logging_mixin.py:188} INFO - [2024-01-22T15:32:59.770+0200] {dag.py:3823} INFO - Setting next_dagrun for example_trigger_target_dag to None, run_after=None
[2024-01-22T15:32:59.805+0200] {processor.py:183} INFO - Processing /usr/local/lib/python3.10/dist-packages/airflow/example_dags/example_trigger_target_dag.py took 0.110 seconds
[2024-01-22T15:33:56.641+0200] {processor.py:161} INFO - Started process (PID=41561) to work on /usr/local/lib/python3.10/dist-packages/airflow/example_dags/example_trigger_target_dag.py
[2024-01-22T15:33:56.646+0200] {processor.py:830} INFO - Processing file /usr/local/lib/python3.10/dist-packages/airflow/example_dags/example_trigger_target_dag.py for tasks to queue
[2024-01-22T15:33:56.647+0200] {logging_mixin.py:188} INFO - [2024-01-22T15:33:56.647+0200] {dagbag.py:538} INFO - Filling up the DagBag from /usr/local/lib/python3.10/dist-packages/airflow/example_dags/example_trigger_target_dag.py
[2024-01-22T15:33:56.659+0200] {processor.py:840} INFO - DAG(s) 'example_trigger_target_dag' retrieved from /usr/local/lib/python3.10/dist-packages/airflow/example_dags/example_trigger_target_dag.py
[2024-01-22T15:33:56.685+0200] {logging_mixin.py:188} INFO - [2024-01-22T15:33:56.685+0200] {dag.py:3036} INFO - Sync 1 DAGs
[2024-01-22T15:33:56.703+0200] {logging_mixin.py:188} INFO - [2024-01-22T15:33:56.703+0200] {dag.py:3823} INFO - Setting next_dagrun for example_trigger_target_dag to None, run_after=None
[2024-01-22T15:33:56.737+0200] {processor.py:183} INFO - Processing /usr/local/lib/python3.10/dist-packages/airflow/example_dags/example_trigger_target_dag.py took 0.099 seconds
[2024-01-22T15:34:48.594+0200] {processor.py:161} INFO - Started process (PID=41650) to work on /usr/local/lib/python3.10/dist-packages/airflow/example_dags/example_trigger_target_dag.py
[2024-01-22T15:34:48.597+0200] {processor.py:830} INFO - Processing file /usr/local/lib/python3.10/dist-packages/airflow/example_dags/example_trigger_target_dag.py for tasks to queue
[2024-01-22T15:34:48.598+0200] {logging_mixin.py:188} INFO - [2024-01-22T15:34:48.598+0200] {dagbag.py:538} INFO - Filling up the DagBag from /usr/local/lib/python3.10/dist-packages/airflow/example_dags/example_trigger_target_dag.py
[2024-01-22T15:34:48.604+0200] {processor.py:840} INFO - DAG(s) 'example_trigger_target_dag' retrieved from /usr/local/lib/python3.10/dist-packages/airflow/example_dags/example_trigger_target_dag.py
[2024-01-22T15:34:48.643+0200] {logging_mixin.py:188} INFO - [2024-01-22T15:34:48.643+0200] {dag.py:3036} INFO - Sync 1 DAGs
[2024-01-22T15:34:48.657+0200] {logging_mixin.py:188} INFO - [2024-01-22T15:34:48.656+0200] {dag.py:3823} INFO - Setting next_dagrun for example_trigger_target_dag to None, run_after=None
[2024-01-22T15:34:48.688+0200] {processor.py:183} INFO - Processing /usr/local/lib/python3.10/dist-packages/airflow/example_dags/example_trigger_target_dag.py took 0.096 seconds
[2024-01-22T15:35:35.254+0200] {processor.py:161} INFO - Started process (PID=41754) to work on /usr/local/lib/python3.10/dist-packages/airflow/example_dags/example_trigger_target_dag.py
[2024-01-22T15:35:35.263+0200] {processor.py:830} INFO - Processing file /usr/local/lib/python3.10/dist-packages/airflow/example_dags/example_trigger_target_dag.py for tasks to queue
[2024-01-22T15:35:35.282+0200] {logging_mixin.py:188} INFO - [2024-01-22T15:35:35.267+0200] {dagbag.py:538} INFO - Filling up the DagBag from /usr/local/lib/python3.10/dist-packages/airflow/example_dags/example_trigger_target_dag.py
[2024-01-22T15:35:35.384+0200] {processor.py:840} INFO - DAG(s) 'example_trigger_target_dag' retrieved from /usr/local/lib/python3.10/dist-packages/airflow/example_dags/example_trigger_target_dag.py
[2024-01-22T15:35:35.528+0200] {logging_mixin.py:188} INFO - [2024-01-22T15:35:35.523+0200] {dag.py:3036} INFO - Sync 1 DAGs
[2024-01-22T15:35:35.686+0200] {logging_mixin.py:188} INFO - [2024-01-22T15:35:35.686+0200] {dag.py:3823} INFO - Setting next_dagrun for example_trigger_target_dag to None, run_after=None
[2024-01-22T15:35:35.776+0200] {processor.py:183} INFO - Processing /usr/local/lib/python3.10/dist-packages/airflow/example_dags/example_trigger_target_dag.py took 0.541 seconds
[2024-01-22T15:36:23.024+0200] {processor.py:161} INFO - Started process (PID=41923) to work on /usr/local/lib/python3.10/dist-packages/airflow/example_dags/example_trigger_target_dag.py
[2024-01-22T15:36:23.026+0200] {processor.py:830} INFO - Processing file /usr/local/lib/python3.10/dist-packages/airflow/example_dags/example_trigger_target_dag.py for tasks to queue
[2024-01-22T15:36:23.027+0200] {logging_mixin.py:188} INFO - [2024-01-22T15:36:23.026+0200] {dagbag.py:538} INFO - Filling up the DagBag from /usr/local/lib/python3.10/dist-packages/airflow/example_dags/example_trigger_target_dag.py
[2024-01-22T15:36:23.035+0200] {processor.py:840} INFO - DAG(s) 'example_trigger_target_dag' retrieved from /usr/local/lib/python3.10/dist-packages/airflow/example_dags/example_trigger_target_dag.py
[2024-01-22T15:36:23.049+0200] {logging_mixin.py:188} INFO - [2024-01-22T15:36:23.048+0200] {dag.py:3036} INFO - Sync 1 DAGs
[2024-01-22T15:36:23.056+0200] {logging_mixin.py:188} INFO - [2024-01-22T15:36:23.056+0200] {dag.py:3823} INFO - Setting next_dagrun for example_trigger_target_dag to None, run_after=None
[2024-01-22T15:36:23.076+0200] {processor.py:183} INFO - Processing /usr/local/lib/python3.10/dist-packages/airflow/example_dags/example_trigger_target_dag.py took 0.056 seconds
[2024-01-22T15:37:09.033+0200] {processor.py:161} INFO - Started process (PID=42032) to work on /usr/local/lib/python3.10/dist-packages/airflow/example_dags/example_trigger_target_dag.py
[2024-01-22T15:37:09.040+0200] {processor.py:830} INFO - Processing file /usr/local/lib/python3.10/dist-packages/airflow/example_dags/example_trigger_target_dag.py for tasks to queue
[2024-01-22T15:37:09.041+0200] {logging_mixin.py:188} INFO - [2024-01-22T15:37:09.041+0200] {dagbag.py:538} INFO - Filling up the DagBag from /usr/local/lib/python3.10/dist-packages/airflow/example_dags/example_trigger_target_dag.py
[2024-01-22T15:37:09.059+0200] {processor.py:840} INFO - DAG(s) 'example_trigger_target_dag' retrieved from /usr/local/lib/python3.10/dist-packages/airflow/example_dags/example_trigger_target_dag.py
[2024-01-22T15:37:09.133+0200] {logging_mixin.py:188} INFO - [2024-01-22T15:37:09.133+0200] {dag.py:3036} INFO - Sync 1 DAGs
[2024-01-22T15:37:09.161+0200] {logging_mixin.py:188} INFO - [2024-01-22T15:37:09.161+0200] {dag.py:3823} INFO - Setting next_dagrun for example_trigger_target_dag to None, run_after=None
[2024-01-22T15:37:09.206+0200] {processor.py:183} INFO - Processing /usr/local/lib/python3.10/dist-packages/airflow/example_dags/example_trigger_target_dag.py took 0.182 seconds
[2024-01-22T15:37:53.075+0200] {processor.py:161} INFO - Started process (PID=42090) to work on /usr/local/lib/python3.10/dist-packages/airflow/example_dags/example_trigger_target_dag.py
[2024-01-22T15:37:53.077+0200] {processor.py:830} INFO - Processing file /usr/local/lib/python3.10/dist-packages/airflow/example_dags/example_trigger_target_dag.py for tasks to queue
[2024-01-22T15:37:53.079+0200] {logging_mixin.py:188} INFO - [2024-01-22T15:37:53.078+0200] {dagbag.py:538} INFO - Filling up the DagBag from /usr/local/lib/python3.10/dist-packages/airflow/example_dags/example_trigger_target_dag.py
[2024-01-22T15:37:53.087+0200] {processor.py:840} INFO - DAG(s) 'example_trigger_target_dag' retrieved from /usr/local/lib/python3.10/dist-packages/airflow/example_dags/example_trigger_target_dag.py
[2024-01-22T15:37:53.111+0200] {logging_mixin.py:188} INFO - [2024-01-22T15:37:53.111+0200] {dag.py:3036} INFO - Sync 1 DAGs
[2024-01-22T15:37:53.123+0200] {logging_mixin.py:188} INFO - [2024-01-22T15:37:53.123+0200] {dag.py:3823} INFO - Setting next_dagrun for example_trigger_target_dag to None, run_after=None
[2024-01-22T15:37:53.157+0200] {processor.py:183} INFO - Processing /usr/local/lib/python3.10/dist-packages/airflow/example_dags/example_trigger_target_dag.py took 0.088 seconds
[2024-01-22T15:38:30.663+0200] {processor.py:161} INFO - Started process (PID=42132) to work on /usr/local/lib/python3.10/dist-packages/airflow/example_dags/example_trigger_target_dag.py
[2024-01-22T15:38:30.665+0200] {processor.py:830} INFO - Processing file /usr/local/lib/python3.10/dist-packages/airflow/example_dags/example_trigger_target_dag.py for tasks to queue
[2024-01-22T15:38:30.666+0200] {logging_mixin.py:188} INFO - [2024-01-22T15:38:30.665+0200] {dagbag.py:538} INFO - Filling up the DagBag from /usr/local/lib/python3.10/dist-packages/airflow/example_dags/example_trigger_target_dag.py
[2024-01-22T15:38:30.675+0200] {processor.py:840} INFO - DAG(s) 'example_trigger_target_dag' retrieved from /usr/local/lib/python3.10/dist-packages/airflow/example_dags/example_trigger_target_dag.py
[2024-01-22T15:38:30.692+0200] {logging_mixin.py:188} INFO - [2024-01-22T15:38:30.692+0200] {dag.py:3036} INFO - Sync 1 DAGs
[2024-01-22T15:38:30.704+0200] {logging_mixin.py:188} INFO - [2024-01-22T15:38:30.704+0200] {dag.py:3823} INFO - Setting next_dagrun for example_trigger_target_dag to None, run_after=None
[2024-01-22T15:38:30.730+0200] {processor.py:183} INFO - Processing /usr/local/lib/python3.10/dist-packages/airflow/example_dags/example_trigger_target_dag.py took 0.072 seconds
[2024-01-22T15:39:19.872+0200] {processor.py:161} INFO - Started process (PID=42180) to work on /usr/local/lib/python3.10/dist-packages/airflow/example_dags/example_trigger_target_dag.py
[2024-01-22T15:39:19.874+0200] {processor.py:830} INFO - Processing file /usr/local/lib/python3.10/dist-packages/airflow/example_dags/example_trigger_target_dag.py for tasks to queue
[2024-01-22T15:39:19.875+0200] {logging_mixin.py:188} INFO - [2024-01-22T15:39:19.875+0200] {dagbag.py:538} INFO - Filling up the DagBag from /usr/local/lib/python3.10/dist-packages/airflow/example_dags/example_trigger_target_dag.py
[2024-01-22T15:39:19.882+0200] {processor.py:840} INFO - DAG(s) 'example_trigger_target_dag' retrieved from /usr/local/lib/python3.10/dist-packages/airflow/example_dags/example_trigger_target_dag.py
[2024-01-22T15:39:19.896+0200] {logging_mixin.py:188} INFO - [2024-01-22T15:39:19.895+0200] {dag.py:3036} INFO - Sync 1 DAGs
[2024-01-22T15:39:19.904+0200] {logging_mixin.py:188} INFO - [2024-01-22T15:39:19.904+0200] {dag.py:3823} INFO - Setting next_dagrun for example_trigger_target_dag to None, run_after=None
[2024-01-22T15:39:19.925+0200] {processor.py:183} INFO - Processing /usr/local/lib/python3.10/dist-packages/airflow/example_dags/example_trigger_target_dag.py took 0.057 seconds
[2024-01-22T15:40:00.368+0200] {processor.py:161} INFO - Started process (PID=42229) to work on /usr/local/lib/python3.10/dist-packages/airflow/example_dags/example_trigger_target_dag.py
[2024-01-22T15:40:00.370+0200] {processor.py:830} INFO - Processing file /usr/local/lib/python3.10/dist-packages/airflow/example_dags/example_trigger_target_dag.py for tasks to queue
[2024-01-22T15:40:00.371+0200] {logging_mixin.py:188} INFO - [2024-01-22T15:40:00.371+0200] {dagbag.py:538} INFO - Filling up the DagBag from /usr/local/lib/python3.10/dist-packages/airflow/example_dags/example_trigger_target_dag.py
[2024-01-22T15:40:00.377+0200] {processor.py:840} INFO - DAG(s) 'example_trigger_target_dag' retrieved from /usr/local/lib/python3.10/dist-packages/airflow/example_dags/example_trigger_target_dag.py
[2024-01-22T15:40:00.389+0200] {logging_mixin.py:188} INFO - [2024-01-22T15:40:00.389+0200] {dag.py:3036} INFO - Sync 1 DAGs
[2024-01-22T15:40:00.398+0200] {logging_mixin.py:188} INFO - [2024-01-22T15:40:00.397+0200] {dag.py:3823} INFO - Setting next_dagrun for example_trigger_target_dag to None, run_after=None
[2024-01-22T15:40:00.413+0200] {processor.py:183} INFO - Processing /usr/local/lib/python3.10/dist-packages/airflow/example_dags/example_trigger_target_dag.py took 0.047 seconds
[2024-01-22T15:40:43.488+0200] {processor.py:161} INFO - Started process (PID=42297) to work on /usr/local/lib/python3.10/dist-packages/airflow/example_dags/example_trigger_target_dag.py
[2024-01-22T15:40:43.492+0200] {processor.py:830} INFO - Processing file /usr/local/lib/python3.10/dist-packages/airflow/example_dags/example_trigger_target_dag.py for tasks to queue
[2024-01-22T15:40:43.493+0200] {logging_mixin.py:188} INFO - [2024-01-22T15:40:43.492+0200] {dagbag.py:538} INFO - Filling up the DagBag from /usr/local/lib/python3.10/dist-packages/airflow/example_dags/example_trigger_target_dag.py
[2024-01-22T15:40:43.503+0200] {processor.py:840} INFO - DAG(s) 'example_trigger_target_dag' retrieved from /usr/local/lib/python3.10/dist-packages/airflow/example_dags/example_trigger_target_dag.py
[2024-01-22T15:40:43.522+0200] {logging_mixin.py:188} INFO - [2024-01-22T15:40:43.521+0200] {dag.py:3036} INFO - Sync 1 DAGs
[2024-01-22T15:40:43.534+0200] {logging_mixin.py:188} INFO - [2024-01-22T15:40:43.534+0200] {dag.py:3823} INFO - Setting next_dagrun for example_trigger_target_dag to None, run_after=None
[2024-01-22T15:40:43.562+0200] {processor.py:183} INFO - Processing /usr/local/lib/python3.10/dist-packages/airflow/example_dags/example_trigger_target_dag.py took 0.078 seconds
[2024-01-22T15:41:21.726+0200] {processor.py:161} INFO - Started process (PID=42336) to work on /usr/local/lib/python3.10/dist-packages/airflow/example_dags/example_trigger_target_dag.py
[2024-01-22T15:41:21.727+0200] {processor.py:830} INFO - Processing file /usr/local/lib/python3.10/dist-packages/airflow/example_dags/example_trigger_target_dag.py for tasks to queue
[2024-01-22T15:41:21.728+0200] {logging_mixin.py:188} INFO - [2024-01-22T15:41:21.728+0200] {dagbag.py:538} INFO - Filling up the DagBag from /usr/local/lib/python3.10/dist-packages/airflow/example_dags/example_trigger_target_dag.py
[2024-01-22T15:41:21.737+0200] {processor.py:840} INFO - DAG(s) 'example_trigger_target_dag' retrieved from /usr/local/lib/python3.10/dist-packages/airflow/example_dags/example_trigger_target_dag.py
[2024-01-22T15:41:21.754+0200] {logging_mixin.py:188} INFO - [2024-01-22T15:41:21.754+0200] {dag.py:3036} INFO - Sync 1 DAGs
[2024-01-22T15:41:21.765+0200] {logging_mixin.py:188} INFO - [2024-01-22T15:41:21.765+0200] {dag.py:3823} INFO - Setting next_dagrun for example_trigger_target_dag to None, run_after=None
[2024-01-22T15:41:21.794+0200] {processor.py:183} INFO - Processing /usr/local/lib/python3.10/dist-packages/airflow/example_dags/example_trigger_target_dag.py took 0.072 seconds
[2024-01-22T15:41:57.940+0200] {processor.py:161} INFO - Started process (PID=42373) to work on /usr/local/lib/python3.10/dist-packages/airflow/example_dags/example_trigger_target_dag.py
[2024-01-22T15:41:57.943+0200] {processor.py:830} INFO - Processing file /usr/local/lib/python3.10/dist-packages/airflow/example_dags/example_trigger_target_dag.py for tasks to queue
[2024-01-22T15:41:57.944+0200] {logging_mixin.py:188} INFO - [2024-01-22T15:41:57.944+0200] {dagbag.py:538} INFO - Filling up the DagBag from /usr/local/lib/python3.10/dist-packages/airflow/example_dags/example_trigger_target_dag.py
[2024-01-22T15:41:57.954+0200] {processor.py:840} INFO - DAG(s) 'example_trigger_target_dag' retrieved from /usr/local/lib/python3.10/dist-packages/airflow/example_dags/example_trigger_target_dag.py
[2024-01-22T15:41:57.972+0200] {logging_mixin.py:188} INFO - [2024-01-22T15:41:57.972+0200] {dag.py:3036} INFO - Sync 1 DAGs
[2024-01-22T15:41:57.985+0200] {logging_mixin.py:188} INFO - [2024-01-22T15:41:57.985+0200] {dag.py:3823} INFO - Setting next_dagrun for example_trigger_target_dag to None, run_after=None
[2024-01-22T15:41:58.011+0200] {processor.py:183} INFO - Processing /usr/local/lib/python3.10/dist-packages/airflow/example_dags/example_trigger_target_dag.py took 0.076 seconds
[2024-01-22T15:42:34.958+0200] {processor.py:161} INFO - Started process (PID=42414) to work on /usr/local/lib/python3.10/dist-packages/airflow/example_dags/example_trigger_target_dag.py
[2024-01-22T15:42:34.960+0200] {processor.py:830} INFO - Processing file /usr/local/lib/python3.10/dist-packages/airflow/example_dags/example_trigger_target_dag.py for tasks to queue
[2024-01-22T15:42:34.961+0200] {logging_mixin.py:188} INFO - [2024-01-22T15:42:34.961+0200] {dagbag.py:538} INFO - Filling up the DagBag from /usr/local/lib/python3.10/dist-packages/airflow/example_dags/example_trigger_target_dag.py
[2024-01-22T15:42:34.971+0200] {processor.py:840} INFO - DAG(s) 'example_trigger_target_dag' retrieved from /usr/local/lib/python3.10/dist-packages/airflow/example_dags/example_trigger_target_dag.py
[2024-01-22T15:42:34.992+0200] {logging_mixin.py:188} INFO - [2024-01-22T15:42:34.991+0200] {dag.py:3036} INFO - Sync 1 DAGs
[2024-01-22T15:42:35.004+0200] {logging_mixin.py:188} INFO - [2024-01-22T15:42:35.004+0200] {dag.py:3823} INFO - Setting next_dagrun for example_trigger_target_dag to None, run_after=None
[2024-01-22T15:42:35.033+0200] {processor.py:183} INFO - Processing /usr/local/lib/python3.10/dist-packages/airflow/example_dags/example_trigger_target_dag.py took 0.080 seconds
[2024-01-22T15:43:13.903+0200] {processor.py:161} INFO - Started process (PID=42460) to work on /usr/local/lib/python3.10/dist-packages/airflow/example_dags/example_trigger_target_dag.py
[2024-01-22T15:43:13.906+0200] {processor.py:830} INFO - Processing file /usr/local/lib/python3.10/dist-packages/airflow/example_dags/example_trigger_target_dag.py for tasks to queue
[2024-01-22T15:43:13.907+0200] {logging_mixin.py:188} INFO - [2024-01-22T15:43:13.906+0200] {dagbag.py:538} INFO - Filling up the DagBag from /usr/local/lib/python3.10/dist-packages/airflow/example_dags/example_trigger_target_dag.py
[2024-01-22T15:43:13.913+0200] {processor.py:840} INFO - DAG(s) 'example_trigger_target_dag' retrieved from /usr/local/lib/python3.10/dist-packages/airflow/example_dags/example_trigger_target_dag.py
[2024-01-22T15:43:13.925+0200] {logging_mixin.py:188} INFO - [2024-01-22T15:43:13.925+0200] {dag.py:3036} INFO - Sync 1 DAGs
[2024-01-22T15:43:13.933+0200] {logging_mixin.py:188} INFO - [2024-01-22T15:43:13.933+0200] {dag.py:3823} INFO - Setting next_dagrun for example_trigger_target_dag to None, run_after=None
[2024-01-22T15:43:13.950+0200] {processor.py:183} INFO - Processing /usr/local/lib/python3.10/dist-packages/airflow/example_dags/example_trigger_target_dag.py took 0.050 seconds
[2024-01-22T15:43:48.663+0200] {processor.py:161} INFO - Started process (PID=42495) to work on /usr/local/lib/python3.10/dist-packages/airflow/example_dags/example_trigger_target_dag.py
[2024-01-22T15:43:48.667+0200] {processor.py:830} INFO - Processing file /usr/local/lib/python3.10/dist-packages/airflow/example_dags/example_trigger_target_dag.py for tasks to queue
[2024-01-22T15:43:48.667+0200] {logging_mixin.py:188} INFO - [2024-01-22T15:43:48.667+0200] {dagbag.py:538} INFO - Filling up the DagBag from /usr/local/lib/python3.10/dist-packages/airflow/example_dags/example_trigger_target_dag.py
[2024-01-22T15:43:48.676+0200] {processor.py:840} INFO - DAG(s) 'example_trigger_target_dag' retrieved from /usr/local/lib/python3.10/dist-packages/airflow/example_dags/example_trigger_target_dag.py
[2024-01-22T15:43:48.694+0200] {logging_mixin.py:188} INFO - [2024-01-22T15:43:48.694+0200] {dag.py:3036} INFO - Sync 1 DAGs
[2024-01-22T15:43:48.706+0200] {logging_mixin.py:188} INFO - [2024-01-22T15:43:48.706+0200] {dag.py:3823} INFO - Setting next_dagrun for example_trigger_target_dag to None, run_after=None
[2024-01-22T15:43:48.730+0200] {processor.py:183} INFO - Processing /usr/local/lib/python3.10/dist-packages/airflow/example_dags/example_trigger_target_dag.py took 0.071 seconds
[2024-01-22T15:44:24.865+0200] {processor.py:161} INFO - Started process (PID=42533) to work on /usr/local/lib/python3.10/dist-packages/airflow/example_dags/example_trigger_target_dag.py
[2024-01-22T15:44:24.868+0200] {processor.py:830} INFO - Processing file /usr/local/lib/python3.10/dist-packages/airflow/example_dags/example_trigger_target_dag.py for tasks to queue
[2024-01-22T15:44:24.869+0200] {logging_mixin.py:188} INFO - [2024-01-22T15:44:24.869+0200] {dagbag.py:538} INFO - Filling up the DagBag from /usr/local/lib/python3.10/dist-packages/airflow/example_dags/example_trigger_target_dag.py
[2024-01-22T15:44:24.880+0200] {processor.py:840} INFO - DAG(s) 'example_trigger_target_dag' retrieved from /usr/local/lib/python3.10/dist-packages/airflow/example_dags/example_trigger_target_dag.py
[2024-01-22T15:44:24.900+0200] {logging_mixin.py:188} INFO - [2024-01-22T15:44:24.900+0200] {dag.py:3036} INFO - Sync 1 DAGs
[2024-01-22T15:44:24.914+0200] {logging_mixin.py:188} INFO - [2024-01-22T15:44:24.913+0200] {dag.py:3823} INFO - Setting next_dagrun for example_trigger_target_dag to None, run_after=None
[2024-01-22T15:44:24.940+0200] {processor.py:183} INFO - Processing /usr/local/lib/python3.10/dist-packages/airflow/example_dags/example_trigger_target_dag.py took 0.079 seconds
[2024-01-22T15:45:12.941+0200] {processor.py:161} INFO - Started process (PID=42611) to work on /usr/local/lib/python3.10/dist-packages/airflow/example_dags/example_trigger_target_dag.py
[2024-01-22T15:45:12.943+0200] {processor.py:830} INFO - Processing file /usr/local/lib/python3.10/dist-packages/airflow/example_dags/example_trigger_target_dag.py for tasks to queue
[2024-01-22T15:45:12.944+0200] {logging_mixin.py:188} INFO - [2024-01-22T15:45:12.944+0200] {dagbag.py:538} INFO - Filling up the DagBag from /usr/local/lib/python3.10/dist-packages/airflow/example_dags/example_trigger_target_dag.py
[2024-01-22T15:45:12.954+0200] {processor.py:840} INFO - DAG(s) 'example_trigger_target_dag' retrieved from /usr/local/lib/python3.10/dist-packages/airflow/example_dags/example_trigger_target_dag.py
[2024-01-22T15:45:12.971+0200] {logging_mixin.py:188} INFO - [2024-01-22T15:45:12.970+0200] {dag.py:3036} INFO - Sync 1 DAGs
[2024-01-22T15:45:12.982+0200] {logging_mixin.py:188} INFO - [2024-01-22T15:45:12.982+0200] {dag.py:3823} INFO - Setting next_dagrun for example_trigger_target_dag to None, run_after=None
[2024-01-22T15:45:13.009+0200] {processor.py:183} INFO - Processing /usr/local/lib/python3.10/dist-packages/airflow/example_dags/example_trigger_target_dag.py took 0.072 seconds
[2024-01-22T15:45:48.776+0200] {processor.py:161} INFO - Started process (PID=42674) to work on /usr/local/lib/python3.10/dist-packages/airflow/example_dags/example_trigger_target_dag.py
[2024-01-22T15:45:48.777+0200] {processor.py:830} INFO - Processing file /usr/local/lib/python3.10/dist-packages/airflow/example_dags/example_trigger_target_dag.py for tasks to queue
[2024-01-22T15:45:48.778+0200] {logging_mixin.py:188} INFO - [2024-01-22T15:45:48.777+0200] {dagbag.py:538} INFO - Filling up the DagBag from /usr/local/lib/python3.10/dist-packages/airflow/example_dags/example_trigger_target_dag.py
[2024-01-22T15:45:48.786+0200] {processor.py:840} INFO - DAG(s) 'example_trigger_target_dag' retrieved from /usr/local/lib/python3.10/dist-packages/airflow/example_dags/example_trigger_target_dag.py
[2024-01-22T15:45:48.803+0200] {logging_mixin.py:188} INFO - [2024-01-22T15:45:48.803+0200] {dag.py:3036} INFO - Sync 1 DAGs
[2024-01-22T15:45:48.816+0200] {logging_mixin.py:188} INFO - [2024-01-22T15:45:48.816+0200] {dag.py:3823} INFO - Setting next_dagrun for example_trigger_target_dag to None, run_after=None
[2024-01-22T15:45:48.840+0200] {processor.py:183} INFO - Processing /usr/local/lib/python3.10/dist-packages/airflow/example_dags/example_trigger_target_dag.py took 0.070 seconds
[2024-01-22T15:46:36.906+0200] {processor.py:161} INFO - Started process (PID=42860) to work on /usr/local/lib/python3.10/dist-packages/airflow/example_dags/example_trigger_target_dag.py
[2024-01-22T15:46:36.920+0200] {processor.py:830} INFO - Processing file /usr/local/lib/python3.10/dist-packages/airflow/example_dags/example_trigger_target_dag.py for tasks to queue
[2024-01-22T15:46:36.920+0200] {logging_mixin.py:188} INFO - [2024-01-22T15:46:36.920+0200] {dagbag.py:538} INFO - Filling up the DagBag from /usr/local/lib/python3.10/dist-packages/airflow/example_dags/example_trigger_target_dag.py
[2024-01-22T15:46:36.941+0200] {processor.py:840} INFO - DAG(s) 'example_trigger_target_dag' retrieved from /usr/local/lib/python3.10/dist-packages/airflow/example_dags/example_trigger_target_dag.py
[2024-01-22T15:46:36.989+0200] {logging_mixin.py:188} INFO - [2024-01-22T15:46:36.989+0200] {dag.py:3036} INFO - Sync 1 DAGs
[2024-01-22T15:46:37.025+0200] {logging_mixin.py:188} INFO - [2024-01-22T15:46:37.025+0200] {dag.py:3823} INFO - Setting next_dagrun for example_trigger_target_dag to None, run_after=None
[2024-01-22T15:46:37.105+0200] {processor.py:183} INFO - Processing /usr/local/lib/python3.10/dist-packages/airflow/example_dags/example_trigger_target_dag.py took 0.204 seconds
[2024-01-22T15:47:32.022+0200] {processor.py:161} INFO - Started process (PID=43679) to work on /usr/local/lib/python3.10/dist-packages/airflow/example_dags/example_trigger_target_dag.py
[2024-01-22T15:47:32.024+0200] {processor.py:830} INFO - Processing file /usr/local/lib/python3.10/dist-packages/airflow/example_dags/example_trigger_target_dag.py for tasks to queue
[2024-01-22T15:47:32.025+0200] {logging_mixin.py:188} INFO - [2024-01-22T15:47:32.024+0200] {dagbag.py:538} INFO - Filling up the DagBag from /usr/local/lib/python3.10/dist-packages/airflow/example_dags/example_trigger_target_dag.py
[2024-01-22T15:47:32.033+0200] {processor.py:840} INFO - DAG(s) 'example_trigger_target_dag' retrieved from /usr/local/lib/python3.10/dist-packages/airflow/example_dags/example_trigger_target_dag.py
[2024-01-22T15:47:32.047+0200] {logging_mixin.py:188} INFO - [2024-01-22T15:47:32.047+0200] {dag.py:3036} INFO - Sync 1 DAGs
[2024-01-22T15:47:32.056+0200] {logging_mixin.py:188} INFO - [2024-01-22T15:47:32.055+0200] {dag.py:3823} INFO - Setting next_dagrun for example_trigger_target_dag to None, run_after=None
[2024-01-22T15:47:32.073+0200] {processor.py:183} INFO - Processing /usr/local/lib/python3.10/dist-packages/airflow/example_dags/example_trigger_target_dag.py took 0.055 seconds
[2024-01-22T15:48:14.526+0200] {processor.py:161} INFO - Started process (PID=43803) to work on /usr/local/lib/python3.10/dist-packages/airflow/example_dags/example_trigger_target_dag.py
[2024-01-22T15:48:14.535+0200] {processor.py:830} INFO - Processing file /usr/local/lib/python3.10/dist-packages/airflow/example_dags/example_trigger_target_dag.py for tasks to queue
[2024-01-22T15:48:14.539+0200] {logging_mixin.py:188} INFO - [2024-01-22T15:48:14.537+0200] {dagbag.py:538} INFO - Filling up the DagBag from /usr/local/lib/python3.10/dist-packages/airflow/example_dags/example_trigger_target_dag.py
[2024-01-22T15:48:14.566+0200] {processor.py:840} INFO - DAG(s) 'example_trigger_target_dag' retrieved from /usr/local/lib/python3.10/dist-packages/airflow/example_dags/example_trigger_target_dag.py
[2024-01-22T15:48:14.601+0200] {logging_mixin.py:188} INFO - [2024-01-22T15:48:14.600+0200] {dag.py:3036} INFO - Sync 1 DAGs
[2024-01-22T15:48:14.614+0200] {logging_mixin.py:188} INFO - [2024-01-22T15:48:14.613+0200] {dag.py:3823} INFO - Setting next_dagrun for example_trigger_target_dag to None, run_after=None
[2024-01-22T15:48:14.633+0200] {processor.py:183} INFO - Processing /usr/local/lib/python3.10/dist-packages/airflow/example_dags/example_trigger_target_dag.py took 0.120 seconds
