[2024-01-22T15:30:12.596+0200] {processor.py:161} INFO - Started process (PID=40575) to work on /usr/local/lib/python3.10/dist-packages/airflow/example_dags/example_sensor_decorator.py
[2024-01-22T15:30:12.597+0200] {processor.py:830} INFO - Processing file /usr/local/lib/python3.10/dist-packages/airflow/example_dags/example_sensor_decorator.py for tasks to queue
[2024-01-22T15:30:12.597+0200] {logging_mixin.py:188} INFO - [2024-01-22T15:30:12.597+0200] {dagbag.py:538} INFO - Filling up the DagBag from /usr/local/lib/python3.10/dist-packages/airflow/example_dags/example_sensor_decorator.py
[2024-01-22T15:30:12.604+0200] {processor.py:840} INFO - DAG(s) 'example_sensor_decorator' retrieved from /usr/local/lib/python3.10/dist-packages/airflow/example_dags/example_sensor_decorator.py
[2024-01-22T15:30:12.850+0200] {logging_mixin.py:188} INFO - [2024-01-22T15:30:12.850+0200] {dag.py:3036} INFO - Sync 1 DAGs
[2024-01-22T15:30:12.867+0200] {logging_mixin.py:188} INFO - [2024-01-22T15:30:12.867+0200] {dag.py:3823} INFO - Setting next_dagrun for example_sensor_decorator to None, run_after=None
[2024-01-22T15:30:12.902+0200] {processor.py:183} INFO - Processing /usr/local/lib/python3.10/dist-packages/airflow/example_dags/example_sensor_decorator.py took 0.308 seconds
[2024-01-22T15:31:28.967+0200] {processor.py:161} INFO - Started process (PID=40875) to work on /usr/local/lib/python3.10/dist-packages/airflow/example_dags/example_sensor_decorator.py
[2024-01-22T15:31:28.976+0200] {processor.py:830} INFO - Processing file /usr/local/lib/python3.10/dist-packages/airflow/example_dags/example_sensor_decorator.py for tasks to queue
[2024-01-22T15:31:28.977+0200] {logging_mixin.py:188} INFO - [2024-01-22T15:31:28.976+0200] {dagbag.py:538} INFO - Filling up the DagBag from /usr/local/lib/python3.10/dist-packages/airflow/example_dags/example_sensor_decorator.py
[2024-01-22T15:31:28.990+0200] {processor.py:840} INFO - DAG(s) 'example_sensor_decorator' retrieved from /usr/local/lib/python3.10/dist-packages/airflow/example_dags/example_sensor_decorator.py
[2024-01-22T15:31:29.025+0200] {logging_mixin.py:188} INFO - [2024-01-22T15:31:29.025+0200] {dag.py:3036} INFO - Sync 1 DAGs
[2024-01-22T15:31:29.052+0200] {logging_mixin.py:188} INFO - [2024-01-22T15:31:29.052+0200] {dag.py:3823} INFO - Setting next_dagrun for example_sensor_decorator to None, run_after=None
[2024-01-22T15:31:29.104+0200] {processor.py:183} INFO - Processing /usr/local/lib/python3.10/dist-packages/airflow/example_dags/example_sensor_decorator.py took 0.145 seconds
[2024-01-22T15:32:07.170+0200] {processor.py:161} INFO - Started process (PID=41092) to work on /usr/local/lib/python3.10/dist-packages/airflow/example_dags/example_sensor_decorator.py
[2024-01-22T15:32:07.172+0200] {processor.py:830} INFO - Processing file /usr/local/lib/python3.10/dist-packages/airflow/example_dags/example_sensor_decorator.py for tasks to queue
[2024-01-22T15:32:07.173+0200] {logging_mixin.py:188} INFO - [2024-01-22T15:32:07.173+0200] {dagbag.py:538} INFO - Filling up the DagBag from /usr/local/lib/python3.10/dist-packages/airflow/example_dags/example_sensor_decorator.py
[2024-01-22T15:32:07.189+0200] {processor.py:840} INFO - DAG(s) 'example_sensor_decorator' retrieved from /usr/local/lib/python3.10/dist-packages/airflow/example_dags/example_sensor_decorator.py
[2024-01-22T15:32:07.220+0200] {logging_mixin.py:188} INFO - [2024-01-22T15:32:07.220+0200] {dag.py:3036} INFO - Sync 1 DAGs
[2024-01-22T15:32:07.239+0200] {logging_mixin.py:188} INFO - [2024-01-22T15:32:07.239+0200] {dag.py:3823} INFO - Setting next_dagrun for example_sensor_decorator to None, run_after=None
[2024-01-22T15:32:07.274+0200] {processor.py:183} INFO - Processing /usr/local/lib/python3.10/dist-packages/airflow/example_dags/example_sensor_decorator.py took 0.107 seconds
[2024-01-22T15:32:55.517+0200] {processor.py:161} INFO - Started process (PID=41243) to work on /usr/local/lib/python3.10/dist-packages/airflow/example_dags/example_sensor_decorator.py
[2024-01-22T15:32:55.523+0200] {processor.py:830} INFO - Processing file /usr/local/lib/python3.10/dist-packages/airflow/example_dags/example_sensor_decorator.py for tasks to queue
[2024-01-22T15:32:55.524+0200] {logging_mixin.py:188} INFO - [2024-01-22T15:32:55.524+0200] {dagbag.py:538} INFO - Filling up the DagBag from /usr/local/lib/python3.10/dist-packages/airflow/example_dags/example_sensor_decorator.py
[2024-01-22T15:32:55.540+0200] {processor.py:840} INFO - DAG(s) 'example_sensor_decorator' retrieved from /usr/local/lib/python3.10/dist-packages/airflow/example_dags/example_sensor_decorator.py
[2024-01-22T15:32:55.561+0200] {logging_mixin.py:188} INFO - [2024-01-22T15:32:55.561+0200] {dag.py:3036} INFO - Sync 1 DAGs
[2024-01-22T15:32:55.578+0200] {logging_mixin.py:188} INFO - [2024-01-22T15:32:55.578+0200] {dag.py:3823} INFO - Setting next_dagrun for example_sensor_decorator to None, run_after=None
[2024-01-22T15:32:55.610+0200] {processor.py:183} INFO - Processing /usr/local/lib/python3.10/dist-packages/airflow/example_dags/example_sensor_decorator.py took 0.104 seconds
[2024-01-22T15:33:52.362+0200] {processor.py:161} INFO - Started process (PID=41555) to work on /usr/local/lib/python3.10/dist-packages/airflow/example_dags/example_sensor_decorator.py
[2024-01-22T15:33:52.364+0200] {processor.py:830} INFO - Processing file /usr/local/lib/python3.10/dist-packages/airflow/example_dags/example_sensor_decorator.py for tasks to queue
[2024-01-22T15:33:52.365+0200] {logging_mixin.py:188} INFO - [2024-01-22T15:33:52.365+0200] {dagbag.py:538} INFO - Filling up the DagBag from /usr/local/lib/python3.10/dist-packages/airflow/example_dags/example_sensor_decorator.py
[2024-01-22T15:33:52.379+0200] {processor.py:840} INFO - DAG(s) 'example_sensor_decorator' retrieved from /usr/local/lib/python3.10/dist-packages/airflow/example_dags/example_sensor_decorator.py
[2024-01-22T15:33:52.407+0200] {logging_mixin.py:188} INFO - [2024-01-22T15:33:52.407+0200] {dag.py:3036} INFO - Sync 1 DAGs
[2024-01-22T15:33:52.441+0200] {logging_mixin.py:188} INFO - [2024-01-22T15:33:52.441+0200] {dag.py:3823} INFO - Setting next_dagrun for example_sensor_decorator to None, run_after=None
[2024-01-22T15:33:52.468+0200] {processor.py:183} INFO - Processing /usr/local/lib/python3.10/dist-packages/airflow/example_dags/example_sensor_decorator.py took 0.114 seconds
[2024-01-22T15:34:44.141+0200] {processor.py:161} INFO - Started process (PID=41641) to work on /usr/local/lib/python3.10/dist-packages/airflow/example_dags/example_sensor_decorator.py
[2024-01-22T15:34:44.151+0200] {processor.py:830} INFO - Processing file /usr/local/lib/python3.10/dist-packages/airflow/example_dags/example_sensor_decorator.py for tasks to queue
[2024-01-22T15:34:44.152+0200] {logging_mixin.py:188} INFO - [2024-01-22T15:34:44.152+0200] {dagbag.py:538} INFO - Filling up the DagBag from /usr/local/lib/python3.10/dist-packages/airflow/example_dags/example_sensor_decorator.py
[2024-01-22T15:34:44.171+0200] {processor.py:840} INFO - DAG(s) 'example_sensor_decorator' retrieved from /usr/local/lib/python3.10/dist-packages/airflow/example_dags/example_sensor_decorator.py
[2024-01-22T15:34:44.184+0200] {logging_mixin.py:188} INFO - [2024-01-22T15:34:44.184+0200] {dag.py:3036} INFO - Sync 1 DAGs
[2024-01-22T15:34:44.205+0200] {logging_mixin.py:188} INFO - [2024-01-22T15:34:44.204+0200] {dag.py:3823} INFO - Setting next_dagrun for example_sensor_decorator to None, run_after=None
[2024-01-22T15:34:44.256+0200] {processor.py:183} INFO - Processing /usr/local/lib/python3.10/dist-packages/airflow/example_dags/example_sensor_decorator.py took 0.118 seconds
[2024-01-22T15:35:30.628+0200] {processor.py:161} INFO - Started process (PID=41728) to work on /usr/local/lib/python3.10/dist-packages/airflow/example_dags/example_sensor_decorator.py
[2024-01-22T15:35:30.631+0200] {processor.py:830} INFO - Processing file /usr/local/lib/python3.10/dist-packages/airflow/example_dags/example_sensor_decorator.py for tasks to queue
[2024-01-22T15:35:30.632+0200] {logging_mixin.py:188} INFO - [2024-01-22T15:35:30.631+0200] {dagbag.py:538} INFO - Filling up the DagBag from /usr/local/lib/python3.10/dist-packages/airflow/example_dags/example_sensor_decorator.py
[2024-01-22T15:35:30.655+0200] {processor.py:840} INFO - DAG(s) 'example_sensor_decorator' retrieved from /usr/local/lib/python3.10/dist-packages/airflow/example_dags/example_sensor_decorator.py
[2024-01-22T15:35:30.704+0200] {logging_mixin.py:188} INFO - [2024-01-22T15:35:30.704+0200] {dag.py:3036} INFO - Sync 1 DAGs
[2024-01-22T15:35:30.764+0200] {logging_mixin.py:188} INFO - [2024-01-22T15:35:30.764+0200] {dag.py:3823} INFO - Setting next_dagrun for example_sensor_decorator to None, run_after=None
[2024-01-22T15:35:30.827+0200] {processor.py:183} INFO - Processing /usr/local/lib/python3.10/dist-packages/airflow/example_dags/example_sensor_decorator.py took 0.221 seconds
[2024-01-22T15:36:18.464+0200] {processor.py:161} INFO - Started process (PID=41919) to work on /usr/local/lib/python3.10/dist-packages/airflow/example_dags/example_sensor_decorator.py
[2024-01-22T15:36:18.466+0200] {processor.py:830} INFO - Processing file /usr/local/lib/python3.10/dist-packages/airflow/example_dags/example_sensor_decorator.py for tasks to queue
[2024-01-22T15:36:18.467+0200] {logging_mixin.py:188} INFO - [2024-01-22T15:36:18.467+0200] {dagbag.py:538} INFO - Filling up the DagBag from /usr/local/lib/python3.10/dist-packages/airflow/example_dags/example_sensor_decorator.py
[2024-01-22T15:36:18.474+0200] {processor.py:840} INFO - DAG(s) 'example_sensor_decorator' retrieved from /usr/local/lib/python3.10/dist-packages/airflow/example_dags/example_sensor_decorator.py
[2024-01-22T15:36:18.488+0200] {logging_mixin.py:188} INFO - [2024-01-22T15:36:18.488+0200] {dag.py:3036} INFO - Sync 1 DAGs
[2024-01-22T15:36:18.495+0200] {logging_mixin.py:188} INFO - [2024-01-22T15:36:18.495+0200] {dag.py:3823} INFO - Setting next_dagrun for example_sensor_decorator to None, run_after=None
[2024-01-22T15:36:18.511+0200] {processor.py:183} INFO - Processing /usr/local/lib/python3.10/dist-packages/airflow/example_dags/example_sensor_decorator.py took 0.050 seconds
[2024-01-22T15:37:03.791+0200] {processor.py:161} INFO - Started process (PID=42023) to work on /usr/local/lib/python3.10/dist-packages/airflow/example_dags/example_sensor_decorator.py
[2024-01-22T15:37:03.801+0200] {processor.py:830} INFO - Processing file /usr/local/lib/python3.10/dist-packages/airflow/example_dags/example_sensor_decorator.py for tasks to queue
[2024-01-22T15:37:03.802+0200] {logging_mixin.py:188} INFO - [2024-01-22T15:37:03.802+0200] {dagbag.py:538} INFO - Filling up the DagBag from /usr/local/lib/python3.10/dist-packages/airflow/example_dags/example_sensor_decorator.py
[2024-01-22T15:37:03.817+0200] {processor.py:840} INFO - DAG(s) 'example_sensor_decorator' retrieved from /usr/local/lib/python3.10/dist-packages/airflow/example_dags/example_sensor_decorator.py
[2024-01-22T15:37:03.845+0200] {logging_mixin.py:188} INFO - [2024-01-22T15:37:03.844+0200] {dag.py:3036} INFO - Sync 1 DAGs
[2024-01-22T15:37:03.871+0200] {logging_mixin.py:188} INFO - [2024-01-22T15:37:03.871+0200] {dag.py:3823} INFO - Setting next_dagrun for example_sensor_decorator to None, run_after=None
[2024-01-22T15:37:03.898+0200] {processor.py:183} INFO - Processing /usr/local/lib/python3.10/dist-packages/airflow/example_dags/example_sensor_decorator.py took 0.110 seconds
[2024-01-22T15:37:48.726+0200] {processor.py:161} INFO - Started process (PID=42086) to work on /usr/local/lib/python3.10/dist-packages/airflow/example_dags/example_sensor_decorator.py
[2024-01-22T15:37:48.731+0200] {processor.py:830} INFO - Processing file /usr/local/lib/python3.10/dist-packages/airflow/example_dags/example_sensor_decorator.py for tasks to queue
[2024-01-22T15:37:48.732+0200] {logging_mixin.py:188} INFO - [2024-01-22T15:37:48.732+0200] {dagbag.py:538} INFO - Filling up the DagBag from /usr/local/lib/python3.10/dist-packages/airflow/example_dags/example_sensor_decorator.py
[2024-01-22T15:37:48.743+0200] {processor.py:840} INFO - DAG(s) 'example_sensor_decorator' retrieved from /usr/local/lib/python3.10/dist-packages/airflow/example_dags/example_sensor_decorator.py
[2024-01-22T15:37:48.760+0200] {logging_mixin.py:188} INFO - [2024-01-22T15:37:48.759+0200] {dag.py:3036} INFO - Sync 1 DAGs
[2024-01-22T15:37:48.772+0200] {logging_mixin.py:188} INFO - [2024-01-22T15:37:48.772+0200] {dag.py:3823} INFO - Setting next_dagrun for example_sensor_decorator to None, run_after=None
[2024-01-22T15:37:48.796+0200] {processor.py:183} INFO - Processing /usr/local/lib/python3.10/dist-packages/airflow/example_dags/example_sensor_decorator.py took 0.074 seconds
[2024-01-22T15:38:27.988+0200] {processor.py:161} INFO - Started process (PID=42128) to work on /usr/local/lib/python3.10/dist-packages/airflow/example_dags/example_sensor_decorator.py
[2024-01-22T15:38:27.989+0200] {processor.py:830} INFO - Processing file /usr/local/lib/python3.10/dist-packages/airflow/example_dags/example_sensor_decorator.py for tasks to queue
[2024-01-22T15:38:27.990+0200] {logging_mixin.py:188} INFO - [2024-01-22T15:38:27.990+0200] {dagbag.py:538} INFO - Filling up the DagBag from /usr/local/lib/python3.10/dist-packages/airflow/example_dags/example_sensor_decorator.py
[2024-01-22T15:38:27.997+0200] {processor.py:840} INFO - DAG(s) 'example_sensor_decorator' retrieved from /usr/local/lib/python3.10/dist-packages/airflow/example_dags/example_sensor_decorator.py
[2024-01-22T15:38:28.010+0200] {logging_mixin.py:188} INFO - [2024-01-22T15:38:28.009+0200] {dag.py:3036} INFO - Sync 1 DAGs
[2024-01-22T15:38:28.018+0200] {logging_mixin.py:188} INFO - [2024-01-22T15:38:28.018+0200] {dag.py:3823} INFO - Setting next_dagrun for example_sensor_decorator to None, run_after=None
[2024-01-22T15:38:28.034+0200] {processor.py:183} INFO - Processing /usr/local/lib/python3.10/dist-packages/airflow/example_dags/example_sensor_decorator.py took 0.049 seconds
[2024-01-22T15:39:03.030+0200] {processor.py:161} INFO - Started process (PID=42163) to work on /usr/local/lib/python3.10/dist-packages/airflow/example_dags/example_sensor_decorator.py
[2024-01-22T15:39:03.036+0200] {processor.py:830} INFO - Processing file /usr/local/lib/python3.10/dist-packages/airflow/example_dags/example_sensor_decorator.py for tasks to queue
[2024-01-22T15:39:03.037+0200] {logging_mixin.py:188} INFO - [2024-01-22T15:39:03.037+0200] {dagbag.py:538} INFO - Filling up the DagBag from /usr/local/lib/python3.10/dist-packages/airflow/example_dags/example_sensor_decorator.py
[2024-01-22T15:39:03.047+0200] {processor.py:840} INFO - DAG(s) 'example_sensor_decorator' retrieved from /usr/local/lib/python3.10/dist-packages/airflow/example_dags/example_sensor_decorator.py
[2024-01-22T15:39:03.065+0200] {logging_mixin.py:188} INFO - [2024-01-22T15:39:03.065+0200] {dag.py:3036} INFO - Sync 1 DAGs
[2024-01-22T15:39:03.078+0200] {logging_mixin.py:188} INFO - [2024-01-22T15:39:03.078+0200] {dag.py:3823} INFO - Setting next_dagrun for example_sensor_decorator to None, run_after=None
[2024-01-22T15:39:03.104+0200] {processor.py:183} INFO - Processing /usr/local/lib/python3.10/dist-packages/airflow/example_dags/example_sensor_decorator.py took 0.078 seconds
[2024-01-22T15:39:41.541+0200] {processor.py:161} INFO - Started process (PID=42209) to work on /usr/local/lib/python3.10/dist-packages/airflow/example_dags/example_sensor_decorator.py
[2024-01-22T15:39:41.543+0200] {processor.py:830} INFO - Processing file /usr/local/lib/python3.10/dist-packages/airflow/example_dags/example_sensor_decorator.py for tasks to queue
[2024-01-22T15:39:41.543+0200] {logging_mixin.py:188} INFO - [2024-01-22T15:39:41.543+0200] {dagbag.py:538} INFO - Filling up the DagBag from /usr/local/lib/python3.10/dist-packages/airflow/example_dags/example_sensor_decorator.py
[2024-01-22T15:39:41.555+0200] {processor.py:840} INFO - DAG(s) 'example_sensor_decorator' retrieved from /usr/local/lib/python3.10/dist-packages/airflow/example_dags/example_sensor_decorator.py
[2024-01-22T15:39:41.569+0200] {logging_mixin.py:188} INFO - [2024-01-22T15:39:41.569+0200] {dag.py:3036} INFO - Sync 1 DAGs
[2024-01-22T15:39:41.579+0200] {logging_mixin.py:188} INFO - [2024-01-22T15:39:41.579+0200] {dag.py:3823} INFO - Setting next_dagrun for example_sensor_decorator to None, run_after=None
[2024-01-22T15:39:41.598+0200] {processor.py:183} INFO - Processing /usr/local/lib/python3.10/dist-packages/airflow/example_dags/example_sensor_decorator.py took 0.060 seconds
[2024-01-22T15:40:25.254+0200] {processor.py:161} INFO - Started process (PID=42278) to work on /usr/local/lib/python3.10/dist-packages/airflow/example_dags/example_sensor_decorator.py
[2024-01-22T15:40:25.259+0200] {processor.py:830} INFO - Processing file /usr/local/lib/python3.10/dist-packages/airflow/example_dags/example_sensor_decorator.py for tasks to queue
[2024-01-22T15:40:25.260+0200] {logging_mixin.py:188} INFO - [2024-01-22T15:40:25.259+0200] {dagbag.py:538} INFO - Filling up the DagBag from /usr/local/lib/python3.10/dist-packages/airflow/example_dags/example_sensor_decorator.py
[2024-01-22T15:40:25.270+0200] {processor.py:840} INFO - DAG(s) 'example_sensor_decorator' retrieved from /usr/local/lib/python3.10/dist-packages/airflow/example_dags/example_sensor_decorator.py
[2024-01-22T15:40:25.292+0200] {logging_mixin.py:188} INFO - [2024-01-22T15:40:25.292+0200] {dag.py:3036} INFO - Sync 1 DAGs
[2024-01-22T15:40:25.303+0200] {logging_mixin.py:188} INFO - [2024-01-22T15:40:25.303+0200] {dag.py:3823} INFO - Setting next_dagrun for example_sensor_decorator to None, run_after=None
[2024-01-22T15:40:25.328+0200] {processor.py:183} INFO - Processing /usr/local/lib/python3.10/dist-packages/airflow/example_dags/example_sensor_decorator.py took 0.077 seconds
[2024-01-22T15:41:05.157+0200] {processor.py:161} INFO - Started process (PID=42320) to work on /usr/local/lib/python3.10/dist-packages/airflow/example_dags/example_sensor_decorator.py
[2024-01-22T15:41:05.162+0200] {processor.py:830} INFO - Processing file /usr/local/lib/python3.10/dist-packages/airflow/example_dags/example_sensor_decorator.py for tasks to queue
[2024-01-22T15:41:05.163+0200] {logging_mixin.py:188} INFO - [2024-01-22T15:41:05.162+0200] {dagbag.py:538} INFO - Filling up the DagBag from /usr/local/lib/python3.10/dist-packages/airflow/example_dags/example_sensor_decorator.py
[2024-01-22T15:41:05.173+0200] {processor.py:840} INFO - DAG(s) 'example_sensor_decorator' retrieved from /usr/local/lib/python3.10/dist-packages/airflow/example_dags/example_sensor_decorator.py
[2024-01-22T15:41:05.191+0200] {logging_mixin.py:188} INFO - [2024-01-22T15:41:05.191+0200] {dag.py:3036} INFO - Sync 1 DAGs
[2024-01-22T15:41:05.212+0200] {logging_mixin.py:188} INFO - [2024-01-22T15:41:05.212+0200] {dag.py:3823} INFO - Setting next_dagrun for example_sensor_decorator to None, run_after=None
[2024-01-22T15:41:05.242+0200] {processor.py:183} INFO - Processing /usr/local/lib/python3.10/dist-packages/airflow/example_dags/example_sensor_decorator.py took 0.090 seconds
[2024-01-22T15:41:41.217+0200] {processor.py:161} INFO - Started process (PID=42357) to work on /usr/local/lib/python3.10/dist-packages/airflow/example_dags/example_sensor_decorator.py
[2024-01-22T15:41:41.218+0200] {processor.py:830} INFO - Processing file /usr/local/lib/python3.10/dist-packages/airflow/example_dags/example_sensor_decorator.py for tasks to queue
[2024-01-22T15:41:41.220+0200] {logging_mixin.py:188} INFO - [2024-01-22T15:41:41.219+0200] {dagbag.py:538} INFO - Filling up the DagBag from /usr/local/lib/python3.10/dist-packages/airflow/example_dags/example_sensor_decorator.py
[2024-01-22T15:41:41.229+0200] {processor.py:840} INFO - DAG(s) 'example_sensor_decorator' retrieved from /usr/local/lib/python3.10/dist-packages/airflow/example_dags/example_sensor_decorator.py
[2024-01-22T15:41:41.247+0200] {logging_mixin.py:188} INFO - [2024-01-22T15:41:41.247+0200] {dag.py:3036} INFO - Sync 1 DAGs
[2024-01-22T15:41:41.259+0200] {logging_mixin.py:188} INFO - [2024-01-22T15:41:41.259+0200] {dag.py:3823} INFO - Setting next_dagrun for example_sensor_decorator to None, run_after=None
[2024-01-22T15:41:41.284+0200] {processor.py:183} INFO - Processing /usr/local/lib/python3.10/dist-packages/airflow/example_dags/example_sensor_decorator.py took 0.073 seconds
[2024-01-22T15:42:17.448+0200] {processor.py:161} INFO - Started process (PID=42395) to work on /usr/local/lib/python3.10/dist-packages/airflow/example_dags/example_sensor_decorator.py
[2024-01-22T15:42:17.451+0200] {processor.py:830} INFO - Processing file /usr/local/lib/python3.10/dist-packages/airflow/example_dags/example_sensor_decorator.py for tasks to queue
[2024-01-22T15:42:17.452+0200] {logging_mixin.py:188} INFO - [2024-01-22T15:42:17.452+0200] {dagbag.py:538} INFO - Filling up the DagBag from /usr/local/lib/python3.10/dist-packages/airflow/example_dags/example_sensor_decorator.py
[2024-01-22T15:42:17.473+0200] {processor.py:840} INFO - DAG(s) 'example_sensor_decorator' retrieved from /usr/local/lib/python3.10/dist-packages/airflow/example_dags/example_sensor_decorator.py
[2024-01-22T15:42:17.518+0200] {logging_mixin.py:188} INFO - [2024-01-22T15:42:17.516+0200] {dag.py:3036} INFO - Sync 1 DAGs
[2024-01-22T15:42:17.545+0200] {logging_mixin.py:188} INFO - [2024-01-22T15:42:17.545+0200] {dag.py:3823} INFO - Setting next_dagrun for example_sensor_decorator to None, run_after=None
[2024-01-22T15:42:17.583+0200] {processor.py:183} INFO - Processing /usr/local/lib/python3.10/dist-packages/airflow/example_dags/example_sensor_decorator.py took 0.139 seconds
[2024-01-22T15:42:58.055+0200] {processor.py:161} INFO - Started process (PID=42442) to work on /usr/local/lib/python3.10/dist-packages/airflow/example_dags/example_sensor_decorator.py
[2024-01-22T15:42:58.059+0200] {processor.py:830} INFO - Processing file /usr/local/lib/python3.10/dist-packages/airflow/example_dags/example_sensor_decorator.py for tasks to queue
[2024-01-22T15:42:58.060+0200] {logging_mixin.py:188} INFO - [2024-01-22T15:42:58.059+0200] {dagbag.py:538} INFO - Filling up the DagBag from /usr/local/lib/python3.10/dist-packages/airflow/example_dags/example_sensor_decorator.py
[2024-01-22T15:42:58.069+0200] {processor.py:840} INFO - DAG(s) 'example_sensor_decorator' retrieved from /usr/local/lib/python3.10/dist-packages/airflow/example_dags/example_sensor_decorator.py
[2024-01-22T15:42:58.090+0200] {logging_mixin.py:188} INFO - [2024-01-22T15:42:58.088+0200] {dag.py:3036} INFO - Sync 1 DAGs
[2024-01-22T15:42:58.102+0200] {logging_mixin.py:188} INFO - [2024-01-22T15:42:58.102+0200] {dag.py:3823} INFO - Setting next_dagrun for example_sensor_decorator to None, run_after=None
[2024-01-22T15:42:58.128+0200] {processor.py:183} INFO - Processing /usr/local/lib/python3.10/dist-packages/airflow/example_dags/example_sensor_decorator.py took 0.077 seconds
[2024-01-22T15:43:34.360+0200] {processor.py:161} INFO - Started process (PID=42481) to work on /usr/local/lib/python3.10/dist-packages/airflow/example_dags/example_sensor_decorator.py
[2024-01-22T15:43:34.372+0200] {processor.py:830} INFO - Processing file /usr/local/lib/python3.10/dist-packages/airflow/example_dags/example_sensor_decorator.py for tasks to queue
[2024-01-22T15:43:34.373+0200] {logging_mixin.py:188} INFO - [2024-01-22T15:43:34.373+0200] {dagbag.py:538} INFO - Filling up the DagBag from /usr/local/lib/python3.10/dist-packages/airflow/example_dags/example_sensor_decorator.py
[2024-01-22T15:43:34.379+0200] {processor.py:840} INFO - DAG(s) 'example_sensor_decorator' retrieved from /usr/local/lib/python3.10/dist-packages/airflow/example_dags/example_sensor_decorator.py
[2024-01-22T15:43:34.413+0200] {logging_mixin.py:188} INFO - [2024-01-22T15:43:34.413+0200] {dag.py:3036} INFO - Sync 1 DAGs
[2024-01-22T15:43:34.425+0200] {logging_mixin.py:188} INFO - [2024-01-22T15:43:34.424+0200] {dag.py:3823} INFO - Setting next_dagrun for example_sensor_decorator to None, run_after=None
[2024-01-22T15:43:34.455+0200] {processor.py:183} INFO - Processing /usr/local/lib/python3.10/dist-packages/airflow/example_dags/example_sensor_decorator.py took 0.098 seconds
[2024-01-22T15:44:07.134+0200] {processor.py:161} INFO - Started process (PID=42514) to work on /usr/local/lib/python3.10/dist-packages/airflow/example_dags/example_sensor_decorator.py
[2024-01-22T15:44:07.138+0200] {processor.py:830} INFO - Processing file /usr/local/lib/python3.10/dist-packages/airflow/example_dags/example_sensor_decorator.py for tasks to queue
[2024-01-22T15:44:07.139+0200] {logging_mixin.py:188} INFO - [2024-01-22T15:44:07.138+0200] {dagbag.py:538} INFO - Filling up the DagBag from /usr/local/lib/python3.10/dist-packages/airflow/example_dags/example_sensor_decorator.py
[2024-01-22T15:44:07.147+0200] {processor.py:840} INFO - DAG(s) 'example_sensor_decorator' retrieved from /usr/local/lib/python3.10/dist-packages/airflow/example_dags/example_sensor_decorator.py
[2024-01-22T15:44:07.166+0200] {logging_mixin.py:188} INFO - [2024-01-22T15:44:07.166+0200] {dag.py:3036} INFO - Sync 1 DAGs
[2024-01-22T15:44:07.177+0200] {logging_mixin.py:188} INFO - [2024-01-22T15:44:07.177+0200] {dag.py:3823} INFO - Setting next_dagrun for example_sensor_decorator to None, run_after=None
[2024-01-22T15:44:07.204+0200] {processor.py:183} INFO - Processing /usr/local/lib/python3.10/dist-packages/airflow/example_dags/example_sensor_decorator.py took 0.079 seconds
[2024-01-22T15:44:41.507+0200] {processor.py:161} INFO - Started process (PID=42550) to work on /usr/local/lib/python3.10/dist-packages/airflow/example_dags/example_sensor_decorator.py
[2024-01-22T15:44:41.509+0200] {processor.py:830} INFO - Processing file /usr/local/lib/python3.10/dist-packages/airflow/example_dags/example_sensor_decorator.py for tasks to queue
[2024-01-22T15:44:41.510+0200] {logging_mixin.py:188} INFO - [2024-01-22T15:44:41.510+0200] {dagbag.py:538} INFO - Filling up the DagBag from /usr/local/lib/python3.10/dist-packages/airflow/example_dags/example_sensor_decorator.py
[2024-01-22T15:44:41.520+0200] {processor.py:840} INFO - DAG(s) 'example_sensor_decorator' retrieved from /usr/local/lib/python3.10/dist-packages/airflow/example_dags/example_sensor_decorator.py
[2024-01-22T15:44:41.540+0200] {logging_mixin.py:188} INFO - [2024-01-22T15:44:41.540+0200] {dag.py:3036} INFO - Sync 1 DAGs
[2024-01-22T15:44:41.553+0200] {logging_mixin.py:188} INFO - [2024-01-22T15:44:41.553+0200] {dag.py:3823} INFO - Setting next_dagrun for example_sensor_decorator to None, run_after=None
[2024-01-22T15:44:41.581+0200] {processor.py:183} INFO - Processing /usr/local/lib/python3.10/dist-packages/airflow/example_dags/example_sensor_decorator.py took 0.079 seconds
[2024-01-22T15:45:27.089+0200] {processor.py:161} INFO - Started process (PID=42652) to work on /usr/local/lib/python3.10/dist-packages/airflow/example_dags/example_sensor_decorator.py
[2024-01-22T15:45:27.091+0200] {processor.py:830} INFO - Processing file /usr/local/lib/python3.10/dist-packages/airflow/example_dags/example_sensor_decorator.py for tasks to queue
[2024-01-22T15:45:27.092+0200] {logging_mixin.py:188} INFO - [2024-01-22T15:45:27.092+0200] {dagbag.py:538} INFO - Filling up the DagBag from /usr/local/lib/python3.10/dist-packages/airflow/example_dags/example_sensor_decorator.py
[2024-01-22T15:45:27.102+0200] {processor.py:840} INFO - DAG(s) 'example_sensor_decorator' retrieved from /usr/local/lib/python3.10/dist-packages/airflow/example_dags/example_sensor_decorator.py
[2024-01-22T15:45:27.122+0200] {logging_mixin.py:188} INFO - [2024-01-22T15:45:27.121+0200] {dag.py:3036} INFO - Sync 1 DAGs
[2024-01-22T15:45:27.140+0200] {logging_mixin.py:188} INFO - [2024-01-22T15:45:27.139+0200] {dag.py:3823} INFO - Setting next_dagrun for example_sensor_decorator to None, run_after=None
[2024-01-22T15:45:27.170+0200] {processor.py:183} INFO - Processing /usr/local/lib/python3.10/dist-packages/airflow/example_dags/example_sensor_decorator.py took 0.086 seconds
[2024-01-22T15:46:06.759+0200] {processor.py:161} INFO - Started process (PID=42694) to work on /usr/local/lib/python3.10/dist-packages/airflow/example_dags/example_sensor_decorator.py
[2024-01-22T15:46:06.766+0200] {processor.py:830} INFO - Processing file /usr/local/lib/python3.10/dist-packages/airflow/example_dags/example_sensor_decorator.py for tasks to queue
[2024-01-22T15:46:06.767+0200] {logging_mixin.py:188} INFO - [2024-01-22T15:46:06.767+0200] {dagbag.py:538} INFO - Filling up the DagBag from /usr/local/lib/python3.10/dist-packages/airflow/example_dags/example_sensor_decorator.py
[2024-01-22T15:46:06.784+0200] {processor.py:840} INFO - DAG(s) 'example_sensor_decorator' retrieved from /usr/local/lib/python3.10/dist-packages/airflow/example_dags/example_sensor_decorator.py
[2024-01-22T15:46:06.813+0200] {logging_mixin.py:188} INFO - [2024-01-22T15:46:06.813+0200] {dag.py:3036} INFO - Sync 1 DAGs
[2024-01-22T15:46:06.836+0200] {logging_mixin.py:188} INFO - [2024-01-22T15:46:06.836+0200] {dag.py:3823} INFO - Setting next_dagrun for example_sensor_decorator to None, run_after=None
[2024-01-22T15:46:06.864+0200] {processor.py:183} INFO - Processing /usr/local/lib/python3.10/dist-packages/airflow/example_dags/example_sensor_decorator.py took 0.107 seconds
[2024-01-22T15:47:05.946+0200] {processor.py:161} INFO - Started process (PID=43651) to work on /usr/local/lib/python3.10/dist-packages/airflow/example_dags/example_sensor_decorator.py
[2024-01-22T15:47:05.948+0200] {processor.py:830} INFO - Processing file /usr/local/lib/python3.10/dist-packages/airflow/example_dags/example_sensor_decorator.py for tasks to queue
[2024-01-22T15:47:05.949+0200] {logging_mixin.py:188} INFO - [2024-01-22T15:47:05.949+0200] {dagbag.py:538} INFO - Filling up the DagBag from /usr/local/lib/python3.10/dist-packages/airflow/example_dags/example_sensor_decorator.py
[2024-01-22T15:47:05.960+0200] {processor.py:840} INFO - DAG(s) 'example_sensor_decorator' retrieved from /usr/local/lib/python3.10/dist-packages/airflow/example_dags/example_sensor_decorator.py
[2024-01-22T15:47:05.973+0200] {logging_mixin.py:188} INFO - [2024-01-22T15:47:05.973+0200] {dag.py:3036} INFO - Sync 1 DAGs
[2024-01-22T15:47:05.981+0200] {logging_mixin.py:188} INFO - [2024-01-22T15:47:05.981+0200] {dag.py:3823} INFO - Setting next_dagrun for example_sensor_decorator to None, run_after=None
[2024-01-22T15:47:06.002+0200] {processor.py:183} INFO - Processing /usr/local/lib/python3.10/dist-packages/airflow/example_dags/example_sensor_decorator.py took 0.058 seconds
[2024-01-22T15:47:50.523+0200] {processor.py:161} INFO - Started process (PID=43740) to work on /usr/local/lib/python3.10/dist-packages/airflow/example_dags/example_sensor_decorator.py
[2024-01-22T15:47:50.528+0200] {processor.py:830} INFO - Processing file /usr/local/lib/python3.10/dist-packages/airflow/example_dags/example_sensor_decorator.py for tasks to queue
[2024-01-22T15:47:50.529+0200] {logging_mixin.py:188} INFO - [2024-01-22T15:47:50.529+0200] {dagbag.py:538} INFO - Filling up the DagBag from /usr/local/lib/python3.10/dist-packages/airflow/example_dags/example_sensor_decorator.py
[2024-01-22T15:47:50.539+0200] {processor.py:840} INFO - DAG(s) 'example_sensor_decorator' retrieved from /usr/local/lib/python3.10/dist-packages/airflow/example_dags/example_sensor_decorator.py
[2024-01-22T15:47:50.556+0200] {logging_mixin.py:188} INFO - [2024-01-22T15:47:50.556+0200] {dag.py:3036} INFO - Sync 1 DAGs
[2024-01-22T15:47:50.569+0200] {logging_mixin.py:188} INFO - [2024-01-22T15:47:50.569+0200] {dag.py:3823} INFO - Setting next_dagrun for example_sensor_decorator to None, run_after=None
[2024-01-22T15:47:50.597+0200] {processor.py:183} INFO - Processing /usr/local/lib/python3.10/dist-packages/airflow/example_dags/example_sensor_decorator.py took 0.077 seconds
[2024-01-22T15:48:37.693+0200] {processor.py:161} INFO - Started process (PID=43920) to work on /usr/local/lib/python3.10/dist-packages/airflow/example_dags/example_sensor_decorator.py
[2024-01-22T15:48:37.696+0200] {processor.py:830} INFO - Processing file /usr/local/lib/python3.10/dist-packages/airflow/example_dags/example_sensor_decorator.py for tasks to queue
[2024-01-22T15:48:37.697+0200] {logging_mixin.py:188} INFO - [2024-01-22T15:48:37.696+0200] {dagbag.py:538} INFO - Filling up the DagBag from /usr/local/lib/python3.10/dist-packages/airflow/example_dags/example_sensor_decorator.py
[2024-01-22T15:48:37.734+0200] {processor.py:840} INFO - DAG(s) 'example_sensor_decorator' retrieved from /usr/local/lib/python3.10/dist-packages/airflow/example_dags/example_sensor_decorator.py
[2024-01-22T15:48:37.779+0200] {logging_mixin.py:188} INFO - [2024-01-22T15:48:37.779+0200] {dag.py:3036} INFO - Sync 1 DAGs
[2024-01-22T15:48:37.798+0200] {logging_mixin.py:188} INFO - [2024-01-22T15:48:37.798+0200] {dag.py:3823} INFO - Setting next_dagrun for example_sensor_decorator to None, run_after=None
[2024-01-22T15:48:37.846+0200] {processor.py:183} INFO - Processing /usr/local/lib/python3.10/dist-packages/airflow/example_dags/example_sensor_decorator.py took 0.165 seconds
