[2024-01-22T15:30:06.322+0200] {processor.py:161} INFO - Started process (PID=40544) to work on /usr/local/lib/python3.10/dist-packages/airflow/example_dags/example_xcom.py
[2024-01-22T15:30:06.323+0200] {processor.py:830} INFO - Processing file /usr/local/lib/python3.10/dist-packages/airflow/example_dags/example_xcom.py for tasks to queue
[2024-01-22T15:30:06.323+0200] {logging_mixin.py:188} INFO - [2024-01-22T15:30:06.323+0200] {dagbag.py:538} INFO - Filling up the DagBag from /usr/local/lib/python3.10/dist-packages/airflow/example_dags/example_xcom.py
[2024-01-22T15:30:06.399+0200] {processor.py:840} INFO - DAG(s) 'example_xcom' retrieved from /usr/local/lib/python3.10/dist-packages/airflow/example_dags/example_xcom.py
[2024-01-22T15:30:07.355+0200] {logging_mixin.py:188} INFO - [2024-01-22T15:30:07.355+0200] {dag.py:3036} INFO - Sync 1 DAGs
[2024-01-22T15:30:07.409+0200] {logging_mixin.py:188} INFO - [2024-01-22T15:30:07.409+0200] {dag.py:3823} INFO - Setting next_dagrun for example_xcom to 2021-01-01 00:00:00+00:00, run_after=2021-01-01 00:00:00+00:00
[2024-01-22T15:30:07.488+0200] {processor.py:183} INFO - Processing /usr/local/lib/python3.10/dist-packages/airflow/example_dags/example_xcom.py took 1.169 seconds
[2024-01-22T15:31:25.617+0200] {processor.py:161} INFO - Started process (PID=40857) to work on /usr/local/lib/python3.10/dist-packages/airflow/example_dags/example_xcom.py
[2024-01-22T15:31:25.620+0200] {processor.py:830} INFO - Processing file /usr/local/lib/python3.10/dist-packages/airflow/example_dags/example_xcom.py for tasks to queue
[2024-01-22T15:31:25.624+0200] {logging_mixin.py:188} INFO - [2024-01-22T15:31:25.623+0200] {dagbag.py:538} INFO - Filling up the DagBag from /usr/local/lib/python3.10/dist-packages/airflow/example_dags/example_xcom.py
[2024-01-22T15:31:25.652+0200] {processor.py:840} INFO - DAG(s) 'example_xcom' retrieved from /usr/local/lib/python3.10/dist-packages/airflow/example_dags/example_xcom.py
[2024-01-22T15:31:25.695+0200] {logging_mixin.py:188} INFO - [2024-01-22T15:31:25.695+0200] {dag.py:3036} INFO - Sync 1 DAGs
[2024-01-22T15:31:25.752+0200] {logging_mixin.py:188} INFO - [2024-01-22T15:31:25.751+0200] {dag.py:3823} INFO - Setting next_dagrun for example_xcom to 2021-01-01 00:00:00+00:00, run_after=2021-01-01 00:00:00+00:00
[2024-01-22T15:31:25.870+0200] {processor.py:183} INFO - Processing /usr/local/lib/python3.10/dist-packages/airflow/example_dags/example_xcom.py took 0.257 seconds
[2024-01-22T15:32:04.419+0200] {processor.py:161} INFO - Started process (PID=41089) to work on /usr/local/lib/python3.10/dist-packages/airflow/example_dags/example_xcom.py
[2024-01-22T15:32:04.423+0200] {processor.py:830} INFO - Processing file /usr/local/lib/python3.10/dist-packages/airflow/example_dags/example_xcom.py for tasks to queue
[2024-01-22T15:32:04.424+0200] {logging_mixin.py:188} INFO - [2024-01-22T15:32:04.424+0200] {dagbag.py:538} INFO - Filling up the DagBag from /usr/local/lib/python3.10/dist-packages/airflow/example_dags/example_xcom.py
[2024-01-22T15:32:04.441+0200] {processor.py:840} INFO - DAG(s) 'example_xcom' retrieved from /usr/local/lib/python3.10/dist-packages/airflow/example_dags/example_xcom.py
[2024-01-22T15:32:04.471+0200] {logging_mixin.py:188} INFO - [2024-01-22T15:32:04.471+0200] {dag.py:3036} INFO - Sync 1 DAGs
[2024-01-22T15:32:04.498+0200] {logging_mixin.py:188} INFO - [2024-01-22T15:32:04.498+0200] {dag.py:3823} INFO - Setting next_dagrun for example_xcom to 2021-01-01 00:00:00+00:00, run_after=2021-01-01 00:00:00+00:00
[2024-01-22T15:32:04.532+0200] {processor.py:183} INFO - Processing /usr/local/lib/python3.10/dist-packages/airflow/example_dags/example_xcom.py took 0.126 seconds
[2024-01-22T15:32:52.604+0200] {processor.py:161} INFO - Started process (PID=41240) to work on /usr/local/lib/python3.10/dist-packages/airflow/example_dags/example_xcom.py
[2024-01-22T15:32:52.616+0200] {processor.py:830} INFO - Processing file /usr/local/lib/python3.10/dist-packages/airflow/example_dags/example_xcom.py for tasks to queue
[2024-01-22T15:32:52.617+0200] {logging_mixin.py:188} INFO - [2024-01-22T15:32:52.617+0200] {dagbag.py:538} INFO - Filling up the DagBag from /usr/local/lib/python3.10/dist-packages/airflow/example_dags/example_xcom.py
[2024-01-22T15:32:52.631+0200] {processor.py:840} INFO - DAG(s) 'example_xcom' retrieved from /usr/local/lib/python3.10/dist-packages/airflow/example_dags/example_xcom.py
[2024-01-22T15:32:52.664+0200] {logging_mixin.py:188} INFO - [2024-01-22T15:32:52.664+0200] {dag.py:3036} INFO - Sync 1 DAGs
[2024-01-22T15:32:52.693+0200] {logging_mixin.py:188} INFO - [2024-01-22T15:32:52.692+0200] {dag.py:3823} INFO - Setting next_dagrun for example_xcom to 2021-01-01 00:00:00+00:00, run_after=2021-01-01 00:00:00+00:00
[2024-01-22T15:32:52.717+0200] {processor.py:183} INFO - Processing /usr/local/lib/python3.10/dist-packages/airflow/example_dags/example_xcom.py took 0.116 seconds
[2024-01-22T15:33:48.384+0200] {processor.py:161} INFO - Started process (PID=41551) to work on /usr/local/lib/python3.10/dist-packages/airflow/example_dags/example_xcom.py
[2024-01-22T15:33:48.386+0200] {processor.py:830} INFO - Processing file /usr/local/lib/python3.10/dist-packages/airflow/example_dags/example_xcom.py for tasks to queue
[2024-01-22T15:33:48.386+0200] {logging_mixin.py:188} INFO - [2024-01-22T15:33:48.386+0200] {dagbag.py:538} INFO - Filling up the DagBag from /usr/local/lib/python3.10/dist-packages/airflow/example_dags/example_xcom.py
[2024-01-22T15:33:48.425+0200] {processor.py:840} INFO - DAG(s) 'example_xcom' retrieved from /usr/local/lib/python3.10/dist-packages/airflow/example_dags/example_xcom.py
[2024-01-22T15:33:48.519+0200] {logging_mixin.py:188} INFO - [2024-01-22T15:33:48.519+0200] {dag.py:3036} INFO - Sync 1 DAGs
[2024-01-22T15:33:48.537+0200] {logging_mixin.py:188} INFO - [2024-01-22T15:33:48.537+0200] {dag.py:3823} INFO - Setting next_dagrun for example_xcom to 2021-01-01 00:00:00+00:00, run_after=2021-01-01 00:00:00+00:00
[2024-01-22T15:33:48.646+0200] {processor.py:183} INFO - Processing /usr/local/lib/python3.10/dist-packages/airflow/example_dags/example_xcom.py took 0.276 seconds
[2024-01-22T15:34:42.057+0200] {processor.py:161} INFO - Started process (PID=41638) to work on /usr/local/lib/python3.10/dist-packages/airflow/example_dags/example_xcom.py
[2024-01-22T15:34:42.061+0200] {processor.py:830} INFO - Processing file /usr/local/lib/python3.10/dist-packages/airflow/example_dags/example_xcom.py for tasks to queue
[2024-01-22T15:34:42.062+0200] {logging_mixin.py:188} INFO - [2024-01-22T15:34:42.062+0200] {dagbag.py:538} INFO - Filling up the DagBag from /usr/local/lib/python3.10/dist-packages/airflow/example_dags/example_xcom.py
[2024-01-22T15:34:42.069+0200] {processor.py:840} INFO - DAG(s) 'example_xcom' retrieved from /usr/local/lib/python3.10/dist-packages/airflow/example_dags/example_xcom.py
[2024-01-22T15:34:42.109+0200] {logging_mixin.py:188} INFO - [2024-01-22T15:34:42.108+0200] {dag.py:3036} INFO - Sync 1 DAGs
[2024-01-22T15:34:42.141+0200] {logging_mixin.py:188} INFO - [2024-01-22T15:34:42.140+0200] {dag.py:3823} INFO - Setting next_dagrun for example_xcom to 2021-01-01 00:00:00+00:00, run_after=2021-01-01 00:00:00+00:00
[2024-01-22T15:34:42.171+0200] {processor.py:183} INFO - Processing /usr/local/lib/python3.10/dist-packages/airflow/example_dags/example_xcom.py took 0.117 seconds
[2024-01-22T15:35:27.454+0200] {processor.py:161} INFO - Started process (PID=41720) to work on /usr/local/lib/python3.10/dist-packages/airflow/example_dags/example_xcom.py
[2024-01-22T15:35:27.456+0200] {processor.py:830} INFO - Processing file /usr/local/lib/python3.10/dist-packages/airflow/example_dags/example_xcom.py for tasks to queue
[2024-01-22T15:35:27.457+0200] {logging_mixin.py:188} INFO - [2024-01-22T15:35:27.457+0200] {dagbag.py:538} INFO - Filling up the DagBag from /usr/local/lib/python3.10/dist-packages/airflow/example_dags/example_xcom.py
[2024-01-22T15:35:27.474+0200] {processor.py:840} INFO - DAG(s) 'example_xcom' retrieved from /usr/local/lib/python3.10/dist-packages/airflow/example_dags/example_xcom.py
[2024-01-22T15:35:27.497+0200] {logging_mixin.py:188} INFO - [2024-01-22T15:35:27.497+0200] {dag.py:3036} INFO - Sync 1 DAGs
[2024-01-22T15:35:27.532+0200] {logging_mixin.py:188} INFO - [2024-01-22T15:35:27.532+0200] {dag.py:3823} INFO - Setting next_dagrun for example_xcom to 2021-01-01 00:00:00+00:00, run_after=2021-01-01 00:00:00+00:00
[2024-01-22T15:35:27.576+0200] {processor.py:183} INFO - Processing /usr/local/lib/python3.10/dist-packages/airflow/example_dags/example_xcom.py took 0.125 seconds
[2024-01-22T15:36:16.507+0200] {processor.py:161} INFO - Started process (PID=41915) to work on /usr/local/lib/python3.10/dist-packages/airflow/example_dags/example_xcom.py
[2024-01-22T15:36:16.513+0200] {processor.py:830} INFO - Processing file /usr/local/lib/python3.10/dist-packages/airflow/example_dags/example_xcom.py for tasks to queue
[2024-01-22T15:36:16.514+0200] {logging_mixin.py:188} INFO - [2024-01-22T15:36:16.513+0200] {dagbag.py:538} INFO - Filling up the DagBag from /usr/local/lib/python3.10/dist-packages/airflow/example_dags/example_xcom.py
[2024-01-22T15:36:16.524+0200] {processor.py:840} INFO - DAG(s) 'example_xcom' retrieved from /usr/local/lib/python3.10/dist-packages/airflow/example_dags/example_xcom.py
[2024-01-22T15:36:16.539+0200] {logging_mixin.py:188} INFO - [2024-01-22T15:36:16.539+0200] {dag.py:3036} INFO - Sync 1 DAGs
[2024-01-22T15:36:16.552+0200] {logging_mixin.py:188} INFO - [2024-01-22T15:36:16.552+0200] {dag.py:3823} INFO - Setting next_dagrun for example_xcom to 2021-01-01 00:00:00+00:00, run_after=2021-01-01 00:00:00+00:00
[2024-01-22T15:36:16.569+0200] {processor.py:183} INFO - Processing /usr/local/lib/python3.10/dist-packages/airflow/example_dags/example_xcom.py took 0.065 seconds
[2024-01-22T15:37:00.047+0200] {processor.py:161} INFO - Started process (PID=41992) to work on /usr/local/lib/python3.10/dist-packages/airflow/example_dags/example_xcom.py
[2024-01-22T15:37:00.049+0200] {processor.py:830} INFO - Processing file /usr/local/lib/python3.10/dist-packages/airflow/example_dags/example_xcom.py for tasks to queue
[2024-01-22T15:37:00.049+0200] {logging_mixin.py:188} INFO - [2024-01-22T15:37:00.049+0200] {dagbag.py:538} INFO - Filling up the DagBag from /usr/local/lib/python3.10/dist-packages/airflow/example_dags/example_xcom.py
[2024-01-22T15:37:00.067+0200] {processor.py:840} INFO - DAG(s) 'example_xcom' retrieved from /usr/local/lib/python3.10/dist-packages/airflow/example_dags/example_xcom.py
[2024-01-22T15:37:00.088+0200] {logging_mixin.py:188} INFO - [2024-01-22T15:37:00.088+0200] {dag.py:3036} INFO - Sync 1 DAGs
[2024-01-22T15:37:00.125+0200] {logging_mixin.py:188} INFO - [2024-01-22T15:37:00.124+0200] {dag.py:3823} INFO - Setting next_dagrun for example_xcom to 2021-01-01 00:00:00+00:00, run_after=2021-01-01 00:00:00+00:00
[2024-01-22T15:37:00.168+0200] {processor.py:183} INFO - Processing /usr/local/lib/python3.10/dist-packages/airflow/example_dags/example_xcom.py took 0.132 seconds
[2024-01-22T15:37:46.282+0200] {processor.py:161} INFO - Started process (PID=42083) to work on /usr/local/lib/python3.10/dist-packages/airflow/example_dags/example_xcom.py
[2024-01-22T15:37:46.286+0200] {processor.py:830} INFO - Processing file /usr/local/lib/python3.10/dist-packages/airflow/example_dags/example_xcom.py for tasks to queue
[2024-01-22T15:37:46.287+0200] {logging_mixin.py:188} INFO - [2024-01-22T15:37:46.286+0200] {dagbag.py:538} INFO - Filling up the DagBag from /usr/local/lib/python3.10/dist-packages/airflow/example_dags/example_xcom.py
[2024-01-22T15:37:46.297+0200] {processor.py:840} INFO - DAG(s) 'example_xcom' retrieved from /usr/local/lib/python3.10/dist-packages/airflow/example_dags/example_xcom.py
[2024-01-22T15:37:46.316+0200] {logging_mixin.py:188} INFO - [2024-01-22T15:37:46.316+0200] {dag.py:3036} INFO - Sync 1 DAGs
[2024-01-22T15:37:46.334+0200] {logging_mixin.py:188} INFO - [2024-01-22T15:37:46.334+0200] {dag.py:3823} INFO - Setting next_dagrun for example_xcom to 2021-01-01 00:00:00+00:00, run_after=2021-01-01 00:00:00+00:00
[2024-01-22T15:37:46.363+0200] {processor.py:183} INFO - Processing /usr/local/lib/python3.10/dist-packages/airflow/example_dags/example_xcom.py took 0.085 seconds
[2024-01-22T15:38:25.130+0200] {processor.py:161} INFO - Started process (PID=42125) to work on /usr/local/lib/python3.10/dist-packages/airflow/example_dags/example_xcom.py
[2024-01-22T15:38:25.132+0200] {processor.py:830} INFO - Processing file /usr/local/lib/python3.10/dist-packages/airflow/example_dags/example_xcom.py for tasks to queue
[2024-01-22T15:38:25.133+0200] {logging_mixin.py:188} INFO - [2024-01-22T15:38:25.132+0200] {dagbag.py:538} INFO - Filling up the DagBag from /usr/local/lib/python3.10/dist-packages/airflow/example_dags/example_xcom.py
[2024-01-22T15:38:25.141+0200] {processor.py:840} INFO - DAG(s) 'example_xcom' retrieved from /usr/local/lib/python3.10/dist-packages/airflow/example_dags/example_xcom.py
[2024-01-22T15:38:25.158+0200] {logging_mixin.py:188} INFO - [2024-01-22T15:38:25.158+0200] {dag.py:3036} INFO - Sync 1 DAGs
[2024-01-22T15:38:25.173+0200] {logging_mixin.py:188} INFO - [2024-01-22T15:38:25.172+0200] {dag.py:3823} INFO - Setting next_dagrun for example_xcom to 2021-01-01 00:00:00+00:00, run_after=2021-01-01 00:00:00+00:00
[2024-01-22T15:38:25.195+0200] {processor.py:183} INFO - Processing /usr/local/lib/python3.10/dist-packages/airflow/example_dags/example_xcom.py took 0.068 seconds
[2024-01-22T15:38:59.591+0200] {processor.py:161} INFO - Started process (PID=42160) to work on /usr/local/lib/python3.10/dist-packages/airflow/example_dags/example_xcom.py
[2024-01-22T15:38:59.593+0200] {processor.py:830} INFO - Processing file /usr/local/lib/python3.10/dist-packages/airflow/example_dags/example_xcom.py for tasks to queue
[2024-01-22T15:38:59.595+0200] {logging_mixin.py:188} INFO - [2024-01-22T15:38:59.594+0200] {dagbag.py:538} INFO - Filling up the DagBag from /usr/local/lib/python3.10/dist-packages/airflow/example_dags/example_xcom.py
[2024-01-22T15:38:59.607+0200] {processor.py:840} INFO - DAG(s) 'example_xcom' retrieved from /usr/local/lib/python3.10/dist-packages/airflow/example_dags/example_xcom.py
[2024-01-22T15:38:59.625+0200] {logging_mixin.py:188} INFO - [2024-01-22T15:38:59.625+0200] {dag.py:3036} INFO - Sync 1 DAGs
[2024-01-22T15:38:59.645+0200] {logging_mixin.py:188} INFO - [2024-01-22T15:38:59.645+0200] {dag.py:3823} INFO - Setting next_dagrun for example_xcom to 2021-01-01 00:00:00+00:00, run_after=2021-01-01 00:00:00+00:00
[2024-01-22T15:38:59.674+0200] {processor.py:183} INFO - Processing /usr/local/lib/python3.10/dist-packages/airflow/example_dags/example_xcom.py took 0.088 seconds
[2024-01-22T15:39:39.926+0200] {processor.py:161} INFO - Started process (PID=42206) to work on /usr/local/lib/python3.10/dist-packages/airflow/example_dags/example_xcom.py
[2024-01-22T15:39:39.941+0200] {processor.py:830} INFO - Processing file /usr/local/lib/python3.10/dist-packages/airflow/example_dags/example_xcom.py for tasks to queue
[2024-01-22T15:39:39.942+0200] {logging_mixin.py:188} INFO - [2024-01-22T15:39:39.941+0200] {dagbag.py:538} INFO - Filling up the DagBag from /usr/local/lib/python3.10/dist-packages/airflow/example_dags/example_xcom.py
[2024-01-22T15:39:39.961+0200] {processor.py:840} INFO - DAG(s) 'example_xcom' retrieved from /usr/local/lib/python3.10/dist-packages/airflow/example_dags/example_xcom.py
[2024-01-22T15:39:39.986+0200] {logging_mixin.py:188} INFO - [2024-01-22T15:39:39.985+0200] {dag.py:3036} INFO - Sync 1 DAGs
[2024-01-22T15:39:40.006+0200] {logging_mixin.py:188} INFO - [2024-01-22T15:39:40.006+0200] {dag.py:3823} INFO - Setting next_dagrun for example_xcom to 2021-01-01 00:00:00+00:00, run_after=2021-01-01 00:00:00+00:00
[2024-01-22T15:39:40.036+0200] {processor.py:183} INFO - Processing /usr/local/lib/python3.10/dist-packages/airflow/example_dags/example_xcom.py took 0.113 seconds
[2024-01-22T15:40:22.007+0200] {processor.py:161} INFO - Started process (PID=42275) to work on /usr/local/lib/python3.10/dist-packages/airflow/example_dags/example_xcom.py
[2024-01-22T15:40:22.010+0200] {processor.py:830} INFO - Processing file /usr/local/lib/python3.10/dist-packages/airflow/example_dags/example_xcom.py for tasks to queue
[2024-01-22T15:40:22.011+0200] {logging_mixin.py:188} INFO - [2024-01-22T15:40:22.011+0200] {dagbag.py:538} INFO - Filling up the DagBag from /usr/local/lib/python3.10/dist-packages/airflow/example_dags/example_xcom.py
[2024-01-22T15:40:22.021+0200] {processor.py:840} INFO - DAG(s) 'example_xcom' retrieved from /usr/local/lib/python3.10/dist-packages/airflow/example_dags/example_xcom.py
[2024-01-22T15:40:22.040+0200] {logging_mixin.py:188} INFO - [2024-01-22T15:40:22.040+0200] {dag.py:3036} INFO - Sync 1 DAGs
[2024-01-22T15:40:22.062+0200] {logging_mixin.py:188} INFO - [2024-01-22T15:40:22.062+0200] {dag.py:3823} INFO - Setting next_dagrun for example_xcom to 2021-01-01 00:00:00+00:00, run_after=2021-01-01 00:00:00+00:00
[2024-01-22T15:40:22.086+0200] {processor.py:183} INFO - Processing /usr/local/lib/python3.10/dist-packages/airflow/example_dags/example_xcom.py took 0.082 seconds
[2024-01-22T15:41:02.679+0200] {processor.py:161} INFO - Started process (PID=42316) to work on /usr/local/lib/python3.10/dist-packages/airflow/example_dags/example_xcom.py
[2024-01-22T15:41:02.681+0200] {processor.py:830} INFO - Processing file /usr/local/lib/python3.10/dist-packages/airflow/example_dags/example_xcom.py for tasks to queue
[2024-01-22T15:41:02.683+0200] {logging_mixin.py:188} INFO - [2024-01-22T15:41:02.682+0200] {dagbag.py:538} INFO - Filling up the DagBag from /usr/local/lib/python3.10/dist-packages/airflow/example_dags/example_xcom.py
[2024-01-22T15:41:02.695+0200] {processor.py:840} INFO - DAG(s) 'example_xcom' retrieved from /usr/local/lib/python3.10/dist-packages/airflow/example_dags/example_xcom.py
[2024-01-22T15:41:02.715+0200] {logging_mixin.py:188} INFO - [2024-01-22T15:41:02.714+0200] {dag.py:3036} INFO - Sync 1 DAGs
[2024-01-22T15:41:02.736+0200] {logging_mixin.py:188} INFO - [2024-01-22T15:41:02.735+0200] {dag.py:3823} INFO - Setting next_dagrun for example_xcom to 2021-01-01 00:00:00+00:00, run_after=2021-01-01 00:00:00+00:00
[2024-01-22T15:41:02.760+0200] {processor.py:183} INFO - Processing /usr/local/lib/python3.10/dist-packages/airflow/example_dags/example_xcom.py took 0.086 seconds
[2024-01-22T15:41:38.559+0200] {processor.py:161} INFO - Started process (PID=42354) to work on /usr/local/lib/python3.10/dist-packages/airflow/example_dags/example_xcom.py
[2024-01-22T15:41:38.560+0200] {processor.py:830} INFO - Processing file /usr/local/lib/python3.10/dist-packages/airflow/example_dags/example_xcom.py for tasks to queue
[2024-01-22T15:41:38.562+0200] {logging_mixin.py:188} INFO - [2024-01-22T15:41:38.561+0200] {dagbag.py:538} INFO - Filling up the DagBag from /usr/local/lib/python3.10/dist-packages/airflow/example_dags/example_xcom.py
[2024-01-22T15:41:38.572+0200] {processor.py:840} INFO - DAG(s) 'example_xcom' retrieved from /usr/local/lib/python3.10/dist-packages/airflow/example_dags/example_xcom.py
[2024-01-22T15:41:38.595+0200] {logging_mixin.py:188} INFO - [2024-01-22T15:41:38.595+0200] {dag.py:3036} INFO - Sync 1 DAGs
[2024-01-22T15:41:38.616+0200] {logging_mixin.py:188} INFO - [2024-01-22T15:41:38.616+0200] {dag.py:3823} INFO - Setting next_dagrun for example_xcom to 2021-01-01 00:00:00+00:00, run_after=2021-01-01 00:00:00+00:00
[2024-01-22T15:41:38.647+0200] {processor.py:183} INFO - Processing /usr/local/lib/python3.10/dist-packages/airflow/example_dags/example_xcom.py took 0.093 seconds
[2024-01-22T15:42:14.837+0200] {processor.py:161} INFO - Started process (PID=42392) to work on /usr/local/lib/python3.10/dist-packages/airflow/example_dags/example_xcom.py
[2024-01-22T15:42:14.839+0200] {processor.py:830} INFO - Processing file /usr/local/lib/python3.10/dist-packages/airflow/example_dags/example_xcom.py for tasks to queue
[2024-01-22T15:42:14.840+0200] {logging_mixin.py:188} INFO - [2024-01-22T15:42:14.839+0200] {dagbag.py:538} INFO - Filling up the DagBag from /usr/local/lib/python3.10/dist-packages/airflow/example_dags/example_xcom.py
[2024-01-22T15:42:14.849+0200] {processor.py:840} INFO - DAG(s) 'example_xcom' retrieved from /usr/local/lib/python3.10/dist-packages/airflow/example_dags/example_xcom.py
[2024-01-22T15:42:14.868+0200] {logging_mixin.py:188} INFO - [2024-01-22T15:42:14.868+0200] {dag.py:3036} INFO - Sync 1 DAGs
[2024-01-22T15:42:14.888+0200] {logging_mixin.py:188} INFO - [2024-01-22T15:42:14.888+0200] {dag.py:3823} INFO - Setting next_dagrun for example_xcom to 2021-01-01 00:00:00+00:00, run_after=2021-01-01 00:00:00+00:00
[2024-01-22T15:42:14.917+0200] {processor.py:183} INFO - Processing /usr/local/lib/python3.10/dist-packages/airflow/example_dags/example_xcom.py took 0.084 seconds
[2024-01-22T15:42:54.521+0200] {processor.py:161} INFO - Started process (PID=42439) to work on /usr/local/lib/python3.10/dist-packages/airflow/example_dags/example_xcom.py
[2024-01-22T15:42:54.524+0200] {processor.py:830} INFO - Processing file /usr/local/lib/python3.10/dist-packages/airflow/example_dags/example_xcom.py for tasks to queue
[2024-01-22T15:42:54.525+0200] {logging_mixin.py:188} INFO - [2024-01-22T15:42:54.525+0200] {dagbag.py:538} INFO - Filling up the DagBag from /usr/local/lib/python3.10/dist-packages/airflow/example_dags/example_xcom.py
[2024-01-22T15:42:54.537+0200] {processor.py:840} INFO - DAG(s) 'example_xcom' retrieved from /usr/local/lib/python3.10/dist-packages/airflow/example_dags/example_xcom.py
[2024-01-22T15:42:54.557+0200] {logging_mixin.py:188} INFO - [2024-01-22T15:42:54.557+0200] {dag.py:3036} INFO - Sync 1 DAGs
[2024-01-22T15:42:54.584+0200] {logging_mixin.py:188} INFO - [2024-01-22T15:42:54.583+0200] {dag.py:3823} INFO - Setting next_dagrun for example_xcom to 2021-01-01 00:00:00+00:00, run_after=2021-01-01 00:00:00+00:00
[2024-01-22T15:42:54.608+0200] {processor.py:183} INFO - Processing /usr/local/lib/python3.10/dist-packages/airflow/example_dags/example_xcom.py took 0.092 seconds
[2024-01-22T15:43:31.895+0200] {processor.py:161} INFO - Started process (PID=42478) to work on /usr/local/lib/python3.10/dist-packages/airflow/example_dags/example_xcom.py
[2024-01-22T15:43:31.898+0200] {processor.py:830} INFO - Processing file /usr/local/lib/python3.10/dist-packages/airflow/example_dags/example_xcom.py for tasks to queue
[2024-01-22T15:43:31.899+0200] {logging_mixin.py:188} INFO - [2024-01-22T15:43:31.899+0200] {dagbag.py:538} INFO - Filling up the DagBag from /usr/local/lib/python3.10/dist-packages/airflow/example_dags/example_xcom.py
[2024-01-22T15:43:31.910+0200] {processor.py:840} INFO - DAG(s) 'example_xcom' retrieved from /usr/local/lib/python3.10/dist-packages/airflow/example_dags/example_xcom.py
[2024-01-22T15:43:31.932+0200] {logging_mixin.py:188} INFO - [2024-01-22T15:43:31.931+0200] {dag.py:3036} INFO - Sync 1 DAGs
[2024-01-22T15:43:31.952+0200] {logging_mixin.py:188} INFO - [2024-01-22T15:43:31.951+0200] {dag.py:3823} INFO - Setting next_dagrun for example_xcom to 2021-01-01 00:00:00+00:00, run_after=2021-01-01 00:00:00+00:00
[2024-01-22T15:43:31.977+0200] {processor.py:183} INFO - Processing /usr/local/lib/python3.10/dist-packages/airflow/example_dags/example_xcom.py took 0.086 seconds
[2024-01-22T15:44:04.577+0200] {processor.py:161} INFO - Started process (PID=42511) to work on /usr/local/lib/python3.10/dist-packages/airflow/example_dags/example_xcom.py
[2024-01-22T15:44:04.579+0200] {processor.py:830} INFO - Processing file /usr/local/lib/python3.10/dist-packages/airflow/example_dags/example_xcom.py for tasks to queue
[2024-01-22T15:44:04.580+0200] {logging_mixin.py:188} INFO - [2024-01-22T15:44:04.579+0200] {dagbag.py:538} INFO - Filling up the DagBag from /usr/local/lib/python3.10/dist-packages/airflow/example_dags/example_xcom.py
[2024-01-22T15:44:04.591+0200] {processor.py:840} INFO - DAG(s) 'example_xcom' retrieved from /usr/local/lib/python3.10/dist-packages/airflow/example_dags/example_xcom.py
[2024-01-22T15:44:04.609+0200] {logging_mixin.py:188} INFO - [2024-01-22T15:44:04.608+0200] {dag.py:3036} INFO - Sync 1 DAGs
[2024-01-22T15:44:04.628+0200] {logging_mixin.py:188} INFO - [2024-01-22T15:44:04.628+0200] {dag.py:3823} INFO - Setting next_dagrun for example_xcom to 2021-01-01 00:00:00+00:00, run_after=2021-01-01 00:00:00+00:00
[2024-01-22T15:44:04.655+0200] {processor.py:183} INFO - Processing /usr/local/lib/python3.10/dist-packages/airflow/example_dags/example_xcom.py took 0.083 seconds
[2024-01-22T15:44:37.974+0200] {processor.py:161} INFO - Started process (PID=42547) to work on /usr/local/lib/python3.10/dist-packages/airflow/example_dags/example_xcom.py
[2024-01-22T15:44:37.976+0200] {processor.py:830} INFO - Processing file /usr/local/lib/python3.10/dist-packages/airflow/example_dags/example_xcom.py for tasks to queue
[2024-01-22T15:44:37.978+0200] {logging_mixin.py:188} INFO - [2024-01-22T15:44:37.977+0200] {dagbag.py:538} INFO - Filling up the DagBag from /usr/local/lib/python3.10/dist-packages/airflow/example_dags/example_xcom.py
[2024-01-22T15:44:37.988+0200] {processor.py:840} INFO - DAG(s) 'example_xcom' retrieved from /usr/local/lib/python3.10/dist-packages/airflow/example_dags/example_xcom.py
[2024-01-22T15:44:38.009+0200] {logging_mixin.py:188} INFO - [2024-01-22T15:44:38.008+0200] {dag.py:3036} INFO - Sync 1 DAGs
[2024-01-22T15:44:38.027+0200] {logging_mixin.py:188} INFO - [2024-01-22T15:44:38.027+0200] {dag.py:3823} INFO - Setting next_dagrun for example_xcom to 2021-01-01 00:00:00+00:00, run_after=2021-01-01 00:00:00+00:00
[2024-01-22T15:44:38.052+0200] {processor.py:183} INFO - Processing /usr/local/lib/python3.10/dist-packages/airflow/example_dags/example_xcom.py took 0.083 seconds
[2024-01-22T15:45:11.207+0200] {processor.py:161} INFO - Started process (PID=42608) to work on /usr/local/lib/python3.10/dist-packages/airflow/example_dags/example_xcom.py
[2024-01-22T15:45:11.209+0200] {processor.py:830} INFO - Processing file /usr/local/lib/python3.10/dist-packages/airflow/example_dags/example_xcom.py for tasks to queue
[2024-01-22T15:45:11.210+0200] {logging_mixin.py:188} INFO - [2024-01-22T15:45:11.210+0200] {dagbag.py:538} INFO - Filling up the DagBag from /usr/local/lib/python3.10/dist-packages/airflow/example_dags/example_xcom.py
[2024-01-22T15:45:11.220+0200] {processor.py:840} INFO - DAG(s) 'example_xcom' retrieved from /usr/local/lib/python3.10/dist-packages/airflow/example_dags/example_xcom.py
[2024-01-22T15:45:11.239+0200] {logging_mixin.py:188} INFO - [2024-01-22T15:45:11.239+0200] {dag.py:3036} INFO - Sync 1 DAGs
[2024-01-22T15:45:11.259+0200] {logging_mixin.py:188} INFO - [2024-01-22T15:45:11.258+0200] {dag.py:3823} INFO - Setting next_dagrun for example_xcom to 2021-01-01 00:00:00+00:00, run_after=2021-01-01 00:00:00+00:00
[2024-01-22T15:45:11.281+0200] {processor.py:183} INFO - Processing /usr/local/lib/python3.10/dist-packages/airflow/example_dags/example_xcom.py took 0.078 seconds
[2024-01-22T15:45:44.782+0200] {processor.py:161} INFO - Started process (PID=42671) to work on /usr/local/lib/python3.10/dist-packages/airflow/example_dags/example_xcom.py
[2024-01-22T15:45:44.790+0200] {processor.py:830} INFO - Processing file /usr/local/lib/python3.10/dist-packages/airflow/example_dags/example_xcom.py for tasks to queue
[2024-01-22T15:45:44.791+0200] {logging_mixin.py:188} INFO - [2024-01-22T15:45:44.791+0200] {dagbag.py:538} INFO - Filling up the DagBag from /usr/local/lib/python3.10/dist-packages/airflow/example_dags/example_xcom.py
[2024-01-22T15:45:44.821+0200] {processor.py:840} INFO - DAG(s) 'example_xcom' retrieved from /usr/local/lib/python3.10/dist-packages/airflow/example_dags/example_xcom.py
[2024-01-22T15:45:44.837+0200] {logging_mixin.py:188} INFO - [2024-01-22T15:45:44.837+0200] {dag.py:3036} INFO - Sync 1 DAGs
[2024-01-22T15:45:44.870+0200] {logging_mixin.py:188} INFO - [2024-01-22T15:45:44.870+0200] {dag.py:3823} INFO - Setting next_dagrun for example_xcom to 2021-01-01 00:00:00+00:00, run_after=2021-01-01 00:00:00+00:00
[2024-01-22T15:45:44.897+0200] {processor.py:183} INFO - Processing /usr/local/lib/python3.10/dist-packages/airflow/example_dags/example_xcom.py took 0.118 seconds
[2024-01-22T15:46:33.944+0200] {processor.py:161} INFO - Started process (PID=42837) to work on /usr/local/lib/python3.10/dist-packages/airflow/example_dags/example_xcom.py
[2024-01-22T15:46:33.947+0200] {processor.py:830} INFO - Processing file /usr/local/lib/python3.10/dist-packages/airflow/example_dags/example_xcom.py for tasks to queue
[2024-01-22T15:46:33.948+0200] {logging_mixin.py:188} INFO - [2024-01-22T15:46:33.948+0200] {dagbag.py:538} INFO - Filling up the DagBag from /usr/local/lib/python3.10/dist-packages/airflow/example_dags/example_xcom.py
[2024-01-22T15:46:33.959+0200] {processor.py:840} INFO - DAG(s) 'example_xcom' retrieved from /usr/local/lib/python3.10/dist-packages/airflow/example_dags/example_xcom.py
[2024-01-22T15:46:33.974+0200] {logging_mixin.py:188} INFO - [2024-01-22T15:46:33.974+0200] {dag.py:3036} INFO - Sync 1 DAGs
[2024-01-22T15:46:33.991+0200] {logging_mixin.py:188} INFO - [2024-01-22T15:46:33.990+0200] {dag.py:3823} INFO - Setting next_dagrun for example_xcom to 2021-01-01 00:00:00+00:00, run_after=2021-01-01 00:00:00+00:00
[2024-01-22T15:46:34.012+0200] {processor.py:183} INFO - Processing /usr/local/lib/python3.10/dist-packages/airflow/example_dags/example_xcom.py took 0.071 seconds
[2024-01-22T15:47:04.809+0200] {processor.py:161} INFO - Started process (PID=43650) to work on /usr/local/lib/python3.10/dist-packages/airflow/example_dags/example_xcom.py
[2024-01-22T15:47:04.811+0200] {processor.py:830} INFO - Processing file /usr/local/lib/python3.10/dist-packages/airflow/example_dags/example_xcom.py for tasks to queue
[2024-01-22T15:47:04.812+0200] {logging_mixin.py:188} INFO - [2024-01-22T15:47:04.812+0200] {dagbag.py:538} INFO - Filling up the DagBag from /usr/local/lib/python3.10/dist-packages/airflow/example_dags/example_xcom.py
[2024-01-22T15:47:04.824+0200] {processor.py:840} INFO - DAG(s) 'example_xcom' retrieved from /usr/local/lib/python3.10/dist-packages/airflow/example_dags/example_xcom.py
[2024-01-22T15:47:04.843+0200] {logging_mixin.py:188} INFO - [2024-01-22T15:47:04.843+0200] {dag.py:3036} INFO - Sync 1 DAGs
[2024-01-22T15:47:04.861+0200] {logging_mixin.py:188} INFO - [2024-01-22T15:47:04.860+0200] {dag.py:3823} INFO - Setting next_dagrun for example_xcom to 2021-01-01 00:00:00+00:00, run_after=2021-01-01 00:00:00+00:00
[2024-01-22T15:47:04.883+0200] {processor.py:183} INFO - Processing /usr/local/lib/python3.10/dist-packages/airflow/example_dags/example_xcom.py took 0.078 seconds
[2024-01-22T15:47:49.386+0200] {processor.py:161} INFO - Started process (PID=43737) to work on /usr/local/lib/python3.10/dist-packages/airflow/example_dags/example_xcom.py
[2024-01-22T15:47:49.388+0200] {processor.py:830} INFO - Processing file /usr/local/lib/python3.10/dist-packages/airflow/example_dags/example_xcom.py for tasks to queue
[2024-01-22T15:47:49.389+0200] {logging_mixin.py:188} INFO - [2024-01-22T15:47:49.389+0200] {dagbag.py:538} INFO - Filling up the DagBag from /usr/local/lib/python3.10/dist-packages/airflow/example_dags/example_xcom.py
[2024-01-22T15:47:49.396+0200] {processor.py:840} INFO - DAG(s) 'example_xcom' retrieved from /usr/local/lib/python3.10/dist-packages/airflow/example_dags/example_xcom.py
[2024-01-22T15:47:49.409+0200] {logging_mixin.py:188} INFO - [2024-01-22T15:47:49.409+0200] {dag.py:3036} INFO - Sync 1 DAGs
[2024-01-22T15:47:49.422+0200] {logging_mixin.py:188} INFO - [2024-01-22T15:47:49.422+0200] {dag.py:3823} INFO - Setting next_dagrun for example_xcom to 2021-01-01 00:00:00+00:00, run_after=2021-01-01 00:00:00+00:00
[2024-01-22T15:47:49.439+0200] {processor.py:183} INFO - Processing /usr/local/lib/python3.10/dist-packages/airflow/example_dags/example_xcom.py took 0.057 seconds
[2024-01-22T15:48:36.515+0200] {processor.py:161} INFO - Started process (PID=43914) to work on /usr/local/lib/python3.10/dist-packages/airflow/example_dags/example_xcom.py
[2024-01-22T15:48:36.520+0200] {processor.py:830} INFO - Processing file /usr/local/lib/python3.10/dist-packages/airflow/example_dags/example_xcom.py for tasks to queue
[2024-01-22T15:48:36.521+0200] {logging_mixin.py:188} INFO - [2024-01-22T15:48:36.520+0200] {dagbag.py:538} INFO - Filling up the DagBag from /usr/local/lib/python3.10/dist-packages/airflow/example_dags/example_xcom.py
[2024-01-22T15:48:36.550+0200] {processor.py:840} INFO - DAG(s) 'example_xcom' retrieved from /usr/local/lib/python3.10/dist-packages/airflow/example_dags/example_xcom.py
[2024-01-22T15:48:36.605+0200] {logging_mixin.py:188} INFO - [2024-01-22T15:48:36.605+0200] {dag.py:3036} INFO - Sync 1 DAGs
[2024-01-22T15:48:36.653+0200] {logging_mixin.py:188} INFO - [2024-01-22T15:48:36.653+0200] {dag.py:3823} INFO - Setting next_dagrun for example_xcom to 2021-01-01 00:00:00+00:00, run_after=2021-01-01 00:00:00+00:00
[2024-01-22T15:48:36.696+0200] {processor.py:183} INFO - Processing /usr/local/lib/python3.10/dist-packages/airflow/example_dags/example_xcom.py took 0.184 seconds
