[2024-01-22T15:30:45.457+0200] {processor.py:161} INFO - Started process (PID=40618) to work on /usr/local/lib/python3.10/dist-packages/airflow/example_dags/example_branch_python_dop_operator_3.py
[2024-01-22T15:30:45.458+0200] {processor.py:830} INFO - Processing file /usr/local/lib/python3.10/dist-packages/airflow/example_dags/example_branch_python_dop_operator_3.py for tasks to queue
[2024-01-22T15:30:45.459+0200] {logging_mixin.py:188} INFO - [2024-01-22T15:30:45.459+0200] {dagbag.py:538} INFO - Filling up the DagBag from /usr/local/lib/python3.10/dist-packages/airflow/example_dags/example_branch_python_dop_operator_3.py
[2024-01-22T15:30:45.476+0200] {processor.py:840} INFO - DAG(s) 'example_branch_dop_operator_v3' retrieved from /usr/local/lib/python3.10/dist-packages/airflow/example_dags/example_branch_python_dop_operator_3.py
[2024-01-22T15:30:45.612+0200] {logging_mixin.py:188} INFO - [2024-01-22T15:30:45.611+0200] {dag.py:3036} INFO - Sync 1 DAGs
[2024-01-22T15:30:45.698+0200] {logging_mixin.py:188} INFO - [2024-01-22T15:30:45.698+0200] {dag.py:3823} INFO - Setting next_dagrun for example_branch_dop_operator_v3 to 2024-01-22 13:29:00+00:00, run_after=2024-01-22 13:30:00+00:00
[2024-01-22T15:30:45.779+0200] {processor.py:183} INFO - Processing /usr/local/lib/python3.10/dist-packages/airflow/example_dags/example_branch_python_dop_operator_3.py took 0.328 seconds
[2024-01-22T15:31:57.817+0200] {processor.py:161} INFO - Started process (PID=41083) to work on /usr/local/lib/python3.10/dist-packages/airflow/example_dags/example_branch_python_dop_operator_3.py
[2024-01-22T15:31:57.818+0200] {processor.py:830} INFO - Processing file /usr/local/lib/python3.10/dist-packages/airflow/example_dags/example_branch_python_dop_operator_3.py for tasks to queue
[2024-01-22T15:31:57.821+0200] {logging_mixin.py:188} INFO - [2024-01-22T15:31:57.820+0200] {dagbag.py:538} INFO - Filling up the DagBag from /usr/local/lib/python3.10/dist-packages/airflow/example_dags/example_branch_python_dop_operator_3.py
[2024-01-22T15:31:57.895+0200] {processor.py:840} INFO - DAG(s) 'example_branch_dop_operator_v3' retrieved from /usr/local/lib/python3.10/dist-packages/airflow/example_dags/example_branch_python_dop_operator_3.py
[2024-01-22T15:31:57.975+0200] {logging_mixin.py:188} INFO - [2024-01-22T15:31:57.974+0200] {dag.py:3036} INFO - Sync 1 DAGs
[2024-01-22T15:31:58.104+0200] {logging_mixin.py:188} INFO - [2024-01-22T15:31:58.104+0200] {dag.py:3823} INFO - Setting next_dagrun for example_branch_dop_operator_v3 to 2024-01-22 13:30:00+00:00, run_after=2024-01-22 13:31:00+00:00
[2024-01-22T15:31:58.155+0200] {processor.py:183} INFO - Processing /usr/local/lib/python3.10/dist-packages/airflow/example_dags/example_branch_python_dop_operator_3.py took 0.349 seconds
[2024-01-22T15:32:51.349+0200] {processor.py:161} INFO - Started process (PID=41237) to work on /usr/local/lib/python3.10/dist-packages/airflow/example_dags/example_branch_python_dop_operator_3.py
[2024-01-22T15:32:51.351+0200] {processor.py:830} INFO - Processing file /usr/local/lib/python3.10/dist-packages/airflow/example_dags/example_branch_python_dop_operator_3.py for tasks to queue
[2024-01-22T15:32:51.352+0200] {logging_mixin.py:188} INFO - [2024-01-22T15:32:51.351+0200] {dagbag.py:538} INFO - Filling up the DagBag from /usr/local/lib/python3.10/dist-packages/airflow/example_dags/example_branch_python_dop_operator_3.py
[2024-01-22T15:32:51.392+0200] {processor.py:840} INFO - DAG(s) 'example_branch_dop_operator_v3' retrieved from /usr/local/lib/python3.10/dist-packages/airflow/example_dags/example_branch_python_dop_operator_3.py
[2024-01-22T15:32:51.423+0200] {logging_mixin.py:188} INFO - [2024-01-22T15:32:51.423+0200] {dag.py:3036} INFO - Sync 1 DAGs
[2024-01-22T15:32:51.477+0200] {logging_mixin.py:188} INFO - [2024-01-22T15:32:51.477+0200] {dag.py:3823} INFO - Setting next_dagrun for example_branch_dop_operator_v3 to 2024-01-22 13:31:00+00:00, run_after=2024-01-22 13:32:00+00:00
[2024-01-22T15:32:51.517+0200] {processor.py:183} INFO - Processing /usr/local/lib/python3.10/dist-packages/airflow/example_dags/example_branch_python_dop_operator_3.py took 0.182 seconds
[2024-01-22T15:33:59.021+0200] {processor.py:161} INFO - Started process (PID=41564) to work on /usr/local/lib/python3.10/dist-packages/airflow/example_dags/example_branch_python_dop_operator_3.py
[2024-01-22T15:33:59.025+0200] {processor.py:830} INFO - Processing file /usr/local/lib/python3.10/dist-packages/airflow/example_dags/example_branch_python_dop_operator_3.py for tasks to queue
[2024-01-22T15:33:59.026+0200] {logging_mixin.py:188} INFO - [2024-01-22T15:33:59.026+0200] {dagbag.py:538} INFO - Filling up the DagBag from /usr/local/lib/python3.10/dist-packages/airflow/example_dags/example_branch_python_dop_operator_3.py
[2024-01-22T15:33:59.040+0200] {processor.py:840} INFO - DAG(s) 'example_branch_dop_operator_v3' retrieved from /usr/local/lib/python3.10/dist-packages/airflow/example_dags/example_branch_python_dop_operator_3.py
[2024-01-22T15:33:59.080+0200] {logging_mixin.py:188} INFO - [2024-01-22T15:33:59.079+0200] {dag.py:3036} INFO - Sync 1 DAGs
[2024-01-22T15:33:59.118+0200] {logging_mixin.py:188} INFO - [2024-01-22T15:33:59.118+0200] {dag.py:3823} INFO - Setting next_dagrun for example_branch_dop_operator_v3 to 2024-01-22 13:32:00+00:00, run_after=2024-01-22 13:33:00+00:00
[2024-01-22T15:33:59.149+0200] {processor.py:183} INFO - Processing /usr/local/lib/python3.10/dist-packages/airflow/example_dags/example_branch_python_dop_operator_3.py took 0.138 seconds
[2024-01-22T15:34:51.116+0200] {processor.py:161} INFO - Started process (PID=41652) to work on /usr/local/lib/python3.10/dist-packages/airflow/example_dags/example_branch_python_dop_operator_3.py
[2024-01-22T15:34:51.122+0200] {processor.py:830} INFO - Processing file /usr/local/lib/python3.10/dist-packages/airflow/example_dags/example_branch_python_dop_operator_3.py for tasks to queue
[2024-01-22T15:34:51.123+0200] {logging_mixin.py:188} INFO - [2024-01-22T15:34:51.122+0200] {dagbag.py:538} INFO - Filling up the DagBag from /usr/local/lib/python3.10/dist-packages/airflow/example_dags/example_branch_python_dop_operator_3.py
[2024-01-22T15:34:51.131+0200] {processor.py:840} INFO - DAG(s) 'example_branch_dop_operator_v3' retrieved from /usr/local/lib/python3.10/dist-packages/airflow/example_dags/example_branch_python_dop_operator_3.py
[2024-01-22T15:34:51.169+0200] {logging_mixin.py:188} INFO - [2024-01-22T15:34:51.168+0200] {dag.py:3036} INFO - Sync 1 DAGs
[2024-01-22T15:34:51.208+0200] {logging_mixin.py:188} INFO - [2024-01-22T15:34:51.208+0200] {dag.py:3823} INFO - Setting next_dagrun for example_branch_dop_operator_v3 to 2024-01-22 13:33:00+00:00, run_after=2024-01-22 13:34:00+00:00
[2024-01-22T15:34:51.258+0200] {processor.py:183} INFO - Processing /usr/local/lib/python3.10/dist-packages/airflow/example_dags/example_branch_python_dop_operator_3.py took 0.145 seconds
[2024-01-22T15:35:39.300+0200] {processor.py:161} INFO - Started process (PID=41805) to work on /usr/local/lib/python3.10/dist-packages/airflow/example_dags/example_branch_python_dop_operator_3.py
[2024-01-22T15:35:39.310+0200] {processor.py:830} INFO - Processing file /usr/local/lib/python3.10/dist-packages/airflow/example_dags/example_branch_python_dop_operator_3.py for tasks to queue
[2024-01-22T15:35:39.311+0200] {logging_mixin.py:188} INFO - [2024-01-22T15:35:39.310+0200] {dagbag.py:538} INFO - Filling up the DagBag from /usr/local/lib/python3.10/dist-packages/airflow/example_dags/example_branch_python_dop_operator_3.py
[2024-01-22T15:35:39.349+0200] {processor.py:840} INFO - DAG(s) 'example_branch_dop_operator_v3' retrieved from /usr/local/lib/python3.10/dist-packages/airflow/example_dags/example_branch_python_dop_operator_3.py
[2024-01-22T15:35:39.378+0200] {logging_mixin.py:188} INFO - [2024-01-22T15:35:39.377+0200] {dag.py:3036} INFO - Sync 1 DAGs
[2024-01-22T15:35:39.433+0200] {logging_mixin.py:188} INFO - [2024-01-22T15:35:39.433+0200] {dag.py:3823} INFO - Setting next_dagrun for example_branch_dop_operator_v3 to 2024-01-22 13:34:00+00:00, run_after=2024-01-22 13:35:00+00:00
[2024-01-22T15:35:39.456+0200] {processor.py:183} INFO - Processing /usr/local/lib/python3.10/dist-packages/airflow/example_dags/example_branch_python_dop_operator_3.py took 0.159 seconds
[2024-01-22T15:36:26.895+0200] {processor.py:161} INFO - Started process (PID=41927) to work on /usr/local/lib/python3.10/dist-packages/airflow/example_dags/example_branch_python_dop_operator_3.py
[2024-01-22T15:36:26.899+0200] {processor.py:830} INFO - Processing file /usr/local/lib/python3.10/dist-packages/airflow/example_dags/example_branch_python_dop_operator_3.py for tasks to queue
[2024-01-22T15:36:26.900+0200] {logging_mixin.py:188} INFO - [2024-01-22T15:36:26.899+0200] {dagbag.py:538} INFO - Filling up the DagBag from /usr/local/lib/python3.10/dist-packages/airflow/example_dags/example_branch_python_dop_operator_3.py
[2024-01-22T15:36:26.912+0200] {processor.py:840} INFO - DAG(s) 'example_branch_dop_operator_v3' retrieved from /usr/local/lib/python3.10/dist-packages/airflow/example_dags/example_branch_python_dop_operator_3.py
[2024-01-22T15:36:26.931+0200] {logging_mixin.py:188} INFO - [2024-01-22T15:36:26.930+0200] {dag.py:3036} INFO - Sync 1 DAGs
[2024-01-22T15:36:26.947+0200] {logging_mixin.py:188} INFO - [2024-01-22T15:36:26.947+0200] {dag.py:3823} INFO - Setting next_dagrun for example_branch_dop_operator_v3 to 2024-01-22 13:35:00+00:00, run_after=2024-01-22 13:36:00+00:00
[2024-01-22T15:36:26.964+0200] {processor.py:183} INFO - Processing /usr/local/lib/python3.10/dist-packages/airflow/example_dags/example_branch_python_dop_operator_3.py took 0.072 seconds
[2024-01-22T15:37:12.713+0200] {processor.py:161} INFO - Started process (PID=42036) to work on /usr/local/lib/python3.10/dist-packages/airflow/example_dags/example_branch_python_dop_operator_3.py
[2024-01-22T15:37:12.715+0200] {processor.py:830} INFO - Processing file /usr/local/lib/python3.10/dist-packages/airflow/example_dags/example_branch_python_dop_operator_3.py for tasks to queue
[2024-01-22T15:37:12.716+0200] {logging_mixin.py:188} INFO - [2024-01-22T15:37:12.715+0200] {dagbag.py:538} INFO - Filling up the DagBag from /usr/local/lib/python3.10/dist-packages/airflow/example_dags/example_branch_python_dop_operator_3.py
[2024-01-22T15:37:12.727+0200] {processor.py:840} INFO - DAG(s) 'example_branch_dop_operator_v3' retrieved from /usr/local/lib/python3.10/dist-packages/airflow/example_dags/example_branch_python_dop_operator_3.py
[2024-01-22T15:37:12.741+0200] {logging_mixin.py:188} INFO - [2024-01-22T15:37:12.741+0200] {dag.py:3036} INFO - Sync 1 DAGs
[2024-01-22T15:37:12.757+0200] {logging_mixin.py:188} INFO - [2024-01-22T15:37:12.757+0200] {dag.py:3823} INFO - Setting next_dagrun for example_branch_dop_operator_v3 to 2024-01-22 13:36:00+00:00, run_after=2024-01-22 13:37:00+00:00
[2024-01-22T15:37:12.773+0200] {processor.py:183} INFO - Processing /usr/local/lib/python3.10/dist-packages/airflow/example_dags/example_branch_python_dop_operator_3.py took 0.062 seconds
[2024-01-22T15:37:58.867+0200] {processor.py:161} INFO - Started process (PID=42098) to work on /usr/local/lib/python3.10/dist-packages/airflow/example_dags/example_branch_python_dop_operator_3.py
[2024-01-22T15:37:58.869+0200] {processor.py:830} INFO - Processing file /usr/local/lib/python3.10/dist-packages/airflow/example_dags/example_branch_python_dop_operator_3.py for tasks to queue
[2024-01-22T15:37:58.870+0200] {logging_mixin.py:188} INFO - [2024-01-22T15:37:58.869+0200] {dagbag.py:538} INFO - Filling up the DagBag from /usr/local/lib/python3.10/dist-packages/airflow/example_dags/example_branch_python_dop_operator_3.py
[2024-01-22T15:37:58.881+0200] {processor.py:840} INFO - DAG(s) 'example_branch_dop_operator_v3' retrieved from /usr/local/lib/python3.10/dist-packages/airflow/example_dags/example_branch_python_dop_operator_3.py
[2024-01-22T15:37:58.902+0200] {logging_mixin.py:188} INFO - [2024-01-22T15:37:58.902+0200] {dag.py:3036} INFO - Sync 1 DAGs
[2024-01-22T15:37:58.925+0200] {logging_mixin.py:188} INFO - [2024-01-22T15:37:58.925+0200] {dag.py:3823} INFO - Setting next_dagrun for example_branch_dop_operator_v3 to 2024-01-22 13:36:00+00:00, run_after=2024-01-22 13:37:00+00:00
[2024-01-22T15:37:58.952+0200] {processor.py:183} INFO - Processing /usr/local/lib/python3.10/dist-packages/airflow/example_dags/example_branch_python_dop_operator_3.py took 0.089 seconds
[2024-01-22T15:38:51.733+0200] {processor.py:161} INFO - Started process (PID=42152) to work on /usr/local/lib/python3.10/dist-packages/airflow/example_dags/example_branch_python_dop_operator_3.py
[2024-01-22T15:38:51.736+0200] {processor.py:830} INFO - Processing file /usr/local/lib/python3.10/dist-packages/airflow/example_dags/example_branch_python_dop_operator_3.py for tasks to queue
[2024-01-22T15:38:51.738+0200] {logging_mixin.py:188} INFO - [2024-01-22T15:38:51.737+0200] {dagbag.py:538} INFO - Filling up the DagBag from /usr/local/lib/python3.10/dist-packages/airflow/example_dags/example_branch_python_dop_operator_3.py
[2024-01-22T15:38:51.750+0200] {processor.py:840} INFO - DAG(s) 'example_branch_dop_operator_v3' retrieved from /usr/local/lib/python3.10/dist-packages/airflow/example_dags/example_branch_python_dop_operator_3.py
[2024-01-22T15:38:51.770+0200] {logging_mixin.py:188} INFO - [2024-01-22T15:38:51.769+0200] {dag.py:3036} INFO - Sync 1 DAGs
[2024-01-22T15:38:51.794+0200] {logging_mixin.py:188} INFO - [2024-01-22T15:38:51.793+0200] {dag.py:3823} INFO - Setting next_dagrun for example_branch_dop_operator_v3 to 2024-01-22 13:37:00+00:00, run_after=2024-01-22 13:38:00+00:00
[2024-01-22T15:38:51.837+0200] {processor.py:183} INFO - Processing /usr/local/lib/python3.10/dist-packages/airflow/example_dags/example_branch_python_dop_operator_3.py took 0.108 seconds
[2024-01-22T15:39:50.698+0200] {processor.py:161} INFO - Started process (PID=42218) to work on /usr/local/lib/python3.10/dist-packages/airflow/example_dags/example_branch_python_dop_operator_3.py
[2024-01-22T15:39:50.699+0200] {processor.py:830} INFO - Processing file /usr/local/lib/python3.10/dist-packages/airflow/example_dags/example_branch_python_dop_operator_3.py for tasks to queue
[2024-01-22T15:39:50.699+0200] {logging_mixin.py:188} INFO - [2024-01-22T15:39:50.699+0200] {dagbag.py:538} INFO - Filling up the DagBag from /usr/local/lib/python3.10/dist-packages/airflow/example_dags/example_branch_python_dop_operator_3.py
[2024-01-22T15:39:50.747+0200] {processor.py:840} INFO - DAG(s) 'example_branch_dop_operator_v3' retrieved from /usr/local/lib/python3.10/dist-packages/airflow/example_dags/example_branch_python_dop_operator_3.py
[2024-01-22T15:39:50.787+0200] {logging_mixin.py:188} INFO - [2024-01-22T15:39:50.786+0200] {dag.py:3036} INFO - Sync 1 DAGs
[2024-01-22T15:39:50.811+0200] {logging_mixin.py:188} INFO - [2024-01-22T15:39:50.811+0200] {dag.py:3823} INFO - Setting next_dagrun for example_branch_dop_operator_v3 to 2024-01-22 13:38:00+00:00, run_after=2024-01-22 13:39:00+00:00
[2024-01-22T15:39:50.831+0200] {processor.py:183} INFO - Processing /usr/local/lib/python3.10/dist-packages/airflow/example_dags/example_branch_python_dop_operator_3.py took 0.143 seconds
[2024-01-22T15:40:34.314+0200] {processor.py:161} INFO - Started process (PID=42288) to work on /usr/local/lib/python3.10/dist-packages/airflow/example_dags/example_branch_python_dop_operator_3.py
[2024-01-22T15:40:34.316+0200] {processor.py:830} INFO - Processing file /usr/local/lib/python3.10/dist-packages/airflow/example_dags/example_branch_python_dop_operator_3.py for tasks to queue
[2024-01-22T15:40:34.317+0200] {logging_mixin.py:188} INFO - [2024-01-22T15:40:34.317+0200] {dagbag.py:538} INFO - Filling up the DagBag from /usr/local/lib/python3.10/dist-packages/airflow/example_dags/example_branch_python_dop_operator_3.py
[2024-01-22T15:40:34.329+0200] {processor.py:840} INFO - DAG(s) 'example_branch_dop_operator_v3' retrieved from /usr/local/lib/python3.10/dist-packages/airflow/example_dags/example_branch_python_dop_operator_3.py
[2024-01-22T15:40:34.349+0200] {logging_mixin.py:188} INFO - [2024-01-22T15:40:34.348+0200] {dag.py:3036} INFO - Sync 1 DAGs
[2024-01-22T15:40:34.373+0200] {logging_mixin.py:188} INFO - [2024-01-22T15:40:34.373+0200] {dag.py:3823} INFO - Setting next_dagrun for example_branch_dop_operator_v3 to 2024-01-22 13:39:00+00:00, run_after=2024-01-22 13:40:00+00:00
[2024-01-22T15:40:34.400+0200] {processor.py:183} INFO - Processing /usr/local/lib/python3.10/dist-packages/airflow/example_dags/example_branch_python_dop_operator_3.py took 0.090 seconds
[2024-01-22T15:41:30.923+0200] {processor.py:161} INFO - Started process (PID=42345) to work on /usr/local/lib/python3.10/dist-packages/airflow/example_dags/example_branch_python_dop_operator_3.py
[2024-01-22T15:41:30.925+0200] {processor.py:830} INFO - Processing file /usr/local/lib/python3.10/dist-packages/airflow/example_dags/example_branch_python_dop_operator_3.py for tasks to queue
[2024-01-22T15:41:30.926+0200] {logging_mixin.py:188} INFO - [2024-01-22T15:41:30.926+0200] {dagbag.py:538} INFO - Filling up the DagBag from /usr/local/lib/python3.10/dist-packages/airflow/example_dags/example_branch_python_dop_operator_3.py
[2024-01-22T15:41:30.937+0200] {processor.py:840} INFO - DAG(s) 'example_branch_dop_operator_v3' retrieved from /usr/local/lib/python3.10/dist-packages/airflow/example_dags/example_branch_python_dop_operator_3.py
[2024-01-22T15:41:30.956+0200] {logging_mixin.py:188} INFO - [2024-01-22T15:41:30.956+0200] {dag.py:3036} INFO - Sync 1 DAGs
[2024-01-22T15:41:30.981+0200] {logging_mixin.py:188} INFO - [2024-01-22T15:41:30.981+0200] {dag.py:3823} INFO - Setting next_dagrun for example_branch_dop_operator_v3 to 2024-01-22 13:40:00+00:00, run_after=2024-01-22 13:41:00+00:00
[2024-01-22T15:41:31.009+0200] {processor.py:183} INFO - Processing /usr/local/lib/python3.10/dist-packages/airflow/example_dags/example_branch_python_dop_operator_3.py took 0.090 seconds
[2024-01-22T15:42:26.190+0200] {processor.py:161} INFO - Started process (PID=42405) to work on /usr/local/lib/python3.10/dist-packages/airflow/example_dags/example_branch_python_dop_operator_3.py
[2024-01-22T15:42:26.192+0200] {processor.py:830} INFO - Processing file /usr/local/lib/python3.10/dist-packages/airflow/example_dags/example_branch_python_dop_operator_3.py for tasks to queue
[2024-01-22T15:42:26.193+0200] {logging_mixin.py:188} INFO - [2024-01-22T15:42:26.192+0200] {dagbag.py:538} INFO - Filling up the DagBag from /usr/local/lib/python3.10/dist-packages/airflow/example_dags/example_branch_python_dop_operator_3.py
[2024-01-22T15:42:26.201+0200] {processor.py:840} INFO - DAG(s) 'example_branch_dop_operator_v3' retrieved from /usr/local/lib/python3.10/dist-packages/airflow/example_dags/example_branch_python_dop_operator_3.py
[2024-01-22T15:42:26.217+0200] {logging_mixin.py:188} INFO - [2024-01-22T15:42:26.216+0200] {dag.py:3036} INFO - Sync 1 DAGs
[2024-01-22T15:42:26.233+0200] {logging_mixin.py:188} INFO - [2024-01-22T15:42:26.232+0200] {dag.py:3823} INFO - Setting next_dagrun for example_branch_dop_operator_v3 to 2024-01-22 13:41:00+00:00, run_after=2024-01-22 13:42:00+00:00
[2024-01-22T15:42:26.252+0200] {processor.py:183} INFO - Processing /usr/local/lib/python3.10/dist-packages/airflow/example_dags/example_branch_python_dop_operator_3.py took 0.065 seconds
[2024-01-22T15:43:23.791+0200] {processor.py:161} INFO - Started process (PID=42470) to work on /usr/local/lib/python3.10/dist-packages/airflow/example_dags/example_branch_python_dop_operator_3.py
[2024-01-22T15:43:23.795+0200] {processor.py:830} INFO - Processing file /usr/local/lib/python3.10/dist-packages/airflow/example_dags/example_branch_python_dop_operator_3.py for tasks to queue
[2024-01-22T15:43:23.796+0200] {logging_mixin.py:188} INFO - [2024-01-22T15:43:23.796+0200] {dagbag.py:538} INFO - Filling up the DagBag from /usr/local/lib/python3.10/dist-packages/airflow/example_dags/example_branch_python_dop_operator_3.py
[2024-01-22T15:43:23.808+0200] {processor.py:840} INFO - DAG(s) 'example_branch_dop_operator_v3' retrieved from /usr/local/lib/python3.10/dist-packages/airflow/example_dags/example_branch_python_dop_operator_3.py
[2024-01-22T15:43:23.826+0200] {logging_mixin.py:188} INFO - [2024-01-22T15:43:23.825+0200] {dag.py:3036} INFO - Sync 1 DAGs
[2024-01-22T15:43:23.850+0200] {logging_mixin.py:188} INFO - [2024-01-22T15:43:23.850+0200] {dag.py:3823} INFO - Setting next_dagrun for example_branch_dop_operator_v3 to 2024-01-22 13:42:00+00:00, run_after=2024-01-22 13:43:00+00:00
[2024-01-22T15:43:23.877+0200] {processor.py:183} INFO - Processing /usr/local/lib/python3.10/dist-packages/airflow/example_dags/example_branch_python_dop_operator_3.py took 0.092 seconds
[2024-01-22T15:44:14.720+0200] {processor.py:161} INFO - Started process (PID=42522) to work on /usr/local/lib/python3.10/dist-packages/airflow/example_dags/example_branch_python_dop_operator_3.py
[2024-01-22T15:44:14.723+0200] {processor.py:830} INFO - Processing file /usr/local/lib/python3.10/dist-packages/airflow/example_dags/example_branch_python_dop_operator_3.py for tasks to queue
[2024-01-22T15:44:14.724+0200] {logging_mixin.py:188} INFO - [2024-01-22T15:44:14.723+0200] {dagbag.py:538} INFO - Filling up the DagBag from /usr/local/lib/python3.10/dist-packages/airflow/example_dags/example_branch_python_dop_operator_3.py
[2024-01-22T15:44:14.736+0200] {processor.py:840} INFO - DAG(s) 'example_branch_dop_operator_v3' retrieved from /usr/local/lib/python3.10/dist-packages/airflow/example_dags/example_branch_python_dop_operator_3.py
[2024-01-22T15:44:14.754+0200] {logging_mixin.py:188} INFO - [2024-01-22T15:44:14.754+0200] {dag.py:3036} INFO - Sync 1 DAGs
[2024-01-22T15:44:14.778+0200] {logging_mixin.py:188} INFO - [2024-01-22T15:44:14.778+0200] {dag.py:3823} INFO - Setting next_dagrun for example_branch_dop_operator_v3 to 2024-01-22 13:43:00+00:00, run_after=2024-01-22 13:44:00+00:00
[2024-01-22T15:44:14.805+0200] {processor.py:183} INFO - Processing /usr/local/lib/python3.10/dist-packages/airflow/example_dags/example_branch_python_dop_operator_3.py took 0.089 seconds
[2024-01-22T15:45:04.941+0200] {processor.py:161} INFO - Started process (PID=42573) to work on /usr/local/lib/python3.10/dist-packages/airflow/example_dags/example_branch_python_dop_operator_3.py
[2024-01-22T15:45:04.943+0200] {processor.py:830} INFO - Processing file /usr/local/lib/python3.10/dist-packages/airflow/example_dags/example_branch_python_dop_operator_3.py for tasks to queue
[2024-01-22T15:45:04.944+0200] {logging_mixin.py:188} INFO - [2024-01-22T15:45:04.943+0200] {dagbag.py:538} INFO - Filling up the DagBag from /usr/local/lib/python3.10/dist-packages/airflow/example_dags/example_branch_python_dop_operator_3.py
[2024-01-22T15:45:04.957+0200] {processor.py:840} INFO - DAG(s) 'example_branch_dop_operator_v3' retrieved from /usr/local/lib/python3.10/dist-packages/airflow/example_dags/example_branch_python_dop_operator_3.py
[2024-01-22T15:45:04.975+0200] {logging_mixin.py:188} INFO - [2024-01-22T15:45:04.974+0200] {dag.py:3036} INFO - Sync 1 DAGs
[2024-01-22T15:45:04.998+0200] {logging_mixin.py:188} INFO - [2024-01-22T15:45:04.998+0200] {dag.py:3823} INFO - Setting next_dagrun for example_branch_dop_operator_v3 to 2024-01-22 13:44:00+00:00, run_after=2024-01-22 13:45:00+00:00
[2024-01-22T15:45:05.036+0200] {processor.py:183} INFO - Processing /usr/local/lib/python3.10/dist-packages/airflow/example_dags/example_branch_python_dop_operator_3.py took 0.099 seconds
[2024-01-22T15:45:57.755+0200] {processor.py:161} INFO - Started process (PID=42686) to work on /usr/local/lib/python3.10/dist-packages/airflow/example_dags/example_branch_python_dop_operator_3.py
[2024-01-22T15:45:57.759+0200] {processor.py:830} INFO - Processing file /usr/local/lib/python3.10/dist-packages/airflow/example_dags/example_branch_python_dop_operator_3.py for tasks to queue
[2024-01-22T15:45:57.760+0200] {logging_mixin.py:188} INFO - [2024-01-22T15:45:57.760+0200] {dagbag.py:538} INFO - Filling up the DagBag from /usr/local/lib/python3.10/dist-packages/airflow/example_dags/example_branch_python_dop_operator_3.py
[2024-01-22T15:45:57.785+0200] {processor.py:840} INFO - DAG(s) 'example_branch_dop_operator_v3' retrieved from /usr/local/lib/python3.10/dist-packages/airflow/example_dags/example_branch_python_dop_operator_3.py
[2024-01-22T15:45:57.797+0200] {logging_mixin.py:188} INFO - [2024-01-22T15:45:57.797+0200] {dag.py:3036} INFO - Sync 1 DAGs
[2024-01-22T15:45:57.838+0200] {logging_mixin.py:188} INFO - [2024-01-22T15:45:57.838+0200] {dag.py:3823} INFO - Setting next_dagrun for example_branch_dop_operator_v3 to 2024-01-22 13:44:00+00:00, run_after=2024-01-22 13:45:00+00:00
[2024-01-22T15:45:57.884+0200] {processor.py:183} INFO - Processing /usr/local/lib/python3.10/dist-packages/airflow/example_dags/example_branch_python_dop_operator_3.py took 0.138 seconds
[2024-01-22T15:46:51.079+0200] {processor.py:161} INFO - Started process (PID=43585) to work on /usr/local/lib/python3.10/dist-packages/airflow/example_dags/example_branch_python_dop_operator_3.py
[2024-01-22T15:46:51.081+0200] {processor.py:830} INFO - Processing file /usr/local/lib/python3.10/dist-packages/airflow/example_dags/example_branch_python_dop_operator_3.py for tasks to queue
[2024-01-22T15:46:51.084+0200] {logging_mixin.py:188} INFO - [2024-01-22T15:46:51.083+0200] {dagbag.py:538} INFO - Filling up the DagBag from /usr/local/lib/python3.10/dist-packages/airflow/example_dags/example_branch_python_dop_operator_3.py
[2024-01-22T15:46:51.141+0200] {processor.py:840} INFO - DAG(s) 'example_branch_dop_operator_v3' retrieved from /usr/local/lib/python3.10/dist-packages/airflow/example_dags/example_branch_python_dop_operator_3.py
[2024-01-22T15:46:51.180+0200] {logging_mixin.py:188} INFO - [2024-01-22T15:46:51.180+0200] {dag.py:3036} INFO - Sync 1 DAGs
[2024-01-22T15:46:51.266+0200] {logging_mixin.py:188} INFO - [2024-01-22T15:46:51.266+0200] {dag.py:3823} INFO - Setting next_dagrun for example_branch_dop_operator_v3 to 2024-01-22 13:45:00+00:00, run_after=2024-01-22 13:46:00+00:00
[2024-01-22T15:46:51.405+0200] {processor.py:183} INFO - Processing /usr/local/lib/python3.10/dist-packages/airflow/example_dags/example_branch_python_dop_operator_3.py took 0.348 seconds
[2024-01-22T15:47:42.649+0200] {processor.py:161} INFO - Started process (PID=43724) to work on /usr/local/lib/python3.10/dist-packages/airflow/example_dags/example_branch_python_dop_operator_3.py
[2024-01-22T15:47:42.663+0200] {processor.py:830} INFO - Processing file /usr/local/lib/python3.10/dist-packages/airflow/example_dags/example_branch_python_dop_operator_3.py for tasks to queue
[2024-01-22T15:47:42.665+0200] {logging_mixin.py:188} INFO - [2024-01-22T15:47:42.664+0200] {dagbag.py:538} INFO - Filling up the DagBag from /usr/local/lib/python3.10/dist-packages/airflow/example_dags/example_branch_python_dop_operator_3.py
[2024-01-22T15:47:42.787+0200] {processor.py:840} INFO - DAG(s) 'example_branch_dop_operator_v3' retrieved from /usr/local/lib/python3.10/dist-packages/airflow/example_dags/example_branch_python_dop_operator_3.py
[2024-01-22T15:47:42.903+0200] {logging_mixin.py:188} INFO - [2024-01-22T15:47:42.902+0200] {dag.py:3036} INFO - Sync 1 DAGs
[2024-01-22T15:47:42.957+0200] {logging_mixin.py:188} INFO - [2024-01-22T15:47:42.957+0200] {dag.py:3823} INFO - Setting next_dagrun for example_branch_dop_operator_v3 to 2024-01-22 13:46:00+00:00, run_after=2024-01-22 13:47:00+00:00
[2024-01-22T15:47:43.024+0200] {processor.py:183} INFO - Processing /usr/local/lib/python3.10/dist-packages/airflow/example_dags/example_branch_python_dop_operator_3.py took 0.418 seconds
[2024-01-22T15:48:52.235+0200] {processor.py:161} INFO - Started process (PID=43941) to work on /usr/local/lib/python3.10/dist-packages/airflow/example_dags/example_branch_python_dop_operator_3.py
[2024-01-22T15:48:52.243+0200] {processor.py:830} INFO - Processing file /usr/local/lib/python3.10/dist-packages/airflow/example_dags/example_branch_python_dop_operator_3.py for tasks to queue
[2024-01-22T15:48:52.272+0200] {logging_mixin.py:188} INFO - [2024-01-22T15:48:52.256+0200] {dagbag.py:538} INFO - Filling up the DagBag from /usr/local/lib/python3.10/dist-packages/airflow/example_dags/example_branch_python_dop_operator_3.py
[2024-01-22T15:48:52.356+0200] {processor.py:840} INFO - DAG(s) 'example_branch_dop_operator_v3' retrieved from /usr/local/lib/python3.10/dist-packages/airflow/example_dags/example_branch_python_dop_operator_3.py
[2024-01-22T15:48:52.425+0200] {logging_mixin.py:188} INFO - [2024-01-22T15:48:52.425+0200] {dag.py:3036} INFO - Sync 1 DAGs
[2024-01-22T15:48:52.787+0200] {logging_mixin.py:188} INFO - [2024-01-22T15:48:52.787+0200] {dag.py:3823} INFO - Setting next_dagrun for example_branch_dop_operator_v3 to 2024-01-22 13:47:00+00:00, run_after=2024-01-22 13:48:00+00:00
[2024-01-22T15:48:52.844+0200] {processor.py:183} INFO - Processing /usr/local/lib/python3.10/dist-packages/airflow/example_dags/example_branch_python_dop_operator_3.py took 0.634 seconds
