[2024-01-22T15:31:06.041+0200] {processor.py:161} INFO - Started process (PID=40710) to work on /usr/local/lib/python3.10/dist-packages/airflow/example_dags/example_nested_branch_dag.py
[2024-01-22T15:31:06.042+0200] {processor.py:830} INFO - Processing file /usr/local/lib/python3.10/dist-packages/airflow/example_dags/example_nested_branch_dag.py for tasks to queue
[2024-01-22T15:31:06.042+0200] {logging_mixin.py:188} INFO - [2024-01-22T15:31:06.042+0200] {dagbag.py:538} INFO - Filling up the DagBag from /usr/local/lib/python3.10/dist-packages/airflow/example_dags/example_nested_branch_dag.py
[2024-01-22T15:31:06.321+0200] {processor.py:840} INFO - DAG(s) 'example_nested_branch_dag' retrieved from /usr/local/lib/python3.10/dist-packages/airflow/example_dags/example_nested_branch_dag.py
[2024-01-22T15:31:07.369+0200] {logging_mixin.py:188} INFO - [2024-01-22T15:31:07.369+0200] {dag.py:3036} INFO - Sync 1 DAGs
[2024-01-22T15:31:07.630+0200] {logging_mixin.py:188} INFO - [2024-01-22T15:31:07.630+0200] {dag.py:3823} INFO - Setting next_dagrun for example_nested_branch_dag to 2024-01-21 00:00:00+00:00, run_after=2024-01-22 00:00:00+00:00
[2024-01-22T15:31:07.730+0200] {processor.py:183} INFO - Processing /usr/local/lib/python3.10/dist-packages/airflow/example_dags/example_nested_branch_dag.py took 1.691 seconds
[2024-01-22T15:32:17.830+0200] {processor.py:161} INFO - Started process (PID=41164) to work on /usr/local/lib/python3.10/dist-packages/airflow/example_dags/example_nested_branch_dag.py
[2024-01-22T15:32:17.840+0200] {processor.py:830} INFO - Processing file /usr/local/lib/python3.10/dist-packages/airflow/example_dags/example_nested_branch_dag.py for tasks to queue
[2024-01-22T15:32:17.841+0200] {logging_mixin.py:188} INFO - [2024-01-22T15:32:17.841+0200] {dagbag.py:538} INFO - Filling up the DagBag from /usr/local/lib/python3.10/dist-packages/airflow/example_dags/example_nested_branch_dag.py
[2024-01-22T15:32:17.859+0200] {processor.py:840} INFO - DAG(s) 'example_nested_branch_dag' retrieved from /usr/local/lib/python3.10/dist-packages/airflow/example_dags/example_nested_branch_dag.py
[2024-01-22T15:32:17.886+0200] {logging_mixin.py:188} INFO - [2024-01-22T15:32:17.886+0200] {dag.py:3036} INFO - Sync 1 DAGs
[2024-01-22T15:32:17.927+0200] {logging_mixin.py:188} INFO - [2024-01-22T15:32:17.927+0200] {dag.py:3823} INFO - Setting next_dagrun for example_nested_branch_dag to 2024-01-21 00:00:00+00:00, run_after=2024-01-22 00:00:00+00:00
[2024-01-22T15:32:17.965+0200] {processor.py:183} INFO - Processing /usr/local/lib/python3.10/dist-packages/airflow/example_dags/example_nested_branch_dag.py took 0.138 seconds
[2024-01-22T15:33:13.058+0200] {processor.py:161} INFO - Started process (PID=41370) to work on /usr/local/lib/python3.10/dist-packages/airflow/example_dags/example_nested_branch_dag.py
[2024-01-22T15:33:13.060+0200] {processor.py:830} INFO - Processing file /usr/local/lib/python3.10/dist-packages/airflow/example_dags/example_nested_branch_dag.py for tasks to queue
[2024-01-22T15:33:13.065+0200] {logging_mixin.py:188} INFO - [2024-01-22T15:33:13.065+0200] {dagbag.py:538} INFO - Filling up the DagBag from /usr/local/lib/python3.10/dist-packages/airflow/example_dags/example_nested_branch_dag.py
[2024-01-22T15:33:13.101+0200] {processor.py:840} INFO - DAG(s) 'example_nested_branch_dag' retrieved from /usr/local/lib/python3.10/dist-packages/airflow/example_dags/example_nested_branch_dag.py
[2024-01-22T15:33:13.146+0200] {logging_mixin.py:188} INFO - [2024-01-22T15:33:13.146+0200] {dag.py:3036} INFO - Sync 1 DAGs
[2024-01-22T15:33:13.193+0200] {logging_mixin.py:188} INFO - [2024-01-22T15:33:13.193+0200] {dag.py:3823} INFO - Setting next_dagrun for example_nested_branch_dag to 2024-01-21 00:00:00+00:00, run_after=2024-01-22 00:00:00+00:00
[2024-01-22T15:33:13.235+0200] {processor.py:183} INFO - Processing /usr/local/lib/python3.10/dist-packages/airflow/example_dags/example_nested_branch_dag.py took 0.186 seconds
[2024-01-22T15:34:11.893+0200] {processor.py:161} INFO - Started process (PID=41598) to work on /usr/local/lib/python3.10/dist-packages/airflow/example_dags/example_nested_branch_dag.py
[2024-01-22T15:34:11.896+0200] {processor.py:830} INFO - Processing file /usr/local/lib/python3.10/dist-packages/airflow/example_dags/example_nested_branch_dag.py for tasks to queue
[2024-01-22T15:34:11.897+0200] {logging_mixin.py:188} INFO - [2024-01-22T15:34:11.896+0200] {dagbag.py:538} INFO - Filling up the DagBag from /usr/local/lib/python3.10/dist-packages/airflow/example_dags/example_nested_branch_dag.py
[2024-01-22T15:34:11.919+0200] {processor.py:840} INFO - DAG(s) 'example_nested_branch_dag' retrieved from /usr/local/lib/python3.10/dist-packages/airflow/example_dags/example_nested_branch_dag.py
[2024-01-22T15:34:11.944+0200] {logging_mixin.py:188} INFO - [2024-01-22T15:34:11.944+0200] {dag.py:3036} INFO - Sync 1 DAGs
[2024-01-22T15:34:11.984+0200] {logging_mixin.py:188} INFO - [2024-01-22T15:34:11.984+0200] {dag.py:3823} INFO - Setting next_dagrun for example_nested_branch_dag to 2024-01-21 00:00:00+00:00, run_after=2024-01-22 00:00:00+00:00
[2024-01-22T15:34:12.014+0200] {processor.py:183} INFO - Processing /usr/local/lib/python3.10/dist-packages/airflow/example_dags/example_nested_branch_dag.py took 0.132 seconds
[2024-01-22T15:35:22.458+0200] {processor.py:161} INFO - Started process (PID=41716) to work on /usr/local/lib/python3.10/dist-packages/airflow/example_dags/example_nested_branch_dag.py
[2024-01-22T15:35:22.461+0200] {processor.py:830} INFO - Processing file /usr/local/lib/python3.10/dist-packages/airflow/example_dags/example_nested_branch_dag.py for tasks to queue
[2024-01-22T15:35:22.461+0200] {logging_mixin.py:188} INFO - [2024-01-22T15:35:22.461+0200] {dagbag.py:538} INFO - Filling up the DagBag from /usr/local/lib/python3.10/dist-packages/airflow/example_dags/example_nested_branch_dag.py
[2024-01-22T15:35:22.596+0200] {processor.py:840} INFO - DAG(s) 'example_nested_branch_dag' retrieved from /usr/local/lib/python3.10/dist-packages/airflow/example_dags/example_nested_branch_dag.py
[2024-01-22T15:35:22.715+0200] {logging_mixin.py:188} INFO - [2024-01-22T15:35:22.714+0200] {dag.py:3036} INFO - Sync 1 DAGs
[2024-01-22T15:35:22.841+0200] {logging_mixin.py:188} INFO - [2024-01-22T15:35:22.840+0200] {dag.py:3823} INFO - Setting next_dagrun for example_nested_branch_dag to 2024-01-21 00:00:00+00:00, run_after=2024-01-22 00:00:00+00:00
[2024-01-22T15:35:22.947+0200] {processor.py:183} INFO - Processing /usr/local/lib/python3.10/dist-packages/airflow/example_dags/example_nested_branch_dag.py took 0.504 seconds
[2024-01-22T15:36:32.997+0200] {processor.py:161} INFO - Started process (PID=41933) to work on /usr/local/lib/python3.10/dist-packages/airflow/example_dags/example_nested_branch_dag.py
[2024-01-22T15:36:32.999+0200] {processor.py:830} INFO - Processing file /usr/local/lib/python3.10/dist-packages/airflow/example_dags/example_nested_branch_dag.py for tasks to queue
[2024-01-22T15:36:33.000+0200] {logging_mixin.py:188} INFO - [2024-01-22T15:36:33.000+0200] {dagbag.py:538} INFO - Filling up the DagBag from /usr/local/lib/python3.10/dist-packages/airflow/example_dags/example_nested_branch_dag.py
[2024-01-22T15:36:33.014+0200] {processor.py:840} INFO - DAG(s) 'example_nested_branch_dag' retrieved from /usr/local/lib/python3.10/dist-packages/airflow/example_dags/example_nested_branch_dag.py
[2024-01-22T15:36:33.048+0200] {logging_mixin.py:188} INFO - [2024-01-22T15:36:33.036+0200] {dag.py:3036} INFO - Sync 1 DAGs
[2024-01-22T15:36:33.076+0200] {logging_mixin.py:188} INFO - [2024-01-22T15:36:33.076+0200] {dag.py:3823} INFO - Setting next_dagrun for example_nested_branch_dag to 2024-01-21 00:00:00+00:00, run_after=2024-01-22 00:00:00+00:00
[2024-01-22T15:36:33.114+0200] {processor.py:183} INFO - Processing /usr/local/lib/python3.10/dist-packages/airflow/example_dags/example_nested_branch_dag.py took 0.122 seconds
[2024-01-22T15:37:40.868+0200] {processor.py:161} INFO - Started process (PID=42078) to work on /usr/local/lib/python3.10/dist-packages/airflow/example_dags/example_nested_branch_dag.py
[2024-01-22T15:37:40.871+0200] {processor.py:830} INFO - Processing file /usr/local/lib/python3.10/dist-packages/airflow/example_dags/example_nested_branch_dag.py for tasks to queue
[2024-01-22T15:37:40.872+0200] {logging_mixin.py:188} INFO - [2024-01-22T15:37:40.871+0200] {dagbag.py:538} INFO - Filling up the DagBag from /usr/local/lib/python3.10/dist-packages/airflow/example_dags/example_nested_branch_dag.py
[2024-01-22T15:37:40.888+0200] {processor.py:840} INFO - DAG(s) 'example_nested_branch_dag' retrieved from /usr/local/lib/python3.10/dist-packages/airflow/example_dags/example_nested_branch_dag.py
[2024-01-22T15:37:40.911+0200] {logging_mixin.py:188} INFO - [2024-01-22T15:37:40.911+0200] {dag.py:3036} INFO - Sync 1 DAGs
[2024-01-22T15:37:40.948+0200] {logging_mixin.py:188} INFO - [2024-01-22T15:37:40.948+0200] {dag.py:3823} INFO - Setting next_dagrun for example_nested_branch_dag to 2024-01-21 00:00:00+00:00, run_after=2024-01-22 00:00:00+00:00
[2024-01-22T15:37:40.978+0200] {processor.py:183} INFO - Processing /usr/local/lib/python3.10/dist-packages/airflow/example_dags/example_nested_branch_dag.py took 0.115 seconds
[2024-01-22T15:38:36.445+0200] {processor.py:161} INFO - Started process (PID=42137) to work on /usr/local/lib/python3.10/dist-packages/airflow/example_dags/example_nested_branch_dag.py
[2024-01-22T15:38:36.449+0200] {processor.py:830} INFO - Processing file /usr/local/lib/python3.10/dist-packages/airflow/example_dags/example_nested_branch_dag.py for tasks to queue
[2024-01-22T15:38:36.450+0200] {logging_mixin.py:188} INFO - [2024-01-22T15:38:36.449+0200] {dagbag.py:538} INFO - Filling up the DagBag from /usr/local/lib/python3.10/dist-packages/airflow/example_dags/example_nested_branch_dag.py
[2024-01-22T15:38:36.463+0200] {processor.py:840} INFO - DAG(s) 'example_nested_branch_dag' retrieved from /usr/local/lib/python3.10/dist-packages/airflow/example_dags/example_nested_branch_dag.py
[2024-01-22T15:38:36.485+0200] {logging_mixin.py:188} INFO - [2024-01-22T15:38:36.484+0200] {dag.py:3036} INFO - Sync 1 DAGs
[2024-01-22T15:38:36.505+0200] {logging_mixin.py:188} INFO - [2024-01-22T15:38:36.505+0200] {dag.py:3823} INFO - Setting next_dagrun for example_nested_branch_dag to 2024-01-21 00:00:00+00:00, run_after=2024-01-22 00:00:00+00:00
[2024-01-22T15:38:36.531+0200] {processor.py:183} INFO - Processing /usr/local/lib/python3.10/dist-packages/airflow/example_dags/example_nested_branch_dag.py took 0.090 seconds
[2024-01-22T15:39:33.654+0200] {processor.py:161} INFO - Started process (PID=42201) to work on /usr/local/lib/python3.10/dist-packages/airflow/example_dags/example_nested_branch_dag.py
[2024-01-22T15:39:33.662+0200] {processor.py:830} INFO - Processing file /usr/local/lib/python3.10/dist-packages/airflow/example_dags/example_nested_branch_dag.py for tasks to queue
[2024-01-22T15:39:33.663+0200] {logging_mixin.py:188} INFO - [2024-01-22T15:39:33.663+0200] {dagbag.py:538} INFO - Filling up the DagBag from /usr/local/lib/python3.10/dist-packages/airflow/example_dags/example_nested_branch_dag.py
[2024-01-22T15:39:33.678+0200] {processor.py:840} INFO - DAG(s) 'example_nested_branch_dag' retrieved from /usr/local/lib/python3.10/dist-packages/airflow/example_dags/example_nested_branch_dag.py
[2024-01-22T15:39:33.765+0200] {logging_mixin.py:188} INFO - [2024-01-22T15:39:33.765+0200] {dag.py:3036} INFO - Sync 1 DAGs
[2024-01-22T15:39:33.854+0200] {logging_mixin.py:188} INFO - [2024-01-22T15:39:33.853+0200] {dag.py:3823} INFO - Setting next_dagrun for example_nested_branch_dag to 2024-01-21 00:00:00+00:00, run_after=2024-01-22 00:00:00+00:00
[2024-01-22T15:39:33.914+0200] {processor.py:183} INFO - Processing /usr/local/lib/python3.10/dist-packages/airflow/example_dags/example_nested_branch_dag.py took 0.263 seconds
[2024-01-22T15:40:37.827+0200] {processor.py:161} INFO - Started process (PID=42291) to work on /usr/local/lib/python3.10/dist-packages/airflow/example_dags/example_nested_branch_dag.py
[2024-01-22T15:40:37.829+0200] {processor.py:830} INFO - Processing file /usr/local/lib/python3.10/dist-packages/airflow/example_dags/example_nested_branch_dag.py for tasks to queue
[2024-01-22T15:40:37.830+0200] {logging_mixin.py:188} INFO - [2024-01-22T15:40:37.830+0200] {dagbag.py:538} INFO - Filling up the DagBag from /usr/local/lib/python3.10/dist-packages/airflow/example_dags/example_nested_branch_dag.py
[2024-01-22T15:40:37.845+0200] {processor.py:840} INFO - DAG(s) 'example_nested_branch_dag' retrieved from /usr/local/lib/python3.10/dist-packages/airflow/example_dags/example_nested_branch_dag.py
[2024-01-22T15:40:37.866+0200] {logging_mixin.py:188} INFO - [2024-01-22T15:40:37.865+0200] {dag.py:3036} INFO - Sync 1 DAGs
[2024-01-22T15:40:37.888+0200] {logging_mixin.py:188} INFO - [2024-01-22T15:40:37.888+0200] {dag.py:3823} INFO - Setting next_dagrun for example_nested_branch_dag to 2024-01-21 00:00:00+00:00, run_after=2024-01-22 00:00:00+00:00
[2024-01-22T15:40:37.913+0200] {processor.py:183} INFO - Processing /usr/local/lib/python3.10/dist-packages/airflow/example_dags/example_nested_branch_dag.py took 0.090 seconds
[2024-01-22T15:41:33.312+0200] {processor.py:161} INFO - Started process (PID=42348) to work on /usr/local/lib/python3.10/dist-packages/airflow/example_dags/example_nested_branch_dag.py
[2024-01-22T15:41:33.315+0200] {processor.py:830} INFO - Processing file /usr/local/lib/python3.10/dist-packages/airflow/example_dags/example_nested_branch_dag.py for tasks to queue
[2024-01-22T15:41:33.316+0200] {logging_mixin.py:188} INFO - [2024-01-22T15:41:33.315+0200] {dagbag.py:538} INFO - Filling up the DagBag from /usr/local/lib/python3.10/dist-packages/airflow/example_dags/example_nested_branch_dag.py
[2024-01-22T15:41:33.328+0200] {processor.py:840} INFO - DAG(s) 'example_nested_branch_dag' retrieved from /usr/local/lib/python3.10/dist-packages/airflow/example_dags/example_nested_branch_dag.py
[2024-01-22T15:41:33.349+0200] {logging_mixin.py:188} INFO - [2024-01-22T15:41:33.349+0200] {dag.py:3036} INFO - Sync 1 DAGs
[2024-01-22T15:41:33.371+0200] {logging_mixin.py:188} INFO - [2024-01-22T15:41:33.371+0200] {dag.py:3823} INFO - Setting next_dagrun for example_nested_branch_dag to 2024-01-21 00:00:00+00:00, run_after=2024-01-22 00:00:00+00:00
[2024-01-22T15:41:33.398+0200] {processor.py:183} INFO - Processing /usr/local/lib/python3.10/dist-packages/airflow/example_dags/example_nested_branch_dag.py took 0.090 seconds
[2024-01-22T15:42:28.886+0200] {processor.py:161} INFO - Started process (PID=42408) to work on /usr/local/lib/python3.10/dist-packages/airflow/example_dags/example_nested_branch_dag.py
[2024-01-22T15:42:28.887+0200] {processor.py:830} INFO - Processing file /usr/local/lib/python3.10/dist-packages/airflow/example_dags/example_nested_branch_dag.py for tasks to queue
[2024-01-22T15:42:28.888+0200] {logging_mixin.py:188} INFO - [2024-01-22T15:42:28.887+0200] {dagbag.py:538} INFO - Filling up the DagBag from /usr/local/lib/python3.10/dist-packages/airflow/example_dags/example_nested_branch_dag.py
[2024-01-22T15:42:28.897+0200] {processor.py:840} INFO - DAG(s) 'example_nested_branch_dag' retrieved from /usr/local/lib/python3.10/dist-packages/airflow/example_dags/example_nested_branch_dag.py
[2024-01-22T15:42:28.910+0200] {logging_mixin.py:188} INFO - [2024-01-22T15:42:28.910+0200] {dag.py:3036} INFO - Sync 1 DAGs
[2024-01-22T15:42:28.925+0200] {logging_mixin.py:188} INFO - [2024-01-22T15:42:28.924+0200] {dag.py:3823} INFO - Setting next_dagrun for example_nested_branch_dag to 2024-01-21 00:00:00+00:00, run_after=2024-01-22 00:00:00+00:00
[2024-01-22T15:42:28.944+0200] {processor.py:183} INFO - Processing /usr/local/lib/python3.10/dist-packages/airflow/example_dags/example_nested_branch_dag.py took 0.062 seconds
[2024-01-22T15:43:26.627+0200] {processor.py:161} INFO - Started process (PID=42473) to work on /usr/local/lib/python3.10/dist-packages/airflow/example_dags/example_nested_branch_dag.py
[2024-01-22T15:43:26.631+0200] {processor.py:830} INFO - Processing file /usr/local/lib/python3.10/dist-packages/airflow/example_dags/example_nested_branch_dag.py for tasks to queue
[2024-01-22T15:43:26.632+0200] {logging_mixin.py:188} INFO - [2024-01-22T15:43:26.631+0200] {dagbag.py:538} INFO - Filling up the DagBag from /usr/local/lib/python3.10/dist-packages/airflow/example_dags/example_nested_branch_dag.py
[2024-01-22T15:43:26.646+0200] {processor.py:840} INFO - DAG(s) 'example_nested_branch_dag' retrieved from /usr/local/lib/python3.10/dist-packages/airflow/example_dags/example_nested_branch_dag.py
[2024-01-22T15:43:26.667+0200] {logging_mixin.py:188} INFO - [2024-01-22T15:43:26.666+0200] {dag.py:3036} INFO - Sync 1 DAGs
[2024-01-22T15:43:26.688+0200] {logging_mixin.py:188} INFO - [2024-01-22T15:43:26.688+0200] {dag.py:3823} INFO - Setting next_dagrun for example_nested_branch_dag to 2024-01-21 00:00:00+00:00, run_after=2024-01-22 00:00:00+00:00
[2024-01-22T15:43:26.715+0200] {processor.py:183} INFO - Processing /usr/local/lib/python3.10/dist-packages/airflow/example_dags/example_nested_branch_dag.py took 0.092 seconds
[2024-01-22T15:44:18.291+0200] {processor.py:161} INFO - Started process (PID=42525) to work on /usr/local/lib/python3.10/dist-packages/airflow/example_dags/example_nested_branch_dag.py
[2024-01-22T15:44:18.293+0200] {processor.py:830} INFO - Processing file /usr/local/lib/python3.10/dist-packages/airflow/example_dags/example_nested_branch_dag.py for tasks to queue
[2024-01-22T15:44:18.294+0200] {logging_mixin.py:188} INFO - [2024-01-22T15:44:18.293+0200] {dagbag.py:538} INFO - Filling up the DagBag from /usr/local/lib/python3.10/dist-packages/airflow/example_dags/example_nested_branch_dag.py
[2024-01-22T15:44:18.308+0200] {processor.py:840} INFO - DAG(s) 'example_nested_branch_dag' retrieved from /usr/local/lib/python3.10/dist-packages/airflow/example_dags/example_nested_branch_dag.py
[2024-01-22T15:44:18.329+0200] {logging_mixin.py:188} INFO - [2024-01-22T15:44:18.329+0200] {dag.py:3036} INFO - Sync 1 DAGs
[2024-01-22T15:44:18.355+0200] {logging_mixin.py:188} INFO - [2024-01-22T15:44:18.355+0200] {dag.py:3823} INFO - Setting next_dagrun for example_nested_branch_dag to 2024-01-21 00:00:00+00:00, run_after=2024-01-22 00:00:00+00:00
[2024-01-22T15:44:18.380+0200] {processor.py:183} INFO - Processing /usr/local/lib/python3.10/dist-packages/airflow/example_dags/example_nested_branch_dag.py took 0.096 seconds
[2024-01-22T15:45:06.744+0200] {processor.py:161} INFO - Started process (PID=42576) to work on /usr/local/lib/python3.10/dist-packages/airflow/example_dags/example_nested_branch_dag.py
[2024-01-22T15:45:06.747+0200] {processor.py:830} INFO - Processing file /usr/local/lib/python3.10/dist-packages/airflow/example_dags/example_nested_branch_dag.py for tasks to queue
[2024-01-22T15:45:06.748+0200] {logging_mixin.py:188} INFO - [2024-01-22T15:45:06.747+0200] {dagbag.py:538} INFO - Filling up the DagBag from /usr/local/lib/python3.10/dist-packages/airflow/example_dags/example_nested_branch_dag.py
[2024-01-22T15:45:06.763+0200] {processor.py:840} INFO - DAG(s) 'example_nested_branch_dag' retrieved from /usr/local/lib/python3.10/dist-packages/airflow/example_dags/example_nested_branch_dag.py
[2024-01-22T15:45:06.780+0200] {logging_mixin.py:188} INFO - [2024-01-22T15:45:06.780+0200] {dag.py:3036} INFO - Sync 1 DAGs
[2024-01-22T15:45:06.801+0200] {logging_mixin.py:188} INFO - [2024-01-22T15:45:06.801+0200] {dag.py:3823} INFO - Setting next_dagrun for example_nested_branch_dag to 2024-01-21 00:00:00+00:00, run_after=2024-01-22 00:00:00+00:00
[2024-01-22T15:45:06.827+0200] {processor.py:183} INFO - Processing /usr/local/lib/python3.10/dist-packages/airflow/example_dags/example_nested_branch_dag.py took 0.087 seconds
[2024-01-22T15:46:01.554+0200] {processor.py:161} INFO - Started process (PID=42689) to work on /usr/local/lib/python3.10/dist-packages/airflow/example_dags/example_nested_branch_dag.py
[2024-01-22T15:46:01.564+0200] {processor.py:830} INFO - Processing file /usr/local/lib/python3.10/dist-packages/airflow/example_dags/example_nested_branch_dag.py for tasks to queue
[2024-01-22T15:46:01.567+0200] {logging_mixin.py:188} INFO - [2024-01-22T15:46:01.567+0200] {dagbag.py:538} INFO - Filling up the DagBag from /usr/local/lib/python3.10/dist-packages/airflow/example_dags/example_nested_branch_dag.py
[2024-01-22T15:46:01.619+0200] {processor.py:840} INFO - DAG(s) 'example_nested_branch_dag' retrieved from /usr/local/lib/python3.10/dist-packages/airflow/example_dags/example_nested_branch_dag.py
[2024-01-22T15:46:01.700+0200] {logging_mixin.py:188} INFO - [2024-01-22T15:46:01.700+0200] {dag.py:3036} INFO - Sync 1 DAGs
[2024-01-22T15:46:01.758+0200] {logging_mixin.py:188} INFO - [2024-01-22T15:46:01.755+0200] {dag.py:3823} INFO - Setting next_dagrun for example_nested_branch_dag to 2024-01-21 00:00:00+00:00, run_after=2024-01-22 00:00:00+00:00
[2024-01-22T15:46:01.813+0200] {processor.py:183} INFO - Processing /usr/local/lib/python3.10/dist-packages/airflow/example_dags/example_nested_branch_dag.py took 0.276 seconds
[2024-01-22T15:47:02.036+0200] {processor.py:161} INFO - Started process (PID=43647) to work on /usr/local/lib/python3.10/dist-packages/airflow/example_dags/example_nested_branch_dag.py
[2024-01-22T15:47:02.040+0200] {processor.py:830} INFO - Processing file /usr/local/lib/python3.10/dist-packages/airflow/example_dags/example_nested_branch_dag.py for tasks to queue
[2024-01-22T15:47:02.041+0200] {logging_mixin.py:188} INFO - [2024-01-22T15:47:02.040+0200] {dagbag.py:538} INFO - Filling up the DagBag from /usr/local/lib/python3.10/dist-packages/airflow/example_dags/example_nested_branch_dag.py
[2024-01-22T15:47:02.052+0200] {processor.py:840} INFO - DAG(s) 'example_nested_branch_dag' retrieved from /usr/local/lib/python3.10/dist-packages/airflow/example_dags/example_nested_branch_dag.py
[2024-01-22T15:47:02.067+0200] {logging_mixin.py:188} INFO - [2024-01-22T15:47:02.067+0200] {dag.py:3036} INFO - Sync 1 DAGs
[2024-01-22T15:47:02.082+0200] {logging_mixin.py:188} INFO - [2024-01-22T15:47:02.082+0200] {dag.py:3823} INFO - Setting next_dagrun for example_nested_branch_dag to 2024-01-21 00:00:00+00:00, run_after=2024-01-22 00:00:00+00:00
[2024-01-22T15:47:02.100+0200] {processor.py:183} INFO - Processing /usr/local/lib/python3.10/dist-packages/airflow/example_dags/example_nested_branch_dag.py took 0.067 seconds
[2024-01-22T15:48:09.789+0200] {processor.py:161} INFO - Started process (PID=43788) to work on /usr/local/lib/python3.10/dist-packages/airflow/example_dags/example_nested_branch_dag.py
[2024-01-22T15:48:09.799+0200] {processor.py:830} INFO - Processing file /usr/local/lib/python3.10/dist-packages/airflow/example_dags/example_nested_branch_dag.py for tasks to queue
[2024-01-22T15:48:09.800+0200] {logging_mixin.py:188} INFO - [2024-01-22T15:48:09.799+0200] {dagbag.py:538} INFO - Filling up the DagBag from /usr/local/lib/python3.10/dist-packages/airflow/example_dags/example_nested_branch_dag.py
[2024-01-22T15:48:09.858+0200] {processor.py:840} INFO - DAG(s) 'example_nested_branch_dag' retrieved from /usr/local/lib/python3.10/dist-packages/airflow/example_dags/example_nested_branch_dag.py
[2024-01-22T15:48:09.884+0200] {logging_mixin.py:188} INFO - [2024-01-22T15:48:09.884+0200] {dag.py:3036} INFO - Sync 1 DAGs
[2024-01-22T15:48:09.921+0200] {logging_mixin.py:188} INFO - [2024-01-22T15:48:09.921+0200] {dag.py:3823} INFO - Setting next_dagrun for example_nested_branch_dag to 2024-01-21 00:00:00+00:00, run_after=2024-01-22 00:00:00+00:00
[2024-01-22T15:48:09.956+0200] {processor.py:183} INFO - Processing /usr/local/lib/python3.10/dist-packages/airflow/example_dags/example_nested_branch_dag.py took 0.170 seconds
