[2024-01-22T15:30:22.063+0200] {processor.py:161} INFO - Started process (PID=40588) to work on /usr/local/lib/python3.10/dist-packages/airflow/example_dags/example_skip_dag.py
[2024-01-22T15:30:22.063+0200] {processor.py:830} INFO - Processing file /usr/local/lib/python3.10/dist-packages/airflow/example_dags/example_skip_dag.py for tasks to queue
[2024-01-22T15:30:22.071+0200] {logging_mixin.py:188} INFO - [2024-01-22T15:30:22.070+0200] {dagbag.py:538} INFO - Filling up the DagBag from /usr/local/lib/python3.10/dist-packages/airflow/example_dags/example_skip_dag.py
[2024-01-22T15:30:22.083+0200] {processor.py:840} INFO - DAG(s) 'example_skip_dag' retrieved from /usr/local/lib/python3.10/dist-packages/airflow/example_dags/example_skip_dag.py
[2024-01-22T15:30:22.417+0200] {logging_mixin.py:188} INFO - [2024-01-22T15:30:22.416+0200] {dag.py:3036} INFO - Sync 1 DAGs
[2024-01-22T15:30:22.448+0200] {logging_mixin.py:188} INFO - [2024-01-22T15:30:22.448+0200] {dag.py:3823} INFO - Setting next_dagrun for example_skip_dag to 2024-01-21 00:00:00+00:00, run_after=2024-01-22 00:00:00+00:00
[2024-01-22T15:30:22.488+0200] {processor.py:183} INFO - Processing /usr/local/lib/python3.10/dist-packages/airflow/example_dags/example_skip_dag.py took 0.428 seconds
[2024-01-22T15:31:36.271+0200] {processor.py:161} INFO - Started process (PID=40938) to work on /usr/local/lib/python3.10/dist-packages/airflow/example_dags/example_skip_dag.py
[2024-01-22T15:31:36.291+0200] {processor.py:830} INFO - Processing file /usr/local/lib/python3.10/dist-packages/airflow/example_dags/example_skip_dag.py for tasks to queue
[2024-01-22T15:31:36.312+0200] {logging_mixin.py:188} INFO - [2024-01-22T15:31:36.303+0200] {dagbag.py:538} INFO - Filling up the DagBag from /usr/local/lib/python3.10/dist-packages/airflow/example_dags/example_skip_dag.py
[2024-01-22T15:31:36.429+0200] {processor.py:840} INFO - DAG(s) 'example_skip_dag' retrieved from /usr/local/lib/python3.10/dist-packages/airflow/example_dags/example_skip_dag.py
[2024-01-22T15:31:36.563+0200] {logging_mixin.py:188} INFO - [2024-01-22T15:31:36.563+0200] {dag.py:3036} INFO - Sync 1 DAGs
[2024-01-22T15:31:36.676+0200] {logging_mixin.py:188} INFO - [2024-01-22T15:31:36.675+0200] {dag.py:3823} INFO - Setting next_dagrun for example_skip_dag to 2024-01-21 00:00:00+00:00, run_after=2024-01-22 00:00:00+00:00
[2024-01-22T15:31:36.856+0200] {processor.py:183} INFO - Processing /usr/local/lib/python3.10/dist-packages/airflow/example_dags/example_skip_dag.py took 0.634 seconds
[2024-01-22T15:32:30.805+0200] {processor.py:161} INFO - Started process (PID=41194) to work on /usr/local/lib/python3.10/dist-packages/airflow/example_dags/example_skip_dag.py
[2024-01-22T15:32:30.807+0200] {processor.py:830} INFO - Processing file /usr/local/lib/python3.10/dist-packages/airflow/example_dags/example_skip_dag.py for tasks to queue
[2024-01-22T15:32:30.808+0200] {logging_mixin.py:188} INFO - [2024-01-22T15:32:30.808+0200] {dagbag.py:538} INFO - Filling up the DagBag from /usr/local/lib/python3.10/dist-packages/airflow/example_dags/example_skip_dag.py
[2024-01-22T15:32:30.821+0200] {processor.py:840} INFO - DAG(s) 'example_skip_dag' retrieved from /usr/local/lib/python3.10/dist-packages/airflow/example_dags/example_skip_dag.py
[2024-01-22T15:32:30.848+0200] {logging_mixin.py:188} INFO - [2024-01-22T15:32:30.848+0200] {dag.py:3036} INFO - Sync 1 DAGs
[2024-01-22T15:32:30.905+0200] {logging_mixin.py:188} INFO - [2024-01-22T15:32:30.904+0200] {dag.py:3823} INFO - Setting next_dagrun for example_skip_dag to 2024-01-21 00:00:00+00:00, run_after=2024-01-22 00:00:00+00:00
[2024-01-22T15:32:30.967+0200] {processor.py:183} INFO - Processing /usr/local/lib/python3.10/dist-packages/airflow/example_dags/example_skip_dag.py took 0.167 seconds
[2024-01-22T15:33:22.087+0200] {processor.py:161} INFO - Started process (PID=41443) to work on /usr/local/lib/python3.10/dist-packages/airflow/example_dags/example_skip_dag.py
[2024-01-22T15:33:22.093+0200] {processor.py:830} INFO - Processing file /usr/local/lib/python3.10/dist-packages/airflow/example_dags/example_skip_dag.py for tasks to queue
[2024-01-22T15:33:22.109+0200] {logging_mixin.py:188} INFO - [2024-01-22T15:33:22.107+0200] {dagbag.py:538} INFO - Filling up the DagBag from /usr/local/lib/python3.10/dist-packages/airflow/example_dags/example_skip_dag.py
[2024-01-22T15:33:22.178+0200] {processor.py:840} INFO - DAG(s) 'example_skip_dag' retrieved from /usr/local/lib/python3.10/dist-packages/airflow/example_dags/example_skip_dag.py
[2024-01-22T15:33:22.325+0200] {logging_mixin.py:188} INFO - [2024-01-22T15:33:22.325+0200] {dag.py:3036} INFO - Sync 1 DAGs
[2024-01-22T15:33:22.449+0200] {logging_mixin.py:188} INFO - [2024-01-22T15:33:22.449+0200] {dag.py:3823} INFO - Setting next_dagrun for example_skip_dag to 2024-01-21 00:00:00+00:00, run_after=2024-01-22 00:00:00+00:00
[2024-01-22T15:33:22.599+0200] {processor.py:183} INFO - Processing /usr/local/lib/python3.10/dist-packages/airflow/example_dags/example_skip_dag.py took 0.522 seconds
[2024-01-22T15:34:18.640+0200] {processor.py:161} INFO - Started process (PID=41604) to work on /usr/local/lib/python3.10/dist-packages/airflow/example_dags/example_skip_dag.py
[2024-01-22T15:34:18.647+0200] {processor.py:830} INFO - Processing file /usr/local/lib/python3.10/dist-packages/airflow/example_dags/example_skip_dag.py for tasks to queue
[2024-01-22T15:34:18.648+0200] {logging_mixin.py:188} INFO - [2024-01-22T15:34:18.648+0200] {dagbag.py:538} INFO - Filling up the DagBag from /usr/local/lib/python3.10/dist-packages/airflow/example_dags/example_skip_dag.py
[2024-01-22T15:34:18.662+0200] {processor.py:840} INFO - DAG(s) 'example_skip_dag' retrieved from /usr/local/lib/python3.10/dist-packages/airflow/example_dags/example_skip_dag.py
[2024-01-22T15:34:18.692+0200] {logging_mixin.py:188} INFO - [2024-01-22T15:34:18.692+0200] {dag.py:3036} INFO - Sync 1 DAGs
[2024-01-22T15:34:18.717+0200] {logging_mixin.py:188} INFO - [2024-01-22T15:34:18.717+0200] {dag.py:3823} INFO - Setting next_dagrun for example_skip_dag to 2024-01-21 00:00:00+00:00, run_after=2024-01-22 00:00:00+00:00
[2024-01-22T15:34:18.766+0200] {processor.py:183} INFO - Processing /usr/local/lib/python3.10/dist-packages/airflow/example_dags/example_skip_dag.py took 0.129 seconds
[2024-01-22T15:35:06.043+0200] {processor.py:161} INFO - Started process (PID=41666) to work on /usr/local/lib/python3.10/dist-packages/airflow/example_dags/example_skip_dag.py
[2024-01-22T15:35:06.046+0200] {processor.py:830} INFO - Processing file /usr/local/lib/python3.10/dist-packages/airflow/example_dags/example_skip_dag.py for tasks to queue
[2024-01-22T15:35:06.047+0200] {logging_mixin.py:188} INFO - [2024-01-22T15:35:06.047+0200] {dagbag.py:538} INFO - Filling up the DagBag from /usr/local/lib/python3.10/dist-packages/airflow/example_dags/example_skip_dag.py
[2024-01-22T15:35:06.053+0200] {processor.py:840} INFO - DAG(s) 'example_skip_dag' retrieved from /usr/local/lib/python3.10/dist-packages/airflow/example_dags/example_skip_dag.py
[2024-01-22T15:35:06.089+0200] {logging_mixin.py:188} INFO - [2024-01-22T15:35:06.077+0200] {dag.py:3036} INFO - Sync 1 DAGs
[2024-01-22T15:35:06.113+0200] {logging_mixin.py:188} INFO - [2024-01-22T15:35:06.113+0200] {dag.py:3823} INFO - Setting next_dagrun for example_skip_dag to 2024-01-21 00:00:00+00:00, run_after=2024-01-22 00:00:00+00:00
[2024-01-22T15:35:06.144+0200] {processor.py:183} INFO - Processing /usr/local/lib/python3.10/dist-packages/airflow/example_dags/example_skip_dag.py took 0.104 seconds
[2024-01-22T15:35:53.621+0200] {processor.py:161} INFO - Started process (PID=41819) to work on /usr/local/lib/python3.10/dist-packages/airflow/example_dags/example_skip_dag.py
[2024-01-22T15:35:53.624+0200] {processor.py:830} INFO - Processing file /usr/local/lib/python3.10/dist-packages/airflow/example_dags/example_skip_dag.py for tasks to queue
[2024-01-22T15:35:53.625+0200] {logging_mixin.py:188} INFO - [2024-01-22T15:35:53.625+0200] {dagbag.py:538} INFO - Filling up the DagBag from /usr/local/lib/python3.10/dist-packages/airflow/example_dags/example_skip_dag.py
[2024-01-22T15:35:53.642+0200] {processor.py:840} INFO - DAG(s) 'example_skip_dag' retrieved from /usr/local/lib/python3.10/dist-packages/airflow/example_dags/example_skip_dag.py
[2024-01-22T15:35:53.677+0200] {logging_mixin.py:188} INFO - [2024-01-22T15:35:53.677+0200] {dag.py:3036} INFO - Sync 1 DAGs
[2024-01-22T15:35:53.697+0200] {logging_mixin.py:188} INFO - [2024-01-22T15:35:53.697+0200] {dag.py:3823} INFO - Setting next_dagrun for example_skip_dag to 2024-01-21 00:00:00+00:00, run_after=2024-01-22 00:00:00+00:00
[2024-01-22T15:35:53.805+0200] {processor.py:183} INFO - Processing /usr/local/lib/python3.10/dist-packages/airflow/example_dags/example_skip_dag.py took 0.187 seconds
[2024-01-22T15:36:40.612+0200] {processor.py:161} INFO - Started process (PID=41945) to work on /usr/local/lib/python3.10/dist-packages/airflow/example_dags/example_skip_dag.py
[2024-01-22T15:36:40.614+0200] {processor.py:830} INFO - Processing file /usr/local/lib/python3.10/dist-packages/airflow/example_dags/example_skip_dag.py for tasks to queue
[2024-01-22T15:36:40.616+0200] {logging_mixin.py:188} INFO - [2024-01-22T15:36:40.615+0200] {dagbag.py:538} INFO - Filling up the DagBag from /usr/local/lib/python3.10/dist-packages/airflow/example_dags/example_skip_dag.py
[2024-01-22T15:36:40.651+0200] {processor.py:840} INFO - DAG(s) 'example_skip_dag' retrieved from /usr/local/lib/python3.10/dist-packages/airflow/example_dags/example_skip_dag.py
[2024-01-22T15:36:40.728+0200] {logging_mixin.py:188} INFO - [2024-01-22T15:36:40.728+0200] {dag.py:3036} INFO - Sync 1 DAGs
[2024-01-22T15:36:40.809+0200] {logging_mixin.py:188} INFO - [2024-01-22T15:36:40.808+0200] {dag.py:3823} INFO - Setting next_dagrun for example_skip_dag to 2024-01-21 00:00:00+00:00, run_after=2024-01-22 00:00:00+00:00
[2024-01-22T15:36:40.885+0200] {processor.py:183} INFO - Processing /usr/local/lib/python3.10/dist-packages/airflow/example_dags/example_skip_dag.py took 0.278 seconds
[2024-01-22T15:37:26.005+0200] {processor.py:161} INFO - Started process (PID=42062) to work on /usr/local/lib/python3.10/dist-packages/airflow/example_dags/example_skip_dag.py
[2024-01-22T15:37:26.008+0200] {processor.py:830} INFO - Processing file /usr/local/lib/python3.10/dist-packages/airflow/example_dags/example_skip_dag.py for tasks to queue
[2024-01-22T15:37:26.009+0200] {logging_mixin.py:188} INFO - [2024-01-22T15:37:26.008+0200] {dagbag.py:538} INFO - Filling up the DagBag from /usr/local/lib/python3.10/dist-packages/airflow/example_dags/example_skip_dag.py
[2024-01-22T15:37:26.020+0200] {processor.py:840} INFO - DAG(s) 'example_skip_dag' retrieved from /usr/local/lib/python3.10/dist-packages/airflow/example_dags/example_skip_dag.py
[2024-01-22T15:37:26.044+0200] {logging_mixin.py:188} INFO - [2024-01-22T15:37:26.044+0200] {dag.py:3036} INFO - Sync 1 DAGs
[2024-01-22T15:37:26.064+0200] {logging_mixin.py:188} INFO - [2024-01-22T15:37:26.063+0200] {dag.py:3823} INFO - Setting next_dagrun for example_skip_dag to 2024-01-21 00:00:00+00:00, run_after=2024-01-22 00:00:00+00:00
[2024-01-22T15:37:26.088+0200] {processor.py:183} INFO - Processing /usr/local/lib/python3.10/dist-packages/airflow/example_dags/example_skip_dag.py took 0.087 seconds
[2024-01-22T15:38:08.555+0200] {processor.py:161} INFO - Started process (PID=42108) to work on /usr/local/lib/python3.10/dist-packages/airflow/example_dags/example_skip_dag.py
[2024-01-22T15:38:08.557+0200] {processor.py:830} INFO - Processing file /usr/local/lib/python3.10/dist-packages/airflow/example_dags/example_skip_dag.py for tasks to queue
[2024-01-22T15:38:08.558+0200] {logging_mixin.py:188} INFO - [2024-01-22T15:38:08.558+0200] {dagbag.py:538} INFO - Filling up the DagBag from /usr/local/lib/python3.10/dist-packages/airflow/example_dags/example_skip_dag.py
[2024-01-22T15:38:08.569+0200] {processor.py:840} INFO - DAG(s) 'example_skip_dag' retrieved from /usr/local/lib/python3.10/dist-packages/airflow/example_dags/example_skip_dag.py
[2024-01-22T15:38:08.586+0200] {logging_mixin.py:188} INFO - [2024-01-22T15:38:08.586+0200] {dag.py:3036} INFO - Sync 1 DAGs
[2024-01-22T15:38:08.605+0200] {logging_mixin.py:188} INFO - [2024-01-22T15:38:08.605+0200] {dag.py:3823} INFO - Setting next_dagrun for example_skip_dag to 2024-01-21 00:00:00+00:00, run_after=2024-01-22 00:00:00+00:00
[2024-01-22T15:38:08.629+0200] {processor.py:183} INFO - Processing /usr/local/lib/python3.10/dist-packages/airflow/example_dags/example_skip_dag.py took 0.079 seconds
[2024-01-22T15:38:43.306+0200] {processor.py:161} INFO - Started process (PID=42144) to work on /usr/local/lib/python3.10/dist-packages/airflow/example_dags/example_skip_dag.py
[2024-01-22T15:38:43.307+0200] {processor.py:830} INFO - Processing file /usr/local/lib/python3.10/dist-packages/airflow/example_dags/example_skip_dag.py for tasks to queue
[2024-01-22T15:38:43.308+0200] {logging_mixin.py:188} INFO - [2024-01-22T15:38:43.307+0200] {dagbag.py:538} INFO - Filling up the DagBag from /usr/local/lib/python3.10/dist-packages/airflow/example_dags/example_skip_dag.py
[2024-01-22T15:38:43.318+0200] {processor.py:840} INFO - DAG(s) 'example_skip_dag' retrieved from /usr/local/lib/python3.10/dist-packages/airflow/example_dags/example_skip_dag.py
[2024-01-22T15:38:43.334+0200] {logging_mixin.py:188} INFO - [2024-01-22T15:38:43.334+0200] {dag.py:3036} INFO - Sync 1 DAGs
[2024-01-22T15:38:43.354+0200] {logging_mixin.py:188} INFO - [2024-01-22T15:38:43.354+0200] {dag.py:3823} INFO - Setting next_dagrun for example_skip_dag to 2024-01-21 00:00:00+00:00, run_after=2024-01-22 00:00:00+00:00
[2024-01-22T15:38:43.385+0200] {processor.py:183} INFO - Processing /usr/local/lib/python3.10/dist-packages/airflow/example_dags/example_skip_dag.py took 0.087 seconds
[2024-01-22T15:39:23.287+0200] {processor.py:161} INFO - Started process (PID=42183) to work on /usr/local/lib/python3.10/dist-packages/airflow/example_dags/example_skip_dag.py
[2024-01-22T15:39:23.288+0200] {processor.py:830} INFO - Processing file /usr/local/lib/python3.10/dist-packages/airflow/example_dags/example_skip_dag.py for tasks to queue
[2024-01-22T15:39:23.289+0200] {logging_mixin.py:188} INFO - [2024-01-22T15:39:23.289+0200] {dagbag.py:538} INFO - Filling up the DagBag from /usr/local/lib/python3.10/dist-packages/airflow/example_dags/example_skip_dag.py
[2024-01-22T15:39:23.298+0200] {processor.py:840} INFO - DAG(s) 'example_skip_dag' retrieved from /usr/local/lib/python3.10/dist-packages/airflow/example_dags/example_skip_dag.py
[2024-01-22T15:39:23.312+0200] {logging_mixin.py:188} INFO - [2024-01-22T15:39:23.312+0200] {dag.py:3036} INFO - Sync 1 DAGs
[2024-01-22T15:39:23.330+0200] {logging_mixin.py:188} INFO - [2024-01-22T15:39:23.329+0200] {dag.py:3823} INFO - Setting next_dagrun for example_skip_dag to 2024-01-21 00:00:00+00:00, run_after=2024-01-22 00:00:00+00:00
[2024-01-22T15:39:23.353+0200] {processor.py:183} INFO - Processing /usr/local/lib/python3.10/dist-packages/airflow/example_dags/example_skip_dag.py took 0.069 seconds
[2024-01-22T15:40:02.646+0200] {processor.py:161} INFO - Started process (PID=42232) to work on /usr/local/lib/python3.10/dist-packages/airflow/example_dags/example_skip_dag.py
[2024-01-22T15:40:02.649+0200] {processor.py:830} INFO - Processing file /usr/local/lib/python3.10/dist-packages/airflow/example_dags/example_skip_dag.py for tasks to queue
[2024-01-22T15:40:02.650+0200] {logging_mixin.py:188} INFO - [2024-01-22T15:40:02.650+0200] {dagbag.py:538} INFO - Filling up the DagBag from /usr/local/lib/python3.10/dist-packages/airflow/example_dags/example_skip_dag.py
[2024-01-22T15:40:02.661+0200] {processor.py:840} INFO - DAG(s) 'example_skip_dag' retrieved from /usr/local/lib/python3.10/dist-packages/airflow/example_dags/example_skip_dag.py
[2024-01-22T15:40:02.680+0200] {logging_mixin.py:188} INFO - [2024-01-22T15:40:02.679+0200] {dag.py:3036} INFO - Sync 1 DAGs
[2024-01-22T15:40:02.700+0200] {logging_mixin.py:188} INFO - [2024-01-22T15:40:02.700+0200] {dag.py:3823} INFO - Setting next_dagrun for example_skip_dag to 2024-01-21 00:00:00+00:00, run_after=2024-01-22 00:00:00+00:00
[2024-01-22T15:40:02.724+0200] {processor.py:183} INFO - Processing /usr/local/lib/python3.10/dist-packages/airflow/example_dags/example_skip_dag.py took 0.082 seconds
[2024-01-22T15:40:47.032+0200] {processor.py:161} INFO - Started process (PID=42300) to work on /usr/local/lib/python3.10/dist-packages/airflow/example_dags/example_skip_dag.py
[2024-01-22T15:40:47.035+0200] {processor.py:830} INFO - Processing file /usr/local/lib/python3.10/dist-packages/airflow/example_dags/example_skip_dag.py for tasks to queue
[2024-01-22T15:40:47.036+0200] {logging_mixin.py:188} INFO - [2024-01-22T15:40:47.035+0200] {dagbag.py:538} INFO - Filling up the DagBag from /usr/local/lib/python3.10/dist-packages/airflow/example_dags/example_skip_dag.py
[2024-01-22T15:40:47.047+0200] {processor.py:840} INFO - DAG(s) 'example_skip_dag' retrieved from /usr/local/lib/python3.10/dist-packages/airflow/example_dags/example_skip_dag.py
[2024-01-22T15:40:47.065+0200] {logging_mixin.py:188} INFO - [2024-01-22T15:40:47.065+0200] {dag.py:3036} INFO - Sync 1 DAGs
[2024-01-22T15:40:47.088+0200] {logging_mixin.py:188} INFO - [2024-01-22T15:40:47.087+0200] {dag.py:3823} INFO - Setting next_dagrun for example_skip_dag to 2024-01-21 00:00:00+00:00, run_after=2024-01-22 00:00:00+00:00
[2024-01-22T15:40:47.113+0200] {processor.py:183} INFO - Processing /usr/local/lib/python3.10/dist-packages/airflow/example_dags/example_skip_dag.py took 0.086 seconds
[2024-01-22T15:41:24.599+0200] {processor.py:161} INFO - Started process (PID=42339) to work on /usr/local/lib/python3.10/dist-packages/airflow/example_dags/example_skip_dag.py
[2024-01-22T15:41:24.601+0200] {processor.py:830} INFO - Processing file /usr/local/lib/python3.10/dist-packages/airflow/example_dags/example_skip_dag.py for tasks to queue
[2024-01-22T15:41:24.602+0200] {logging_mixin.py:188} INFO - [2024-01-22T15:41:24.601+0200] {dagbag.py:538} INFO - Filling up the DagBag from /usr/local/lib/python3.10/dist-packages/airflow/example_dags/example_skip_dag.py
[2024-01-22T15:41:24.612+0200] {processor.py:840} INFO - DAG(s) 'example_skip_dag' retrieved from /usr/local/lib/python3.10/dist-packages/airflow/example_dags/example_skip_dag.py
[2024-01-22T15:41:24.630+0200] {logging_mixin.py:188} INFO - [2024-01-22T15:41:24.630+0200] {dag.py:3036} INFO - Sync 1 DAGs
[2024-01-22T15:41:24.651+0200] {logging_mixin.py:188} INFO - [2024-01-22T15:41:24.650+0200] {dag.py:3823} INFO - Setting next_dagrun for example_skip_dag to 2024-01-21 00:00:00+00:00, run_after=2024-01-22 00:00:00+00:00
[2024-01-22T15:41:24.678+0200] {processor.py:183} INFO - Processing /usr/local/lib/python3.10/dist-packages/airflow/example_dags/example_skip_dag.py took 0.083 seconds
[2024-01-22T15:42:00.796+0200] {processor.py:161} INFO - Started process (PID=42376) to work on /usr/local/lib/python3.10/dist-packages/airflow/example_dags/example_skip_dag.py
[2024-01-22T15:42:00.799+0200] {processor.py:830} INFO - Processing file /usr/local/lib/python3.10/dist-packages/airflow/example_dags/example_skip_dag.py for tasks to queue
[2024-01-22T15:42:00.800+0200] {logging_mixin.py:188} INFO - [2024-01-22T15:42:00.799+0200] {dagbag.py:538} INFO - Filling up the DagBag from /usr/local/lib/python3.10/dist-packages/airflow/example_dags/example_skip_dag.py
[2024-01-22T15:42:00.809+0200] {processor.py:840} INFO - DAG(s) 'example_skip_dag' retrieved from /usr/local/lib/python3.10/dist-packages/airflow/example_dags/example_skip_dag.py
[2024-01-22T15:42:00.827+0200] {logging_mixin.py:188} INFO - [2024-01-22T15:42:00.827+0200] {dag.py:3036} INFO - Sync 1 DAGs
[2024-01-22T15:42:00.848+0200] {logging_mixin.py:188} INFO - [2024-01-22T15:42:00.848+0200] {dag.py:3823} INFO - Setting next_dagrun for example_skip_dag to 2024-01-21 00:00:00+00:00, run_after=2024-01-22 00:00:00+00:00
[2024-01-22T15:42:00.874+0200] {processor.py:183} INFO - Processing /usr/local/lib/python3.10/dist-packages/airflow/example_dags/example_skip_dag.py took 0.084 seconds
[2024-01-22T15:42:38.149+0200] {processor.py:161} INFO - Started process (PID=42419) to work on /usr/local/lib/python3.10/dist-packages/airflow/example_dags/example_skip_dag.py
[2024-01-22T15:42:38.150+0200] {processor.py:830} INFO - Processing file /usr/local/lib/python3.10/dist-packages/airflow/example_dags/example_skip_dag.py for tasks to queue
[2024-01-22T15:42:38.151+0200] {logging_mixin.py:188} INFO - [2024-01-22T15:42:38.151+0200] {dagbag.py:538} INFO - Filling up the DagBag from /usr/local/lib/python3.10/dist-packages/airflow/example_dags/example_skip_dag.py
[2024-01-22T15:42:38.159+0200] {processor.py:840} INFO - DAG(s) 'example_skip_dag' retrieved from /usr/local/lib/python3.10/dist-packages/airflow/example_dags/example_skip_dag.py
[2024-01-22T15:42:38.170+0200] {logging_mixin.py:188} INFO - [2024-01-22T15:42:38.170+0200] {dag.py:3036} INFO - Sync 1 DAGs
[2024-01-22T15:42:38.183+0200] {logging_mixin.py:188} INFO - [2024-01-22T15:42:38.183+0200] {dag.py:3823} INFO - Setting next_dagrun for example_skip_dag to 2024-01-21 00:00:00+00:00, run_after=2024-01-22 00:00:00+00:00
[2024-01-22T15:42:38.200+0200] {processor.py:183} INFO - Processing /usr/local/lib/python3.10/dist-packages/airflow/example_dags/example_skip_dag.py took 0.053 seconds
[2024-01-22T15:43:17.557+0200] {processor.py:161} INFO - Started process (PID=42463) to work on /usr/local/lib/python3.10/dist-packages/airflow/example_dags/example_skip_dag.py
[2024-01-22T15:43:17.563+0200] {processor.py:830} INFO - Processing file /usr/local/lib/python3.10/dist-packages/airflow/example_dags/example_skip_dag.py for tasks to queue
[2024-01-22T15:43:17.564+0200] {logging_mixin.py:188} INFO - [2024-01-22T15:43:17.563+0200] {dagbag.py:538} INFO - Filling up the DagBag from /usr/local/lib/python3.10/dist-packages/airflow/example_dags/example_skip_dag.py
[2024-01-22T15:43:17.574+0200] {processor.py:840} INFO - DAG(s) 'example_skip_dag' retrieved from /usr/local/lib/python3.10/dist-packages/airflow/example_dags/example_skip_dag.py
[2024-01-22T15:43:17.593+0200] {logging_mixin.py:188} INFO - [2024-01-22T15:43:17.592+0200] {dag.py:3036} INFO - Sync 1 DAGs
[2024-01-22T15:43:17.612+0200] {logging_mixin.py:188} INFO - [2024-01-22T15:43:17.612+0200] {dag.py:3823} INFO - Setting next_dagrun for example_skip_dag to 2024-01-21 00:00:00+00:00, run_after=2024-01-22 00:00:00+00:00
[2024-01-22T15:43:17.640+0200] {processor.py:183} INFO - Processing /usr/local/lib/python3.10/dist-packages/airflow/example_dags/example_skip_dag.py took 0.088 seconds
[2024-01-22T15:44:08.274+0200] {processor.py:161} INFO - Started process (PID=42515) to work on /usr/local/lib/python3.10/dist-packages/airflow/example_dags/example_skip_dag.py
[2024-01-22T15:44:08.276+0200] {processor.py:830} INFO - Processing file /usr/local/lib/python3.10/dist-packages/airflow/example_dags/example_skip_dag.py for tasks to queue
[2024-01-22T15:44:08.277+0200] {logging_mixin.py:188} INFO - [2024-01-22T15:44:08.276+0200] {dagbag.py:538} INFO - Filling up the DagBag from /usr/local/lib/python3.10/dist-packages/airflow/example_dags/example_skip_dag.py
[2024-01-22T15:44:08.287+0200] {processor.py:840} INFO - DAG(s) 'example_skip_dag' retrieved from /usr/local/lib/python3.10/dist-packages/airflow/example_dags/example_skip_dag.py
[2024-01-22T15:44:08.308+0200] {logging_mixin.py:188} INFO - [2024-01-22T15:44:08.308+0200] {dag.py:3036} INFO - Sync 1 DAGs
[2024-01-22T15:44:08.328+0200] {logging_mixin.py:188} INFO - [2024-01-22T15:44:08.328+0200] {dag.py:3823} INFO - Setting next_dagrun for example_skip_dag to 2024-01-21 00:00:00+00:00, run_after=2024-01-22 00:00:00+00:00
[2024-01-22T15:44:08.358+0200] {processor.py:183} INFO - Processing /usr/local/lib/python3.10/dist-packages/airflow/example_dags/example_skip_dag.py took 0.089 seconds
[2024-01-22T15:44:57.477+0200] {processor.py:161} INFO - Started process (PID=42566) to work on /usr/local/lib/python3.10/dist-packages/airflow/example_dags/example_skip_dag.py
[2024-01-22T15:44:57.479+0200] {processor.py:830} INFO - Processing file /usr/local/lib/python3.10/dist-packages/airflow/example_dags/example_skip_dag.py for tasks to queue
[2024-01-22T15:44:57.480+0200] {logging_mixin.py:188} INFO - [2024-01-22T15:44:57.479+0200] {dagbag.py:538} INFO - Filling up the DagBag from /usr/local/lib/python3.10/dist-packages/airflow/example_dags/example_skip_dag.py
[2024-01-22T15:44:57.491+0200] {processor.py:840} INFO - DAG(s) 'example_skip_dag' retrieved from /usr/local/lib/python3.10/dist-packages/airflow/example_dags/example_skip_dag.py
[2024-01-22T15:44:57.513+0200] {logging_mixin.py:188} INFO - [2024-01-22T15:44:57.513+0200] {dag.py:3036} INFO - Sync 1 DAGs
[2024-01-22T15:44:57.535+0200] {logging_mixin.py:188} INFO - [2024-01-22T15:44:57.535+0200] {dag.py:3823} INFO - Setting next_dagrun for example_skip_dag to 2024-01-21 00:00:00+00:00, run_after=2024-01-22 00:00:00+00:00
[2024-01-22T15:44:57.558+0200] {processor.py:183} INFO - Processing /usr/local/lib/python3.10/dist-packages/airflow/example_dags/example_skip_dag.py took 0.086 seconds
[2024-01-22T15:45:50.596+0200] {processor.py:161} INFO - Started process (PID=42676) to work on /usr/local/lib/python3.10/dist-packages/airflow/example_dags/example_skip_dag.py
[2024-01-22T15:45:50.609+0200] {processor.py:830} INFO - Processing file /usr/local/lib/python3.10/dist-packages/airflow/example_dags/example_skip_dag.py for tasks to queue
[2024-01-22T15:45:50.610+0200] {logging_mixin.py:188} INFO - [2024-01-22T15:45:50.609+0200] {dagbag.py:538} INFO - Filling up the DagBag from /usr/local/lib/python3.10/dist-packages/airflow/example_dags/example_skip_dag.py
[2024-01-22T15:45:50.617+0200] {processor.py:840} INFO - DAG(s) 'example_skip_dag' retrieved from /usr/local/lib/python3.10/dist-packages/airflow/example_dags/example_skip_dag.py
[2024-01-22T15:45:50.653+0200] {logging_mixin.py:188} INFO - [2024-01-22T15:45:50.653+0200] {dag.py:3036} INFO - Sync 1 DAGs
[2024-01-22T15:45:50.685+0200] {logging_mixin.py:188} INFO - [2024-01-22T15:45:50.685+0200] {dag.py:3823} INFO - Setting next_dagrun for example_skip_dag to 2024-01-21 00:00:00+00:00, run_after=2024-01-22 00:00:00+00:00
[2024-01-22T15:45:50.702+0200] {processor.py:183} INFO - Processing /usr/local/lib/python3.10/dist-packages/airflow/example_dags/example_skip_dag.py took 0.109 seconds
[2024-01-22T15:46:39.197+0200] {processor.py:161} INFO - Started process (PID=43323) to work on /usr/local/lib/python3.10/dist-packages/airflow/example_dags/example_skip_dag.py
[2024-01-22T15:46:39.202+0200] {processor.py:830} INFO - Processing file /usr/local/lib/python3.10/dist-packages/airflow/example_dags/example_skip_dag.py for tasks to queue
[2024-01-22T15:46:39.206+0200] {logging_mixin.py:188} INFO - [2024-01-22T15:46:39.204+0200] {dagbag.py:538} INFO - Filling up the DagBag from /usr/local/lib/python3.10/dist-packages/airflow/example_dags/example_skip_dag.py
[2024-01-22T15:46:39.231+0200] {processor.py:840} INFO - DAG(s) 'example_skip_dag' retrieved from /usr/local/lib/python3.10/dist-packages/airflow/example_dags/example_skip_dag.py
[2024-01-22T15:46:39.274+0200] {logging_mixin.py:188} INFO - [2024-01-22T15:46:39.273+0200] {dag.py:3036} INFO - Sync 1 DAGs
[2024-01-22T15:46:39.346+0200] {logging_mixin.py:188} INFO - [2024-01-22T15:46:39.346+0200] {dag.py:3823} INFO - Setting next_dagrun for example_skip_dag to 2024-01-21 00:00:00+00:00, run_after=2024-01-22 00:00:00+00:00
[2024-01-22T15:46:39.452+0200] {processor.py:183} INFO - Processing /usr/local/lib/python3.10/dist-packages/airflow/example_dags/example_skip_dag.py took 0.263 seconds
[2024-01-22T15:47:34.325+0200] {processor.py:161} INFO - Started process (PID=43683) to work on /usr/local/lib/python3.10/dist-packages/airflow/example_dags/example_skip_dag.py
[2024-01-22T15:47:34.329+0200] {processor.py:830} INFO - Processing file /usr/local/lib/python3.10/dist-packages/airflow/example_dags/example_skip_dag.py for tasks to queue
[2024-01-22T15:47:34.331+0200] {logging_mixin.py:188} INFO - [2024-01-22T15:47:34.330+0200] {dagbag.py:538} INFO - Filling up the DagBag from /usr/local/lib/python3.10/dist-packages/airflow/example_dags/example_skip_dag.py
[2024-01-22T15:47:34.345+0200] {processor.py:840} INFO - DAG(s) 'example_skip_dag' retrieved from /usr/local/lib/python3.10/dist-packages/airflow/example_dags/example_skip_dag.py
[2024-01-22T15:47:34.365+0200] {logging_mixin.py:188} INFO - [2024-01-22T15:47:34.365+0200] {dag.py:3036} INFO - Sync 1 DAGs
[2024-01-22T15:47:34.388+0200] {logging_mixin.py:188} INFO - [2024-01-22T15:47:34.387+0200] {dag.py:3823} INFO - Setting next_dagrun for example_skip_dag to 2024-01-21 00:00:00+00:00, run_after=2024-01-22 00:00:00+00:00
[2024-01-22T15:47:34.416+0200] {processor.py:183} INFO - Processing /usr/local/lib/python3.10/dist-packages/airflow/example_dags/example_skip_dag.py took 0.097 seconds
[2024-01-22T15:48:16.847+0200] {processor.py:161} INFO - Started process (PID=43805) to work on /usr/local/lib/python3.10/dist-packages/airflow/example_dags/example_skip_dag.py
[2024-01-22T15:48:16.851+0200] {processor.py:830} INFO - Processing file /usr/local/lib/python3.10/dist-packages/airflow/example_dags/example_skip_dag.py for tasks to queue
[2024-01-22T15:48:16.852+0200] {logging_mixin.py:188} INFO - [2024-01-22T15:48:16.851+0200] {dagbag.py:538} INFO - Filling up the DagBag from /usr/local/lib/python3.10/dist-packages/airflow/example_dags/example_skip_dag.py
[2024-01-22T15:48:16.863+0200] {processor.py:840} INFO - DAG(s) 'example_skip_dag' retrieved from /usr/local/lib/python3.10/dist-packages/airflow/example_dags/example_skip_dag.py
[2024-01-22T15:48:16.883+0200] {logging_mixin.py:188} INFO - [2024-01-22T15:48:16.882+0200] {dag.py:3036} INFO - Sync 1 DAGs
[2024-01-22T15:48:16.950+0200] {logging_mixin.py:188} INFO - [2024-01-22T15:48:16.949+0200] {dag.py:3823} INFO - Setting next_dagrun for example_skip_dag to 2024-01-21 00:00:00+00:00, run_after=2024-01-22 00:00:00+00:00
[2024-01-22T15:48:16.987+0200] {processor.py:183} INFO - Processing /usr/local/lib/python3.10/dist-packages/airflow/example_dags/example_skip_dag.py took 0.144 seconds
