[2024-01-22T15:30:16.602+0200] {processor.py:161} INFO - Started process (PID=40578) to work on /usr/local/lib/python3.10/dist-packages/airflow/example_dags/example_time_delta_sensor_async.py
[2024-01-22T15:30:16.603+0200] {processor.py:830} INFO - Processing file /usr/local/lib/python3.10/dist-packages/airflow/example_dags/example_time_delta_sensor_async.py for tasks to queue
[2024-01-22T15:30:16.604+0200] {logging_mixin.py:188} INFO - [2024-01-22T15:30:16.603+0200] {dagbag.py:538} INFO - Filling up the DagBag from /usr/local/lib/python3.10/dist-packages/airflow/example_dags/example_time_delta_sensor_async.py
[2024-01-22T15:30:16.623+0200] {processor.py:840} INFO - DAG(s) 'example_time_delta_sensor_async' retrieved from /usr/local/lib/python3.10/dist-packages/airflow/example_dags/example_time_delta_sensor_async.py
[2024-01-22T15:30:16.770+0200] {logging_mixin.py:188} INFO - [2024-01-22T15:30:16.770+0200] {dag.py:3036} INFO - Sync 1 DAGs
[2024-01-22T15:30:16.792+0200] {logging_mixin.py:188} INFO - [2024-01-22T15:30:16.791+0200] {dag.py:3823} INFO - Setting next_dagrun for example_time_delta_sensor_async to None, run_after=None
[2024-01-22T15:30:16.901+0200] {processor.py:183} INFO - Processing /usr/local/lib/python3.10/dist-packages/airflow/example_dags/example_time_delta_sensor_async.py took 0.301 seconds
[2024-01-22T15:31:32.157+0200] {processor.py:161} INFO - Started process (PID=40908) to work on /usr/local/lib/python3.10/dist-packages/airflow/example_dags/example_time_delta_sensor_async.py
[2024-01-22T15:31:32.159+0200] {processor.py:830} INFO - Processing file /usr/local/lib/python3.10/dist-packages/airflow/example_dags/example_time_delta_sensor_async.py for tasks to queue
[2024-01-22T15:31:32.160+0200] {logging_mixin.py:188} INFO - [2024-01-22T15:31:32.160+0200] {dagbag.py:538} INFO - Filling up the DagBag from /usr/local/lib/python3.10/dist-packages/airflow/example_dags/example_time_delta_sensor_async.py
[2024-01-22T15:31:32.168+0200] {processor.py:840} INFO - DAG(s) 'example_time_delta_sensor_async' retrieved from /usr/local/lib/python3.10/dist-packages/airflow/example_dags/example_time_delta_sensor_async.py
[2024-01-22T15:31:32.193+0200] {logging_mixin.py:188} INFO - [2024-01-22T15:31:32.193+0200] {dag.py:3036} INFO - Sync 1 DAGs
[2024-01-22T15:31:32.212+0200] {logging_mixin.py:188} INFO - [2024-01-22T15:31:32.212+0200] {dag.py:3823} INFO - Setting next_dagrun for example_time_delta_sensor_async to None, run_after=None
[2024-01-22T15:31:32.244+0200] {processor.py:183} INFO - Processing /usr/local/lib/python3.10/dist-packages/airflow/example_dags/example_time_delta_sensor_async.py took 0.100 seconds
[2024-01-22T15:32:09.962+0200] {processor.py:161} INFO - Started process (PID=41095) to work on /usr/local/lib/python3.10/dist-packages/airflow/example_dags/example_time_delta_sensor_async.py
[2024-01-22T15:32:09.976+0200] {processor.py:830} INFO - Processing file /usr/local/lib/python3.10/dist-packages/airflow/example_dags/example_time_delta_sensor_async.py for tasks to queue
[2024-01-22T15:32:09.977+0200] {logging_mixin.py:188} INFO - [2024-01-22T15:32:09.976+0200] {dagbag.py:538} INFO - Filling up the DagBag from /usr/local/lib/python3.10/dist-packages/airflow/example_dags/example_time_delta_sensor_async.py
[2024-01-22T15:32:09.983+0200] {processor.py:840} INFO - DAG(s) 'example_time_delta_sensor_async' retrieved from /usr/local/lib/python3.10/dist-packages/airflow/example_dags/example_time_delta_sensor_async.py
[2024-01-22T15:32:10.013+0200] {logging_mixin.py:188} INFO - [2024-01-22T15:32:10.013+0200] {dag.py:3036} INFO - Sync 1 DAGs
[2024-01-22T15:32:10.033+0200] {logging_mixin.py:188} INFO - [2024-01-22T15:32:10.032+0200] {dag.py:3823} INFO - Setting next_dagrun for example_time_delta_sensor_async to None, run_after=None
[2024-01-22T15:32:10.073+0200] {processor.py:183} INFO - Processing /usr/local/lib/python3.10/dist-packages/airflow/example_dags/example_time_delta_sensor_async.py took 0.114 seconds
[2024-01-22T15:32:59.409+0200] {processor.py:161} INFO - Started process (PID=41284) to work on /usr/local/lib/python3.10/dist-packages/airflow/example_dags/example_time_delta_sensor_async.py
[2024-01-22T15:32:59.411+0200] {processor.py:830} INFO - Processing file /usr/local/lib/python3.10/dist-packages/airflow/example_dags/example_time_delta_sensor_async.py for tasks to queue
[2024-01-22T15:32:59.412+0200] {logging_mixin.py:188} INFO - [2024-01-22T15:32:59.412+0200] {dagbag.py:538} INFO - Filling up the DagBag from /usr/local/lib/python3.10/dist-packages/airflow/example_dags/example_time_delta_sensor_async.py
[2024-01-22T15:32:59.427+0200] {processor.py:840} INFO - DAG(s) 'example_time_delta_sensor_async' retrieved from /usr/local/lib/python3.10/dist-packages/airflow/example_dags/example_time_delta_sensor_async.py
[2024-01-22T15:32:59.449+0200] {logging_mixin.py:188} INFO - [2024-01-22T15:32:59.449+0200] {dag.py:3036} INFO - Sync 1 DAGs
[2024-01-22T15:32:59.461+0200] {logging_mixin.py:188} INFO - [2024-01-22T15:32:59.461+0200] {dag.py:3823} INFO - Setting next_dagrun for example_time_delta_sensor_async to None, run_after=None
[2024-01-22T15:32:59.479+0200] {processor.py:183} INFO - Processing /usr/local/lib/python3.10/dist-packages/airflow/example_dags/example_time_delta_sensor_async.py took 0.073 seconds
[2024-01-22T15:33:55.697+0200] {processor.py:161} INFO - Started process (PID=41560) to work on /usr/local/lib/python3.10/dist-packages/airflow/example_dags/example_time_delta_sensor_async.py
[2024-01-22T15:33:55.705+0200] {processor.py:830} INFO - Processing file /usr/local/lib/python3.10/dist-packages/airflow/example_dags/example_time_delta_sensor_async.py for tasks to queue
[2024-01-22T15:33:55.706+0200] {logging_mixin.py:188} INFO - [2024-01-22T15:33:55.705+0200] {dagbag.py:538} INFO - Filling up the DagBag from /usr/local/lib/python3.10/dist-packages/airflow/example_dags/example_time_delta_sensor_async.py
[2024-01-22T15:33:55.714+0200] {processor.py:840} INFO - DAG(s) 'example_time_delta_sensor_async' retrieved from /usr/local/lib/python3.10/dist-packages/airflow/example_dags/example_time_delta_sensor_async.py
[2024-01-22T15:33:55.740+0200] {logging_mixin.py:188} INFO - [2024-01-22T15:33:55.740+0200] {dag.py:3036} INFO - Sync 1 DAGs
[2024-01-22T15:33:55.761+0200] {logging_mixin.py:188} INFO - [2024-01-22T15:33:55.761+0200] {dag.py:3823} INFO - Setting next_dagrun for example_time_delta_sensor_async to None, run_after=None
[2024-01-22T15:33:55.802+0200] {processor.py:183} INFO - Processing /usr/local/lib/python3.10/dist-packages/airflow/example_dags/example_time_delta_sensor_async.py took 0.108 seconds
[2024-01-22T15:34:47.351+0200] {processor.py:161} INFO - Started process (PID=41644) to work on /usr/local/lib/python3.10/dist-packages/airflow/example_dags/example_time_delta_sensor_async.py
[2024-01-22T15:34:47.353+0200] {processor.py:830} INFO - Processing file /usr/local/lib/python3.10/dist-packages/airflow/example_dags/example_time_delta_sensor_async.py for tasks to queue
[2024-01-22T15:34:47.353+0200] {logging_mixin.py:188} INFO - [2024-01-22T15:34:47.353+0200] {dagbag.py:538} INFO - Filling up the DagBag from /usr/local/lib/python3.10/dist-packages/airflow/example_dags/example_time_delta_sensor_async.py
[2024-01-22T15:34:47.358+0200] {processor.py:840} INFO - DAG(s) 'example_time_delta_sensor_async' retrieved from /usr/local/lib/python3.10/dist-packages/airflow/example_dags/example_time_delta_sensor_async.py
[2024-01-22T15:34:47.382+0200] {logging_mixin.py:188} INFO - [2024-01-22T15:34:47.382+0200] {dag.py:3036} INFO - Sync 1 DAGs
[2024-01-22T15:34:47.412+0200] {logging_mixin.py:188} INFO - [2024-01-22T15:34:47.403+0200] {dag.py:3823} INFO - Setting next_dagrun for example_time_delta_sensor_async to None, run_after=None
[2024-01-22T15:34:47.438+0200] {processor.py:183} INFO - Processing /usr/local/lib/python3.10/dist-packages/airflow/example_dags/example_time_delta_sensor_async.py took 0.101 seconds
[2024-01-22T15:35:34.290+0200] {processor.py:161} INFO - Started process (PID=41747) to work on /usr/local/lib/python3.10/dist-packages/airflow/example_dags/example_time_delta_sensor_async.py
[2024-01-22T15:35:34.299+0200] {processor.py:830} INFO - Processing file /usr/local/lib/python3.10/dist-packages/airflow/example_dags/example_time_delta_sensor_async.py for tasks to queue
[2024-01-22T15:35:34.301+0200] {logging_mixin.py:188} INFO - [2024-01-22T15:35:34.301+0200] {dagbag.py:538} INFO - Filling up the DagBag from /usr/local/lib/python3.10/dist-packages/airflow/example_dags/example_time_delta_sensor_async.py
[2024-01-22T15:35:34.332+0200] {processor.py:840} INFO - DAG(s) 'example_time_delta_sensor_async' retrieved from /usr/local/lib/python3.10/dist-packages/airflow/example_dags/example_time_delta_sensor_async.py
[2024-01-22T15:35:34.457+0200] {logging_mixin.py:188} INFO - [2024-01-22T15:35:34.457+0200] {dag.py:3036} INFO - Sync 1 DAGs
[2024-01-22T15:35:34.478+0200] {logging_mixin.py:188} INFO - [2024-01-22T15:35:34.478+0200] {dag.py:3823} INFO - Setting next_dagrun for example_time_delta_sensor_async to None, run_after=None
[2024-01-22T15:35:34.554+0200] {processor.py:183} INFO - Processing /usr/local/lib/python3.10/dist-packages/airflow/example_dags/example_time_delta_sensor_async.py took 0.267 seconds
[2024-01-22T15:36:21.891+0200] {processor.py:161} INFO - Started process (PID=41922) to work on /usr/local/lib/python3.10/dist-packages/airflow/example_dags/example_time_delta_sensor_async.py
[2024-01-22T15:36:21.895+0200] {processor.py:830} INFO - Processing file /usr/local/lib/python3.10/dist-packages/airflow/example_dags/example_time_delta_sensor_async.py for tasks to queue
[2024-01-22T15:36:21.896+0200] {logging_mixin.py:188} INFO - [2024-01-22T15:36:21.896+0200] {dagbag.py:538} INFO - Filling up the DagBag from /usr/local/lib/python3.10/dist-packages/airflow/example_dags/example_time_delta_sensor_async.py
[2024-01-22T15:36:21.910+0200] {processor.py:840} INFO - DAG(s) 'example_time_delta_sensor_async' retrieved from /usr/local/lib/python3.10/dist-packages/airflow/example_dags/example_time_delta_sensor_async.py
[2024-01-22T15:36:21.934+0200] {logging_mixin.py:188} INFO - [2024-01-22T15:36:21.934+0200] {dag.py:3036} INFO - Sync 1 DAGs
[2024-01-22T15:36:21.946+0200] {logging_mixin.py:188} INFO - [2024-01-22T15:36:21.946+0200] {dag.py:3823} INFO - Setting next_dagrun for example_time_delta_sensor_async to None, run_after=None
[2024-01-22T15:36:21.973+0200] {processor.py:183} INFO - Processing /usr/local/lib/python3.10/dist-packages/airflow/example_dags/example_time_delta_sensor_async.py took 0.086 seconds
[2024-01-22T15:37:07.786+0200] {processor.py:161} INFO - Started process (PID=42031) to work on /usr/local/lib/python3.10/dist-packages/airflow/example_dags/example_time_delta_sensor_async.py
[2024-01-22T15:37:07.787+0200] {processor.py:830} INFO - Processing file /usr/local/lib/python3.10/dist-packages/airflow/example_dags/example_time_delta_sensor_async.py for tasks to queue
[2024-01-22T15:37:07.788+0200] {logging_mixin.py:188} INFO - [2024-01-22T15:37:07.787+0200] {dagbag.py:538} INFO - Filling up the DagBag from /usr/local/lib/python3.10/dist-packages/airflow/example_dags/example_time_delta_sensor_async.py
[2024-01-22T15:37:07.807+0200] {processor.py:840} INFO - DAG(s) 'example_time_delta_sensor_async' retrieved from /usr/local/lib/python3.10/dist-packages/airflow/example_dags/example_time_delta_sensor_async.py
[2024-01-22T15:37:07.846+0200] {logging_mixin.py:188} INFO - [2024-01-22T15:37:07.845+0200] {dag.py:3036} INFO - Sync 1 DAGs
[2024-01-22T15:37:07.865+0200] {logging_mixin.py:188} INFO - [2024-01-22T15:37:07.865+0200] {dag.py:3823} INFO - Setting next_dagrun for example_time_delta_sensor_async to None, run_after=None
[2024-01-22T15:37:07.885+0200] {processor.py:183} INFO - Processing /usr/local/lib/python3.10/dist-packages/airflow/example_dags/example_time_delta_sensor_async.py took 0.105 seconds
[2024-01-22T15:37:51.922+0200] {processor.py:161} INFO - Started process (PID=42089) to work on /usr/local/lib/python3.10/dist-packages/airflow/example_dags/example_time_delta_sensor_async.py
[2024-01-22T15:37:51.925+0200] {processor.py:830} INFO - Processing file /usr/local/lib/python3.10/dist-packages/airflow/example_dags/example_time_delta_sensor_async.py for tasks to queue
[2024-01-22T15:37:51.926+0200] {logging_mixin.py:188} INFO - [2024-01-22T15:37:51.925+0200] {dagbag.py:538} INFO - Filling up the DagBag from /usr/local/lib/python3.10/dist-packages/airflow/example_dags/example_time_delta_sensor_async.py
[2024-01-22T15:37:51.933+0200] {processor.py:840} INFO - DAG(s) 'example_time_delta_sensor_async' retrieved from /usr/local/lib/python3.10/dist-packages/airflow/example_dags/example_time_delta_sensor_async.py
[2024-01-22T15:37:51.952+0200] {logging_mixin.py:188} INFO - [2024-01-22T15:37:51.952+0200] {dag.py:3036} INFO - Sync 1 DAGs
[2024-01-22T15:37:51.965+0200] {logging_mixin.py:188} INFO - [2024-01-22T15:37:51.965+0200] {dag.py:3823} INFO - Setting next_dagrun for example_time_delta_sensor_async to None, run_after=None
[2024-01-22T15:37:51.990+0200] {processor.py:183} INFO - Processing /usr/local/lib/python3.10/dist-packages/airflow/example_dags/example_time_delta_sensor_async.py took 0.073 seconds
[2024-01-22T15:38:30.427+0200] {processor.py:161} INFO - Started process (PID=42131) to work on /usr/local/lib/python3.10/dist-packages/airflow/example_dags/example_time_delta_sensor_async.py
[2024-01-22T15:38:30.428+0200] {processor.py:830} INFO - Processing file /usr/local/lib/python3.10/dist-packages/airflow/example_dags/example_time_delta_sensor_async.py for tasks to queue
[2024-01-22T15:38:30.429+0200] {logging_mixin.py:188} INFO - [2024-01-22T15:38:30.429+0200] {dagbag.py:538} INFO - Filling up the DagBag from /usr/local/lib/python3.10/dist-packages/airflow/example_dags/example_time_delta_sensor_async.py
[2024-01-22T15:38:30.436+0200] {processor.py:840} INFO - DAG(s) 'example_time_delta_sensor_async' retrieved from /usr/local/lib/python3.10/dist-packages/airflow/example_dags/example_time_delta_sensor_async.py
[2024-01-22T15:38:30.455+0200] {logging_mixin.py:188} INFO - [2024-01-22T15:38:30.455+0200] {dag.py:3036} INFO - Sync 1 DAGs
[2024-01-22T15:38:30.467+0200] {logging_mixin.py:188} INFO - [2024-01-22T15:38:30.467+0200] {dag.py:3823} INFO - Setting next_dagrun for example_time_delta_sensor_async to None, run_after=None
[2024-01-22T15:38:30.495+0200] {processor.py:183} INFO - Processing /usr/local/lib/python3.10/dist-packages/airflow/example_dags/example_time_delta_sensor_async.py took 0.073 seconds
[2024-01-22T15:39:19.286+0200] {processor.py:161} INFO - Started process (PID=42179) to work on /usr/local/lib/python3.10/dist-packages/airflow/example_dags/example_time_delta_sensor_async.py
[2024-01-22T15:39:19.288+0200] {processor.py:830} INFO - Processing file /usr/local/lib/python3.10/dist-packages/airflow/example_dags/example_time_delta_sensor_async.py for tasks to queue
[2024-01-22T15:39:19.289+0200] {logging_mixin.py:188} INFO - [2024-01-22T15:39:19.289+0200] {dagbag.py:538} INFO - Filling up the DagBag from /usr/local/lib/python3.10/dist-packages/airflow/example_dags/example_time_delta_sensor_async.py
[2024-01-22T15:39:19.294+0200] {processor.py:840} INFO - DAG(s) 'example_time_delta_sensor_async' retrieved from /usr/local/lib/python3.10/dist-packages/airflow/example_dags/example_time_delta_sensor_async.py
[2024-01-22T15:39:19.310+0200] {logging_mixin.py:188} INFO - [2024-01-22T15:39:19.310+0200] {dag.py:3036} INFO - Sync 1 DAGs
[2024-01-22T15:39:19.319+0200] {logging_mixin.py:188} INFO - [2024-01-22T15:39:19.319+0200] {dag.py:3823} INFO - Setting next_dagrun for example_time_delta_sensor_async to None, run_after=None
[2024-01-22T15:39:19.341+0200] {processor.py:183} INFO - Processing /usr/local/lib/python3.10/dist-packages/airflow/example_dags/example_time_delta_sensor_async.py took 0.058 seconds
[2024-01-22T15:40:00.099+0200] {processor.py:161} INFO - Started process (PID=42228) to work on /usr/local/lib/python3.10/dist-packages/airflow/example_dags/example_time_delta_sensor_async.py
[2024-01-22T15:40:00.102+0200] {processor.py:830} INFO - Processing file /usr/local/lib/python3.10/dist-packages/airflow/example_dags/example_time_delta_sensor_async.py for tasks to queue
[2024-01-22T15:40:00.103+0200] {logging_mixin.py:188} INFO - [2024-01-22T15:40:00.103+0200] {dagbag.py:538} INFO - Filling up the DagBag from /usr/local/lib/python3.10/dist-packages/airflow/example_dags/example_time_delta_sensor_async.py
[2024-01-22T15:40:00.122+0200] {processor.py:840} INFO - DAG(s) 'example_time_delta_sensor_async' retrieved from /usr/local/lib/python3.10/dist-packages/airflow/example_dags/example_time_delta_sensor_async.py
[2024-01-22T15:40:00.154+0200] {logging_mixin.py:188} INFO - [2024-01-22T15:40:00.154+0200] {dag.py:3036} INFO - Sync 1 DAGs
[2024-01-22T15:40:00.174+0200] {logging_mixin.py:188} INFO - [2024-01-22T15:40:00.174+0200] {dag.py:3823} INFO - Setting next_dagrun for example_time_delta_sensor_async to None, run_after=None
[2024-01-22T15:40:00.205+0200] {processor.py:183} INFO - Processing /usr/local/lib/python3.10/dist-packages/airflow/example_dags/example_time_delta_sensor_async.py took 0.109 seconds
[2024-01-22T15:40:42.404+0200] {processor.py:161} INFO - Started process (PID=42296) to work on /usr/local/lib/python3.10/dist-packages/airflow/example_dags/example_time_delta_sensor_async.py
[2024-01-22T15:40:42.408+0200] {processor.py:830} INFO - Processing file /usr/local/lib/python3.10/dist-packages/airflow/example_dags/example_time_delta_sensor_async.py for tasks to queue
[2024-01-22T15:40:42.409+0200] {logging_mixin.py:188} INFO - [2024-01-22T15:40:42.408+0200] {dagbag.py:538} INFO - Filling up the DagBag from /usr/local/lib/python3.10/dist-packages/airflow/example_dags/example_time_delta_sensor_async.py
[2024-01-22T15:40:42.416+0200] {processor.py:840} INFO - DAG(s) 'example_time_delta_sensor_async' retrieved from /usr/local/lib/python3.10/dist-packages/airflow/example_dags/example_time_delta_sensor_async.py
[2024-01-22T15:40:42.438+0200] {logging_mixin.py:188} INFO - [2024-01-22T15:40:42.437+0200] {dag.py:3036} INFO - Sync 1 DAGs
[2024-01-22T15:40:42.450+0200] {logging_mixin.py:188} INFO - [2024-01-22T15:40:42.450+0200] {dag.py:3823} INFO - Setting next_dagrun for example_time_delta_sensor_async to None, run_after=None
[2024-01-22T15:40:42.479+0200] {processor.py:183} INFO - Processing /usr/local/lib/python3.10/dist-packages/airflow/example_dags/example_time_delta_sensor_async.py took 0.080 seconds
[2024-01-22T15:41:20.590+0200] {processor.py:161} INFO - Started process (PID=42335) to work on /usr/local/lib/python3.10/dist-packages/airflow/example_dags/example_time_delta_sensor_async.py
[2024-01-22T15:41:20.591+0200] {processor.py:830} INFO - Processing file /usr/local/lib/python3.10/dist-packages/airflow/example_dags/example_time_delta_sensor_async.py for tasks to queue
[2024-01-22T15:41:20.592+0200] {logging_mixin.py:188} INFO - [2024-01-22T15:41:20.591+0200] {dagbag.py:538} INFO - Filling up the DagBag from /usr/local/lib/python3.10/dist-packages/airflow/example_dags/example_time_delta_sensor_async.py
[2024-01-22T15:41:20.596+0200] {processor.py:840} INFO - DAG(s) 'example_time_delta_sensor_async' retrieved from /usr/local/lib/python3.10/dist-packages/airflow/example_dags/example_time_delta_sensor_async.py
[2024-01-22T15:41:20.609+0200] {logging_mixin.py:188} INFO - [2024-01-22T15:41:20.608+0200] {dag.py:3036} INFO - Sync 1 DAGs
[2024-01-22T15:41:20.616+0200] {logging_mixin.py:188} INFO - [2024-01-22T15:41:20.615+0200] {dag.py:3823} INFO - Setting next_dagrun for example_time_delta_sensor_async to None, run_after=None
[2024-01-22T15:41:20.635+0200] {processor.py:183} INFO - Processing /usr/local/lib/python3.10/dist-packages/airflow/example_dags/example_time_delta_sensor_async.py took 0.047 seconds
[2024-01-22T15:41:56.796+0200] {processor.py:161} INFO - Started process (PID=42372) to work on /usr/local/lib/python3.10/dist-packages/airflow/example_dags/example_time_delta_sensor_async.py
[2024-01-22T15:41:56.799+0200] {processor.py:830} INFO - Processing file /usr/local/lib/python3.10/dist-packages/airflow/example_dags/example_time_delta_sensor_async.py for tasks to queue
[2024-01-22T15:41:56.800+0200] {logging_mixin.py:188} INFO - [2024-01-22T15:41:56.799+0200] {dagbag.py:538} INFO - Filling up the DagBag from /usr/local/lib/python3.10/dist-packages/airflow/example_dags/example_time_delta_sensor_async.py
[2024-01-22T15:41:56.807+0200] {processor.py:840} INFO - DAG(s) 'example_time_delta_sensor_async' retrieved from /usr/local/lib/python3.10/dist-packages/airflow/example_dags/example_time_delta_sensor_async.py
[2024-01-22T15:41:56.826+0200] {logging_mixin.py:188} INFO - [2024-01-22T15:41:56.826+0200] {dag.py:3036} INFO - Sync 1 DAGs
[2024-01-22T15:41:56.839+0200] {logging_mixin.py:188} INFO - [2024-01-22T15:41:56.839+0200] {dag.py:3823} INFO - Setting next_dagrun for example_time_delta_sensor_async to None, run_after=None
[2024-01-22T15:41:56.866+0200] {processor.py:183} INFO - Processing /usr/local/lib/python3.10/dist-packages/airflow/example_dags/example_time_delta_sensor_async.py took 0.074 seconds
[2024-01-22T15:42:33.821+0200] {processor.py:161} INFO - Started process (PID=42413) to work on /usr/local/lib/python3.10/dist-packages/airflow/example_dags/example_time_delta_sensor_async.py
[2024-01-22T15:42:33.823+0200] {processor.py:830} INFO - Processing file /usr/local/lib/python3.10/dist-packages/airflow/example_dags/example_time_delta_sensor_async.py for tasks to queue
[2024-01-22T15:42:33.824+0200] {logging_mixin.py:188} INFO - [2024-01-22T15:42:33.824+0200] {dagbag.py:538} INFO - Filling up the DagBag from /usr/local/lib/python3.10/dist-packages/airflow/example_dags/example_time_delta_sensor_async.py
[2024-01-22T15:42:33.831+0200] {processor.py:840} INFO - DAG(s) 'example_time_delta_sensor_async' retrieved from /usr/local/lib/python3.10/dist-packages/airflow/example_dags/example_time_delta_sensor_async.py
[2024-01-22T15:42:33.851+0200] {logging_mixin.py:188} INFO - [2024-01-22T15:42:33.851+0200] {dag.py:3036} INFO - Sync 1 DAGs
[2024-01-22T15:42:33.862+0200] {logging_mixin.py:188} INFO - [2024-01-22T15:42:33.862+0200] {dag.py:3823} INFO - Setting next_dagrun for example_time_delta_sensor_async to None, run_after=None
[2024-01-22T15:42:33.881+0200] {processor.py:183} INFO - Processing /usr/local/lib/python3.10/dist-packages/airflow/example_dags/example_time_delta_sensor_async.py took 0.064 seconds
[2024-01-22T15:43:13.648+0200] {processor.py:161} INFO - Started process (PID=42459) to work on /usr/local/lib/python3.10/dist-packages/airflow/example_dags/example_time_delta_sensor_async.py
[2024-01-22T15:43:13.649+0200] {processor.py:830} INFO - Processing file /usr/local/lib/python3.10/dist-packages/airflow/example_dags/example_time_delta_sensor_async.py for tasks to queue
[2024-01-22T15:43:13.650+0200] {logging_mixin.py:188} INFO - [2024-01-22T15:43:13.650+0200] {dagbag.py:538} INFO - Filling up the DagBag from /usr/local/lib/python3.10/dist-packages/airflow/example_dags/example_time_delta_sensor_async.py
[2024-01-22T15:43:13.655+0200] {processor.py:840} INFO - DAG(s) 'example_time_delta_sensor_async' retrieved from /usr/local/lib/python3.10/dist-packages/airflow/example_dags/example_time_delta_sensor_async.py
[2024-01-22T15:43:13.669+0200] {logging_mixin.py:188} INFO - [2024-01-22T15:43:13.669+0200] {dag.py:3036} INFO - Sync 1 DAGs
[2024-01-22T15:43:13.678+0200] {logging_mixin.py:188} INFO - [2024-01-22T15:43:13.678+0200] {dag.py:3823} INFO - Setting next_dagrun for example_time_delta_sensor_async to None, run_after=None
[2024-01-22T15:43:13.695+0200] {processor.py:183} INFO - Processing /usr/local/lib/python3.10/dist-packages/airflow/example_dags/example_time_delta_sensor_async.py took 0.050 seconds
[2024-01-22T15:43:47.525+0200] {processor.py:161} INFO - Started process (PID=42494) to work on /usr/local/lib/python3.10/dist-packages/airflow/example_dags/example_time_delta_sensor_async.py
[2024-01-22T15:43:47.527+0200] {processor.py:830} INFO - Processing file /usr/local/lib/python3.10/dist-packages/airflow/example_dags/example_time_delta_sensor_async.py for tasks to queue
[2024-01-22T15:43:47.528+0200] {logging_mixin.py:188} INFO - [2024-01-22T15:43:47.527+0200] {dagbag.py:538} INFO - Filling up the DagBag from /usr/local/lib/python3.10/dist-packages/airflow/example_dags/example_time_delta_sensor_async.py
[2024-01-22T15:43:47.535+0200] {processor.py:840} INFO - DAG(s) 'example_time_delta_sensor_async' retrieved from /usr/local/lib/python3.10/dist-packages/airflow/example_dags/example_time_delta_sensor_async.py
[2024-01-22T15:43:47.554+0200] {logging_mixin.py:188} INFO - [2024-01-22T15:43:47.554+0200] {dag.py:3036} INFO - Sync 1 DAGs
[2024-01-22T15:43:47.566+0200] {logging_mixin.py:188} INFO - [2024-01-22T15:43:47.566+0200] {dag.py:3823} INFO - Setting next_dagrun for example_time_delta_sensor_async to None, run_after=None
[2024-01-22T15:43:47.592+0200] {processor.py:183} INFO - Processing /usr/local/lib/python3.10/dist-packages/airflow/example_dags/example_time_delta_sensor_async.py took 0.071 seconds
[2024-01-22T15:44:24.605+0200] {processor.py:161} INFO - Started process (PID=42532) to work on /usr/local/lib/python3.10/dist-packages/airflow/example_dags/example_time_delta_sensor_async.py
[2024-01-22T15:44:24.607+0200] {processor.py:830} INFO - Processing file /usr/local/lib/python3.10/dist-packages/airflow/example_dags/example_time_delta_sensor_async.py for tasks to queue
[2024-01-22T15:44:24.608+0200] {logging_mixin.py:188} INFO - [2024-01-22T15:44:24.608+0200] {dagbag.py:538} INFO - Filling up the DagBag from /usr/local/lib/python3.10/dist-packages/airflow/example_dags/example_time_delta_sensor_async.py
[2024-01-22T15:44:24.616+0200] {processor.py:840} INFO - DAG(s) 'example_time_delta_sensor_async' retrieved from /usr/local/lib/python3.10/dist-packages/airflow/example_dags/example_time_delta_sensor_async.py
[2024-01-22T15:44:24.636+0200] {logging_mixin.py:188} INFO - [2024-01-22T15:44:24.636+0200] {dag.py:3036} INFO - Sync 1 DAGs
[2024-01-22T15:44:24.650+0200] {logging_mixin.py:188} INFO - [2024-01-22T15:44:24.650+0200] {dag.py:3823} INFO - Setting next_dagrun for example_time_delta_sensor_async to None, run_after=None
[2024-01-22T15:44:24.677+0200] {processor.py:183} INFO - Processing /usr/local/lib/python3.10/dist-packages/airflow/example_dags/example_time_delta_sensor_async.py took 0.077 seconds
[2024-01-22T15:44:56.562+0200] {processor.py:161} INFO - Started process (PID=42565) to work on /usr/local/lib/python3.10/dist-packages/airflow/example_dags/example_time_delta_sensor_async.py
[2024-01-22T15:44:56.564+0200] {processor.py:830} INFO - Processing file /usr/local/lib/python3.10/dist-packages/airflow/example_dags/example_time_delta_sensor_async.py for tasks to queue
[2024-01-22T15:44:56.566+0200] {logging_mixin.py:188} INFO - [2024-01-22T15:44:56.565+0200] {dagbag.py:538} INFO - Filling up the DagBag from /usr/local/lib/python3.10/dist-packages/airflow/example_dags/example_time_delta_sensor_async.py
[2024-01-22T15:44:56.573+0200] {processor.py:840} INFO - DAG(s) 'example_time_delta_sensor_async' retrieved from /usr/local/lib/python3.10/dist-packages/airflow/example_dags/example_time_delta_sensor_async.py
[2024-01-22T15:44:56.597+0200] {logging_mixin.py:188} INFO - [2024-01-22T15:44:56.597+0200] {dag.py:3036} INFO - Sync 1 DAGs
[2024-01-22T15:44:56.609+0200] {logging_mixin.py:188} INFO - [2024-01-22T15:44:56.609+0200] {dag.py:3823} INFO - Setting next_dagrun for example_time_delta_sensor_async to None, run_after=None
[2024-01-22T15:44:56.636+0200] {processor.py:183} INFO - Processing /usr/local/lib/python3.10/dist-packages/airflow/example_dags/example_time_delta_sensor_async.py took 0.079 seconds
[2024-01-22T15:45:30.631+0200] {processor.py:161} INFO - Started process (PID=42655) to work on /usr/local/lib/python3.10/dist-packages/airflow/example_dags/example_time_delta_sensor_async.py
[2024-01-22T15:45:30.633+0200] {processor.py:830} INFO - Processing file /usr/local/lib/python3.10/dist-packages/airflow/example_dags/example_time_delta_sensor_async.py for tasks to queue
[2024-01-22T15:45:30.634+0200] {logging_mixin.py:188} INFO - [2024-01-22T15:45:30.633+0200] {dagbag.py:538} INFO - Filling up the DagBag from /usr/local/lib/python3.10/dist-packages/airflow/example_dags/example_time_delta_sensor_async.py
[2024-01-22T15:45:30.641+0200] {processor.py:840} INFO - DAG(s) 'example_time_delta_sensor_async' retrieved from /usr/local/lib/python3.10/dist-packages/airflow/example_dags/example_time_delta_sensor_async.py
[2024-01-22T15:45:30.663+0200] {logging_mixin.py:188} INFO - [2024-01-22T15:45:30.662+0200] {dag.py:3036} INFO - Sync 1 DAGs
[2024-01-22T15:45:30.677+0200] {logging_mixin.py:188} INFO - [2024-01-22T15:45:30.677+0200] {dag.py:3823} INFO - Setting next_dagrun for example_time_delta_sensor_async to None, run_after=None
[2024-01-22T15:45:30.707+0200] {processor.py:183} INFO - Processing /usr/local/lib/python3.10/dist-packages/airflow/example_dags/example_time_delta_sensor_async.py took 0.081 seconds
[2024-01-22T15:46:09.501+0200] {processor.py:161} INFO - Started process (PID=42700) to work on /usr/local/lib/python3.10/dist-packages/airflow/example_dags/example_time_delta_sensor_async.py
[2024-01-22T15:46:09.508+0200] {processor.py:830} INFO - Processing file /usr/local/lib/python3.10/dist-packages/airflow/example_dags/example_time_delta_sensor_async.py for tasks to queue
[2024-01-22T15:46:09.509+0200] {logging_mixin.py:188} INFO - [2024-01-22T15:46:09.509+0200] {dagbag.py:538} INFO - Filling up the DagBag from /usr/local/lib/python3.10/dist-packages/airflow/example_dags/example_time_delta_sensor_async.py
[2024-01-22T15:46:09.520+0200] {processor.py:840} INFO - DAG(s) 'example_time_delta_sensor_async' retrieved from /usr/local/lib/python3.10/dist-packages/airflow/example_dags/example_time_delta_sensor_async.py
[2024-01-22T15:46:09.541+0200] {logging_mixin.py:188} INFO - [2024-01-22T15:46:09.541+0200] {dag.py:3036} INFO - Sync 1 DAGs
[2024-01-22T15:46:09.567+0200] {logging_mixin.py:188} INFO - [2024-01-22T15:46:09.567+0200] {dag.py:3823} INFO - Setting next_dagrun for example_time_delta_sensor_async to None, run_after=None
[2024-01-22T15:46:09.594+0200] {processor.py:183} INFO - Processing /usr/local/lib/python3.10/dist-packages/airflow/example_dags/example_time_delta_sensor_async.py took 0.096 seconds
[2024-01-22T15:47:08.655+0200] {processor.py:161} INFO - Started process (PID=43654) to work on /usr/local/lib/python3.10/dist-packages/airflow/example_dags/example_time_delta_sensor_async.py
[2024-01-22T15:47:08.658+0200] {processor.py:830} INFO - Processing file /usr/local/lib/python3.10/dist-packages/airflow/example_dags/example_time_delta_sensor_async.py for tasks to queue
[2024-01-22T15:47:08.659+0200] {logging_mixin.py:188} INFO - [2024-01-22T15:47:08.658+0200] {dagbag.py:538} INFO - Filling up the DagBag from /usr/local/lib/python3.10/dist-packages/airflow/example_dags/example_time_delta_sensor_async.py
[2024-01-22T15:47:08.665+0200] {processor.py:840} INFO - DAG(s) 'example_time_delta_sensor_async' retrieved from /usr/local/lib/python3.10/dist-packages/airflow/example_dags/example_time_delta_sensor_async.py
[2024-01-22T15:47:08.682+0200] {logging_mixin.py:188} INFO - [2024-01-22T15:47:08.682+0200] {dag.py:3036} INFO - Sync 1 DAGs
[2024-01-22T15:47:08.691+0200] {logging_mixin.py:188} INFO - [2024-01-22T15:47:08.691+0200] {dag.py:3823} INFO - Setting next_dagrun for example_time_delta_sensor_async to None, run_after=None
[2024-01-22T15:47:08.723+0200] {processor.py:183} INFO - Processing /usr/local/lib/python3.10/dist-packages/airflow/example_dags/example_time_delta_sensor_async.py took 0.078 seconds
[2024-01-22T15:47:53.520+0200] {processor.py:161} INFO - Started process (PID=43743) to work on /usr/local/lib/python3.10/dist-packages/airflow/example_dags/example_time_delta_sensor_async.py
[2024-01-22T15:47:53.524+0200] {processor.py:830} INFO - Processing file /usr/local/lib/python3.10/dist-packages/airflow/example_dags/example_time_delta_sensor_async.py for tasks to queue
[2024-01-22T15:47:53.525+0200] {logging_mixin.py:188} INFO - [2024-01-22T15:47:53.524+0200] {dagbag.py:538} INFO - Filling up the DagBag from /usr/local/lib/python3.10/dist-packages/airflow/example_dags/example_time_delta_sensor_async.py
[2024-01-22T15:47:53.533+0200] {processor.py:840} INFO - DAG(s) 'example_time_delta_sensor_async' retrieved from /usr/local/lib/python3.10/dist-packages/airflow/example_dags/example_time_delta_sensor_async.py
[2024-01-22T15:47:53.554+0200] {logging_mixin.py:188} INFO - [2024-01-22T15:47:53.553+0200] {dag.py:3036} INFO - Sync 1 DAGs
[2024-01-22T15:47:53.565+0200] {logging_mixin.py:188} INFO - [2024-01-22T15:47:53.565+0200] {dag.py:3823} INFO - Setting next_dagrun for example_time_delta_sensor_async to None, run_after=None
[2024-01-22T15:47:53.593+0200] {processor.py:183} INFO - Processing /usr/local/lib/python3.10/dist-packages/airflow/example_dags/example_time_delta_sensor_async.py took 0.079 seconds
[2024-01-22T15:48:40.216+0200] {processor.py:161} INFO - Started process (PID=43925) to work on /usr/local/lib/python3.10/dist-packages/airflow/example_dags/example_time_delta_sensor_async.py
[2024-01-22T15:48:40.218+0200] {processor.py:830} INFO - Processing file /usr/local/lib/python3.10/dist-packages/airflow/example_dags/example_time_delta_sensor_async.py for tasks to queue
[2024-01-22T15:48:40.219+0200] {logging_mixin.py:188} INFO - [2024-01-22T15:48:40.219+0200] {dagbag.py:538} INFO - Filling up the DagBag from /usr/local/lib/python3.10/dist-packages/airflow/example_dags/example_time_delta_sensor_async.py
[2024-01-22T15:48:40.225+0200] {processor.py:840} INFO - DAG(s) 'example_time_delta_sensor_async' retrieved from /usr/local/lib/python3.10/dist-packages/airflow/example_dags/example_time_delta_sensor_async.py
[2024-01-22T15:48:40.239+0200] {logging_mixin.py:188} INFO - [2024-01-22T15:48:40.239+0200] {dag.py:3036} INFO - Sync 1 DAGs
[2024-01-22T15:48:40.247+0200] {logging_mixin.py:188} INFO - [2024-01-22T15:48:40.247+0200] {dag.py:3823} INFO - Setting next_dagrun for example_time_delta_sensor_async to None, run_after=None
[2024-01-22T15:48:40.266+0200] {processor.py:183} INFO - Processing /usr/local/lib/python3.10/dist-packages/airflow/example_dags/example_time_delta_sensor_async.py took 0.052 seconds
