[2024-01-22T15:30:11.069+0200] {processor.py:161} INFO - Started process (PID=40573) to work on /usr/local/lib/python3.10/dist-packages/airflow/example_dags/example_python_operator.py
[2024-01-22T15:30:11.070+0200] {processor.py:830} INFO - Processing file /usr/local/lib/python3.10/dist-packages/airflow/example_dags/example_python_operator.py for tasks to queue
[2024-01-22T15:30:11.075+0200] {logging_mixin.py:188} INFO - [2024-01-22T15:30:11.075+0200] {dagbag.py:538} INFO - Filling up the DagBag from /usr/local/lib/python3.10/dist-packages/airflow/example_dags/example_python_operator.py
[2024-01-22T15:30:11.101+0200] {processor.py:840} INFO - DAG(s) 'example_python_operator' retrieved from /usr/local/lib/python3.10/dist-packages/airflow/example_dags/example_python_operator.py
[2024-01-22T15:30:11.351+0200] {logging_mixin.py:188} INFO - [2024-01-22T15:30:11.351+0200] {dag.py:3036} INFO - Sync 1 DAGs
[2024-01-22T15:30:11.388+0200] {logging_mixin.py:188} INFO - [2024-01-22T15:30:11.388+0200] {dag.py:3823} INFO - Setting next_dagrun for example_python_operator to None, run_after=None
[2024-01-22T15:30:11.439+0200] {processor.py:183} INFO - Processing /usr/local/lib/python3.10/dist-packages/airflow/example_dags/example_python_operator.py took 0.378 seconds
[2024-01-22T15:31:28.586+0200] {processor.py:161} INFO - Started process (PID=40874) to work on /usr/local/lib/python3.10/dist-packages/airflow/example_dags/example_python_operator.py
[2024-01-22T15:31:28.595+0200] {processor.py:830} INFO - Processing file /usr/local/lib/python3.10/dist-packages/airflow/example_dags/example_python_operator.py for tasks to queue
[2024-01-22T15:31:28.601+0200] {logging_mixin.py:188} INFO - [2024-01-22T15:31:28.599+0200] {dagbag.py:538} INFO - Filling up the DagBag from /usr/local/lib/python3.10/dist-packages/airflow/example_dags/example_python_operator.py
[2024-01-22T15:31:28.690+0200] {processor.py:840} INFO - DAG(s) 'example_python_operator' retrieved from /usr/local/lib/python3.10/dist-packages/airflow/example_dags/example_python_operator.py
[2024-01-22T15:31:28.734+0200] {logging_mixin.py:188} INFO - [2024-01-22T15:31:28.734+0200] {dag.py:3036} INFO - Sync 1 DAGs
[2024-01-22T15:31:28.756+0200] {logging_mixin.py:188} INFO - [2024-01-22T15:31:28.756+0200] {dag.py:3823} INFO - Setting next_dagrun for example_python_operator to None, run_after=None
[2024-01-22T15:31:28.808+0200] {processor.py:183} INFO - Processing /usr/local/lib/python3.10/dist-packages/airflow/example_dags/example_python_operator.py took 0.249 seconds
[2024-01-22T15:32:05.998+0200] {processor.py:161} INFO - Started process (PID=41091) to work on /usr/local/lib/python3.10/dist-packages/airflow/example_dags/example_python_operator.py
[2024-01-22T15:32:06.001+0200] {processor.py:830} INFO - Processing file /usr/local/lib/python3.10/dist-packages/airflow/example_dags/example_python_operator.py for tasks to queue
[2024-01-22T15:32:06.002+0200] {logging_mixin.py:188} INFO - [2024-01-22T15:32:06.002+0200] {dagbag.py:538} INFO - Filling up the DagBag from /usr/local/lib/python3.10/dist-packages/airflow/example_dags/example_python_operator.py
[2024-01-22T15:32:06.030+0200] {processor.py:840} INFO - DAG(s) 'example_python_operator' retrieved from /usr/local/lib/python3.10/dist-packages/airflow/example_dags/example_python_operator.py
[2024-01-22T15:32:06.050+0200] {logging_mixin.py:188} INFO - [2024-01-22T15:32:06.050+0200] {dag.py:3036} INFO - Sync 1 DAGs
[2024-01-22T15:32:06.082+0200] {logging_mixin.py:188} INFO - [2024-01-22T15:32:06.073+0200] {dag.py:3823} INFO - Setting next_dagrun for example_python_operator to None, run_after=None
[2024-01-22T15:32:06.129+0200] {processor.py:183} INFO - Processing /usr/local/lib/python3.10/dist-packages/airflow/example_dags/example_python_operator.py took 0.134 seconds
[2024-01-22T15:32:54.432+0200] {processor.py:161} INFO - Started process (PID=41242) to work on /usr/local/lib/python3.10/dist-packages/airflow/example_dags/example_python_operator.py
[2024-01-22T15:32:54.437+0200] {processor.py:830} INFO - Processing file /usr/local/lib/python3.10/dist-packages/airflow/example_dags/example_python_operator.py for tasks to queue
[2024-01-22T15:32:54.438+0200] {logging_mixin.py:188} INFO - [2024-01-22T15:32:54.437+0200] {dagbag.py:538} INFO - Filling up the DagBag from /usr/local/lib/python3.10/dist-packages/airflow/example_dags/example_python_operator.py
[2024-01-22T15:32:54.533+0200] {processor.py:840} INFO - DAG(s) 'example_python_operator' retrieved from /usr/local/lib/python3.10/dist-packages/airflow/example_dags/example_python_operator.py
[2024-01-22T15:32:54.556+0200] {logging_mixin.py:188} INFO - [2024-01-22T15:32:54.556+0200] {dag.py:3036} INFO - Sync 1 DAGs
[2024-01-22T15:32:54.573+0200] {logging_mixin.py:188} INFO - [2024-01-22T15:32:54.573+0200] {dag.py:3823} INFO - Setting next_dagrun for example_python_operator to None, run_after=None
[2024-01-22T15:32:54.596+0200] {processor.py:183} INFO - Processing /usr/local/lib/python3.10/dist-packages/airflow/example_dags/example_python_operator.py took 0.167 seconds
[2024-01-22T15:33:51.134+0200] {processor.py:161} INFO - Started process (PID=41554) to work on /usr/local/lib/python3.10/dist-packages/airflow/example_dags/example_python_operator.py
[2024-01-22T15:33:51.138+0200] {processor.py:830} INFO - Processing file /usr/local/lib/python3.10/dist-packages/airflow/example_dags/example_python_operator.py for tasks to queue
[2024-01-22T15:33:51.139+0200] {logging_mixin.py:188} INFO - [2024-01-22T15:33:51.139+0200] {dagbag.py:538} INFO - Filling up the DagBag from /usr/local/lib/python3.10/dist-packages/airflow/example_dags/example_python_operator.py
[2024-01-22T15:33:51.157+0200] {processor.py:840} INFO - DAG(s) 'example_python_operator' retrieved from /usr/local/lib/python3.10/dist-packages/airflow/example_dags/example_python_operator.py
[2024-01-22T15:33:51.194+0200] {logging_mixin.py:188} INFO - [2024-01-22T15:33:51.194+0200] {dag.py:3036} INFO - Sync 1 DAGs
[2024-01-22T15:33:51.212+0200] {logging_mixin.py:188} INFO - [2024-01-22T15:33:51.211+0200] {dag.py:3823} INFO - Setting next_dagrun for example_python_operator to None, run_after=None
[2024-01-22T15:33:51.250+0200] {processor.py:183} INFO - Processing /usr/local/lib/python3.10/dist-packages/airflow/example_dags/example_python_operator.py took 0.122 seconds
[2024-01-22T15:34:43.638+0200] {processor.py:161} INFO - Started process (PID=41640) to work on /usr/local/lib/python3.10/dist-packages/airflow/example_dags/example_python_operator.py
[2024-01-22T15:34:43.640+0200] {processor.py:830} INFO - Processing file /usr/local/lib/python3.10/dist-packages/airflow/example_dags/example_python_operator.py for tasks to queue
[2024-01-22T15:34:43.644+0200] {logging_mixin.py:188} INFO - [2024-01-22T15:34:43.641+0200] {dagbag.py:538} INFO - Filling up the DagBag from /usr/local/lib/python3.10/dist-packages/airflow/example_dags/example_python_operator.py
[2024-01-22T15:34:43.665+0200] {processor.py:840} INFO - DAG(s) 'example_python_operator' retrieved from /usr/local/lib/python3.10/dist-packages/airflow/example_dags/example_python_operator.py
[2024-01-22T15:34:43.691+0200] {logging_mixin.py:188} INFO - [2024-01-22T15:34:43.691+0200] {dag.py:3036} INFO - Sync 1 DAGs
[2024-01-22T15:34:43.712+0200] {logging_mixin.py:188} INFO - [2024-01-22T15:34:43.711+0200] {dag.py:3823} INFO - Setting next_dagrun for example_python_operator to None, run_after=None
[2024-01-22T15:34:43.753+0200] {processor.py:183} INFO - Processing /usr/local/lib/python3.10/dist-packages/airflow/example_dags/example_python_operator.py took 0.124 seconds
[2024-01-22T15:35:29.352+0200] {processor.py:161} INFO - Started process (PID=41722) to work on /usr/local/lib/python3.10/dist-packages/airflow/example_dags/example_python_operator.py
[2024-01-22T15:35:29.362+0200] {processor.py:830} INFO - Processing file /usr/local/lib/python3.10/dist-packages/airflow/example_dags/example_python_operator.py for tasks to queue
[2024-01-22T15:35:29.365+0200] {logging_mixin.py:188} INFO - [2024-01-22T15:35:29.363+0200] {dagbag.py:538} INFO - Filling up the DagBag from /usr/local/lib/python3.10/dist-packages/airflow/example_dags/example_python_operator.py
[2024-01-22T15:35:29.381+0200] {processor.py:840} INFO - DAG(s) 'example_python_operator' retrieved from /usr/local/lib/python3.10/dist-packages/airflow/example_dags/example_python_operator.py
[2024-01-22T15:35:29.429+0200] {logging_mixin.py:188} INFO - [2024-01-22T15:35:29.428+0200] {dag.py:3036} INFO - Sync 1 DAGs
[2024-01-22T15:35:29.436+0200] {logging_mixin.py:188} INFO - [2024-01-22T15:35:29.436+0200] {dag.py:3823} INFO - Setting next_dagrun for example_python_operator to None, run_after=None
[2024-01-22T15:35:29.482+0200] {processor.py:183} INFO - Processing /usr/local/lib/python3.10/dist-packages/airflow/example_dags/example_python_operator.py took 0.133 seconds
[2024-01-22T15:36:17.915+0200] {processor.py:161} INFO - Started process (PID=41918) to work on /usr/local/lib/python3.10/dist-packages/airflow/example_dags/example_python_operator.py
[2024-01-22T15:36:17.917+0200] {processor.py:830} INFO - Processing file /usr/local/lib/python3.10/dist-packages/airflow/example_dags/example_python_operator.py for tasks to queue
[2024-01-22T15:36:17.918+0200] {logging_mixin.py:188} INFO - [2024-01-22T15:36:17.917+0200] {dagbag.py:538} INFO - Filling up the DagBag from /usr/local/lib/python3.10/dist-packages/airflow/example_dags/example_python_operator.py
[2024-01-22T15:36:17.929+0200] {processor.py:840} INFO - DAG(s) 'example_python_operator' retrieved from /usr/local/lib/python3.10/dist-packages/airflow/example_dags/example_python_operator.py
[2024-01-22T15:36:17.942+0200] {logging_mixin.py:188} INFO - [2024-01-22T15:36:17.941+0200] {dag.py:3036} INFO - Sync 1 DAGs
[2024-01-22T15:36:17.949+0200] {logging_mixin.py:188} INFO - [2024-01-22T15:36:17.949+0200] {dag.py:3823} INFO - Setting next_dagrun for example_python_operator to None, run_after=None
[2024-01-22T15:36:17.967+0200] {processor.py:183} INFO - Processing /usr/local/lib/python3.10/dist-packages/airflow/example_dags/example_python_operator.py took 0.055 seconds
[2024-01-22T15:37:02.552+0200] {processor.py:161} INFO - Started process (PID=42022) to work on /usr/local/lib/python3.10/dist-packages/airflow/example_dags/example_python_operator.py
[2024-01-22T15:37:02.558+0200] {processor.py:830} INFO - Processing file /usr/local/lib/python3.10/dist-packages/airflow/example_dags/example_python_operator.py for tasks to queue
[2024-01-22T15:37:02.559+0200] {logging_mixin.py:188} INFO - [2024-01-22T15:37:02.558+0200] {dagbag.py:538} INFO - Filling up the DagBag from /usr/local/lib/python3.10/dist-packages/airflow/example_dags/example_python_operator.py
[2024-01-22T15:37:02.583+0200] {processor.py:840} INFO - DAG(s) 'example_python_operator' retrieved from /usr/local/lib/python3.10/dist-packages/airflow/example_dags/example_python_operator.py
[2024-01-22T15:37:02.620+0200] {logging_mixin.py:188} INFO - [2024-01-22T15:37:02.619+0200] {dag.py:3036} INFO - Sync 1 DAGs
[2024-01-22T15:37:02.641+0200] {logging_mixin.py:188} INFO - [2024-01-22T15:37:02.640+0200] {dag.py:3823} INFO - Setting next_dagrun for example_python_operator to None, run_after=None
[2024-01-22T15:37:02.680+0200] {processor.py:183} INFO - Processing /usr/local/lib/python3.10/dist-packages/airflow/example_dags/example_python_operator.py took 0.135 seconds
[2024-01-22T15:37:47.915+0200] {processor.py:161} INFO - Started process (PID=42085) to work on /usr/local/lib/python3.10/dist-packages/airflow/example_dags/example_python_operator.py
[2024-01-22T15:37:47.919+0200] {processor.py:830} INFO - Processing file /usr/local/lib/python3.10/dist-packages/airflow/example_dags/example_python_operator.py for tasks to queue
[2024-01-22T15:37:47.920+0200] {logging_mixin.py:188} INFO - [2024-01-22T15:37:47.919+0200] {dagbag.py:538} INFO - Filling up the DagBag from /usr/local/lib/python3.10/dist-packages/airflow/example_dags/example_python_operator.py
[2024-01-22T15:37:47.934+0200] {processor.py:840} INFO - DAG(s) 'example_python_operator' retrieved from /usr/local/lib/python3.10/dist-packages/airflow/example_dags/example_python_operator.py
[2024-01-22T15:37:47.955+0200] {logging_mixin.py:188} INFO - [2024-01-22T15:37:47.954+0200] {dag.py:3036} INFO - Sync 1 DAGs
[2024-01-22T15:37:47.966+0200] {logging_mixin.py:188} INFO - [2024-01-22T15:37:47.966+0200] {dag.py:3823} INFO - Setting next_dagrun for example_python_operator to None, run_after=None
[2024-01-22T15:37:47.991+0200] {processor.py:183} INFO - Processing /usr/local/lib/python3.10/dist-packages/airflow/example_dags/example_python_operator.py took 0.080 seconds
[2024-01-22T15:38:27.550+0200] {processor.py:161} INFO - Started process (PID=42127) to work on /usr/local/lib/python3.10/dist-packages/airflow/example_dags/example_python_operator.py
[2024-01-22T15:38:27.551+0200] {processor.py:830} INFO - Processing file /usr/local/lib/python3.10/dist-packages/airflow/example_dags/example_python_operator.py for tasks to queue
[2024-01-22T15:38:27.552+0200] {logging_mixin.py:188} INFO - [2024-01-22T15:38:27.552+0200] {dagbag.py:538} INFO - Filling up the DagBag from /usr/local/lib/python3.10/dist-packages/airflow/example_dags/example_python_operator.py
[2024-01-22T15:38:27.562+0200] {processor.py:840} INFO - DAG(s) 'example_python_operator' retrieved from /usr/local/lib/python3.10/dist-packages/airflow/example_dags/example_python_operator.py
[2024-01-22T15:38:27.576+0200] {logging_mixin.py:188} INFO - [2024-01-22T15:38:27.576+0200] {dag.py:3036} INFO - Sync 1 DAGs
[2024-01-22T15:38:27.584+0200] {logging_mixin.py:188} INFO - [2024-01-22T15:38:27.584+0200] {dag.py:3823} INFO - Setting next_dagrun for example_python_operator to None, run_after=None
[2024-01-22T15:38:27.602+0200] {processor.py:183} INFO - Processing /usr/local/lib/python3.10/dist-packages/airflow/example_dags/example_python_operator.py took 0.055 seconds
[2024-01-22T15:39:01.879+0200] {processor.py:161} INFO - Started process (PID=42162) to work on /usr/local/lib/python3.10/dist-packages/airflow/example_dags/example_python_operator.py
[2024-01-22T15:39:01.880+0200] {processor.py:830} INFO - Processing file /usr/local/lib/python3.10/dist-packages/airflow/example_dags/example_python_operator.py for tasks to queue
[2024-01-22T15:39:01.881+0200] {logging_mixin.py:188} INFO - [2024-01-22T15:39:01.880+0200] {dagbag.py:538} INFO - Filling up the DagBag from /usr/local/lib/python3.10/dist-packages/airflow/example_dags/example_python_operator.py
[2024-01-22T15:39:01.891+0200] {processor.py:840} INFO - DAG(s) 'example_python_operator' retrieved from /usr/local/lib/python3.10/dist-packages/airflow/example_dags/example_python_operator.py
[2024-01-22T15:39:01.905+0200] {logging_mixin.py:188} INFO - [2024-01-22T15:39:01.904+0200] {dag.py:3036} INFO - Sync 1 DAGs
[2024-01-22T15:39:01.914+0200] {logging_mixin.py:188} INFO - [2024-01-22T15:39:01.914+0200] {dag.py:3823} INFO - Setting next_dagrun for example_python_operator to None, run_after=None
[2024-01-22T15:39:01.931+0200] {processor.py:183} INFO - Processing /usr/local/lib/python3.10/dist-packages/airflow/example_dags/example_python_operator.py took 0.056 seconds
[2024-01-22T15:39:40.398+0200] {processor.py:161} INFO - Started process (PID=42208) to work on /usr/local/lib/python3.10/dist-packages/airflow/example_dags/example_python_operator.py
[2024-01-22T15:39:40.400+0200] {processor.py:830} INFO - Processing file /usr/local/lib/python3.10/dist-packages/airflow/example_dags/example_python_operator.py for tasks to queue
[2024-01-22T15:39:40.400+0200] {logging_mixin.py:188} INFO - [2024-01-22T15:39:40.400+0200] {dagbag.py:538} INFO - Filling up the DagBag from /usr/local/lib/python3.10/dist-packages/airflow/example_dags/example_python_operator.py
[2024-01-22T15:39:40.410+0200] {processor.py:840} INFO - DAG(s) 'example_python_operator' retrieved from /usr/local/lib/python3.10/dist-packages/airflow/example_dags/example_python_operator.py
[2024-01-22T15:39:40.424+0200] {logging_mixin.py:188} INFO - [2024-01-22T15:39:40.424+0200] {dag.py:3036} INFO - Sync 1 DAGs
[2024-01-22T15:39:40.432+0200] {logging_mixin.py:188} INFO - [2024-01-22T15:39:40.432+0200] {dag.py:3823} INFO - Setting next_dagrun for example_python_operator to None, run_after=None
[2024-01-22T15:39:40.451+0200] {processor.py:183} INFO - Processing /usr/local/lib/python3.10/dist-packages/airflow/example_dags/example_python_operator.py took 0.056 seconds
[2024-01-22T15:40:24.001+0200] {processor.py:161} INFO - Started process (PID=42277) to work on /usr/local/lib/python3.10/dist-packages/airflow/example_dags/example_python_operator.py
[2024-01-22T15:40:24.006+0200] {processor.py:830} INFO - Processing file /usr/local/lib/python3.10/dist-packages/airflow/example_dags/example_python_operator.py for tasks to queue
[2024-01-22T15:40:24.008+0200] {logging_mixin.py:188} INFO - [2024-01-22T15:40:24.007+0200] {dagbag.py:538} INFO - Filling up the DagBag from /usr/local/lib/python3.10/dist-packages/airflow/example_dags/example_python_operator.py
[2024-01-22T15:40:24.046+0200] {processor.py:840} INFO - DAG(s) 'example_python_operator' retrieved from /usr/local/lib/python3.10/dist-packages/airflow/example_dags/example_python_operator.py
[2024-01-22T15:40:24.077+0200] {logging_mixin.py:188} INFO - [2024-01-22T15:40:24.077+0200] {dag.py:3036} INFO - Sync 1 DAGs
[2024-01-22T15:40:24.091+0200] {logging_mixin.py:188} INFO - [2024-01-22T15:40:24.091+0200] {dag.py:3823} INFO - Setting next_dagrun for example_python_operator to None, run_after=None
[2024-01-22T15:40:24.114+0200] {processor.py:183} INFO - Processing /usr/local/lib/python3.10/dist-packages/airflow/example_dags/example_python_operator.py took 0.118 seconds
[2024-01-22T15:41:03.996+0200] {processor.py:161} INFO - Started process (PID=42318) to work on /usr/local/lib/python3.10/dist-packages/airflow/example_dags/example_python_operator.py
[2024-01-22T15:41:04.000+0200] {processor.py:830} INFO - Processing file /usr/local/lib/python3.10/dist-packages/airflow/example_dags/example_python_operator.py for tasks to queue
[2024-01-22T15:41:04.001+0200] {logging_mixin.py:188} INFO - [2024-01-22T15:41:04.000+0200] {dagbag.py:538} INFO - Filling up the DagBag from /usr/local/lib/python3.10/dist-packages/airflow/example_dags/example_python_operator.py
[2024-01-22T15:41:04.016+0200] {processor.py:840} INFO - DAG(s) 'example_python_operator' retrieved from /usr/local/lib/python3.10/dist-packages/airflow/example_dags/example_python_operator.py
[2024-01-22T15:41:04.041+0200] {logging_mixin.py:188} INFO - [2024-01-22T15:41:04.040+0200] {dag.py:3036} INFO - Sync 1 DAGs
[2024-01-22T15:41:04.054+0200] {logging_mixin.py:188} INFO - [2024-01-22T15:41:04.054+0200] {dag.py:3823} INFO - Setting next_dagrun for example_python_operator to None, run_after=None
[2024-01-22T15:41:04.081+0200] {processor.py:183} INFO - Processing /usr/local/lib/python3.10/dist-packages/airflow/example_dags/example_python_operator.py took 0.090 seconds
[2024-01-22T15:41:40.068+0200] {processor.py:161} INFO - Started process (PID=42356) to work on /usr/local/lib/python3.10/dist-packages/airflow/example_dags/example_python_operator.py
[2024-01-22T15:41:40.070+0200] {processor.py:830} INFO - Processing file /usr/local/lib/python3.10/dist-packages/airflow/example_dags/example_python_operator.py for tasks to queue
[2024-01-22T15:41:40.071+0200] {logging_mixin.py:188} INFO - [2024-01-22T15:41:40.071+0200] {dagbag.py:538} INFO - Filling up the DagBag from /usr/local/lib/python3.10/dist-packages/airflow/example_dags/example_python_operator.py
[2024-01-22T15:41:40.081+0200] {processor.py:840} INFO - DAG(s) 'example_python_operator' retrieved from /usr/local/lib/python3.10/dist-packages/airflow/example_dags/example_python_operator.py
[2024-01-22T15:41:40.094+0200] {logging_mixin.py:188} INFO - [2024-01-22T15:41:40.094+0200] {dag.py:3036} INFO - Sync 1 DAGs
[2024-01-22T15:41:40.103+0200] {logging_mixin.py:188} INFO - [2024-01-22T15:41:40.102+0200] {dag.py:3823} INFO - Setting next_dagrun for example_python_operator to None, run_after=None
[2024-01-22T15:41:40.123+0200] {processor.py:183} INFO - Processing /usr/local/lib/python3.10/dist-packages/airflow/example_dags/example_python_operator.py took 0.057 seconds
[2024-01-22T15:42:16.187+0200] {processor.py:161} INFO - Started process (PID=42394) to work on /usr/local/lib/python3.10/dist-packages/airflow/example_dags/example_python_operator.py
[2024-01-22T15:42:16.189+0200] {processor.py:830} INFO - Processing file /usr/local/lib/python3.10/dist-packages/airflow/example_dags/example_python_operator.py for tasks to queue
[2024-01-22T15:42:16.189+0200] {logging_mixin.py:188} INFO - [2024-01-22T15:42:16.189+0200] {dagbag.py:538} INFO - Filling up the DagBag from /usr/local/lib/python3.10/dist-packages/airflow/example_dags/example_python_operator.py
[2024-01-22T15:42:16.210+0200] {processor.py:840} INFO - DAG(s) 'example_python_operator' retrieved from /usr/local/lib/python3.10/dist-packages/airflow/example_dags/example_python_operator.py
[2024-01-22T15:42:16.251+0200] {logging_mixin.py:188} INFO - [2024-01-22T15:42:16.251+0200] {dag.py:3036} INFO - Sync 1 DAGs
[2024-01-22T15:42:16.260+0200] {logging_mixin.py:188} INFO - [2024-01-22T15:42:16.260+0200] {dag.py:3823} INFO - Setting next_dagrun for example_python_operator to None, run_after=None
[2024-01-22T15:42:16.310+0200] {processor.py:183} INFO - Processing /usr/local/lib/python3.10/dist-packages/airflow/example_dags/example_python_operator.py took 0.126 seconds
[2024-01-22T15:42:56.906+0200] {processor.py:161} INFO - Started process (PID=42441) to work on /usr/local/lib/python3.10/dist-packages/airflow/example_dags/example_python_operator.py
[2024-01-22T15:42:56.910+0200] {processor.py:830} INFO - Processing file /usr/local/lib/python3.10/dist-packages/airflow/example_dags/example_python_operator.py for tasks to queue
[2024-01-22T15:42:56.911+0200] {logging_mixin.py:188} INFO - [2024-01-22T15:42:56.911+0200] {dagbag.py:538} INFO - Filling up the DagBag from /usr/local/lib/python3.10/dist-packages/airflow/example_dags/example_python_operator.py
[2024-01-22T15:42:56.925+0200] {processor.py:840} INFO - DAG(s) 'example_python_operator' retrieved from /usr/local/lib/python3.10/dist-packages/airflow/example_dags/example_python_operator.py
[2024-01-22T15:42:56.955+0200] {logging_mixin.py:188} INFO - [2024-01-22T15:42:56.955+0200] {dag.py:3036} INFO - Sync 1 DAGs
[2024-01-22T15:42:56.973+0200] {logging_mixin.py:188} INFO - [2024-01-22T15:42:56.972+0200] {dag.py:3823} INFO - Setting next_dagrun for example_python_operator to None, run_after=None
[2024-01-22T15:42:56.997+0200] {processor.py:183} INFO - Processing /usr/local/lib/python3.10/dist-packages/airflow/example_dags/example_python_operator.py took 0.095 seconds
[2024-01-22T15:43:33.948+0200] {processor.py:161} INFO - Started process (PID=42480) to work on /usr/local/lib/python3.10/dist-packages/airflow/example_dags/example_python_operator.py
[2024-01-22T15:43:33.954+0200] {processor.py:830} INFO - Processing file /usr/local/lib/python3.10/dist-packages/airflow/example_dags/example_python_operator.py for tasks to queue
[2024-01-22T15:43:33.956+0200] {logging_mixin.py:188} INFO - [2024-01-22T15:43:33.955+0200] {dagbag.py:538} INFO - Filling up the DagBag from /usr/local/lib/python3.10/dist-packages/airflow/example_dags/example_python_operator.py
[2024-01-22T15:43:33.992+0200] {processor.py:840} INFO - DAG(s) 'example_python_operator' retrieved from /usr/local/lib/python3.10/dist-packages/airflow/example_dags/example_python_operator.py
[2024-01-22T15:43:34.055+0200] {logging_mixin.py:188} INFO - [2024-01-22T15:43:34.055+0200] {dag.py:3036} INFO - Sync 1 DAGs
[2024-01-22T15:43:34.079+0200] {logging_mixin.py:188} INFO - [2024-01-22T15:43:34.079+0200] {dag.py:3823} INFO - Setting next_dagrun for example_python_operator to None, run_after=None
[2024-01-22T15:43:34.143+0200] {processor.py:183} INFO - Processing /usr/local/lib/python3.10/dist-packages/airflow/example_dags/example_python_operator.py took 0.210 seconds
[2024-01-22T15:44:06.897+0200] {processor.py:161} INFO - Started process (PID=42513) to work on /usr/local/lib/python3.10/dist-packages/airflow/example_dags/example_python_operator.py
[2024-01-22T15:44:06.898+0200] {processor.py:830} INFO - Processing file /usr/local/lib/python3.10/dist-packages/airflow/example_dags/example_python_operator.py for tasks to queue
[2024-01-22T15:44:06.900+0200] {logging_mixin.py:188} INFO - [2024-01-22T15:44:06.899+0200] {dagbag.py:538} INFO - Filling up the DagBag from /usr/local/lib/python3.10/dist-packages/airflow/example_dags/example_python_operator.py
[2024-01-22T15:44:06.916+0200] {processor.py:840} INFO - DAG(s) 'example_python_operator' retrieved from /usr/local/lib/python3.10/dist-packages/airflow/example_dags/example_python_operator.py
[2024-01-22T15:44:06.939+0200] {logging_mixin.py:188} INFO - [2024-01-22T15:44:06.939+0200] {dag.py:3036} INFO - Sync 1 DAGs
[2024-01-22T15:44:06.951+0200] {logging_mixin.py:188} INFO - [2024-01-22T15:44:06.950+0200] {dag.py:3823} INFO - Setting next_dagrun for example_python_operator to None, run_after=None
[2024-01-22T15:44:06.976+0200] {processor.py:183} INFO - Processing /usr/local/lib/python3.10/dist-packages/airflow/example_dags/example_python_operator.py took 0.085 seconds
[2024-01-22T15:44:40.361+0200] {processor.py:161} INFO - Started process (PID=42549) to work on /usr/local/lib/python3.10/dist-packages/airflow/example_dags/example_python_operator.py
[2024-01-22T15:44:40.363+0200] {processor.py:830} INFO - Processing file /usr/local/lib/python3.10/dist-packages/airflow/example_dags/example_python_operator.py for tasks to queue
[2024-01-22T15:44:40.364+0200] {logging_mixin.py:188} INFO - [2024-01-22T15:44:40.364+0200] {dagbag.py:538} INFO - Filling up the DagBag from /usr/local/lib/python3.10/dist-packages/airflow/example_dags/example_python_operator.py
[2024-01-22T15:44:40.380+0200] {processor.py:840} INFO - DAG(s) 'example_python_operator' retrieved from /usr/local/lib/python3.10/dist-packages/airflow/example_dags/example_python_operator.py
[2024-01-22T15:44:40.400+0200] {logging_mixin.py:188} INFO - [2024-01-22T15:44:40.400+0200] {dag.py:3036} INFO - Sync 1 DAGs
[2024-01-22T15:44:40.414+0200] {logging_mixin.py:188} INFO - [2024-01-22T15:44:40.414+0200] {dag.py:3823} INFO - Setting next_dagrun for example_python_operator to None, run_after=None
[2024-01-22T15:44:40.442+0200] {processor.py:183} INFO - Processing /usr/local/lib/python3.10/dist-packages/airflow/example_dags/example_python_operator.py took 0.085 seconds
[2024-01-22T15:45:12.598+0200] {processor.py:161} INFO - Started process (PID=42610) to work on /usr/local/lib/python3.10/dist-packages/airflow/example_dags/example_python_operator.py
[2024-01-22T15:45:12.600+0200] {processor.py:830} INFO - Processing file /usr/local/lib/python3.10/dist-packages/airflow/example_dags/example_python_operator.py for tasks to queue
[2024-01-22T15:45:12.601+0200] {logging_mixin.py:188} INFO - [2024-01-22T15:45:12.600+0200] {dagbag.py:538} INFO - Filling up the DagBag from /usr/local/lib/python3.10/dist-packages/airflow/example_dags/example_python_operator.py
[2024-01-22T15:45:12.615+0200] {processor.py:840} INFO - DAG(s) 'example_python_operator' retrieved from /usr/local/lib/python3.10/dist-packages/airflow/example_dags/example_python_operator.py
[2024-01-22T15:45:12.635+0200] {logging_mixin.py:188} INFO - [2024-01-22T15:45:12.635+0200] {dag.py:3036} INFO - Sync 1 DAGs
[2024-01-22T15:45:12.649+0200] {logging_mixin.py:188} INFO - [2024-01-22T15:45:12.649+0200] {dag.py:3823} INFO - Setting next_dagrun for example_python_operator to None, run_after=None
[2024-01-22T15:45:12.679+0200] {processor.py:183} INFO - Processing /usr/local/lib/python3.10/dist-packages/airflow/example_dags/example_python_operator.py took 0.085 seconds
[2024-01-22T15:45:47.657+0200] {processor.py:161} INFO - Started process (PID=42673) to work on /usr/local/lib/python3.10/dist-packages/airflow/example_dags/example_python_operator.py
[2024-01-22T15:45:47.659+0200] {processor.py:830} INFO - Processing file /usr/local/lib/python3.10/dist-packages/airflow/example_dags/example_python_operator.py for tasks to queue
[2024-01-22T15:45:47.662+0200] {logging_mixin.py:188} INFO - [2024-01-22T15:45:47.660+0200] {dagbag.py:538} INFO - Filling up the DagBag from /usr/local/lib/python3.10/dist-packages/airflow/example_dags/example_python_operator.py
[2024-01-22T15:45:47.715+0200] {processor.py:840} INFO - DAG(s) 'example_python_operator' retrieved from /usr/local/lib/python3.10/dist-packages/airflow/example_dags/example_python_operator.py
[2024-01-22T15:45:47.782+0200] {logging_mixin.py:188} INFO - [2024-01-22T15:45:47.782+0200] {dag.py:3036} INFO - Sync 1 DAGs
[2024-01-22T15:45:47.808+0200] {logging_mixin.py:188} INFO - [2024-01-22T15:45:47.808+0200] {dag.py:3823} INFO - Setting next_dagrun for example_python_operator to None, run_after=None
[2024-01-22T15:45:47.836+0200] {processor.py:183} INFO - Processing /usr/local/lib/python3.10/dist-packages/airflow/example_dags/example_python_operator.py took 0.189 seconds
[2024-01-22T15:46:36.365+0200] {processor.py:161} INFO - Started process (PID=42841) to work on /usr/local/lib/python3.10/dist-packages/airflow/example_dags/example_python_operator.py
[2024-01-22T15:46:36.382+0200] {processor.py:830} INFO - Processing file /usr/local/lib/python3.10/dist-packages/airflow/example_dags/example_python_operator.py for tasks to queue
[2024-01-22T15:46:36.383+0200] {logging_mixin.py:188} INFO - [2024-01-22T15:46:36.383+0200] {dagbag.py:538} INFO - Filling up the DagBag from /usr/local/lib/python3.10/dist-packages/airflow/example_dags/example_python_operator.py
[2024-01-22T15:46:36.414+0200] {processor.py:840} INFO - DAG(s) 'example_python_operator' retrieved from /usr/local/lib/python3.10/dist-packages/airflow/example_dags/example_python_operator.py
[2024-01-22T15:46:36.507+0200] {logging_mixin.py:188} INFO - [2024-01-22T15:46:36.505+0200] {dag.py:3036} INFO - Sync 1 DAGs
[2024-01-22T15:46:36.571+0200] {logging_mixin.py:188} INFO - [2024-01-22T15:46:36.567+0200] {dag.py:3823} INFO - Setting next_dagrun for example_python_operator to None, run_after=None
[2024-01-22T15:46:36.631+0200] {processor.py:183} INFO - Processing /usr/local/lib/python3.10/dist-packages/airflow/example_dags/example_python_operator.py took 0.269 seconds
[2024-01-22T15:47:30.870+0200] {processor.py:161} INFO - Started process (PID=43678) to work on /usr/local/lib/python3.10/dist-packages/airflow/example_dags/example_python_operator.py
[2024-01-22T15:47:30.873+0200] {processor.py:830} INFO - Processing file /usr/local/lib/python3.10/dist-packages/airflow/example_dags/example_python_operator.py for tasks to queue
[2024-01-22T15:47:30.873+0200] {logging_mixin.py:188} INFO - [2024-01-22T15:47:30.873+0200] {dagbag.py:538} INFO - Filling up the DagBag from /usr/local/lib/python3.10/dist-packages/airflow/example_dags/example_python_operator.py
[2024-01-22T15:47:30.884+0200] {processor.py:840} INFO - DAG(s) 'example_python_operator' retrieved from /usr/local/lib/python3.10/dist-packages/airflow/example_dags/example_python_operator.py
[2024-01-22T15:47:30.897+0200] {logging_mixin.py:188} INFO - [2024-01-22T15:47:30.897+0200] {dag.py:3036} INFO - Sync 1 DAGs
[2024-01-22T15:47:30.906+0200] {logging_mixin.py:188} INFO - [2024-01-22T15:47:30.905+0200] {dag.py:3823} INFO - Setting next_dagrun for example_python_operator to None, run_after=None
[2024-01-22T15:47:30.924+0200] {processor.py:183} INFO - Processing /usr/local/lib/python3.10/dist-packages/airflow/example_dags/example_python_operator.py took 0.057 seconds
[2024-01-22T15:48:13.353+0200] {processor.py:161} INFO - Started process (PID=43796) to work on /usr/local/lib/python3.10/dist-packages/airflow/example_dags/example_python_operator.py
[2024-01-22T15:48:13.355+0200] {processor.py:830} INFO - Processing file /usr/local/lib/python3.10/dist-packages/airflow/example_dags/example_python_operator.py for tasks to queue
[2024-01-22T15:48:13.356+0200] {logging_mixin.py:188} INFO - [2024-01-22T15:48:13.355+0200] {dagbag.py:538} INFO - Filling up the DagBag from /usr/local/lib/python3.10/dist-packages/airflow/example_dags/example_python_operator.py
[2024-01-22T15:48:13.368+0200] {processor.py:840} INFO - DAG(s) 'example_python_operator' retrieved from /usr/local/lib/python3.10/dist-packages/airflow/example_dags/example_python_operator.py
[2024-01-22T15:48:13.383+0200] {logging_mixin.py:188} INFO - [2024-01-22T15:48:13.383+0200] {dag.py:3036} INFO - Sync 1 DAGs
[2024-01-22T15:48:13.392+0200] {logging_mixin.py:188} INFO - [2024-01-22T15:48:13.392+0200] {dag.py:3823} INFO - Setting next_dagrun for example_python_operator to None, run_after=None
[2024-01-22T15:48:13.419+0200] {processor.py:183} INFO - Processing /usr/local/lib/python3.10/dist-packages/airflow/example_dags/example_python_operator.py took 0.069 seconds
