[2024-01-22T15:30:59.270+0200] {processor.py:161} INFO - Started process (PID=40665) to work on /usr/local/lib/python3.10/dist-packages/airflow/example_dags/example_dag_decorator.py
[2024-01-22T15:30:59.279+0200] {processor.py:830} INFO - Processing file /usr/local/lib/python3.10/dist-packages/airflow/example_dags/example_dag_decorator.py for tasks to queue
[2024-01-22T15:30:59.286+0200] {logging_mixin.py:188} INFO - [2024-01-22T15:30:59.281+0200] {dagbag.py:538} INFO - Filling up the DagBag from /usr/local/lib/python3.10/dist-packages/airflow/example_dags/example_dag_decorator.py
[2024-01-22T15:31:00.162+0200] {processor.py:840} INFO - DAG(s) 'example_dag_decorator' retrieved from /usr/local/lib/python3.10/dist-packages/airflow/example_dags/example_dag_decorator.py
[2024-01-22T15:31:01.055+0200] {logging_mixin.py:188} INFO - [2024-01-22T15:31:01.054+0200] {dag.py:3036} INFO - Sync 1 DAGs
[2024-01-22T15:31:01.168+0200] {logging_mixin.py:188} INFO - [2024-01-22T15:31:01.168+0200] {dag.py:3823} INFO - Setting next_dagrun for example_dag_decorator to None, run_after=None
[2024-01-22T15:31:01.274+0200] {processor.py:183} INFO - Processing /usr/local/lib/python3.10/dist-packages/airflow/example_dags/example_dag_decorator.py took 2.014 seconds
[2024-01-22T15:32:13.872+0200] {processor.py:161} INFO - Started process (PID=41140) to work on /usr/local/lib/python3.10/dist-packages/airflow/example_dags/example_dag_decorator.py
[2024-01-22T15:32:13.875+0200] {processor.py:830} INFO - Processing file /usr/local/lib/python3.10/dist-packages/airflow/example_dags/example_dag_decorator.py for tasks to queue
[2024-01-22T15:32:13.876+0200] {logging_mixin.py:188} INFO - [2024-01-22T15:32:13.876+0200] {dagbag.py:538} INFO - Filling up the DagBag from /usr/local/lib/python3.10/dist-packages/airflow/example_dags/example_dag_decorator.py
[2024-01-22T15:32:14.372+0200] {processor.py:840} INFO - DAG(s) 'example_dag_decorator' retrieved from /usr/local/lib/python3.10/dist-packages/airflow/example_dags/example_dag_decorator.py
[2024-01-22T15:32:14.698+0200] {logging_mixin.py:188} INFO - [2024-01-22T15:32:14.697+0200] {dag.py:3036} INFO - Sync 1 DAGs
[2024-01-22T15:32:14.706+0200] {logging_mixin.py:188} INFO - [2024-01-22T15:32:14.706+0200] {dag.py:3823} INFO - Setting next_dagrun for example_dag_decorator to None, run_after=None
[2024-01-22T15:32:14.748+0200] {processor.py:183} INFO - Processing /usr/local/lib/python3.10/dist-packages/airflow/example_dags/example_dag_decorator.py took 0.912 seconds
[2024-01-22T15:33:08.426+0200] {processor.py:161} INFO - Started process (PID=41325) to work on /usr/local/lib/python3.10/dist-packages/airflow/example_dags/example_dag_decorator.py
[2024-01-22T15:33:08.434+0200] {processor.py:830} INFO - Processing file /usr/local/lib/python3.10/dist-packages/airflow/example_dags/example_dag_decorator.py for tasks to queue
[2024-01-22T15:33:08.436+0200] {logging_mixin.py:188} INFO - [2024-01-22T15:33:08.435+0200] {dagbag.py:538} INFO - Filling up the DagBag from /usr/local/lib/python3.10/dist-packages/airflow/example_dags/example_dag_decorator.py
[2024-01-22T15:33:09.123+0200] {processor.py:840} INFO - DAG(s) 'example_dag_decorator' retrieved from /usr/local/lib/python3.10/dist-packages/airflow/example_dags/example_dag_decorator.py
[2024-01-22T15:33:09.599+0200] {logging_mixin.py:188} INFO - [2024-01-22T15:33:09.599+0200] {dag.py:3036} INFO - Sync 1 DAGs
[2024-01-22T15:33:09.610+0200] {logging_mixin.py:188} INFO - [2024-01-22T15:33:09.610+0200] {dag.py:3823} INFO - Setting next_dagrun for example_dag_decorator to None, run_after=None
[2024-01-22T15:33:09.642+0200] {processor.py:183} INFO - Processing /usr/local/lib/python3.10/dist-packages/airflow/example_dags/example_dag_decorator.py took 1.236 seconds
[2024-01-22T15:34:07.534+0200] {processor.py:161} INFO - Started process (PID=41590) to work on /usr/local/lib/python3.10/dist-packages/airflow/example_dags/example_dag_decorator.py
[2024-01-22T15:34:07.540+0200] {processor.py:830} INFO - Processing file /usr/local/lib/python3.10/dist-packages/airflow/example_dags/example_dag_decorator.py for tasks to queue
[2024-01-22T15:34:07.541+0200] {logging_mixin.py:188} INFO - [2024-01-22T15:34:07.541+0200] {dagbag.py:538} INFO - Filling up the DagBag from /usr/local/lib/python3.10/dist-packages/airflow/example_dags/example_dag_decorator.py
[2024-01-22T15:34:07.814+0200] {processor.py:840} INFO - DAG(s) 'example_dag_decorator' retrieved from /usr/local/lib/python3.10/dist-packages/airflow/example_dags/example_dag_decorator.py
[2024-01-22T15:34:08.183+0200] {logging_mixin.py:188} INFO - [2024-01-22T15:34:08.183+0200] {dag.py:3036} INFO - Sync 1 DAGs
[2024-01-22T15:34:08.220+0200] {logging_mixin.py:188} INFO - [2024-01-22T15:34:08.220+0200] {dag.py:3823} INFO - Setting next_dagrun for example_dag_decorator to None, run_after=None
[2024-01-22T15:34:08.315+0200] {processor.py:183} INFO - Processing /usr/local/lib/python3.10/dist-packages/airflow/example_dags/example_dag_decorator.py took 0.783 seconds
[2024-01-22T15:35:00.080+0200] {processor.py:161} INFO - Started process (PID=41660) to work on /usr/local/lib/python3.10/dist-packages/airflow/example_dags/example_dag_decorator.py
[2024-01-22T15:35:00.083+0200] {processor.py:830} INFO - Processing file /usr/local/lib/python3.10/dist-packages/airflow/example_dags/example_dag_decorator.py for tasks to queue
[2024-01-22T15:35:00.084+0200] {logging_mixin.py:188} INFO - [2024-01-22T15:35:00.083+0200] {dagbag.py:538} INFO - Filling up the DagBag from /usr/local/lib/python3.10/dist-packages/airflow/example_dags/example_dag_decorator.py
[2024-01-22T15:35:00.212+0200] {processor.py:840} INFO - DAG(s) 'example_dag_decorator' retrieved from /usr/local/lib/python3.10/dist-packages/airflow/example_dags/example_dag_decorator.py
[2024-01-22T15:35:00.237+0200] {logging_mixin.py:188} INFO - [2024-01-22T15:35:00.237+0200] {dag.py:3036} INFO - Sync 1 DAGs
[2024-01-22T15:35:00.257+0200] {logging_mixin.py:188} INFO - [2024-01-22T15:35:00.257+0200] {dag.py:3823} INFO - Setting next_dagrun for example_dag_decorator to None, run_after=None
[2024-01-22T15:35:00.295+0200] {processor.py:183} INFO - Processing /usr/local/lib/python3.10/dist-packages/airflow/example_dags/example_dag_decorator.py took 0.223 seconds
[2024-01-22T15:36:11.162+0200] {processor.py:161} INFO - Started process (PID=41910) to work on /usr/local/lib/python3.10/dist-packages/airflow/example_dags/example_dag_decorator.py
[2024-01-22T15:36:11.164+0200] {processor.py:830} INFO - Processing file /usr/local/lib/python3.10/dist-packages/airflow/example_dags/example_dag_decorator.py for tasks to queue
[2024-01-22T15:36:11.165+0200] {logging_mixin.py:188} INFO - [2024-01-22T15:36:11.165+0200] {dagbag.py:538} INFO - Filling up the DagBag from /usr/local/lib/python3.10/dist-packages/airflow/example_dags/example_dag_decorator.py
[2024-01-22T15:36:11.632+0200] {processor.py:840} INFO - DAG(s) 'example_dag_decorator' retrieved from /usr/local/lib/python3.10/dist-packages/airflow/example_dags/example_dag_decorator.py
[2024-01-22T15:36:12.281+0200] {logging_mixin.py:188} INFO - [2024-01-22T15:36:12.280+0200] {dag.py:3036} INFO - Sync 1 DAGs
[2024-01-22T15:36:12.292+0200] {logging_mixin.py:188} INFO - [2024-01-22T15:36:12.291+0200] {dag.py:3823} INFO - Setting next_dagrun for example_dag_decorator to None, run_after=None
[2024-01-22T15:36:12.356+0200] {processor.py:183} INFO - Processing /usr/local/lib/python3.10/dist-packages/airflow/example_dags/example_dag_decorator.py took 1.198 seconds
[2024-01-22T15:37:19.386+0200] {processor.py:161} INFO - Started process (PID=42056) to work on /usr/local/lib/python3.10/dist-packages/airflow/example_dags/example_dag_decorator.py
[2024-01-22T15:37:19.388+0200] {processor.py:830} INFO - Processing file /usr/local/lib/python3.10/dist-packages/airflow/example_dags/example_dag_decorator.py for tasks to queue
[2024-01-22T15:37:19.408+0200] {logging_mixin.py:188} INFO - [2024-01-22T15:37:19.404+0200] {dagbag.py:538} INFO - Filling up the DagBag from /usr/local/lib/python3.10/dist-packages/airflow/example_dags/example_dag_decorator.py
[2024-01-22T15:37:19.776+0200] {processor.py:840} INFO - DAG(s) 'example_dag_decorator' retrieved from /usr/local/lib/python3.10/dist-packages/airflow/example_dags/example_dag_decorator.py
[2024-01-22T15:37:20.135+0200] {logging_mixin.py:188} INFO - [2024-01-22T15:37:20.134+0200] {dag.py:3036} INFO - Sync 1 DAGs
[2024-01-22T15:37:20.141+0200] {logging_mixin.py:188} INFO - [2024-01-22T15:37:20.141+0200] {dag.py:3823} INFO - Setting next_dagrun for example_dag_decorator to None, run_after=None
[2024-01-22T15:37:20.171+0200] {processor.py:183} INFO - Processing /usr/local/lib/python3.10/dist-packages/airflow/example_dags/example_dag_decorator.py took 0.801 seconds
[2024-01-22T15:38:21.419+0200] {processor.py:161} INFO - Started process (PID=42121) to work on /usr/local/lib/python3.10/dist-packages/airflow/example_dags/example_dag_decorator.py
[2024-01-22T15:38:21.420+0200] {processor.py:830} INFO - Processing file /usr/local/lib/python3.10/dist-packages/airflow/example_dags/example_dag_decorator.py for tasks to queue
[2024-01-22T15:38:21.421+0200] {logging_mixin.py:188} INFO - [2024-01-22T15:38:21.421+0200] {dagbag.py:538} INFO - Filling up the DagBag from /usr/local/lib/python3.10/dist-packages/airflow/example_dags/example_dag_decorator.py
[2024-01-22T15:38:21.483+0200] {processor.py:840} INFO - DAG(s) 'example_dag_decorator' retrieved from /usr/local/lib/python3.10/dist-packages/airflow/example_dags/example_dag_decorator.py
[2024-01-22T15:38:21.566+0200] {logging_mixin.py:188} INFO - [2024-01-22T15:38:21.566+0200] {dag.py:3036} INFO - Sync 1 DAGs
[2024-01-22T15:38:21.573+0200] {logging_mixin.py:188} INFO - [2024-01-22T15:38:21.572+0200] {dag.py:3823} INFO - Setting next_dagrun for example_dag_decorator to None, run_after=None
[2024-01-22T15:38:21.589+0200] {processor.py:183} INFO - Processing /usr/local/lib/python3.10/dist-packages/airflow/example_dags/example_dag_decorator.py took 0.174 seconds
[2024-01-22T15:39:14.260+0200] {processor.py:161} INFO - Started process (PID=42175) to work on /usr/local/lib/python3.10/dist-packages/airflow/example_dags/example_dag_decorator.py
[2024-01-22T15:39:14.263+0200] {processor.py:830} INFO - Processing file /usr/local/lib/python3.10/dist-packages/airflow/example_dags/example_dag_decorator.py for tasks to queue
[2024-01-22T15:39:14.264+0200] {logging_mixin.py:188} INFO - [2024-01-22T15:39:14.263+0200] {dagbag.py:538} INFO - Filling up the DagBag from /usr/local/lib/python3.10/dist-packages/airflow/example_dags/example_dag_decorator.py
[2024-01-22T15:39:14.358+0200] {processor.py:840} INFO - DAG(s) 'example_dag_decorator' retrieved from /usr/local/lib/python3.10/dist-packages/airflow/example_dags/example_dag_decorator.py
[2024-01-22T15:39:14.641+0200] {logging_mixin.py:188} INFO - [2024-01-22T15:39:14.641+0200] {dag.py:3036} INFO - Sync 1 DAGs
[2024-01-22T15:39:14.695+0200] {logging_mixin.py:188} INFO - [2024-01-22T15:39:14.695+0200] {dag.py:3823} INFO - Setting next_dagrun for example_dag_decorator to None, run_after=None
[2024-01-22T15:39:14.807+0200] {processor.py:183} INFO - Processing /usr/local/lib/python3.10/dist-packages/airflow/example_dags/example_dag_decorator.py took 0.551 seconds
[2024-01-22T15:40:16.598+0200] {processor.py:161} INFO - Started process (PID=42271) to work on /usr/local/lib/python3.10/dist-packages/airflow/example_dags/example_dag_decorator.py
[2024-01-22T15:40:16.601+0200] {processor.py:830} INFO - Processing file /usr/local/lib/python3.10/dist-packages/airflow/example_dags/example_dag_decorator.py for tasks to queue
[2024-01-22T15:40:16.602+0200] {logging_mixin.py:188} INFO - [2024-01-22T15:40:16.602+0200] {dagbag.py:538} INFO - Filling up the DagBag from /usr/local/lib/python3.10/dist-packages/airflow/example_dags/example_dag_decorator.py
[2024-01-22T15:40:17.181+0200] {processor.py:840} INFO - DAG(s) 'example_dag_decorator' retrieved from /usr/local/lib/python3.10/dist-packages/airflow/example_dags/example_dag_decorator.py
[2024-01-22T15:40:17.557+0200] {logging_mixin.py:188} INFO - [2024-01-22T15:40:17.556+0200] {dag.py:3036} INFO - Sync 1 DAGs
[2024-01-22T15:40:17.576+0200] {logging_mixin.py:188} INFO - [2024-01-22T15:40:17.576+0200] {dag.py:3823} INFO - Setting next_dagrun for example_dag_decorator to None, run_after=None
[2024-01-22T15:40:17.616+0200] {processor.py:183} INFO - Processing /usr/local/lib/python3.10/dist-packages/airflow/example_dags/example_dag_decorator.py took 1.023 seconds
[2024-01-22T15:41:15.574+0200] {processor.py:161} INFO - Started process (PID=42331) to work on /usr/local/lib/python3.10/dist-packages/airflow/example_dags/example_dag_decorator.py
[2024-01-22T15:41:15.578+0200] {processor.py:830} INFO - Processing file /usr/local/lib/python3.10/dist-packages/airflow/example_dags/example_dag_decorator.py for tasks to queue
[2024-01-22T15:41:15.579+0200] {logging_mixin.py:188} INFO - [2024-01-22T15:41:15.578+0200] {dagbag.py:538} INFO - Filling up the DagBag from /usr/local/lib/python3.10/dist-packages/airflow/example_dags/example_dag_decorator.py
[2024-01-22T15:41:15.662+0200] {processor.py:840} INFO - DAG(s) 'example_dag_decorator' retrieved from /usr/local/lib/python3.10/dist-packages/airflow/example_dags/example_dag_decorator.py
[2024-01-22T15:41:15.756+0200] {logging_mixin.py:188} INFO - [2024-01-22T15:41:15.756+0200] {dag.py:3036} INFO - Sync 1 DAGs
[2024-01-22T15:41:15.764+0200] {logging_mixin.py:188} INFO - [2024-01-22T15:41:15.764+0200] {dag.py:3823} INFO - Setting next_dagrun for example_dag_decorator to None, run_after=None
[2024-01-22T15:41:15.783+0200] {processor.py:183} INFO - Processing /usr/local/lib/python3.10/dist-packages/airflow/example_dags/example_dag_decorator.py took 0.213 seconds
[2024-01-22T15:42:10.897+0200] {processor.py:161} INFO - Started process (PID=42386) to work on /usr/local/lib/python3.10/dist-packages/airflow/example_dags/example_dag_decorator.py
[2024-01-22T15:42:10.899+0200] {processor.py:830} INFO - Processing file /usr/local/lib/python3.10/dist-packages/airflow/example_dags/example_dag_decorator.py for tasks to queue
[2024-01-22T15:42:10.899+0200] {logging_mixin.py:188} INFO - [2024-01-22T15:42:10.899+0200] {dagbag.py:538} INFO - Filling up the DagBag from /usr/local/lib/python3.10/dist-packages/airflow/example_dags/example_dag_decorator.py
[2024-01-22T15:42:10.954+0200] {processor.py:840} INFO - DAG(s) 'example_dag_decorator' retrieved from /usr/local/lib/python3.10/dist-packages/airflow/example_dags/example_dag_decorator.py
[2024-01-22T15:42:10.977+0200] {logging_mixin.py:188} INFO - [2024-01-22T15:42:10.976+0200] {dag.py:3036} INFO - Sync 1 DAGs
[2024-01-22T15:42:10.985+0200] {logging_mixin.py:188} INFO - [2024-01-22T15:42:10.985+0200] {dag.py:3823} INFO - Setting next_dagrun for example_dag_decorator to None, run_after=None
[2024-01-22T15:42:11.026+0200] {processor.py:183} INFO - Processing /usr/local/lib/python3.10/dist-packages/airflow/example_dags/example_dag_decorator.py took 0.132 seconds
[2024-01-22T15:43:09.904+0200] {processor.py:161} INFO - Started process (PID=42455) to work on /usr/local/lib/python3.10/dist-packages/airflow/example_dags/example_dag_decorator.py
[2024-01-22T15:43:09.907+0200] {processor.py:830} INFO - Processing file /usr/local/lib/python3.10/dist-packages/airflow/example_dags/example_dag_decorator.py for tasks to queue
[2024-01-22T15:43:09.908+0200] {logging_mixin.py:188} INFO - [2024-01-22T15:43:09.908+0200] {dagbag.py:538} INFO - Filling up the DagBag from /usr/local/lib/python3.10/dist-packages/airflow/example_dags/example_dag_decorator.py
[2024-01-22T15:43:10.188+0200] {processor.py:840} INFO - DAG(s) 'example_dag_decorator' retrieved from /usr/local/lib/python3.10/dist-packages/airflow/example_dags/example_dag_decorator.py
[2024-01-22T15:43:10.202+0200] {logging_mixin.py:188} INFO - [2024-01-22T15:43:10.202+0200] {dag.py:3036} INFO - Sync 1 DAGs
[2024-01-22T15:43:10.220+0200] {logging_mixin.py:188} INFO - [2024-01-22T15:43:10.219+0200] {dag.py:3823} INFO - Setting next_dagrun for example_dag_decorator to None, run_after=None
[2024-01-22T15:43:10.235+0200] {processor.py:183} INFO - Processing /usr/local/lib/python3.10/dist-packages/airflow/example_dags/example_dag_decorator.py took 0.333 seconds
[2024-01-22T15:44:00.599+0200] {processor.py:161} INFO - Started process (PID=42507) to work on /usr/local/lib/python3.10/dist-packages/airflow/example_dags/example_dag_decorator.py
[2024-01-22T15:44:00.601+0200] {processor.py:830} INFO - Processing file /usr/local/lib/python3.10/dist-packages/airflow/example_dags/example_dag_decorator.py for tasks to queue
[2024-01-22T15:44:00.602+0200] {logging_mixin.py:188} INFO - [2024-01-22T15:44:00.602+0200] {dagbag.py:538} INFO - Filling up the DagBag from /usr/local/lib/python3.10/dist-packages/airflow/example_dags/example_dag_decorator.py
[2024-01-22T15:44:00.658+0200] {processor.py:840} INFO - DAG(s) 'example_dag_decorator' retrieved from /usr/local/lib/python3.10/dist-packages/airflow/example_dags/example_dag_decorator.py
[2024-01-22T15:44:00.673+0200] {logging_mixin.py:188} INFO - [2024-01-22T15:44:00.673+0200] {dag.py:3036} INFO - Sync 1 DAGs
[2024-01-22T15:44:00.681+0200] {logging_mixin.py:188} INFO - [2024-01-22T15:44:00.681+0200] {dag.py:3823} INFO - Setting next_dagrun for example_dag_decorator to None, run_after=None
[2024-01-22T15:44:00.699+0200] {processor.py:183} INFO - Processing /usr/local/lib/python3.10/dist-packages/airflow/example_dags/example_dag_decorator.py took 0.102 seconds
[2024-01-22T15:44:49.990+0200] {processor.py:161} INFO - Started process (PID=42559) to work on /usr/local/lib/python3.10/dist-packages/airflow/example_dags/example_dag_decorator.py
[2024-01-22T15:44:49.992+0200] {processor.py:830} INFO - Processing file /usr/local/lib/python3.10/dist-packages/airflow/example_dags/example_dag_decorator.py for tasks to queue
[2024-01-22T15:44:49.993+0200] {logging_mixin.py:188} INFO - [2024-01-22T15:44:49.992+0200] {dagbag.py:538} INFO - Filling up the DagBag from /usr/local/lib/python3.10/dist-packages/airflow/example_dags/example_dag_decorator.py
[2024-01-22T15:44:50.083+0200] {processor.py:840} INFO - DAG(s) 'example_dag_decorator' retrieved from /usr/local/lib/python3.10/dist-packages/airflow/example_dags/example_dag_decorator.py
[2024-01-22T15:44:50.103+0200] {logging_mixin.py:188} INFO - [2024-01-22T15:44:50.103+0200] {dag.py:3036} INFO - Sync 1 DAGs
[2024-01-22T15:44:50.115+0200] {logging_mixin.py:188} INFO - [2024-01-22T15:44:50.115+0200] {dag.py:3823} INFO - Setting next_dagrun for example_dag_decorator to None, run_after=None
[2024-01-22T15:44:50.144+0200] {processor.py:183} INFO - Processing /usr/local/lib/python3.10/dist-packages/airflow/example_dags/example_dag_decorator.py took 0.159 seconds
[2024-01-22T15:45:40.778+0200] {processor.py:161} INFO - Started process (PID=42664) to work on /usr/local/lib/python3.10/dist-packages/airflow/example_dags/example_dag_decorator.py
[2024-01-22T15:45:40.787+0200] {processor.py:830} INFO - Processing file /usr/local/lib/python3.10/dist-packages/airflow/example_dags/example_dag_decorator.py for tasks to queue
[2024-01-22T15:45:40.788+0200] {logging_mixin.py:188} INFO - [2024-01-22T15:45:40.787+0200] {dagbag.py:538} INFO - Filling up the DagBag from /usr/local/lib/python3.10/dist-packages/airflow/example_dags/example_dag_decorator.py
[2024-01-22T15:45:40.906+0200] {processor.py:840} INFO - DAG(s) 'example_dag_decorator' retrieved from /usr/local/lib/python3.10/dist-packages/airflow/example_dags/example_dag_decorator.py
[2024-01-22T15:45:40.946+0200] {logging_mixin.py:188} INFO - [2024-01-22T15:45:40.946+0200] {dag.py:3036} INFO - Sync 1 DAGs
[2024-01-22T15:45:40.968+0200] {logging_mixin.py:188} INFO - [2024-01-22T15:45:40.968+0200] {dag.py:3823} INFO - Setting next_dagrun for example_dag_decorator to None, run_after=None
[2024-01-22T15:45:41.007+0200] {processor.py:183} INFO - Processing /usr/local/lib/python3.10/dist-packages/airflow/example_dags/example_dag_decorator.py took 0.232 seconds
[2024-01-22T15:46:57.085+0200] {processor.py:161} INFO - Started process (PID=43644) to work on /usr/local/lib/python3.10/dist-packages/airflow/example_dags/example_dag_decorator.py
[2024-01-22T15:46:57.087+0200] {processor.py:830} INFO - Processing file /usr/local/lib/python3.10/dist-packages/airflow/example_dags/example_dag_decorator.py for tasks to queue
[2024-01-22T15:46:57.088+0200] {logging_mixin.py:188} INFO - [2024-01-22T15:46:57.087+0200] {dagbag.py:538} INFO - Filling up the DagBag from /usr/local/lib/python3.10/dist-packages/airflow/example_dags/example_dag_decorator.py
[2024-01-22T15:46:57.815+0200] {processor.py:840} INFO - DAG(s) 'example_dag_decorator' retrieved from /usr/local/lib/python3.10/dist-packages/airflow/example_dags/example_dag_decorator.py
[2024-01-22T15:46:58.434+0200] {logging_mixin.py:188} INFO - [2024-01-22T15:46:58.433+0200] {dag.py:3036} INFO - Sync 1 DAGs
[2024-01-22T15:46:58.448+0200] {logging_mixin.py:188} INFO - [2024-01-22T15:46:58.448+0200] {dag.py:3823} INFO - Setting next_dagrun for example_dag_decorator to None, run_after=None
[2024-01-22T15:46:58.505+0200] {processor.py:183} INFO - Processing /usr/local/lib/python3.10/dist-packages/airflow/example_dags/example_dag_decorator.py took 1.425 seconds
[2024-01-22T15:47:48.792+0200] {processor.py:161} INFO - Started process (PID=43736) to work on /usr/local/lib/python3.10/dist-packages/airflow/example_dags/example_dag_decorator.py
[2024-01-22T15:47:48.795+0200] {processor.py:830} INFO - Processing file /usr/local/lib/python3.10/dist-packages/airflow/example_dags/example_dag_decorator.py for tasks to queue
[2024-01-22T15:47:48.796+0200] {logging_mixin.py:188} INFO - [2024-01-22T15:47:48.795+0200] {dagbag.py:538} INFO - Filling up the DagBag from /usr/local/lib/python3.10/dist-packages/airflow/example_dags/example_dag_decorator.py
[2024-01-22T15:47:48.952+0200] {processor.py:840} INFO - DAG(s) 'example_dag_decorator' retrieved from /usr/local/lib/python3.10/dist-packages/airflow/example_dags/example_dag_decorator.py
[2024-01-22T15:47:49.190+0200] {logging_mixin.py:188} INFO - [2024-01-22T15:47:49.189+0200] {dag.py:3036} INFO - Sync 1 DAGs
[2024-01-22T15:47:49.199+0200] {logging_mixin.py:188} INFO - [2024-01-22T15:47:49.199+0200] {dag.py:3823} INFO - Setting next_dagrun for example_dag_decorator to None, run_after=None
[2024-01-22T15:47:49.253+0200] {processor.py:183} INFO - Processing /usr/local/lib/python3.10/dist-packages/airflow/example_dags/example_dag_decorator.py took 0.465 seconds
