[2024-01-22T15:31:14.663+0200] {processor.py:161} INFO - Started process (PID=40770) to work on /usr/local/lib/python3.10/dist-packages/airflow/example_dags/example_branch_datetime_operator.py
[2024-01-22T15:31:14.663+0200] {processor.py:830} INFO - Processing file /usr/local/lib/python3.10/dist-packages/airflow/example_dags/example_branch_datetime_operator.py for tasks to queue
[2024-01-22T15:31:14.664+0200] {logging_mixin.py:188} INFO - [2024-01-22T15:31:14.664+0200] {dagbag.py:538} INFO - Filling up the DagBag from /usr/local/lib/python3.10/dist-packages/airflow/example_dags/example_branch_datetime_operator.py
[2024-01-22T15:31:14.707+0200] {processor.py:840} INFO - DAG(s) 'example_branch_datetime_operator_2', 'example_branch_datetime_operator_3', 'example_branch_datetime_operator' retrieved from /usr/local/lib/python3.10/dist-packages/airflow/example_dags/example_branch_datetime_operator.py
[2024-01-22T15:31:15.436+0200] {logging_mixin.py:188} INFO - [2024-01-22T15:31:15.436+0200] {dag.py:3036} INFO - Sync 3 DAGs
[2024-01-22T15:31:15.628+0200] {logging_mixin.py:188} INFO - [2024-01-22T15:31:15.626+0200] {dag.py:3823} INFO - Setting next_dagrun for example_branch_datetime_operator to 2024-01-21 00:00:00+00:00, run_after=2024-01-22 00:00:00+00:00
[2024-01-22T15:31:15.630+0200] {logging_mixin.py:188} INFO - [2024-01-22T15:31:15.630+0200] {dag.py:3823} INFO - Setting next_dagrun for example_branch_datetime_operator_2 to 2024-01-21 00:00:00+00:00, run_after=2024-01-22 00:00:00+00:00
[2024-01-22T15:31:15.631+0200] {logging_mixin.py:188} INFO - [2024-01-22T15:31:15.631+0200] {dag.py:3823} INFO - Setting next_dagrun for example_branch_datetime_operator_3 to 2024-01-21 00:00:00+00:00, run_after=2024-01-22 00:00:00+00:00
[2024-01-22T15:31:15.672+0200] {processor.py:183} INFO - Processing /usr/local/lib/python3.10/dist-packages/airflow/example_dags/example_branch_datetime_operator.py took 1.013 seconds
[2024-01-22T15:32:21.909+0200] {processor.py:161} INFO - Started process (PID=41183) to work on /usr/local/lib/python3.10/dist-packages/airflow/example_dags/example_branch_datetime_operator.py
[2024-01-22T15:32:21.919+0200] {processor.py:830} INFO - Processing file /usr/local/lib/python3.10/dist-packages/airflow/example_dags/example_branch_datetime_operator.py for tasks to queue
[2024-01-22T15:32:21.920+0200] {logging_mixin.py:188} INFO - [2024-01-22T15:32:21.919+0200] {dagbag.py:538} INFO - Filling up the DagBag from /usr/local/lib/python3.10/dist-packages/airflow/example_dags/example_branch_datetime_operator.py
[2024-01-22T15:32:21.933+0200] {processor.py:840} INFO - DAG(s) 'example_branch_datetime_operator', 'example_branch_datetime_operator_3', 'example_branch_datetime_operator_2' retrieved from /usr/local/lib/python3.10/dist-packages/airflow/example_dags/example_branch_datetime_operator.py
[2024-01-22T15:32:21.966+0200] {logging_mixin.py:188} INFO - [2024-01-22T15:32:21.965+0200] {dag.py:3036} INFO - Sync 3 DAGs
[2024-01-22T15:32:22.004+0200] {logging_mixin.py:188} INFO - [2024-01-22T15:32:22.003+0200] {dag.py:3823} INFO - Setting next_dagrun for example_branch_datetime_operator to 2024-01-21 00:00:00+00:00, run_after=2024-01-22 00:00:00+00:00
[2024-01-22T15:32:22.007+0200] {logging_mixin.py:188} INFO - [2024-01-22T15:32:22.006+0200] {dag.py:3823} INFO - Setting next_dagrun for example_branch_datetime_operator_2 to 2024-01-21 00:00:00+00:00, run_after=2024-01-22 00:00:00+00:00
[2024-01-22T15:32:22.008+0200] {logging_mixin.py:188} INFO - [2024-01-22T15:32:22.008+0200] {dag.py:3823} INFO - Setting next_dagrun for example_branch_datetime_operator_3 to 2024-01-21 00:00:00+00:00, run_after=2024-01-22 00:00:00+00:00
[2024-01-22T15:32:22.037+0200] {processor.py:183} INFO - Processing /usr/local/lib/python3.10/dist-packages/airflow/example_dags/example_branch_datetime_operator.py took 0.130 seconds
[2024-01-22T15:33:18.286+0200] {processor.py:161} INFO - Started process (PID=41404) to work on /usr/local/lib/python3.10/dist-packages/airflow/example_dags/example_branch_datetime_operator.py
[2024-01-22T15:33:18.287+0200] {processor.py:830} INFO - Processing file /usr/local/lib/python3.10/dist-packages/airflow/example_dags/example_branch_datetime_operator.py for tasks to queue
[2024-01-22T15:33:18.288+0200] {logging_mixin.py:188} INFO - [2024-01-22T15:33:18.288+0200] {dagbag.py:538} INFO - Filling up the DagBag from /usr/local/lib/python3.10/dist-packages/airflow/example_dags/example_branch_datetime_operator.py
[2024-01-22T15:33:18.309+0200] {processor.py:840} INFO - DAG(s) 'example_branch_datetime_operator_2', 'example_branch_datetime_operator_3', 'example_branch_datetime_operator' retrieved from /usr/local/lib/python3.10/dist-packages/airflow/example_dags/example_branch_datetime_operator.py
[2024-01-22T15:33:18.341+0200] {logging_mixin.py:188} INFO - [2024-01-22T15:33:18.341+0200] {dag.py:3036} INFO - Sync 3 DAGs
[2024-01-22T15:33:18.367+0200] {logging_mixin.py:188} INFO - [2024-01-22T15:33:18.366+0200] {dag.py:3823} INFO - Setting next_dagrun for example_branch_datetime_operator to 2024-01-21 00:00:00+00:00, run_after=2024-01-22 00:00:00+00:00
[2024-01-22T15:33:18.369+0200] {logging_mixin.py:188} INFO - [2024-01-22T15:33:18.369+0200] {dag.py:3823} INFO - Setting next_dagrun for example_branch_datetime_operator_2 to 2024-01-21 00:00:00+00:00, run_after=2024-01-22 00:00:00+00:00
[2024-01-22T15:33:18.383+0200] {logging_mixin.py:188} INFO - [2024-01-22T15:33:18.383+0200] {dag.py:3823} INFO - Setting next_dagrun for example_branch_datetime_operator_3 to 2024-01-21 00:00:00+00:00, run_after=2024-01-22 00:00:00+00:00
[2024-01-22T15:33:18.415+0200] {processor.py:183} INFO - Processing /usr/local/lib/python3.10/dist-packages/airflow/example_dags/example_branch_datetime_operator.py took 0.143 seconds
[2024-01-22T15:34:36.699+0200] {processor.py:161} INFO - Started process (PID=41620) to work on /usr/local/lib/python3.10/dist-packages/airflow/example_dags/example_branch_datetime_operator.py
[2024-01-22T15:34:36.702+0200] {processor.py:830} INFO - Processing file /usr/local/lib/python3.10/dist-packages/airflow/example_dags/example_branch_datetime_operator.py for tasks to queue
[2024-01-22T15:34:36.702+0200] {logging_mixin.py:188} INFO - [2024-01-22T15:34:36.702+0200] {dagbag.py:538} INFO - Filling up the DagBag from /usr/local/lib/python3.10/dist-packages/airflow/example_dags/example_branch_datetime_operator.py
[2024-01-22T15:34:36.715+0200] {processor.py:840} INFO - DAG(s) 'example_branch_datetime_operator_2', 'example_branch_datetime_operator', 'example_branch_datetime_operator_3' retrieved from /usr/local/lib/python3.10/dist-packages/airflow/example_dags/example_branch_datetime_operator.py
[2024-01-22T15:34:36.756+0200] {logging_mixin.py:188} INFO - [2024-01-22T15:34:36.755+0200] {dag.py:3036} INFO - Sync 3 DAGs
[2024-01-22T15:34:36.795+0200] {logging_mixin.py:188} INFO - [2024-01-22T15:34:36.794+0200] {dag.py:3823} INFO - Setting next_dagrun for example_branch_datetime_operator to 2024-01-21 00:00:00+00:00, run_after=2024-01-22 00:00:00+00:00
[2024-01-22T15:34:36.798+0200] {logging_mixin.py:188} INFO - [2024-01-22T15:34:36.798+0200] {dag.py:3823} INFO - Setting next_dagrun for example_branch_datetime_operator_2 to 2024-01-21 00:00:00+00:00, run_after=2024-01-22 00:00:00+00:00
[2024-01-22T15:34:36.800+0200] {logging_mixin.py:188} INFO - [2024-01-22T15:34:36.799+0200] {dag.py:3823} INFO - Setting next_dagrun for example_branch_datetime_operator_3 to 2024-01-21 00:00:00+00:00, run_after=2024-01-22 00:00:00+00:00
[2024-01-22T15:34:36.830+0200] {processor.py:183} INFO - Processing /usr/local/lib/python3.10/dist-packages/airflow/example_dags/example_branch_datetime_operator.py took 0.145 seconds
[2024-01-22T15:35:45.806+0200] {processor.py:161} INFO - Started process (PID=41811) to work on /usr/local/lib/python3.10/dist-packages/airflow/example_dags/example_branch_datetime_operator.py
[2024-01-22T15:35:45.808+0200] {processor.py:830} INFO - Processing file /usr/local/lib/python3.10/dist-packages/airflow/example_dags/example_branch_datetime_operator.py for tasks to queue
[2024-01-22T15:35:45.809+0200] {logging_mixin.py:188} INFO - [2024-01-22T15:35:45.809+0200] {dagbag.py:538} INFO - Filling up the DagBag from /usr/local/lib/python3.10/dist-packages/airflow/example_dags/example_branch_datetime_operator.py
[2024-01-22T15:35:45.818+0200] {processor.py:840} INFO - DAG(s) 'example_branch_datetime_operator', 'example_branch_datetime_operator_3', 'example_branch_datetime_operator_2' retrieved from /usr/local/lib/python3.10/dist-packages/airflow/example_dags/example_branch_datetime_operator.py
[2024-01-22T15:35:45.836+0200] {logging_mixin.py:188} INFO - [2024-01-22T15:35:45.836+0200] {dag.py:3036} INFO - Sync 3 DAGs
[2024-01-22T15:35:45.849+0200] {logging_mixin.py:188} INFO - [2024-01-22T15:35:45.849+0200] {dag.py:3823} INFO - Setting next_dagrun for example_branch_datetime_operator to 2024-01-21 00:00:00+00:00, run_after=2024-01-22 00:00:00+00:00
[2024-01-22T15:35:45.852+0200] {logging_mixin.py:188} INFO - [2024-01-22T15:35:45.852+0200] {dag.py:3823} INFO - Setting next_dagrun for example_branch_datetime_operator_2 to 2024-01-21 00:00:00+00:00, run_after=2024-01-22 00:00:00+00:00
[2024-01-22T15:35:45.853+0200] {logging_mixin.py:188} INFO - [2024-01-22T15:35:45.853+0200] {dag.py:3823} INFO - Setting next_dagrun for example_branch_datetime_operator_3 to 2024-01-21 00:00:00+00:00, run_after=2024-01-22 00:00:00+00:00
[2024-01-22T15:35:45.870+0200] {processor.py:183} INFO - Processing /usr/local/lib/python3.10/dist-packages/airflow/example_dags/example_branch_datetime_operator.py took 0.066 seconds
[2024-01-22T15:36:37.040+0200] {processor.py:161} INFO - Started process (PID=41937) to work on /usr/local/lib/python3.10/dist-packages/airflow/example_dags/example_branch_datetime_operator.py
[2024-01-22T15:36:37.043+0200] {processor.py:830} INFO - Processing file /usr/local/lib/python3.10/dist-packages/airflow/example_dags/example_branch_datetime_operator.py for tasks to queue
[2024-01-22T15:36:37.044+0200] {logging_mixin.py:188} INFO - [2024-01-22T15:36:37.043+0200] {dagbag.py:538} INFO - Filling up the DagBag from /usr/local/lib/python3.10/dist-packages/airflow/example_dags/example_branch_datetime_operator.py
[2024-01-22T15:36:37.057+0200] {processor.py:840} INFO - DAG(s) 'example_branch_datetime_operator_2', 'example_branch_datetime_operator_3', 'example_branch_datetime_operator' retrieved from /usr/local/lib/python3.10/dist-packages/airflow/example_dags/example_branch_datetime_operator.py
[2024-01-22T15:36:37.080+0200] {logging_mixin.py:188} INFO - [2024-01-22T15:36:37.080+0200] {dag.py:3036} INFO - Sync 3 DAGs
[2024-01-22T15:36:37.106+0200] {logging_mixin.py:188} INFO - [2024-01-22T15:36:37.105+0200] {dag.py:3823} INFO - Setting next_dagrun for example_branch_datetime_operator to 2024-01-21 00:00:00+00:00, run_after=2024-01-22 00:00:00+00:00
[2024-01-22T15:36:37.110+0200] {logging_mixin.py:188} INFO - [2024-01-22T15:36:37.110+0200] {dag.py:3823} INFO - Setting next_dagrun for example_branch_datetime_operator_2 to 2024-01-21 00:00:00+00:00, run_after=2024-01-22 00:00:00+00:00
[2024-01-22T15:36:37.113+0200] {logging_mixin.py:188} INFO - [2024-01-22T15:36:37.113+0200] {dag.py:3823} INFO - Setting next_dagrun for example_branch_datetime_operator_3 to 2024-01-21 00:00:00+00:00, run_after=2024-01-22 00:00:00+00:00
[2024-01-22T15:36:37.139+0200] {processor.py:183} INFO - Processing /usr/local/lib/python3.10/dist-packages/airflow/example_dags/example_branch_datetime_operator.py took 0.104 seconds
[2024-01-22T15:37:45.141+0200] {processor.py:161} INFO - Started process (PID=42082) to work on /usr/local/lib/python3.10/dist-packages/airflow/example_dags/example_branch_datetime_operator.py
[2024-01-22T15:37:45.143+0200] {processor.py:830} INFO - Processing file /usr/local/lib/python3.10/dist-packages/airflow/example_dags/example_branch_datetime_operator.py for tasks to queue
[2024-01-22T15:37:45.144+0200] {logging_mixin.py:188} INFO - [2024-01-22T15:37:45.144+0200] {dagbag.py:538} INFO - Filling up the DagBag from /usr/local/lib/python3.10/dist-packages/airflow/example_dags/example_branch_datetime_operator.py
[2024-01-22T15:37:45.153+0200] {processor.py:840} INFO - DAG(s) 'example_branch_datetime_operator', 'example_branch_datetime_operator_3', 'example_branch_datetime_operator_2' retrieved from /usr/local/lib/python3.10/dist-packages/airflow/example_dags/example_branch_datetime_operator.py
[2024-01-22T15:37:45.169+0200] {logging_mixin.py:188} INFO - [2024-01-22T15:37:45.169+0200] {dag.py:3036} INFO - Sync 3 DAGs
[2024-01-22T15:37:45.184+0200] {logging_mixin.py:188} INFO - [2024-01-22T15:37:45.183+0200] {dag.py:3823} INFO - Setting next_dagrun for example_branch_datetime_operator to 2024-01-21 00:00:00+00:00, run_after=2024-01-22 00:00:00+00:00
[2024-01-22T15:37:45.186+0200] {logging_mixin.py:188} INFO - [2024-01-22T15:37:45.186+0200] {dag.py:3823} INFO - Setting next_dagrun for example_branch_datetime_operator_2 to 2024-01-21 00:00:00+00:00, run_after=2024-01-22 00:00:00+00:00
[2024-01-22T15:37:45.187+0200] {logging_mixin.py:188} INFO - [2024-01-22T15:37:45.187+0200] {dag.py:3823} INFO - Setting next_dagrun for example_branch_datetime_operator_3 to 2024-01-21 00:00:00+00:00, run_after=2024-01-22 00:00:00+00:00
[2024-01-22T15:37:45.206+0200] {processor.py:183} INFO - Processing /usr/local/lib/python3.10/dist-packages/airflow/example_dags/example_branch_datetime_operator.py took 0.068 seconds
[2024-01-22T15:38:40.437+0200] {processor.py:161} INFO - Started process (PID=42141) to work on /usr/local/lib/python3.10/dist-packages/airflow/example_dags/example_branch_datetime_operator.py
[2024-01-22T15:38:40.439+0200] {processor.py:830} INFO - Processing file /usr/local/lib/python3.10/dist-packages/airflow/example_dags/example_branch_datetime_operator.py for tasks to queue
[2024-01-22T15:38:40.439+0200] {logging_mixin.py:188} INFO - [2024-01-22T15:38:40.439+0200] {dagbag.py:538} INFO - Filling up the DagBag from /usr/local/lib/python3.10/dist-packages/airflow/example_dags/example_branch_datetime_operator.py
[2024-01-22T15:38:40.447+0200] {processor.py:840} INFO - DAG(s) 'example_branch_datetime_operator', 'example_branch_datetime_operator_2', 'example_branch_datetime_operator_3' retrieved from /usr/local/lib/python3.10/dist-packages/airflow/example_dags/example_branch_datetime_operator.py
[2024-01-22T15:38:40.464+0200] {logging_mixin.py:188} INFO - [2024-01-22T15:38:40.464+0200] {dag.py:3036} INFO - Sync 3 DAGs
[2024-01-22T15:38:40.478+0200] {logging_mixin.py:188} INFO - [2024-01-22T15:38:40.478+0200] {dag.py:3823} INFO - Setting next_dagrun for example_branch_datetime_operator to 2024-01-21 00:00:00+00:00, run_after=2024-01-22 00:00:00+00:00
[2024-01-22T15:38:40.480+0200] {logging_mixin.py:188} INFO - [2024-01-22T15:38:40.480+0200] {dag.py:3823} INFO - Setting next_dagrun for example_branch_datetime_operator_2 to 2024-01-21 00:00:00+00:00, run_after=2024-01-22 00:00:00+00:00
[2024-01-22T15:38:40.481+0200] {logging_mixin.py:188} INFO - [2024-01-22T15:38:40.481+0200] {dag.py:3823} INFO - Setting next_dagrun for example_branch_datetime_operator_3 to 2024-01-21 00:00:00+00:00, run_after=2024-01-22 00:00:00+00:00
[2024-01-22T15:38:40.497+0200] {processor.py:183} INFO - Processing /usr/local/lib/python3.10/dist-packages/airflow/example_dags/example_branch_datetime_operator.py took 0.063 seconds
[2024-01-22T15:39:38.789+0200] {processor.py:161} INFO - Started process (PID=42205) to work on /usr/local/lib/python3.10/dist-packages/airflow/example_dags/example_branch_datetime_operator.py
[2024-01-22T15:39:38.792+0200] {processor.py:830} INFO - Processing file /usr/local/lib/python3.10/dist-packages/airflow/example_dags/example_branch_datetime_operator.py for tasks to queue
[2024-01-22T15:39:38.792+0200] {logging_mixin.py:188} INFO - [2024-01-22T15:39:38.792+0200] {dagbag.py:538} INFO - Filling up the DagBag from /usr/local/lib/python3.10/dist-packages/airflow/example_dags/example_branch_datetime_operator.py
[2024-01-22T15:39:38.800+0200] {processor.py:840} INFO - DAG(s) 'example_branch_datetime_operator', 'example_branch_datetime_operator_3', 'example_branch_datetime_operator_2' retrieved from /usr/local/lib/python3.10/dist-packages/airflow/example_dags/example_branch_datetime_operator.py
[2024-01-22T15:39:38.817+0200] {logging_mixin.py:188} INFO - [2024-01-22T15:39:38.817+0200] {dag.py:3036} INFO - Sync 3 DAGs
[2024-01-22T15:39:38.831+0200] {logging_mixin.py:188} INFO - [2024-01-22T15:39:38.831+0200] {dag.py:3823} INFO - Setting next_dagrun for example_branch_datetime_operator to 2024-01-21 00:00:00+00:00, run_after=2024-01-22 00:00:00+00:00
[2024-01-22T15:39:38.834+0200] {logging_mixin.py:188} INFO - [2024-01-22T15:39:38.833+0200] {dag.py:3823} INFO - Setting next_dagrun for example_branch_datetime_operator_2 to 2024-01-21 00:00:00+00:00, run_after=2024-01-22 00:00:00+00:00
[2024-01-22T15:39:38.835+0200] {logging_mixin.py:188} INFO - [2024-01-22T15:39:38.835+0200] {dag.py:3823} INFO - Setting next_dagrun for example_branch_datetime_operator_3 to 2024-01-21 00:00:00+00:00, run_after=2024-01-22 00:00:00+00:00
[2024-01-22T15:39:38.852+0200] {processor.py:183} INFO - Processing /usr/local/lib/python3.10/dist-packages/airflow/example_dags/example_branch_datetime_operator.py took 0.066 seconds
[2024-01-22T15:40:41.155+0200] {processor.py:161} INFO - Started process (PID=42295) to work on /usr/local/lib/python3.10/dist-packages/airflow/example_dags/example_branch_datetime_operator.py
[2024-01-22T15:40:41.159+0200] {processor.py:830} INFO - Processing file /usr/local/lib/python3.10/dist-packages/airflow/example_dags/example_branch_datetime_operator.py for tasks to queue
[2024-01-22T15:40:41.160+0200] {logging_mixin.py:188} INFO - [2024-01-22T15:40:41.159+0200] {dagbag.py:538} INFO - Filling up the DagBag from /usr/local/lib/python3.10/dist-packages/airflow/example_dags/example_branch_datetime_operator.py
[2024-01-22T15:40:41.171+0200] {processor.py:840} INFO - DAG(s) 'example_branch_datetime_operator_3', 'example_branch_datetime_operator_2', 'example_branch_datetime_operator' retrieved from /usr/local/lib/python3.10/dist-packages/airflow/example_dags/example_branch_datetime_operator.py
[2024-01-22T15:40:41.194+0200] {logging_mixin.py:188} INFO - [2024-01-22T15:40:41.194+0200] {dag.py:3036} INFO - Sync 3 DAGs
[2024-01-22T15:40:41.218+0200] {logging_mixin.py:188} INFO - [2024-01-22T15:40:41.218+0200] {dag.py:3823} INFO - Setting next_dagrun for example_branch_datetime_operator to 2024-01-21 00:00:00+00:00, run_after=2024-01-22 00:00:00+00:00
[2024-01-22T15:40:41.222+0200] {logging_mixin.py:188} INFO - [2024-01-22T15:40:41.222+0200] {dag.py:3823} INFO - Setting next_dagrun for example_branch_datetime_operator_2 to 2024-01-21 00:00:00+00:00, run_after=2024-01-22 00:00:00+00:00
[2024-01-22T15:40:41.224+0200] {logging_mixin.py:188} INFO - [2024-01-22T15:40:41.224+0200] {dag.py:3823} INFO - Setting next_dagrun for example_branch_datetime_operator_3 to 2024-01-21 00:00:00+00:00, run_after=2024-01-22 00:00:00+00:00
[2024-01-22T15:40:41.251+0200] {processor.py:183} INFO - Processing /usr/local/lib/python3.10/dist-packages/airflow/example_dags/example_branch_datetime_operator.py took 0.100 seconds
[2024-01-22T15:41:37.317+0200] {processor.py:161} INFO - Started process (PID=42352) to work on /usr/local/lib/python3.10/dist-packages/airflow/example_dags/example_branch_datetime_operator.py
[2024-01-22T15:41:37.319+0200] {processor.py:830} INFO - Processing file /usr/local/lib/python3.10/dist-packages/airflow/example_dags/example_branch_datetime_operator.py for tasks to queue
[2024-01-22T15:41:37.320+0200] {logging_mixin.py:188} INFO - [2024-01-22T15:41:37.319+0200] {dagbag.py:538} INFO - Filling up the DagBag from /usr/local/lib/python3.10/dist-packages/airflow/example_dags/example_branch_datetime_operator.py
[2024-01-22T15:41:37.334+0200] {processor.py:840} INFO - DAG(s) 'example_branch_datetime_operator', 'example_branch_datetime_operator_2', 'example_branch_datetime_operator_3' retrieved from /usr/local/lib/python3.10/dist-packages/airflow/example_dags/example_branch_datetime_operator.py
[2024-01-22T15:41:37.360+0200] {logging_mixin.py:188} INFO - [2024-01-22T15:41:37.359+0200] {dag.py:3036} INFO - Sync 3 DAGs
[2024-01-22T15:41:37.389+0200] {logging_mixin.py:188} INFO - [2024-01-22T15:41:37.389+0200] {dag.py:3823} INFO - Setting next_dagrun for example_branch_datetime_operator to 2024-01-21 00:00:00+00:00, run_after=2024-01-22 00:00:00+00:00
[2024-01-22T15:41:37.395+0200] {logging_mixin.py:188} INFO - [2024-01-22T15:41:37.395+0200] {dag.py:3823} INFO - Setting next_dagrun for example_branch_datetime_operator_2 to 2024-01-21 00:00:00+00:00, run_after=2024-01-22 00:00:00+00:00
[2024-01-22T15:41:37.397+0200] {logging_mixin.py:188} INFO - [2024-01-22T15:41:37.397+0200] {dag.py:3823} INFO - Setting next_dagrun for example_branch_datetime_operator_3 to 2024-01-21 00:00:00+00:00, run_after=2024-01-22 00:00:00+00:00
[2024-01-22T15:41:37.419+0200] {processor.py:183} INFO - Processing /usr/local/lib/python3.10/dist-packages/airflow/example_dags/example_branch_datetime_operator.py took 0.107 seconds
[2024-01-22T15:42:32.830+0200] {processor.py:161} INFO - Started process (PID=42412) to work on /usr/local/lib/python3.10/dist-packages/airflow/example_dags/example_branch_datetime_operator.py
[2024-01-22T15:42:32.833+0200] {processor.py:830} INFO - Processing file /usr/local/lib/python3.10/dist-packages/airflow/example_dags/example_branch_datetime_operator.py for tasks to queue
[2024-01-22T15:42:32.834+0200] {logging_mixin.py:188} INFO - [2024-01-22T15:42:32.834+0200] {dagbag.py:538} INFO - Filling up the DagBag from /usr/local/lib/python3.10/dist-packages/airflow/example_dags/example_branch_datetime_operator.py
[2024-01-22T15:42:32.847+0200] {processor.py:840} INFO - DAG(s) 'example_branch_datetime_operator', 'example_branch_datetime_operator_3', 'example_branch_datetime_operator_2' retrieved from /usr/local/lib/python3.10/dist-packages/airflow/example_dags/example_branch_datetime_operator.py
[2024-01-22T15:42:32.874+0200] {logging_mixin.py:188} INFO - [2024-01-22T15:42:32.873+0200] {dag.py:3036} INFO - Sync 3 DAGs
[2024-01-22T15:42:32.895+0200] {logging_mixin.py:188} INFO - [2024-01-22T15:42:32.894+0200] {dag.py:3823} INFO - Setting next_dagrun for example_branch_datetime_operator to 2024-01-21 00:00:00+00:00, run_after=2024-01-22 00:00:00+00:00
[2024-01-22T15:42:32.900+0200] {logging_mixin.py:188} INFO - [2024-01-22T15:42:32.900+0200] {dag.py:3823} INFO - Setting next_dagrun for example_branch_datetime_operator_2 to 2024-01-21 00:00:00+00:00, run_after=2024-01-22 00:00:00+00:00
[2024-01-22T15:42:32.902+0200] {logging_mixin.py:188} INFO - [2024-01-22T15:42:32.902+0200] {dag.py:3823} INFO - Setting next_dagrun for example_branch_datetime_operator_3 to 2024-01-21 00:00:00+00:00, run_after=2024-01-22 00:00:00+00:00
[2024-01-22T15:42:32.927+0200] {processor.py:183} INFO - Processing /usr/local/lib/python3.10/dist-packages/airflow/example_dags/example_branch_datetime_operator.py took 0.101 seconds
[2024-01-22T15:43:30.743+0200] {processor.py:161} INFO - Started process (PID=42477) to work on /usr/local/lib/python3.10/dist-packages/airflow/example_dags/example_branch_datetime_operator.py
[2024-01-22T15:43:30.746+0200] {processor.py:830} INFO - Processing file /usr/local/lib/python3.10/dist-packages/airflow/example_dags/example_branch_datetime_operator.py for tasks to queue
[2024-01-22T15:43:30.747+0200] {logging_mixin.py:188} INFO - [2024-01-22T15:43:30.747+0200] {dagbag.py:538} INFO - Filling up the DagBag from /usr/local/lib/python3.10/dist-packages/airflow/example_dags/example_branch_datetime_operator.py
[2024-01-22T15:43:30.759+0200] {processor.py:840} INFO - DAG(s) 'example_branch_datetime_operator_3', 'example_branch_datetime_operator_2', 'example_branch_datetime_operator' retrieved from /usr/local/lib/python3.10/dist-packages/airflow/example_dags/example_branch_datetime_operator.py
[2024-01-22T15:43:30.784+0200] {logging_mixin.py:188} INFO - [2024-01-22T15:43:30.784+0200] {dag.py:3036} INFO - Sync 3 DAGs
[2024-01-22T15:43:30.805+0200] {logging_mixin.py:188} INFO - [2024-01-22T15:43:30.805+0200] {dag.py:3823} INFO - Setting next_dagrun for example_branch_datetime_operator to 2024-01-21 00:00:00+00:00, run_after=2024-01-22 00:00:00+00:00
[2024-01-22T15:43:30.809+0200] {logging_mixin.py:188} INFO - [2024-01-22T15:43:30.809+0200] {dag.py:3823} INFO - Setting next_dagrun for example_branch_datetime_operator_2 to 2024-01-21 00:00:00+00:00, run_after=2024-01-22 00:00:00+00:00
[2024-01-22T15:43:30.811+0200] {logging_mixin.py:188} INFO - [2024-01-22T15:43:30.810+0200] {dag.py:3823} INFO - Setting next_dagrun for example_branch_datetime_operator_3 to 2024-01-21 00:00:00+00:00, run_after=2024-01-22 00:00:00+00:00
[2024-01-22T15:43:30.836+0200] {processor.py:183} INFO - Processing /usr/local/lib/python3.10/dist-packages/airflow/example_dags/example_branch_datetime_operator.py took 0.098 seconds
[2024-01-22T15:44:21.125+0200] {processor.py:161} INFO - Started process (PID=42529) to work on /usr/local/lib/python3.10/dist-packages/airflow/example_dags/example_branch_datetime_operator.py
[2024-01-22T15:44:21.127+0200] {processor.py:830} INFO - Processing file /usr/local/lib/python3.10/dist-packages/airflow/example_dags/example_branch_datetime_operator.py for tasks to queue
[2024-01-22T15:44:21.128+0200] {logging_mixin.py:188} INFO - [2024-01-22T15:44:21.127+0200] {dagbag.py:538} INFO - Filling up the DagBag from /usr/local/lib/python3.10/dist-packages/airflow/example_dags/example_branch_datetime_operator.py
[2024-01-22T15:44:21.146+0200] {processor.py:840} INFO - DAG(s) 'example_branch_datetime_operator_3', 'example_branch_datetime_operator', 'example_branch_datetime_operator_2' retrieved from /usr/local/lib/python3.10/dist-packages/airflow/example_dags/example_branch_datetime_operator.py
[2024-01-22T15:44:21.173+0200] {logging_mixin.py:188} INFO - [2024-01-22T15:44:21.173+0200] {dag.py:3036} INFO - Sync 3 DAGs
[2024-01-22T15:44:21.196+0200] {logging_mixin.py:188} INFO - [2024-01-22T15:44:21.196+0200] {dag.py:3823} INFO - Setting next_dagrun for example_branch_datetime_operator to 2024-01-21 00:00:00+00:00, run_after=2024-01-22 00:00:00+00:00
[2024-01-22T15:44:21.200+0200] {logging_mixin.py:188} INFO - [2024-01-22T15:44:21.200+0200] {dag.py:3823} INFO - Setting next_dagrun for example_branch_datetime_operator_2 to 2024-01-21 00:00:00+00:00, run_after=2024-01-22 00:00:00+00:00
[2024-01-22T15:44:21.203+0200] {logging_mixin.py:188} INFO - [2024-01-22T15:44:21.203+0200] {dag.py:3823} INFO - Setting next_dagrun for example_branch_datetime_operator_3 to 2024-01-21 00:00:00+00:00, run_after=2024-01-22 00:00:00+00:00
[2024-01-22T15:44:21.221+0200] {processor.py:183} INFO - Processing /usr/local/lib/python3.10/dist-packages/airflow/example_dags/example_branch_datetime_operator.py took 0.100 seconds
[2024-01-22T15:45:10.070+0200] {processor.py:161} INFO - Started process (PID=42607) to work on /usr/local/lib/python3.10/dist-packages/airflow/example_dags/example_branch_datetime_operator.py
[2024-01-22T15:45:10.071+0200] {processor.py:830} INFO - Processing file /usr/local/lib/python3.10/dist-packages/airflow/example_dags/example_branch_datetime_operator.py for tasks to queue
[2024-01-22T15:45:10.071+0200] {logging_mixin.py:188} INFO - [2024-01-22T15:45:10.071+0200] {dagbag.py:538} INFO - Filling up the DagBag from /usr/local/lib/python3.10/dist-packages/airflow/example_dags/example_branch_datetime_operator.py
[2024-01-22T15:45:10.080+0200] {processor.py:840} INFO - DAG(s) 'example_branch_datetime_operator', 'example_branch_datetime_operator_3', 'example_branch_datetime_operator_2' retrieved from /usr/local/lib/python3.10/dist-packages/airflow/example_dags/example_branch_datetime_operator.py
[2024-01-22T15:45:10.095+0200] {logging_mixin.py:188} INFO - [2024-01-22T15:45:10.095+0200] {dag.py:3036} INFO - Sync 3 DAGs
[2024-01-22T15:45:10.121+0200] {logging_mixin.py:188} INFO - [2024-01-22T15:45:10.120+0200] {dag.py:3823} INFO - Setting next_dagrun for example_branch_datetime_operator to 2024-01-21 00:00:00+00:00, run_after=2024-01-22 00:00:00+00:00
[2024-01-22T15:45:10.123+0200] {logging_mixin.py:188} INFO - [2024-01-22T15:45:10.123+0200] {dag.py:3823} INFO - Setting next_dagrun for example_branch_datetime_operator_2 to 2024-01-21 00:00:00+00:00, run_after=2024-01-22 00:00:00+00:00
[2024-01-22T15:45:10.124+0200] {logging_mixin.py:188} INFO - [2024-01-22T15:45:10.124+0200] {dag.py:3823} INFO - Setting next_dagrun for example_branch_datetime_operator_3 to 2024-01-21 00:00:00+00:00, run_after=2024-01-22 00:00:00+00:00
[2024-01-22T15:45:10.144+0200] {processor.py:183} INFO - Processing /usr/local/lib/python3.10/dist-packages/airflow/example_dags/example_branch_datetime_operator.py took 0.077 seconds
[2024-01-22T15:46:05.845+0200] {processor.py:161} INFO - Started process (PID=42693) to work on /usr/local/lib/python3.10/dist-packages/airflow/example_dags/example_branch_datetime_operator.py
[2024-01-22T15:46:05.847+0200] {processor.py:830} INFO - Processing file /usr/local/lib/python3.10/dist-packages/airflow/example_dags/example_branch_datetime_operator.py for tasks to queue
[2024-01-22T15:46:05.848+0200] {logging_mixin.py:188} INFO - [2024-01-22T15:46:05.847+0200] {dagbag.py:538} INFO - Filling up the DagBag from /usr/local/lib/python3.10/dist-packages/airflow/example_dags/example_branch_datetime_operator.py
[2024-01-22T15:46:05.856+0200] {processor.py:840} INFO - DAG(s) 'example_branch_datetime_operator', 'example_branch_datetime_operator_2', 'example_branch_datetime_operator_3' retrieved from /usr/local/lib/python3.10/dist-packages/airflow/example_dags/example_branch_datetime_operator.py
[2024-01-22T15:46:05.873+0200] {logging_mixin.py:188} INFO - [2024-01-22T15:46:05.873+0200] {dag.py:3036} INFO - Sync 3 DAGs
[2024-01-22T15:46:05.888+0200] {logging_mixin.py:188} INFO - [2024-01-22T15:46:05.887+0200] {dag.py:3823} INFO - Setting next_dagrun for example_branch_datetime_operator to 2024-01-21 00:00:00+00:00, run_after=2024-01-22 00:00:00+00:00
[2024-01-22T15:46:05.890+0200] {logging_mixin.py:188} INFO - [2024-01-22T15:46:05.890+0200] {dag.py:3823} INFO - Setting next_dagrun for example_branch_datetime_operator_2 to 2024-01-21 00:00:00+00:00, run_after=2024-01-22 00:00:00+00:00
[2024-01-22T15:46:05.891+0200] {logging_mixin.py:188} INFO - [2024-01-22T15:46:05.891+0200] {dag.py:3823} INFO - Setting next_dagrun for example_branch_datetime_operator_3 to 2024-01-21 00:00:00+00:00, run_after=2024-01-22 00:00:00+00:00
[2024-01-22T15:46:05.908+0200] {processor.py:183} INFO - Processing /usr/local/lib/python3.10/dist-packages/airflow/example_dags/example_branch_datetime_operator.py took 0.065 seconds
[2024-01-22T15:47:24.577+0200] {processor.py:161} INFO - Started process (PID=43672) to work on /usr/local/lib/python3.10/dist-packages/airflow/example_dags/example_branch_datetime_operator.py
[2024-01-22T15:47:24.580+0200] {processor.py:830} INFO - Processing file /usr/local/lib/python3.10/dist-packages/airflow/example_dags/example_branch_datetime_operator.py for tasks to queue
[2024-01-22T15:47:24.581+0200] {logging_mixin.py:188} INFO - [2024-01-22T15:47:24.581+0200] {dagbag.py:538} INFO - Filling up the DagBag from /usr/local/lib/python3.10/dist-packages/airflow/example_dags/example_branch_datetime_operator.py
[2024-01-22T15:47:24.590+0200] {processor.py:840} INFO - DAG(s) 'example_branch_datetime_operator', 'example_branch_datetime_operator_2', 'example_branch_datetime_operator_3' retrieved from /usr/local/lib/python3.10/dist-packages/airflow/example_dags/example_branch_datetime_operator.py
[2024-01-22T15:47:24.605+0200] {logging_mixin.py:188} INFO - [2024-01-22T15:47:24.605+0200] {dag.py:3036} INFO - Sync 3 DAGs
[2024-01-22T15:47:24.620+0200] {logging_mixin.py:188} INFO - [2024-01-22T15:47:24.620+0200] {dag.py:3823} INFO - Setting next_dagrun for example_branch_datetime_operator to 2024-01-21 00:00:00+00:00, run_after=2024-01-22 00:00:00+00:00
[2024-01-22T15:47:24.623+0200] {logging_mixin.py:188} INFO - [2024-01-22T15:47:24.623+0200] {dag.py:3823} INFO - Setting next_dagrun for example_branch_datetime_operator_2 to 2024-01-21 00:00:00+00:00, run_after=2024-01-22 00:00:00+00:00
[2024-01-22T15:47:24.624+0200] {logging_mixin.py:188} INFO - [2024-01-22T15:47:24.624+0200] {dag.py:3823} INFO - Setting next_dagrun for example_branch_datetime_operator_3 to 2024-01-21 00:00:00+00:00, run_after=2024-01-22 00:00:00+00:00
[2024-01-22T15:47:24.645+0200] {processor.py:183} INFO - Processing /usr/local/lib/python3.10/dist-packages/airflow/example_dags/example_branch_datetime_operator.py took 0.071 seconds
[2024-01-22T15:48:30.227+0200] {processor.py:161} INFO - Started process (PID=43825) to work on /usr/local/lib/python3.10/dist-packages/airflow/example_dags/example_branch_datetime_operator.py
[2024-01-22T15:48:30.235+0200] {processor.py:830} INFO - Processing file /usr/local/lib/python3.10/dist-packages/airflow/example_dags/example_branch_datetime_operator.py for tasks to queue
[2024-01-22T15:48:30.241+0200] {logging_mixin.py:188} INFO - [2024-01-22T15:48:30.238+0200] {dagbag.py:538} INFO - Filling up the DagBag from /usr/local/lib/python3.10/dist-packages/airflow/example_dags/example_branch_datetime_operator.py
[2024-01-22T15:48:30.261+0200] {processor.py:840} INFO - DAG(s) 'example_branch_datetime_operator_3', 'example_branch_datetime_operator_2', 'example_branch_datetime_operator' retrieved from /usr/local/lib/python3.10/dist-packages/airflow/example_dags/example_branch_datetime_operator.py
[2024-01-22T15:48:30.339+0200] {logging_mixin.py:188} INFO - [2024-01-22T15:48:30.339+0200] {dag.py:3036} INFO - Sync 3 DAGs
[2024-01-22T15:48:30.416+0200] {logging_mixin.py:188} INFO - [2024-01-22T15:48:30.416+0200] {dag.py:3823} INFO - Setting next_dagrun for example_branch_datetime_operator to 2024-01-21 00:00:00+00:00, run_after=2024-01-22 00:00:00+00:00
[2024-01-22T15:48:30.439+0200] {logging_mixin.py:188} INFO - [2024-01-22T15:48:30.439+0200] {dag.py:3823} INFO - Setting next_dagrun for example_branch_datetime_operator_2 to 2024-01-21 00:00:00+00:00, run_after=2024-01-22 00:00:00+00:00
[2024-01-22T15:48:30.440+0200] {logging_mixin.py:188} INFO - [2024-01-22T15:48:30.440+0200] {dag.py:3823} INFO - Setting next_dagrun for example_branch_datetime_operator_3 to 2024-01-21 00:00:00+00:00, run_after=2024-01-22 00:00:00+00:00
[2024-01-22T15:48:30.489+0200] {processor.py:183} INFO - Processing /usr/local/lib/python3.10/dist-packages/airflow/example_dags/example_branch_datetime_operator.py took 0.279 seconds
