[2024-01-22T15:30:53.558+0200] {processor.py:161} INFO - Started process (PID=40632) to work on /usr/local/lib/python3.10/dist-packages/airflow/example_dags/example_branch_labels.py
[2024-01-22T15:30:53.559+0200] {processor.py:830} INFO - Processing file /usr/local/lib/python3.10/dist-packages/airflow/example_dags/example_branch_labels.py for tasks to queue
[2024-01-22T15:30:53.626+0200] {logging_mixin.py:188} INFO - [2024-01-22T15:30:53.559+0200] {dagbag.py:538} INFO - Filling up the DagBag from /usr/local/lib/python3.10/dist-packages/airflow/example_dags/example_branch_labels.py
[2024-01-22T15:30:53.801+0200] {processor.py:840} INFO - DAG(s) 'example_branch_labels' retrieved from /usr/local/lib/python3.10/dist-packages/airflow/example_dags/example_branch_labels.py
[2024-01-22T15:30:54.750+0200] {logging_mixin.py:188} INFO - [2024-01-22T15:30:54.749+0200] {dag.py:3036} INFO - Sync 1 DAGs
[2024-01-22T15:30:54.928+0200] {logging_mixin.py:188} INFO - [2024-01-22T15:30:54.928+0200] {dag.py:3823} INFO - Setting next_dagrun for example_branch_labels to 2024-01-21 00:00:00+00:00, run_after=2024-01-22 00:00:00+00:00
[2024-01-22T15:30:55.036+0200] {processor.py:183} INFO - Processing /usr/local/lib/python3.10/dist-packages/airflow/example_dags/example_branch_labels.py took 1.598 seconds
[2024-01-22T15:32:03.146+0200] {processor.py:161} INFO - Started process (PID=41088) to work on /usr/local/lib/python3.10/dist-packages/airflow/example_dags/example_branch_labels.py
[2024-01-22T15:32:03.160+0200] {processor.py:830} INFO - Processing file /usr/local/lib/python3.10/dist-packages/airflow/example_dags/example_branch_labels.py for tasks to queue
[2024-01-22T15:32:03.160+0200] {logging_mixin.py:188} INFO - [2024-01-22T15:32:03.160+0200] {dagbag.py:538} INFO - Filling up the DagBag from /usr/local/lib/python3.10/dist-packages/airflow/example_dags/example_branch_labels.py
[2024-01-22T15:32:03.174+0200] {processor.py:840} INFO - DAG(s) 'example_branch_labels' retrieved from /usr/local/lib/python3.10/dist-packages/airflow/example_dags/example_branch_labels.py
[2024-01-22T15:32:03.200+0200] {logging_mixin.py:188} INFO - [2024-01-22T15:32:03.200+0200] {dag.py:3036} INFO - Sync 1 DAGs
[2024-01-22T15:32:03.239+0200] {logging_mixin.py:188} INFO - [2024-01-22T15:32:03.238+0200] {dag.py:3823} INFO - Setting next_dagrun for example_branch_labels to 2024-01-21 00:00:00+00:00, run_after=2024-01-22 00:00:00+00:00
[2024-01-22T15:32:03.270+0200] {processor.py:183} INFO - Processing /usr/local/lib/python3.10/dist-packages/airflow/example_dags/example_branch_labels.py took 0.127 seconds
[2024-01-22T15:33:05.000+0200] {processor.py:161} INFO - Started process (PID=41306) to work on /usr/local/lib/python3.10/dist-packages/airflow/example_dags/example_branch_labels.py
[2024-01-22T15:33:05.019+0200] {processor.py:830} INFO - Processing file /usr/local/lib/python3.10/dist-packages/airflow/example_dags/example_branch_labels.py for tasks to queue
[2024-01-22T15:33:05.028+0200] {logging_mixin.py:188} INFO - [2024-01-22T15:33:05.025+0200] {dagbag.py:538} INFO - Filling up the DagBag from /usr/local/lib/python3.10/dist-packages/airflow/example_dags/example_branch_labels.py
[2024-01-22T15:33:05.106+0200] {processor.py:840} INFO - DAG(s) 'example_branch_labels' retrieved from /usr/local/lib/python3.10/dist-packages/airflow/example_dags/example_branch_labels.py
[2024-01-22T15:33:05.229+0200] {logging_mixin.py:188} INFO - [2024-01-22T15:33:05.229+0200] {dag.py:3036} INFO - Sync 1 DAGs
[2024-01-22T15:33:05.297+0200] {logging_mixin.py:188} INFO - [2024-01-22T15:33:05.297+0200] {dag.py:3823} INFO - Setting next_dagrun for example_branch_labels to 2024-01-21 00:00:00+00:00, run_after=2024-01-22 00:00:00+00:00
[2024-01-22T15:33:05.453+0200] {processor.py:183} INFO - Processing /usr/local/lib/python3.10/dist-packages/airflow/example_dags/example_branch_labels.py took 0.456 seconds
[2024-01-22T15:34:04.797+0200] {processor.py:161} INFO - Started process (PID=41587) to work on /usr/local/lib/python3.10/dist-packages/airflow/example_dags/example_branch_labels.py
[2024-01-22T15:34:04.806+0200] {processor.py:830} INFO - Processing file /usr/local/lib/python3.10/dist-packages/airflow/example_dags/example_branch_labels.py for tasks to queue
[2024-01-22T15:34:04.807+0200] {logging_mixin.py:188} INFO - [2024-01-22T15:34:04.806+0200] {dagbag.py:538} INFO - Filling up the DagBag from /usr/local/lib/python3.10/dist-packages/airflow/example_dags/example_branch_labels.py
[2024-01-22T15:34:04.831+0200] {processor.py:840} INFO - DAG(s) 'example_branch_labels' retrieved from /usr/local/lib/python3.10/dist-packages/airflow/example_dags/example_branch_labels.py
[2024-01-22T15:34:04.868+0200] {logging_mixin.py:188} INFO - [2024-01-22T15:34:04.868+0200] {dag.py:3036} INFO - Sync 1 DAGs
[2024-01-22T15:34:04.903+0200] {logging_mixin.py:188} INFO - [2024-01-22T15:34:04.903+0200] {dag.py:3823} INFO - Setting next_dagrun for example_branch_labels to 2024-01-21 00:00:00+00:00, run_after=2024-01-22 00:00:00+00:00
[2024-01-22T15:34:04.955+0200] {processor.py:183} INFO - Processing /usr/local/lib/python3.10/dist-packages/airflow/example_dags/example_branch_labels.py took 0.161 seconds
[2024-01-22T15:34:56.391+0200] {processor.py:161} INFO - Started process (PID=41657) to work on /usr/local/lib/python3.10/dist-packages/airflow/example_dags/example_branch_labels.py
[2024-01-22T15:34:56.406+0200] {processor.py:830} INFO - Processing file /usr/local/lib/python3.10/dist-packages/airflow/example_dags/example_branch_labels.py for tasks to queue
[2024-01-22T15:34:56.407+0200] {logging_mixin.py:188} INFO - [2024-01-22T15:34:56.406+0200] {dagbag.py:538} INFO - Filling up the DagBag from /usr/local/lib/python3.10/dist-packages/airflow/example_dags/example_branch_labels.py
[2024-01-22T15:34:56.414+0200] {processor.py:840} INFO - DAG(s) 'example_branch_labels' retrieved from /usr/local/lib/python3.10/dist-packages/airflow/example_dags/example_branch_labels.py
[2024-01-22T15:34:56.446+0200] {logging_mixin.py:188} INFO - [2024-01-22T15:34:56.445+0200] {dag.py:3036} INFO - Sync 1 DAGs
[2024-01-22T15:34:56.481+0200] {logging_mixin.py:188} INFO - [2024-01-22T15:34:56.481+0200] {dag.py:3823} INFO - Setting next_dagrun for example_branch_labels to 2024-01-21 00:00:00+00:00, run_after=2024-01-22 00:00:00+00:00
[2024-01-22T15:34:56.515+0200] {processor.py:183} INFO - Processing /usr/local/lib/python3.10/dist-packages/airflow/example_dags/example_branch_labels.py took 0.127 seconds
[2024-01-22T15:35:44.565+0200] {processor.py:161} INFO - Started process (PID=41810) to work on /usr/local/lib/python3.10/dist-packages/airflow/example_dags/example_branch_labels.py
[2024-01-22T15:35:44.574+0200] {processor.py:830} INFO - Processing file /usr/local/lib/python3.10/dist-packages/airflow/example_dags/example_branch_labels.py for tasks to queue
[2024-01-22T15:35:44.575+0200] {logging_mixin.py:188} INFO - [2024-01-22T15:35:44.575+0200] {dagbag.py:538} INFO - Filling up the DagBag from /usr/local/lib/python3.10/dist-packages/airflow/example_dags/example_branch_labels.py
[2024-01-22T15:35:44.599+0200] {processor.py:840} INFO - DAG(s) 'example_branch_labels' retrieved from /usr/local/lib/python3.10/dist-packages/airflow/example_dags/example_branch_labels.py
[2024-01-22T15:35:44.626+0200] {logging_mixin.py:188} INFO - [2024-01-22T15:35:44.626+0200] {dag.py:3036} INFO - Sync 1 DAGs
[2024-01-22T15:35:44.663+0200] {logging_mixin.py:188} INFO - [2024-01-22T15:35:44.650+0200] {dag.py:3823} INFO - Setting next_dagrun for example_branch_labels to 2024-01-21 00:00:00+00:00, run_after=2024-01-22 00:00:00+00:00
[2024-01-22T15:35:44.696+0200] {processor.py:183} INFO - Processing /usr/local/lib/python3.10/dist-packages/airflow/example_dags/example_branch_labels.py took 0.134 seconds
[2024-01-22T15:36:31.752+0200] {processor.py:161} INFO - Started process (PID=41932) to work on /usr/local/lib/python3.10/dist-packages/airflow/example_dags/example_branch_labels.py
[2024-01-22T15:36:31.755+0200] {processor.py:830} INFO - Processing file /usr/local/lib/python3.10/dist-packages/airflow/example_dags/example_branch_labels.py for tasks to queue
[2024-01-22T15:36:31.756+0200] {logging_mixin.py:188} INFO - [2024-01-22T15:36:31.755+0200] {dagbag.py:538} INFO - Filling up the DagBag from /usr/local/lib/python3.10/dist-packages/airflow/example_dags/example_branch_labels.py
[2024-01-22T15:36:31.769+0200] {processor.py:840} INFO - DAG(s) 'example_branch_labels' retrieved from /usr/local/lib/python3.10/dist-packages/airflow/example_dags/example_branch_labels.py
[2024-01-22T15:36:31.793+0200] {logging_mixin.py:188} INFO - [2024-01-22T15:36:31.793+0200] {dag.py:3036} INFO - Sync 1 DAGs
[2024-01-22T15:36:31.866+0200] {logging_mixin.py:188} INFO - [2024-01-22T15:36:31.865+0200] {dag.py:3823} INFO - Setting next_dagrun for example_branch_labels to 2024-01-21 00:00:00+00:00, run_after=2024-01-22 00:00:00+00:00
[2024-01-22T15:36:31.905+0200] {processor.py:183} INFO - Processing /usr/local/lib/python3.10/dist-packages/airflow/example_dags/example_branch_labels.py took 0.158 seconds
[2024-01-22T15:37:39.724+0200] {processor.py:161} INFO - Started process (PID=42077) to work on /usr/local/lib/python3.10/dist-packages/airflow/example_dags/example_branch_labels.py
[2024-01-22T15:37:39.726+0200] {processor.py:830} INFO - Processing file /usr/local/lib/python3.10/dist-packages/airflow/example_dags/example_branch_labels.py for tasks to queue
[2024-01-22T15:37:39.727+0200] {logging_mixin.py:188} INFO - [2024-01-22T15:37:39.727+0200] {dagbag.py:538} INFO - Filling up the DagBag from /usr/local/lib/python3.10/dist-packages/airflow/example_dags/example_branch_labels.py
[2024-01-22T15:37:39.736+0200] {processor.py:840} INFO - DAG(s) 'example_branch_labels' retrieved from /usr/local/lib/python3.10/dist-packages/airflow/example_dags/example_branch_labels.py
[2024-01-22T15:37:39.750+0200] {logging_mixin.py:188} INFO - [2024-01-22T15:37:39.750+0200] {dag.py:3036} INFO - Sync 1 DAGs
[2024-01-22T15:37:39.765+0200] {logging_mixin.py:188} INFO - [2024-01-22T15:37:39.764+0200] {dag.py:3823} INFO - Setting next_dagrun for example_branch_labels to 2024-01-21 00:00:00+00:00, run_after=2024-01-22 00:00:00+00:00
[2024-01-22T15:37:39.785+0200] {processor.py:183} INFO - Processing /usr/local/lib/python3.10/dist-packages/airflow/example_dags/example_branch_labels.py took 0.063 seconds
[2024-01-22T15:38:35.291+0200] {processor.py:161} INFO - Started process (PID=42136) to work on /usr/local/lib/python3.10/dist-packages/airflow/example_dags/example_branch_labels.py
[2024-01-22T15:38:35.294+0200] {processor.py:830} INFO - Processing file /usr/local/lib/python3.10/dist-packages/airflow/example_dags/example_branch_labels.py for tasks to queue
[2024-01-22T15:38:35.295+0200] {logging_mixin.py:188} INFO - [2024-01-22T15:38:35.295+0200] {dagbag.py:538} INFO - Filling up the DagBag from /usr/local/lib/python3.10/dist-packages/airflow/example_dags/example_branch_labels.py
[2024-01-22T15:38:35.305+0200] {processor.py:840} INFO - DAG(s) 'example_branch_labels' retrieved from /usr/local/lib/python3.10/dist-packages/airflow/example_dags/example_branch_labels.py
[2024-01-22T15:38:35.325+0200] {logging_mixin.py:188} INFO - [2024-01-22T15:38:35.325+0200] {dag.py:3036} INFO - Sync 1 DAGs
[2024-01-22T15:38:35.348+0200] {logging_mixin.py:188} INFO - [2024-01-22T15:38:35.347+0200] {dag.py:3823} INFO - Setting next_dagrun for example_branch_labels to 2024-01-21 00:00:00+00:00, run_after=2024-01-22 00:00:00+00:00
[2024-01-22T15:38:35.371+0200] {processor.py:183} INFO - Processing /usr/local/lib/python3.10/dist-packages/airflow/example_dags/example_branch_labels.py took 0.084 seconds
[2024-01-22T15:39:32.400+0200] {processor.py:161} INFO - Started process (PID=42194) to work on /usr/local/lib/python3.10/dist-packages/airflow/example_dags/example_branch_labels.py
[2024-01-22T15:39:32.403+0200] {processor.py:830} INFO - Processing file /usr/local/lib/python3.10/dist-packages/airflow/example_dags/example_branch_labels.py for tasks to queue
[2024-01-22T15:39:32.404+0200] {logging_mixin.py:188} INFO - [2024-01-22T15:39:32.403+0200] {dagbag.py:538} INFO - Filling up the DagBag from /usr/local/lib/python3.10/dist-packages/airflow/example_dags/example_branch_labels.py
[2024-01-22T15:39:32.414+0200] {processor.py:840} INFO - DAG(s) 'example_branch_labels' retrieved from /usr/local/lib/python3.10/dist-packages/airflow/example_dags/example_branch_labels.py
[2024-01-22T15:39:32.450+0200] {logging_mixin.py:188} INFO - [2024-01-22T15:39:32.450+0200] {dag.py:3036} INFO - Sync 1 DAGs
[2024-01-22T15:39:32.476+0200] {logging_mixin.py:188} INFO - [2024-01-22T15:39:32.476+0200] {dag.py:3823} INFO - Setting next_dagrun for example_branch_labels to 2024-01-21 00:00:00+00:00, run_after=2024-01-22 00:00:00+00:00
[2024-01-22T15:39:32.506+0200] {processor.py:183} INFO - Processing /usr/local/lib/python3.10/dist-packages/airflow/example_dags/example_branch_labels.py took 0.121 seconds
[2024-01-22T15:40:36.689+0200] {processor.py:161} INFO - Started process (PID=42290) to work on /usr/local/lib/python3.10/dist-packages/airflow/example_dags/example_branch_labels.py
[2024-01-22T15:40:36.692+0200] {processor.py:830} INFO - Processing file /usr/local/lib/python3.10/dist-packages/airflow/example_dags/example_branch_labels.py for tasks to queue
[2024-01-22T15:40:36.693+0200] {logging_mixin.py:188} INFO - [2024-01-22T15:40:36.693+0200] {dagbag.py:538} INFO - Filling up the DagBag from /usr/local/lib/python3.10/dist-packages/airflow/example_dags/example_branch_labels.py
[2024-01-22T15:40:36.704+0200] {processor.py:840} INFO - DAG(s) 'example_branch_labels' retrieved from /usr/local/lib/python3.10/dist-packages/airflow/example_dags/example_branch_labels.py
[2024-01-22T15:40:36.726+0200] {logging_mixin.py:188} INFO - [2024-01-22T15:40:36.726+0200] {dag.py:3036} INFO - Sync 1 DAGs
[2024-01-22T15:40:36.742+0200] {logging_mixin.py:188} INFO - [2024-01-22T15:40:36.741+0200] {dag.py:3823} INFO - Setting next_dagrun for example_branch_labels to 2024-01-21 00:00:00+00:00, run_after=2024-01-22 00:00:00+00:00
[2024-01-22T15:40:36.758+0200] {processor.py:183} INFO - Processing /usr/local/lib/python3.10/dist-packages/airflow/example_dags/example_branch_labels.py took 0.072 seconds
[2024-01-22T15:41:33.111+0200] {processor.py:161} INFO - Started process (PID=42347) to work on /usr/local/lib/python3.10/dist-packages/airflow/example_dags/example_branch_labels.py
[2024-01-22T15:41:33.113+0200] {processor.py:830} INFO - Processing file /usr/local/lib/python3.10/dist-packages/airflow/example_dags/example_branch_labels.py for tasks to queue
[2024-01-22T15:41:33.114+0200] {logging_mixin.py:188} INFO - [2024-01-22T15:41:33.113+0200] {dagbag.py:538} INFO - Filling up the DagBag from /usr/local/lib/python3.10/dist-packages/airflow/example_dags/example_branch_labels.py
[2024-01-22T15:41:33.124+0200] {processor.py:840} INFO - DAG(s) 'example_branch_labels' retrieved from /usr/local/lib/python3.10/dist-packages/airflow/example_dags/example_branch_labels.py
[2024-01-22T15:41:33.147+0200] {logging_mixin.py:188} INFO - [2024-01-22T15:41:33.146+0200] {dag.py:3036} INFO - Sync 1 DAGs
[2024-01-22T15:41:33.167+0200] {logging_mixin.py:188} INFO - [2024-01-22T15:41:33.167+0200] {dag.py:3823} INFO - Setting next_dagrun for example_branch_labels to 2024-01-21 00:00:00+00:00, run_after=2024-01-22 00:00:00+00:00
[2024-01-22T15:41:33.193+0200] {processor.py:183} INFO - Processing /usr/local/lib/python3.10/dist-packages/airflow/example_dags/example_branch_labels.py took 0.087 seconds
[2024-01-22T15:42:27.748+0200] {processor.py:161} INFO - Started process (PID=42407) to work on /usr/local/lib/python3.10/dist-packages/airflow/example_dags/example_branch_labels.py
[2024-01-22T15:42:27.751+0200] {processor.py:830} INFO - Processing file /usr/local/lib/python3.10/dist-packages/airflow/example_dags/example_branch_labels.py for tasks to queue
[2024-01-22T15:42:27.752+0200] {logging_mixin.py:188} INFO - [2024-01-22T15:42:27.751+0200] {dagbag.py:538} INFO - Filling up the DagBag from /usr/local/lib/python3.10/dist-packages/airflow/example_dags/example_branch_labels.py
[2024-01-22T15:42:27.762+0200] {processor.py:840} INFO - DAG(s) 'example_branch_labels' retrieved from /usr/local/lib/python3.10/dist-packages/airflow/example_dags/example_branch_labels.py
[2024-01-22T15:42:27.783+0200] {logging_mixin.py:188} INFO - [2024-01-22T15:42:27.782+0200] {dag.py:3036} INFO - Sync 1 DAGs
[2024-01-22T15:42:27.804+0200] {logging_mixin.py:188} INFO - [2024-01-22T15:42:27.804+0200] {dag.py:3823} INFO - Setting next_dagrun for example_branch_labels to 2024-01-21 00:00:00+00:00, run_after=2024-01-22 00:00:00+00:00
[2024-01-22T15:42:27.830+0200] {processor.py:183} INFO - Processing /usr/local/lib/python3.10/dist-packages/airflow/example_dags/example_branch_labels.py took 0.085 seconds
[2024-01-22T15:43:25.490+0200] {processor.py:161} INFO - Started process (PID=42472) to work on /usr/local/lib/python3.10/dist-packages/airflow/example_dags/example_branch_labels.py
[2024-01-22T15:43:25.494+0200] {processor.py:830} INFO - Processing file /usr/local/lib/python3.10/dist-packages/airflow/example_dags/example_branch_labels.py for tasks to queue
[2024-01-22T15:43:25.495+0200] {logging_mixin.py:188} INFO - [2024-01-22T15:43:25.495+0200] {dagbag.py:538} INFO - Filling up the DagBag from /usr/local/lib/python3.10/dist-packages/airflow/example_dags/example_branch_labels.py
[2024-01-22T15:43:25.506+0200] {processor.py:840} INFO - DAG(s) 'example_branch_labels' retrieved from /usr/local/lib/python3.10/dist-packages/airflow/example_dags/example_branch_labels.py
[2024-01-22T15:43:25.528+0200] {logging_mixin.py:188} INFO - [2024-01-22T15:43:25.527+0200] {dag.py:3036} INFO - Sync 1 DAGs
[2024-01-22T15:43:25.548+0200] {logging_mixin.py:188} INFO - [2024-01-22T15:43:25.548+0200] {dag.py:3823} INFO - Setting next_dagrun for example_branch_labels to 2024-01-21 00:00:00+00:00, run_after=2024-01-22 00:00:00+00:00
[2024-01-22T15:43:25.571+0200] {processor.py:183} INFO - Processing /usr/local/lib/python3.10/dist-packages/airflow/example_dags/example_branch_labels.py took 0.085 seconds
[2024-01-22T15:44:17.123+0200] {processor.py:161} INFO - Started process (PID=42524) to work on /usr/local/lib/python3.10/dist-packages/airflow/example_dags/example_branch_labels.py
[2024-01-22T15:44:17.125+0200] {processor.py:830} INFO - Processing file /usr/local/lib/python3.10/dist-packages/airflow/example_dags/example_branch_labels.py for tasks to queue
[2024-01-22T15:44:17.126+0200] {logging_mixin.py:188} INFO - [2024-01-22T15:44:17.125+0200] {dagbag.py:538} INFO - Filling up the DagBag from /usr/local/lib/python3.10/dist-packages/airflow/example_dags/example_branch_labels.py
[2024-01-22T15:44:17.139+0200] {processor.py:840} INFO - DAG(s) 'example_branch_labels' retrieved from /usr/local/lib/python3.10/dist-packages/airflow/example_dags/example_branch_labels.py
[2024-01-22T15:44:17.159+0200] {logging_mixin.py:188} INFO - [2024-01-22T15:44:17.158+0200] {dag.py:3036} INFO - Sync 1 DAGs
[2024-01-22T15:44:17.183+0200] {logging_mixin.py:188} INFO - [2024-01-22T15:44:17.183+0200] {dag.py:3823} INFO - Setting next_dagrun for example_branch_labels to 2024-01-21 00:00:00+00:00, run_after=2024-01-22 00:00:00+00:00
[2024-01-22T15:44:17.208+0200] {processor.py:183} INFO - Processing /usr/local/lib/python3.10/dist-packages/airflow/example_dags/example_branch_labels.py took 0.090 seconds
[2024-01-22T15:45:05.552+0200] {processor.py:161} INFO - Started process (PID=42575) to work on /usr/local/lib/python3.10/dist-packages/airflow/example_dags/example_branch_labels.py
[2024-01-22T15:45:05.554+0200] {processor.py:830} INFO - Processing file /usr/local/lib/python3.10/dist-packages/airflow/example_dags/example_branch_labels.py for tasks to queue
[2024-01-22T15:45:05.555+0200] {logging_mixin.py:188} INFO - [2024-01-22T15:45:05.555+0200] {dagbag.py:538} INFO - Filling up the DagBag from /usr/local/lib/python3.10/dist-packages/airflow/example_dags/example_branch_labels.py
[2024-01-22T15:45:05.562+0200] {processor.py:840} INFO - DAG(s) 'example_branch_labels' retrieved from /usr/local/lib/python3.10/dist-packages/airflow/example_dags/example_branch_labels.py
[2024-01-22T15:45:05.575+0200] {logging_mixin.py:188} INFO - [2024-01-22T15:45:05.575+0200] {dag.py:3036} INFO - Sync 1 DAGs
[2024-01-22T15:45:05.589+0200] {logging_mixin.py:188} INFO - [2024-01-22T15:45:05.588+0200] {dag.py:3823} INFO - Setting next_dagrun for example_branch_labels to 2024-01-21 00:00:00+00:00, run_after=2024-01-22 00:00:00+00:00
[2024-01-22T15:45:05.605+0200] {processor.py:183} INFO - Processing /usr/local/lib/python3.10/dist-packages/airflow/example_dags/example_branch_labels.py took 0.056 seconds
[2024-01-22T15:46:00.281+0200] {processor.py:161} INFO - Started process (PID=42688) to work on /usr/local/lib/python3.10/dist-packages/airflow/example_dags/example_branch_labels.py
[2024-01-22T15:46:00.283+0200] {processor.py:830} INFO - Processing file /usr/local/lib/python3.10/dist-packages/airflow/example_dags/example_branch_labels.py for tasks to queue
[2024-01-22T15:46:00.284+0200] {logging_mixin.py:188} INFO - [2024-01-22T15:46:00.284+0200] {dagbag.py:538} INFO - Filling up the DagBag from /usr/local/lib/python3.10/dist-packages/airflow/example_dags/example_branch_labels.py
[2024-01-22T15:46:00.291+0200] {processor.py:840} INFO - DAG(s) 'example_branch_labels' retrieved from /usr/local/lib/python3.10/dist-packages/airflow/example_dags/example_branch_labels.py
[2024-01-22T15:46:00.333+0200] {logging_mixin.py:188} INFO - [2024-01-22T15:46:00.333+0200] {dag.py:3036} INFO - Sync 1 DAGs
[2024-01-22T15:46:00.360+0200] {logging_mixin.py:188} INFO - [2024-01-22T15:46:00.360+0200] {dag.py:3823} INFO - Setting next_dagrun for example_branch_labels to 2024-01-21 00:00:00+00:00, run_after=2024-01-22 00:00:00+00:00
[2024-01-22T15:46:00.406+0200] {processor.py:183} INFO - Processing /usr/local/lib/python3.10/dist-packages/airflow/example_dags/example_branch_labels.py took 0.127 seconds
[2024-01-22T15:46:53.092+0200] {processor.py:161} INFO - Started process (PID=43602) to work on /usr/local/lib/python3.10/dist-packages/airflow/example_dags/example_branch_labels.py
[2024-01-22T15:46:53.101+0200] {processor.py:830} INFO - Processing file /usr/local/lib/python3.10/dist-packages/airflow/example_dags/example_branch_labels.py for tasks to queue
[2024-01-22T15:46:53.108+0200] {logging_mixin.py:188} INFO - [2024-01-22T15:46:53.103+0200] {dagbag.py:538} INFO - Filling up the DagBag from /usr/local/lib/python3.10/dist-packages/airflow/example_dags/example_branch_labels.py
[2024-01-22T15:46:53.200+0200] {processor.py:840} INFO - DAG(s) 'example_branch_labels' retrieved from /usr/local/lib/python3.10/dist-packages/airflow/example_dags/example_branch_labels.py
[2024-01-22T15:46:53.295+0200] {logging_mixin.py:188} INFO - [2024-01-22T15:46:53.293+0200] {dag.py:3036} INFO - Sync 1 DAGs
[2024-01-22T15:46:53.385+0200] {logging_mixin.py:188} INFO - [2024-01-22T15:46:53.381+0200] {dag.py:3823} INFO - Setting next_dagrun for example_branch_labels to 2024-01-21 00:00:00+00:00, run_after=2024-01-22 00:00:00+00:00
[2024-01-22T15:46:53.487+0200] {processor.py:183} INFO - Processing /usr/local/lib/python3.10/dist-packages/airflow/example_dags/example_branch_labels.py took 0.430 seconds
[2024-01-22T15:47:45.200+0200] {processor.py:161} INFO - Started process (PID=43733) to work on /usr/local/lib/python3.10/dist-packages/airflow/example_dags/example_branch_labels.py
[2024-01-22T15:47:45.206+0200] {processor.py:830} INFO - Processing file /usr/local/lib/python3.10/dist-packages/airflow/example_dags/example_branch_labels.py for tasks to queue
[2024-01-22T15:47:45.207+0200] {logging_mixin.py:188} INFO - [2024-01-22T15:47:45.207+0200] {dagbag.py:538} INFO - Filling up the DagBag from /usr/local/lib/python3.10/dist-packages/airflow/example_dags/example_branch_labels.py
[2024-01-22T15:47:45.221+0200] {processor.py:840} INFO - DAG(s) 'example_branch_labels' retrieved from /usr/local/lib/python3.10/dist-packages/airflow/example_dags/example_branch_labels.py
[2024-01-22T15:47:45.257+0200] {logging_mixin.py:188} INFO - [2024-01-22T15:47:45.257+0200] {dag.py:3036} INFO - Sync 1 DAGs
[2024-01-22T15:47:45.287+0200] {logging_mixin.py:188} INFO - [2024-01-22T15:47:45.286+0200] {dag.py:3823} INFO - Setting next_dagrun for example_branch_labels to 2024-01-21 00:00:00+00:00, run_after=2024-01-22 00:00:00+00:00
[2024-01-22T15:47:45.409+0200] {processor.py:183} INFO - Processing /usr/local/lib/python3.10/dist-packages/airflow/example_dags/example_branch_labels.py took 0.213 seconds
[2024-01-22T15:48:55.375+0200] {processor.py:161} INFO - Started process (PID=43973) to work on /usr/local/lib/python3.10/dist-packages/airflow/example_dags/example_branch_labels.py
[2024-01-22T15:48:55.387+0200] {processor.py:830} INFO - Processing file /usr/local/lib/python3.10/dist-packages/airflow/example_dags/example_branch_labels.py for tasks to queue
[2024-01-22T15:48:55.388+0200] {logging_mixin.py:188} INFO - [2024-01-22T15:48:55.387+0200] {dagbag.py:538} INFO - Filling up the DagBag from /usr/local/lib/python3.10/dist-packages/airflow/example_dags/example_branch_labels.py
[2024-01-22T15:48:55.465+0200] {processor.py:840} INFO - DAG(s) 'example_branch_labels' retrieved from /usr/local/lib/python3.10/dist-packages/airflow/example_dags/example_branch_labels.py
[2024-01-22T15:48:55.675+0200] {logging_mixin.py:188} INFO - [2024-01-22T15:48:55.664+0200] {dag.py:3036} INFO - Sync 1 DAGs
[2024-01-22T15:48:55.768+0200] {logging_mixin.py:188} INFO - [2024-01-22T15:48:55.768+0200] {dag.py:3823} INFO - Setting next_dagrun for example_branch_labels to 2024-01-21 00:00:00+00:00, run_after=2024-01-22 00:00:00+00:00
[2024-01-22T15:48:55.945+0200] {processor.py:183} INFO - Processing /usr/local/lib/python3.10/dist-packages/airflow/example_dags/example_branch_labels.py took 0.594 seconds
