[2024-01-22T15:30:15.704+0200] {processor.py:161} INFO - Started process (PID=40577) to work on /usr/local/lib/python3.10/dist-packages/airflow/example_dags/example_sla_dag.py
[2024-01-22T15:30:15.705+0200] {processor.py:830} INFO - Processing file /usr/local/lib/python3.10/dist-packages/airflow/example_dags/example_sla_dag.py for tasks to queue
[2024-01-22T15:30:15.726+0200] {logging_mixin.py:188} INFO - [2024-01-22T15:30:15.705+0200] {dagbag.py:538} INFO - Filling up the DagBag from /usr/local/lib/python3.10/dist-packages/airflow/example_dags/example_sla_dag.py
[2024-01-22T15:30:15.745+0200] {processor.py:840} INFO - DAG(s) 'example_sla_dag' retrieved from /usr/local/lib/python3.10/dist-packages/airflow/example_dags/example_sla_dag.py
[2024-01-22T15:30:16.159+0200] {logging_mixin.py:188} INFO - [2024-01-22T15:30:16.158+0200] {dag.py:3036} INFO - Sync 1 DAGs
[2024-01-22T15:30:16.244+0200] {logging_mixin.py:188} INFO - [2024-01-22T15:30:16.244+0200] {dag.py:3823} INFO - Setting next_dagrun for example_sla_dag to 2024-01-22 13:28:00+00:00, run_after=2024-01-22 13:30:00+00:00
[2024-01-22T15:30:16.342+0200] {processor.py:183} INFO - Processing /usr/local/lib/python3.10/dist-packages/airflow/example_dags/example_sla_dag.py took 0.640 seconds
[2024-01-22T15:31:30.892+0200] {processor.py:161} INFO - Started process (PID=40892) to work on /usr/local/lib/python3.10/dist-packages/airflow/example_dags/example_sla_dag.py
[2024-01-22T15:31:30.898+0200] {processor.py:830} INFO - Processing file /usr/local/lib/python3.10/dist-packages/airflow/example_dags/example_sla_dag.py for tasks to queue
[2024-01-22T15:31:30.899+0200] {logging_mixin.py:188} INFO - [2024-01-22T15:31:30.898+0200] {dagbag.py:538} INFO - Filling up the DagBag from /usr/local/lib/python3.10/dist-packages/airflow/example_dags/example_sla_dag.py
[2024-01-22T15:31:30.927+0200] {processor.py:840} INFO - DAG(s) 'example_sla_dag' retrieved from /usr/local/lib/python3.10/dist-packages/airflow/example_dags/example_sla_dag.py
[2024-01-22T15:31:30.951+0200] {logging_mixin.py:188} INFO - [2024-01-22T15:31:30.951+0200] {dag.py:3036} INFO - Sync 1 DAGs
[2024-01-22T15:31:30.990+0200] {logging_mixin.py:188} INFO - [2024-01-22T15:31:30.990+0200] {dag.py:3823} INFO - Setting next_dagrun for example_sla_dag to 2024-01-22 13:28:00+00:00, run_after=2024-01-22 13:30:00+00:00
[2024-01-22T15:31:31.026+0200] {processor.py:183} INFO - Processing /usr/local/lib/python3.10/dist-packages/airflow/example_dags/example_sla_dag.py took 0.140 seconds
[2024-01-22T15:32:09.416+0200] {processor.py:161} INFO - Started process (PID=41094) to work on /usr/local/lib/python3.10/dist-packages/airflow/example_dags/example_sla_dag.py
[2024-01-22T15:32:09.426+0200] {processor.py:830} INFO - Processing file /usr/local/lib/python3.10/dist-packages/airflow/example_dags/example_sla_dag.py for tasks to queue
[2024-01-22T15:32:09.427+0200] {logging_mixin.py:188} INFO - [2024-01-22T15:32:09.426+0200] {dagbag.py:538} INFO - Filling up the DagBag from /usr/local/lib/python3.10/dist-packages/airflow/example_dags/example_sla_dag.py
[2024-01-22T15:32:09.448+0200] {processor.py:840} INFO - DAG(s) 'example_sla_dag' retrieved from /usr/local/lib/python3.10/dist-packages/airflow/example_dags/example_sla_dag.py
[2024-01-22T15:32:09.478+0200] {logging_mixin.py:188} INFO - [2024-01-22T15:32:09.478+0200] {dag.py:3036} INFO - Sync 1 DAGs
[2024-01-22T15:32:09.520+0200] {logging_mixin.py:188} INFO - [2024-01-22T15:32:09.520+0200] {dag.py:3823} INFO - Setting next_dagrun for example_sla_dag to 2024-01-22 13:30:00+00:00, run_after=2024-01-22 13:32:00+00:00
[2024-01-22T15:32:09.549+0200] {processor.py:183} INFO - Processing /usr/local/lib/python3.10/dist-packages/airflow/example_dags/example_sla_dag.py took 0.136 seconds
[2024-01-22T15:32:58.124+0200] {processor.py:161} INFO - Started process (PID=41268) to work on /usr/local/lib/python3.10/dist-packages/airflow/example_dags/example_sla_dag.py
[2024-01-22T15:32:58.134+0200] {processor.py:830} INFO - Processing file /usr/local/lib/python3.10/dist-packages/airflow/example_dags/example_sla_dag.py for tasks to queue
[2024-01-22T15:32:58.135+0200] {logging_mixin.py:188} INFO - [2024-01-22T15:32:58.135+0200] {dagbag.py:538} INFO - Filling up the DagBag from /usr/local/lib/python3.10/dist-packages/airflow/example_dags/example_sla_dag.py
[2024-01-22T15:32:58.170+0200] {processor.py:840} INFO - DAG(s) 'example_sla_dag' retrieved from /usr/local/lib/python3.10/dist-packages/airflow/example_dags/example_sla_dag.py
[2024-01-22T15:32:58.226+0200] {logging_mixin.py:188} INFO - [2024-01-22T15:32:58.226+0200] {dag.py:3036} INFO - Sync 1 DAGs
[2024-01-22T15:32:58.278+0200] {logging_mixin.py:188} INFO - [2024-01-22T15:32:58.277+0200] {dag.py:3823} INFO - Setting next_dagrun for example_sla_dag to 2024-01-22 13:30:00+00:00, run_after=2024-01-22 13:32:00+00:00
[2024-01-22T15:32:58.323+0200] {processor.py:183} INFO - Processing /usr/local/lib/python3.10/dist-packages/airflow/example_dags/example_sla_dag.py took 0.201 seconds
[2024-01-22T15:33:54.428+0200] {processor.py:161} INFO - Started process (PID=41559) to work on /usr/local/lib/python3.10/dist-packages/airflow/example_dags/example_sla_dag.py
[2024-01-22T15:33:54.432+0200] {processor.py:830} INFO - Processing file /usr/local/lib/python3.10/dist-packages/airflow/example_dags/example_sla_dag.py for tasks to queue
[2024-01-22T15:33:54.443+0200] {logging_mixin.py:188} INFO - [2024-01-22T15:33:54.432+0200] {dagbag.py:538} INFO - Filling up the DagBag from /usr/local/lib/python3.10/dist-packages/airflow/example_dags/example_sla_dag.py
[2024-01-22T15:33:54.462+0200] {processor.py:840} INFO - DAG(s) 'example_sla_dag' retrieved from /usr/local/lib/python3.10/dist-packages/airflow/example_dags/example_sla_dag.py
[2024-01-22T15:33:54.484+0200] {logging_mixin.py:188} INFO - [2024-01-22T15:33:54.484+0200] {dag.py:3036} INFO - Sync 1 DAGs
[2024-01-22T15:33:54.517+0200] {logging_mixin.py:188} INFO - [2024-01-22T15:33:54.516+0200] {dag.py:3823} INFO - Setting next_dagrun for example_sla_dag to 2024-01-22 13:30:00+00:00, run_after=2024-01-22 13:32:00+00:00
[2024-01-22T15:33:54.565+0200] {processor.py:183} INFO - Processing /usr/local/lib/python3.10/dist-packages/airflow/example_dags/example_sla_dag.py took 0.139 seconds
[2024-01-22T15:34:46.081+0200] {processor.py:161} INFO - Started process (PID=41643) to work on /usr/local/lib/python3.10/dist-packages/airflow/example_dags/example_sla_dag.py
[2024-01-22T15:34:46.083+0200] {processor.py:830} INFO - Processing file /usr/local/lib/python3.10/dist-packages/airflow/example_dags/example_sla_dag.py for tasks to queue
[2024-01-22T15:34:46.084+0200] {logging_mixin.py:188} INFO - [2024-01-22T15:34:46.083+0200] {dagbag.py:538} INFO - Filling up the DagBag from /usr/local/lib/python3.10/dist-packages/airflow/example_dags/example_sla_dag.py
[2024-01-22T15:34:46.097+0200] {processor.py:840} INFO - DAG(s) 'example_sla_dag' retrieved from /usr/local/lib/python3.10/dist-packages/airflow/example_dags/example_sla_dag.py
[2024-01-22T15:34:46.134+0200] {logging_mixin.py:188} INFO - [2024-01-22T15:34:46.134+0200] {dag.py:3036} INFO - Sync 1 DAGs
[2024-01-22T15:34:46.157+0200] {logging_mixin.py:188} INFO - [2024-01-22T15:34:46.157+0200] {dag.py:3823} INFO - Setting next_dagrun for example_sla_dag to 2024-01-22 13:32:00+00:00, run_after=2024-01-22 13:34:00+00:00
[2024-01-22T15:34:46.187+0200] {processor.py:183} INFO - Processing /usr/local/lib/python3.10/dist-packages/airflow/example_dags/example_sla_dag.py took 0.122 seconds
[2024-01-22T15:35:33.014+0200] {processor.py:161} INFO - Started process (PID=41744) to work on /usr/local/lib/python3.10/dist-packages/airflow/example_dags/example_sla_dag.py
[2024-01-22T15:35:33.019+0200] {processor.py:830} INFO - Processing file /usr/local/lib/python3.10/dist-packages/airflow/example_dags/example_sla_dag.py for tasks to queue
[2024-01-22T15:35:33.020+0200] {logging_mixin.py:188} INFO - [2024-01-22T15:35:33.019+0200] {dagbag.py:538} INFO - Filling up the DagBag from /usr/local/lib/python3.10/dist-packages/airflow/example_dags/example_sla_dag.py
[2024-01-22T15:35:33.033+0200] {processor.py:840} INFO - DAG(s) 'example_sla_dag' retrieved from /usr/local/lib/python3.10/dist-packages/airflow/example_dags/example_sla_dag.py
[2024-01-22T15:35:33.054+0200] {logging_mixin.py:188} INFO - [2024-01-22T15:35:33.054+0200] {dag.py:3036} INFO - Sync 1 DAGs
[2024-01-22T15:35:33.118+0200] {logging_mixin.py:188} INFO - [2024-01-22T15:35:33.117+0200] {dag.py:3823} INFO - Setting next_dagrun for example_sla_dag to 2024-01-22 13:32:00+00:00, run_after=2024-01-22 13:34:00+00:00
[2024-01-22T15:35:33.154+0200] {processor.py:183} INFO - Processing /usr/local/lib/python3.10/dist-packages/airflow/example_dags/example_sla_dag.py took 0.144 seconds
[2024-01-22T15:36:20.753+0200] {processor.py:161} INFO - Started process (PID=41921) to work on /usr/local/lib/python3.10/dist-packages/airflow/example_dags/example_sla_dag.py
[2024-01-22T15:36:20.756+0200] {processor.py:830} INFO - Processing file /usr/local/lib/python3.10/dist-packages/airflow/example_dags/example_sla_dag.py for tasks to queue
[2024-01-22T15:36:20.757+0200] {logging_mixin.py:188} INFO - [2024-01-22T15:36:20.756+0200] {dagbag.py:538} INFO - Filling up the DagBag from /usr/local/lib/python3.10/dist-packages/airflow/example_dags/example_sla_dag.py
[2024-01-22T15:36:20.770+0200] {processor.py:840} INFO - DAG(s) 'example_sla_dag' retrieved from /usr/local/lib/python3.10/dist-packages/airflow/example_dags/example_sla_dag.py
[2024-01-22T15:36:20.789+0200] {logging_mixin.py:188} INFO - [2024-01-22T15:36:20.789+0200] {dag.py:3036} INFO - Sync 1 DAGs
[2024-01-22T15:36:20.813+0200] {logging_mixin.py:188} INFO - [2024-01-22T15:36:20.812+0200] {dag.py:3823} INFO - Setting next_dagrun for example_sla_dag to 2024-01-22 13:34:00+00:00, run_after=2024-01-22 13:36:00+00:00
[2024-01-22T15:36:20.840+0200] {processor.py:183} INFO - Processing /usr/local/lib/python3.10/dist-packages/airflow/example_dags/example_sla_dag.py took 0.090 seconds
[2024-01-22T15:37:06.411+0200] {processor.py:161} INFO - Started process (PID=42029) to work on /usr/local/lib/python3.10/dist-packages/airflow/example_dags/example_sla_dag.py
[2024-01-22T15:37:06.414+0200] {processor.py:830} INFO - Processing file /usr/local/lib/python3.10/dist-packages/airflow/example_dags/example_sla_dag.py for tasks to queue
[2024-01-22T15:37:06.416+0200] {logging_mixin.py:188} INFO - [2024-01-22T15:37:06.415+0200] {dagbag.py:538} INFO - Filling up the DagBag from /usr/local/lib/python3.10/dist-packages/airflow/example_dags/example_sla_dag.py
[2024-01-22T15:37:06.464+0200] {processor.py:840} INFO - DAG(s) 'example_sla_dag' retrieved from /usr/local/lib/python3.10/dist-packages/airflow/example_dags/example_sla_dag.py
[2024-01-22T15:37:06.517+0200] {logging_mixin.py:188} INFO - [2024-01-22T15:37:06.517+0200] {dag.py:3036} INFO - Sync 1 DAGs
[2024-01-22T15:37:06.675+0200] {logging_mixin.py:188} INFO - [2024-01-22T15:37:06.674+0200] {dag.py:3823} INFO - Setting next_dagrun for example_sla_dag to 2024-01-22 13:34:00+00:00, run_after=2024-01-22 13:36:00+00:00
[2024-01-22T15:37:06.814+0200] {processor.py:183} INFO - Processing /usr/local/lib/python3.10/dist-packages/airflow/example_dags/example_sla_dag.py took 0.420 seconds
[2024-01-22T15:37:51.012+0200] {processor.py:161} INFO - Started process (PID=42088) to work on /usr/local/lib/python3.10/dist-packages/airflow/example_dags/example_sla_dag.py
[2024-01-22T15:37:51.015+0200] {processor.py:830} INFO - Processing file /usr/local/lib/python3.10/dist-packages/airflow/example_dags/example_sla_dag.py for tasks to queue
[2024-01-22T15:37:51.016+0200] {logging_mixin.py:188} INFO - [2024-01-22T15:37:51.016+0200] {dagbag.py:538} INFO - Filling up the DagBag from /usr/local/lib/python3.10/dist-packages/airflow/example_dags/example_sla_dag.py
[2024-01-22T15:37:51.030+0200] {processor.py:840} INFO - DAG(s) 'example_sla_dag' retrieved from /usr/local/lib/python3.10/dist-packages/airflow/example_dags/example_sla_dag.py
[2024-01-22T15:37:51.049+0200] {logging_mixin.py:188} INFO - [2024-01-22T15:37:51.049+0200] {dag.py:3036} INFO - Sync 1 DAGs
[2024-01-22T15:37:51.073+0200] {logging_mixin.py:188} INFO - [2024-01-22T15:37:51.073+0200] {dag.py:3823} INFO - Setting next_dagrun for example_sla_dag to 2024-01-22 13:34:00+00:00, run_after=2024-01-22 13:36:00+00:00
[2024-01-22T15:37:51.104+0200] {processor.py:183} INFO - Processing /usr/local/lib/python3.10/dist-packages/airflow/example_dags/example_sla_dag.py took 0.097 seconds
[2024-01-22T15:38:29.291+0200] {processor.py:161} INFO - Started process (PID=42130) to work on /usr/local/lib/python3.10/dist-packages/airflow/example_dags/example_sla_dag.py
[2024-01-22T15:38:29.293+0200] {processor.py:830} INFO - Processing file /usr/local/lib/python3.10/dist-packages/airflow/example_dags/example_sla_dag.py for tasks to queue
[2024-01-22T15:38:29.294+0200] {logging_mixin.py:188} INFO - [2024-01-22T15:38:29.294+0200] {dagbag.py:538} INFO - Filling up the DagBag from /usr/local/lib/python3.10/dist-packages/airflow/example_dags/example_sla_dag.py
[2024-01-22T15:38:29.307+0200] {processor.py:840} INFO - DAG(s) 'example_sla_dag' retrieved from /usr/local/lib/python3.10/dist-packages/airflow/example_dags/example_sla_dag.py
[2024-01-22T15:38:29.324+0200] {logging_mixin.py:188} INFO - [2024-01-22T15:38:29.324+0200] {dag.py:3036} INFO - Sync 1 DAGs
[2024-01-22T15:38:29.340+0200] {logging_mixin.py:188} INFO - [2024-01-22T15:38:29.339+0200] {dag.py:3823} INFO - Setting next_dagrun for example_sla_dag to 2024-01-22 13:36:00+00:00, run_after=2024-01-22 13:38:00+00:00
[2024-01-22T15:38:29.361+0200] {processor.py:183} INFO - Processing /usr/local/lib/python3.10/dist-packages/airflow/example_dags/example_sla_dag.py took 0.075 seconds
[2024-01-22T15:39:05.087+0200] {processor.py:161} INFO - Started process (PID=42165) to work on /usr/local/lib/python3.10/dist-packages/airflow/example_dags/example_sla_dag.py
[2024-01-22T15:39:05.088+0200] {processor.py:830} INFO - Processing file /usr/local/lib/python3.10/dist-packages/airflow/example_dags/example_sla_dag.py for tasks to queue
[2024-01-22T15:39:05.089+0200] {logging_mixin.py:188} INFO - [2024-01-22T15:39:05.089+0200] {dagbag.py:538} INFO - Filling up the DagBag from /usr/local/lib/python3.10/dist-packages/airflow/example_dags/example_sla_dag.py
[2024-01-22T15:39:05.099+0200] {processor.py:840} INFO - DAG(s) 'example_sla_dag' retrieved from /usr/local/lib/python3.10/dist-packages/airflow/example_dags/example_sla_dag.py
[2024-01-22T15:39:05.117+0200] {logging_mixin.py:188} INFO - [2024-01-22T15:39:05.117+0200] {dag.py:3036} INFO - Sync 1 DAGs
[2024-01-22T15:39:05.135+0200] {logging_mixin.py:188} INFO - [2024-01-22T15:39:05.135+0200] {dag.py:3823} INFO - Setting next_dagrun for example_sla_dag to 2024-01-22 13:36:00+00:00, run_after=2024-01-22 13:38:00+00:00
[2024-01-22T15:39:05.153+0200] {processor.py:183} INFO - Processing /usr/local/lib/python3.10/dist-packages/airflow/example_dags/example_sla_dag.py took 0.070 seconds
[2024-01-22T15:39:43.847+0200] {processor.py:161} INFO - Started process (PID=42211) to work on /usr/local/lib/python3.10/dist-packages/airflow/example_dags/example_sla_dag.py
[2024-01-22T15:39:43.850+0200] {processor.py:830} INFO - Processing file /usr/local/lib/python3.10/dist-packages/airflow/example_dags/example_sla_dag.py for tasks to queue
[2024-01-22T15:39:43.851+0200] {logging_mixin.py:188} INFO - [2024-01-22T15:39:43.850+0200] {dagbag.py:538} INFO - Filling up the DagBag from /usr/local/lib/python3.10/dist-packages/airflow/example_dags/example_sla_dag.py
[2024-01-22T15:39:43.863+0200] {processor.py:840} INFO - DAG(s) 'example_sla_dag' retrieved from /usr/local/lib/python3.10/dist-packages/airflow/example_dags/example_sla_dag.py
[2024-01-22T15:39:43.882+0200] {logging_mixin.py:188} INFO - [2024-01-22T15:39:43.880+0200] {dag.py:3036} INFO - Sync 1 DAGs
[2024-01-22T15:39:43.905+0200] {logging_mixin.py:188} INFO - [2024-01-22T15:39:43.905+0200] {dag.py:3823} INFO - Setting next_dagrun for example_sla_dag to 2024-01-22 13:36:00+00:00, run_after=2024-01-22 13:38:00+00:00
[2024-01-22T15:39:43.930+0200] {processor.py:183} INFO - Processing /usr/local/lib/python3.10/dist-packages/airflow/example_dags/example_sla_dag.py took 0.087 seconds
[2024-01-22T15:40:27.559+0200] {processor.py:161} INFO - Started process (PID=42280) to work on /usr/local/lib/python3.10/dist-packages/airflow/example_dags/example_sla_dag.py
[2024-01-22T15:40:27.561+0200] {processor.py:830} INFO - Processing file /usr/local/lib/python3.10/dist-packages/airflow/example_dags/example_sla_dag.py for tasks to queue
[2024-01-22T15:40:27.562+0200] {logging_mixin.py:188} INFO - [2024-01-22T15:40:27.562+0200] {dagbag.py:538} INFO - Filling up the DagBag from /usr/local/lib/python3.10/dist-packages/airflow/example_dags/example_sla_dag.py
[2024-01-22T15:40:27.574+0200] {processor.py:840} INFO - DAG(s) 'example_sla_dag' retrieved from /usr/local/lib/python3.10/dist-packages/airflow/example_dags/example_sla_dag.py
[2024-01-22T15:40:27.593+0200] {logging_mixin.py:188} INFO - [2024-01-22T15:40:27.591+0200] {dag.py:3036} INFO - Sync 1 DAGs
[2024-01-22T15:40:27.616+0200] {logging_mixin.py:188} INFO - [2024-01-22T15:40:27.616+0200] {dag.py:3823} INFO - Setting next_dagrun for example_sla_dag to 2024-01-22 13:38:00+00:00, run_after=2024-01-22 13:40:00+00:00
[2024-01-22T15:40:27.642+0200] {processor.py:183} INFO - Processing /usr/local/lib/python3.10/dist-packages/airflow/example_dags/example_sla_dag.py took 0.087 seconds
[2024-01-22T15:41:07.436+0200] {processor.py:161} INFO - Started process (PID=42322) to work on /usr/local/lib/python3.10/dist-packages/airflow/example_dags/example_sla_dag.py
[2024-01-22T15:41:07.439+0200] {processor.py:830} INFO - Processing file /usr/local/lib/python3.10/dist-packages/airflow/example_dags/example_sla_dag.py for tasks to queue
[2024-01-22T15:41:07.440+0200] {logging_mixin.py:188} INFO - [2024-01-22T15:41:07.439+0200] {dagbag.py:538} INFO - Filling up the DagBag from /usr/local/lib/python3.10/dist-packages/airflow/example_dags/example_sla_dag.py
[2024-01-22T15:41:07.452+0200] {processor.py:840} INFO - DAG(s) 'example_sla_dag' retrieved from /usr/local/lib/python3.10/dist-packages/airflow/example_dags/example_sla_dag.py
[2024-01-22T15:41:07.470+0200] {logging_mixin.py:188} INFO - [2024-01-22T15:41:07.470+0200] {dag.py:3036} INFO - Sync 1 DAGs
[2024-01-22T15:41:07.493+0200] {logging_mixin.py:188} INFO - [2024-01-22T15:41:07.493+0200] {dag.py:3823} INFO - Setting next_dagrun for example_sla_dag to 2024-01-22 13:38:00+00:00, run_after=2024-01-22 13:40:00+00:00
[2024-01-22T15:41:07.520+0200] {processor.py:183} INFO - Processing /usr/local/lib/python3.10/dist-packages/airflow/example_dags/example_sla_dag.py took 0.088 seconds
[2024-01-22T15:41:43.282+0200] {processor.py:161} INFO - Started process (PID=42359) to work on /usr/local/lib/python3.10/dist-packages/airflow/example_dags/example_sla_dag.py
[2024-01-22T15:41:43.284+0200] {processor.py:830} INFO - Processing file /usr/local/lib/python3.10/dist-packages/airflow/example_dags/example_sla_dag.py for tasks to queue
[2024-01-22T15:41:43.286+0200] {logging_mixin.py:188} INFO - [2024-01-22T15:41:43.285+0200] {dagbag.py:538} INFO - Filling up the DagBag from /usr/local/lib/python3.10/dist-packages/airflow/example_dags/example_sla_dag.py
[2024-01-22T15:41:43.300+0200] {processor.py:840} INFO - DAG(s) 'example_sla_dag' retrieved from /usr/local/lib/python3.10/dist-packages/airflow/example_dags/example_sla_dag.py
[2024-01-22T15:41:43.321+0200] {logging_mixin.py:188} INFO - [2024-01-22T15:41:43.321+0200] {dag.py:3036} INFO - Sync 1 DAGs
[2024-01-22T15:41:43.344+0200] {logging_mixin.py:188} INFO - [2024-01-22T15:41:43.344+0200] {dag.py:3823} INFO - Setting next_dagrun for example_sla_dag to 2024-01-22 13:38:00+00:00, run_after=2024-01-22 13:40:00+00:00
[2024-01-22T15:41:43.369+0200] {processor.py:183} INFO - Processing /usr/local/lib/python3.10/dist-packages/airflow/example_dags/example_sla_dag.py took 0.092 seconds
[2024-01-22T15:42:19.827+0200] {processor.py:161} INFO - Started process (PID=42397) to work on /usr/local/lib/python3.10/dist-packages/airflow/example_dags/example_sla_dag.py
[2024-01-22T15:42:19.829+0200] {processor.py:830} INFO - Processing file /usr/local/lib/python3.10/dist-packages/airflow/example_dags/example_sla_dag.py for tasks to queue
[2024-01-22T15:42:19.830+0200] {logging_mixin.py:188} INFO - [2024-01-22T15:42:19.829+0200] {dagbag.py:538} INFO - Filling up the DagBag from /usr/local/lib/python3.10/dist-packages/airflow/example_dags/example_sla_dag.py
[2024-01-22T15:42:19.849+0200] {processor.py:840} INFO - DAG(s) 'example_sla_dag' retrieved from /usr/local/lib/python3.10/dist-packages/airflow/example_dags/example_sla_dag.py
[2024-01-22T15:42:19.880+0200] {logging_mixin.py:188} INFO - [2024-01-22T15:42:19.880+0200] {dag.py:3036} INFO - Sync 1 DAGs
[2024-01-22T15:42:19.915+0200] {logging_mixin.py:188} INFO - [2024-01-22T15:42:19.915+0200] {dag.py:3823} INFO - Setting next_dagrun for example_sla_dag to 2024-01-22 13:40:00+00:00, run_after=2024-01-22 13:42:00+00:00
[2024-01-22T15:42:19.947+0200] {processor.py:183} INFO - Processing /usr/local/lib/python3.10/dist-packages/airflow/example_dags/example_sla_dag.py took 0.128 seconds
[2024-01-22T15:42:59.671+0200] {processor.py:161} INFO - Started process (PID=42444) to work on /usr/local/lib/python3.10/dist-packages/airflow/example_dags/example_sla_dag.py
[2024-01-22T15:42:59.676+0200] {processor.py:830} INFO - Processing file /usr/local/lib/python3.10/dist-packages/airflow/example_dags/example_sla_dag.py for tasks to queue
[2024-01-22T15:42:59.677+0200] {logging_mixin.py:188} INFO - [2024-01-22T15:42:59.677+0200] {dagbag.py:538} INFO - Filling up the DagBag from /usr/local/lib/python3.10/dist-packages/airflow/example_dags/example_sla_dag.py
[2024-01-22T15:42:59.690+0200] {processor.py:840} INFO - DAG(s) 'example_sla_dag' retrieved from /usr/local/lib/python3.10/dist-packages/airflow/example_dags/example_sla_dag.py
[2024-01-22T15:42:59.710+0200] {logging_mixin.py:188} INFO - [2024-01-22T15:42:59.710+0200] {dag.py:3036} INFO - Sync 1 DAGs
[2024-01-22T15:42:59.733+0200] {logging_mixin.py:188} INFO - [2024-01-22T15:42:59.732+0200] {dag.py:3823} INFO - Setting next_dagrun for example_sla_dag to 2024-01-22 13:40:00+00:00, run_after=2024-01-22 13:42:00+00:00
[2024-01-22T15:42:59.757+0200] {processor.py:183} INFO - Processing /usr/local/lib/python3.10/dist-packages/airflow/example_dags/example_sla_dag.py took 0.090 seconds
[2024-01-22T15:43:35.885+0200] {processor.py:161} INFO - Started process (PID=42483) to work on /usr/local/lib/python3.10/dist-packages/airflow/example_dags/example_sla_dag.py
[2024-01-22T15:43:35.899+0200] {processor.py:830} INFO - Processing file /usr/local/lib/python3.10/dist-packages/airflow/example_dags/example_sla_dag.py for tasks to queue
[2024-01-22T15:43:35.899+0200] {logging_mixin.py:188} INFO - [2024-01-22T15:43:35.899+0200] {dagbag.py:538} INFO - Filling up the DagBag from /usr/local/lib/python3.10/dist-packages/airflow/example_dags/example_sla_dag.py
[2024-01-22T15:43:35.919+0200] {processor.py:840} INFO - DAG(s) 'example_sla_dag' retrieved from /usr/local/lib/python3.10/dist-packages/airflow/example_dags/example_sla_dag.py
[2024-01-22T15:43:35.944+0200] {logging_mixin.py:188} INFO - [2024-01-22T15:43:35.944+0200] {dag.py:3036} INFO - Sync 1 DAGs
[2024-01-22T15:43:35.973+0200] {logging_mixin.py:188} INFO - [2024-01-22T15:43:35.973+0200] {dag.py:3823} INFO - Setting next_dagrun for example_sla_dag to 2024-01-22 13:40:00+00:00, run_after=2024-01-22 13:42:00+00:00
[2024-01-22T15:43:36.008+0200] {processor.py:183} INFO - Processing /usr/local/lib/python3.10/dist-packages/airflow/example_dags/example_sla_dag.py took 0.127 seconds
[2024-01-22T15:44:23.455+0200] {processor.py:161} INFO - Started process (PID=42531) to work on /usr/local/lib/python3.10/dist-packages/airflow/example_dags/example_sla_dag.py
[2024-01-22T15:44:23.459+0200] {processor.py:830} INFO - Processing file /usr/local/lib/python3.10/dist-packages/airflow/example_dags/example_sla_dag.py for tasks to queue
[2024-01-22T15:44:23.460+0200] {logging_mixin.py:188} INFO - [2024-01-22T15:44:23.459+0200] {dagbag.py:538} INFO - Filling up the DagBag from /usr/local/lib/python3.10/dist-packages/airflow/example_dags/example_sla_dag.py
[2024-01-22T15:44:23.472+0200] {processor.py:840} INFO - DAG(s) 'example_sla_dag' retrieved from /usr/local/lib/python3.10/dist-packages/airflow/example_dags/example_sla_dag.py
[2024-01-22T15:44:23.491+0200] {logging_mixin.py:188} INFO - [2024-01-22T15:44:23.491+0200] {dag.py:3036} INFO - Sync 1 DAGs
[2024-01-22T15:44:23.515+0200] {logging_mixin.py:188} INFO - [2024-01-22T15:44:23.515+0200] {dag.py:3823} INFO - Setting next_dagrun for example_sla_dag to 2024-01-22 13:42:00+00:00, run_after=2024-01-22 13:44:00+00:00
[2024-01-22T15:44:23.539+0200] {processor.py:183} INFO - Processing /usr/local/lib/python3.10/dist-packages/airflow/example_dags/example_sla_dag.py took 0.090 seconds
[2024-01-22T15:44:55.319+0200] {processor.py:161} INFO - Started process (PID=42564) to work on /usr/local/lib/python3.10/dist-packages/airflow/example_dags/example_sla_dag.py
[2024-01-22T15:44:55.320+0200] {processor.py:830} INFO - Processing file /usr/local/lib/python3.10/dist-packages/airflow/example_dags/example_sla_dag.py for tasks to queue
[2024-01-22T15:44:55.321+0200] {logging_mixin.py:188} INFO - [2024-01-22T15:44:55.321+0200] {dagbag.py:538} INFO - Filling up the DagBag from /usr/local/lib/python3.10/dist-packages/airflow/example_dags/example_sla_dag.py
[2024-01-22T15:44:55.352+0200] {processor.py:840} INFO - DAG(s) 'example_sla_dag' retrieved from /usr/local/lib/python3.10/dist-packages/airflow/example_dags/example_sla_dag.py
[2024-01-22T15:44:55.374+0200] {logging_mixin.py:188} INFO - [2024-01-22T15:44:55.373+0200] {dag.py:3036} INFO - Sync 1 DAGs
[2024-01-22T15:44:55.398+0200] {logging_mixin.py:188} INFO - [2024-01-22T15:44:55.398+0200] {dag.py:3823} INFO - Setting next_dagrun for example_sla_dag to 2024-01-22 13:42:00+00:00, run_after=2024-01-22 13:44:00+00:00
[2024-01-22T15:44:55.422+0200] {processor.py:183} INFO - Processing /usr/local/lib/python3.10/dist-packages/airflow/example_dags/example_sla_dag.py took 0.108 seconds
[2024-01-22T15:45:29.388+0200] {processor.py:161} INFO - Started process (PID=42654) to work on /usr/local/lib/python3.10/dist-packages/airflow/example_dags/example_sla_dag.py
[2024-01-22T15:45:29.391+0200] {processor.py:830} INFO - Processing file /usr/local/lib/python3.10/dist-packages/airflow/example_dags/example_sla_dag.py for tasks to queue
[2024-01-22T15:45:29.392+0200] {logging_mixin.py:188} INFO - [2024-01-22T15:45:29.391+0200] {dagbag.py:538} INFO - Filling up the DagBag from /usr/local/lib/python3.10/dist-packages/airflow/example_dags/example_sla_dag.py
[2024-01-22T15:45:29.405+0200] {processor.py:840} INFO - DAG(s) 'example_sla_dag' retrieved from /usr/local/lib/python3.10/dist-packages/airflow/example_dags/example_sla_dag.py
[2024-01-22T15:45:29.441+0200] {logging_mixin.py:188} INFO - [2024-01-22T15:45:29.440+0200] {dag.py:3036} INFO - Sync 1 DAGs
[2024-01-22T15:45:29.468+0200] {logging_mixin.py:188} INFO - [2024-01-22T15:45:29.468+0200] {dag.py:3823} INFO - Setting next_dagrun for example_sla_dag to 2024-01-22 13:42:00+00:00, run_after=2024-01-22 13:44:00+00:00
[2024-01-22T15:45:29.495+0200] {processor.py:183} INFO - Processing /usr/local/lib/python3.10/dist-packages/airflow/example_dags/example_sla_dag.py took 0.111 seconds
[2024-01-22T15:46:08.524+0200] {processor.py:161} INFO - Started process (PID=42699) to work on /usr/local/lib/python3.10/dist-packages/airflow/example_dags/example_sla_dag.py
[2024-01-22T15:46:08.528+0200] {processor.py:830} INFO - Processing file /usr/local/lib/python3.10/dist-packages/airflow/example_dags/example_sla_dag.py for tasks to queue
[2024-01-22T15:46:08.529+0200] {logging_mixin.py:188} INFO - [2024-01-22T15:46:08.529+0200] {dagbag.py:538} INFO - Filling up the DagBag from /usr/local/lib/python3.10/dist-packages/airflow/example_dags/example_sla_dag.py
[2024-01-22T15:46:08.546+0200] {processor.py:840} INFO - DAG(s) 'example_sla_dag' retrieved from /usr/local/lib/python3.10/dist-packages/airflow/example_dags/example_sla_dag.py
[2024-01-22T15:46:08.577+0200] {logging_mixin.py:188} INFO - [2024-01-22T15:46:08.577+0200] {dag.py:3036} INFO - Sync 1 DAGs
[2024-01-22T15:46:08.620+0200] {logging_mixin.py:188} INFO - [2024-01-22T15:46:08.620+0200] {dag.py:3823} INFO - Setting next_dagrun for example_sla_dag to 2024-01-22 13:44:00+00:00, run_after=2024-01-22 13:46:00+00:00
[2024-01-22T15:46:08.650+0200] {processor.py:183} INFO - Processing /usr/local/lib/python3.10/dist-packages/airflow/example_dags/example_sla_dag.py took 0.134 seconds
[2024-01-22T15:47:07.751+0200] {processor.py:161} INFO - Started process (PID=43653) to work on /usr/local/lib/python3.10/dist-packages/airflow/example_dags/example_sla_dag.py
[2024-01-22T15:47:07.755+0200] {processor.py:830} INFO - Processing file /usr/local/lib/python3.10/dist-packages/airflow/example_dags/example_sla_dag.py for tasks to queue
[2024-01-22T15:47:07.756+0200] {logging_mixin.py:188} INFO - [2024-01-22T15:47:07.756+0200] {dagbag.py:538} INFO - Filling up the DagBag from /usr/local/lib/python3.10/dist-packages/airflow/example_dags/example_sla_dag.py
[2024-01-22T15:47:07.779+0200] {processor.py:840} INFO - DAG(s) 'example_sla_dag' retrieved from /usr/local/lib/python3.10/dist-packages/airflow/example_dags/example_sla_dag.py
[2024-01-22T15:47:07.813+0200] {logging_mixin.py:188} INFO - [2024-01-22T15:47:07.813+0200] {dag.py:3036} INFO - Sync 1 DAGs
[2024-01-22T15:47:07.837+0200] {logging_mixin.py:188} INFO - [2024-01-22T15:47:07.837+0200] {dag.py:3823} INFO - Setting next_dagrun for example_sla_dag to 2024-01-22 13:44:00+00:00, run_after=2024-01-22 13:46:00+00:00
[2024-01-22T15:47:07.856+0200] {processor.py:183} INFO - Processing /usr/local/lib/python3.10/dist-packages/airflow/example_dags/example_sla_dag.py took 0.108 seconds
[2024-01-22T15:47:52.926+0200] {processor.py:161} INFO - Started process (PID=43742) to work on /usr/local/lib/python3.10/dist-packages/airflow/example_dags/example_sla_dag.py
[2024-01-22T15:47:52.930+0200] {processor.py:830} INFO - Processing file /usr/local/lib/python3.10/dist-packages/airflow/example_dags/example_sla_dag.py for tasks to queue
[2024-01-22T15:47:52.931+0200] {logging_mixin.py:188} INFO - [2024-01-22T15:47:52.931+0200] {dagbag.py:538} INFO - Filling up the DagBag from /usr/local/lib/python3.10/dist-packages/airflow/example_dags/example_sla_dag.py
[2024-01-22T15:47:52.944+0200] {processor.py:840} INFO - DAG(s) 'example_sla_dag' retrieved from /usr/local/lib/python3.10/dist-packages/airflow/example_dags/example_sla_dag.py
[2024-01-22T15:47:52.963+0200] {logging_mixin.py:188} INFO - [2024-01-22T15:47:52.963+0200] {dag.py:3036} INFO - Sync 1 DAGs
[2024-01-22T15:47:52.987+0200] {logging_mixin.py:188} INFO - [2024-01-22T15:47:52.986+0200] {dag.py:3823} INFO - Setting next_dagrun for example_sla_dag to 2024-01-22 13:44:00+00:00, run_after=2024-01-22 13:46:00+00:00
[2024-01-22T15:47:53.013+0200] {processor.py:183} INFO - Processing /usr/local/lib/python3.10/dist-packages/airflow/example_dags/example_sla_dag.py took 0.090 seconds
[2024-01-22T15:48:39.079+0200] {processor.py:161} INFO - Started process (PID=43924) to work on /usr/local/lib/python3.10/dist-packages/airflow/example_dags/example_sla_dag.py
[2024-01-22T15:48:39.082+0200] {processor.py:830} INFO - Processing file /usr/local/lib/python3.10/dist-packages/airflow/example_dags/example_sla_dag.py for tasks to queue
[2024-01-22T15:48:39.083+0200] {logging_mixin.py:188} INFO - [2024-01-22T15:48:39.083+0200] {dagbag.py:538} INFO - Filling up the DagBag from /usr/local/lib/python3.10/dist-packages/airflow/example_dags/example_sla_dag.py
[2024-01-22T15:48:39.094+0200] {processor.py:840} INFO - DAG(s) 'example_sla_dag' retrieved from /usr/local/lib/python3.10/dist-packages/airflow/example_dags/example_sla_dag.py
[2024-01-22T15:48:39.108+0200] {logging_mixin.py:188} INFO - [2024-01-22T15:48:39.108+0200] {dag.py:3036} INFO - Sync 1 DAGs
[2024-01-22T15:48:39.125+0200] {logging_mixin.py:188} INFO - [2024-01-22T15:48:39.125+0200] {dag.py:3823} INFO - Setting next_dagrun for example_sla_dag to 2024-01-22 13:46:00+00:00, run_after=2024-01-22 13:48:00+00:00
[2024-01-22T15:48:39.144+0200] {processor.py:183} INFO - Processing /usr/local/lib/python3.10/dist-packages/airflow/example_dags/example_sla_dag.py took 0.068 seconds
