[2024-01-22T15:30:34.798+0200] {processor.py:161} INFO - Started process (PID=40608) to work on /usr/local/lib/python3.10/dist-packages/airflow/example_dags/example_short_circuit_decorator.py
[2024-01-22T15:30:34.799+0200] {processor.py:830} INFO - Processing file /usr/local/lib/python3.10/dist-packages/airflow/example_dags/example_short_circuit_decorator.py for tasks to queue
[2024-01-22T15:30:34.799+0200] {logging_mixin.py:188} INFO - [2024-01-22T15:30:34.799+0200] {dagbag.py:538} INFO - Filling up the DagBag from /usr/local/lib/python3.10/dist-packages/airflow/example_dags/example_short_circuit_decorator.py
[2024-01-22T15:30:34.822+0200] {processor.py:840} INFO - DAG(s) 'example_short_circuit_decorator' retrieved from /usr/local/lib/python3.10/dist-packages/airflow/example_dags/example_short_circuit_decorator.py
[2024-01-22T15:30:34.971+0200] {logging_mixin.py:188} INFO - [2024-01-22T15:30:34.971+0200] {dag.py:3036} INFO - Sync 1 DAGs
[2024-01-22T15:30:35.114+0200] {logging_mixin.py:188} INFO - [2024-01-22T15:30:35.114+0200] {dag.py:3823} INFO - Setting next_dagrun for example_short_circuit_decorator to 2024-01-21 00:00:00+00:00, run_after=2024-01-22 00:00:00+00:00
[2024-01-22T15:30:35.183+0200] {processor.py:183} INFO - Processing /usr/local/lib/python3.10/dist-packages/airflow/example_dags/example_short_circuit_decorator.py took 0.387 seconds
[2024-01-22T15:31:47.374+0200] {processor.py:161} INFO - Started process (PID=41024) to work on /usr/local/lib/python3.10/dist-packages/airflow/example_dags/example_short_circuit_decorator.py
[2024-01-22T15:31:47.376+0200] {processor.py:830} INFO - Processing file /usr/local/lib/python3.10/dist-packages/airflow/example_dags/example_short_circuit_decorator.py for tasks to queue
[2024-01-22T15:31:47.377+0200] {logging_mixin.py:188} INFO - [2024-01-22T15:31:47.377+0200] {dagbag.py:538} INFO - Filling up the DagBag from /usr/local/lib/python3.10/dist-packages/airflow/example_dags/example_short_circuit_decorator.py
[2024-01-22T15:31:47.387+0200] {processor.py:840} INFO - DAG(s) 'example_short_circuit_decorator' retrieved from /usr/local/lib/python3.10/dist-packages/airflow/example_dags/example_short_circuit_decorator.py
[2024-01-22T15:31:47.403+0200] {logging_mixin.py:188} INFO - [2024-01-22T15:31:47.403+0200] {dag.py:3036} INFO - Sync 1 DAGs
[2024-01-22T15:31:47.423+0200] {logging_mixin.py:188} INFO - [2024-01-22T15:31:47.423+0200] {dag.py:3823} INFO - Setting next_dagrun for example_short_circuit_decorator to 2024-01-21 00:00:00+00:00, run_after=2024-01-22 00:00:00+00:00
[2024-01-22T15:31:47.634+0200] {processor.py:183} INFO - Processing /usr/local/lib/python3.10/dist-packages/airflow/example_dags/example_short_circuit_decorator.py took 0.264 seconds
[2024-01-22T15:32:41.081+0200] {processor.py:161} INFO - Started process (PID=41204) to work on /usr/local/lib/python3.10/dist-packages/airflow/example_dags/example_short_circuit_decorator.py
[2024-01-22T15:32:41.083+0200] {processor.py:830} INFO - Processing file /usr/local/lib/python3.10/dist-packages/airflow/example_dags/example_short_circuit_decorator.py for tasks to queue
[2024-01-22T15:32:41.084+0200] {logging_mixin.py:188} INFO - [2024-01-22T15:32:41.084+0200] {dagbag.py:538} INFO - Filling up the DagBag from /usr/local/lib/python3.10/dist-packages/airflow/example_dags/example_short_circuit_decorator.py
[2024-01-22T15:32:41.105+0200] {processor.py:840} INFO - DAG(s) 'example_short_circuit_decorator' retrieved from /usr/local/lib/python3.10/dist-packages/airflow/example_dags/example_short_circuit_decorator.py
[2024-01-22T15:32:41.156+0200] {logging_mixin.py:188} INFO - [2024-01-22T15:32:41.156+0200] {dag.py:3036} INFO - Sync 1 DAGs
[2024-01-22T15:32:41.180+0200] {logging_mixin.py:188} INFO - [2024-01-22T15:32:41.180+0200] {dag.py:3823} INFO - Setting next_dagrun for example_short_circuit_decorator to 2024-01-21 00:00:00+00:00, run_after=2024-01-22 00:00:00+00:00
[2024-01-22T15:32:41.198+0200] {processor.py:183} INFO - Processing /usr/local/lib/python3.10/dist-packages/airflow/example_dags/example_short_circuit_decorator.py took 0.119 seconds
[2024-01-22T15:33:32.645+0200] {processor.py:161} INFO - Started process (PID=41524) to work on /usr/local/lib/python3.10/dist-packages/airflow/example_dags/example_short_circuit_decorator.py
[2024-01-22T15:33:32.649+0200] {processor.py:830} INFO - Processing file /usr/local/lib/python3.10/dist-packages/airflow/example_dags/example_short_circuit_decorator.py for tasks to queue
[2024-01-22T15:33:32.650+0200] {logging_mixin.py:188} INFO - [2024-01-22T15:33:32.650+0200] {dagbag.py:538} INFO - Filling up the DagBag from /usr/local/lib/python3.10/dist-packages/airflow/example_dags/example_short_circuit_decorator.py
[2024-01-22T15:33:32.673+0200] {processor.py:840} INFO - DAG(s) 'example_short_circuit_decorator' retrieved from /usr/local/lib/python3.10/dist-packages/airflow/example_dags/example_short_circuit_decorator.py
[2024-01-22T15:33:32.704+0200] {logging_mixin.py:188} INFO - [2024-01-22T15:33:32.704+0200] {dag.py:3036} INFO - Sync 1 DAGs
[2024-01-22T15:33:32.737+0200] {logging_mixin.py:188} INFO - [2024-01-22T15:33:32.737+0200] {dag.py:3823} INFO - Setting next_dagrun for example_short_circuit_decorator to 2024-01-21 00:00:00+00:00, run_after=2024-01-22 00:00:00+00:00
[2024-01-22T15:33:32.769+0200] {processor.py:183} INFO - Processing /usr/local/lib/python3.10/dist-packages/airflow/example_dags/example_short_circuit_decorator.py took 0.134 seconds
[2024-01-22T15:34:28.381+0200] {processor.py:161} INFO - Started process (PID=41612) to work on /usr/local/lib/python3.10/dist-packages/airflow/example_dags/example_short_circuit_decorator.py
[2024-01-22T15:34:28.391+0200] {processor.py:830} INFO - Processing file /usr/local/lib/python3.10/dist-packages/airflow/example_dags/example_short_circuit_decorator.py for tasks to queue
[2024-01-22T15:34:28.392+0200] {logging_mixin.py:188} INFO - [2024-01-22T15:34:28.392+0200] {dagbag.py:538} INFO - Filling up the DagBag from /usr/local/lib/python3.10/dist-packages/airflow/example_dags/example_short_circuit_decorator.py
[2024-01-22T15:34:28.416+0200] {processor.py:840} INFO - DAG(s) 'example_short_circuit_decorator' retrieved from /usr/local/lib/python3.10/dist-packages/airflow/example_dags/example_short_circuit_decorator.py
[2024-01-22T15:34:28.453+0200] {logging_mixin.py:188} INFO - [2024-01-22T15:34:28.452+0200] {dag.py:3036} INFO - Sync 1 DAGs
[2024-01-22T15:34:28.483+0200] {logging_mixin.py:188} INFO - [2024-01-22T15:34:28.483+0200] {dag.py:3823} INFO - Setting next_dagrun for example_short_circuit_decorator to 2024-01-21 00:00:00+00:00, run_after=2024-01-22 00:00:00+00:00
[2024-01-22T15:34:28.513+0200] {processor.py:183} INFO - Processing /usr/local/lib/python3.10/dist-packages/airflow/example_dags/example_short_circuit_decorator.py took 0.135 seconds
[2024-01-22T15:35:14.891+0200] {processor.py:161} INFO - Started process (PID=41703) to work on /usr/local/lib/python3.10/dist-packages/airflow/example_dags/example_short_circuit_decorator.py
[2024-01-22T15:35:14.895+0200] {processor.py:830} INFO - Processing file /usr/local/lib/python3.10/dist-packages/airflow/example_dags/example_short_circuit_decorator.py for tasks to queue
[2024-01-22T15:35:14.895+0200] {logging_mixin.py:188} INFO - [2024-01-22T15:35:14.895+0200] {dagbag.py:538} INFO - Filling up the DagBag from /usr/local/lib/python3.10/dist-packages/airflow/example_dags/example_short_circuit_decorator.py
[2024-01-22T15:35:14.904+0200] {processor.py:840} INFO - DAG(s) 'example_short_circuit_decorator' retrieved from /usr/local/lib/python3.10/dist-packages/airflow/example_dags/example_short_circuit_decorator.py
[2024-01-22T15:35:14.916+0200] {logging_mixin.py:188} INFO - [2024-01-22T15:35:14.916+0200] {dag.py:3036} INFO - Sync 1 DAGs
[2024-01-22T15:35:14.930+0200] {logging_mixin.py:188} INFO - [2024-01-22T15:35:14.930+0200] {dag.py:3823} INFO - Setting next_dagrun for example_short_circuit_decorator to 2024-01-21 00:00:00+00:00, run_after=2024-01-22 00:00:00+00:00
[2024-01-22T15:35:14.947+0200] {processor.py:183} INFO - Processing /usr/local/lib/python3.10/dist-packages/airflow/example_dags/example_short_circuit_decorator.py took 0.058 seconds
[2024-01-22T15:36:02.917+0200] {processor.py:161} INFO - Started process (PID=41902) to work on /usr/local/lib/python3.10/dist-packages/airflow/example_dags/example_short_circuit_decorator.py
[2024-01-22T15:36:02.918+0200] {processor.py:830} INFO - Processing file /usr/local/lib/python3.10/dist-packages/airflow/example_dags/example_short_circuit_decorator.py for tasks to queue
[2024-01-22T15:36:02.919+0200] {logging_mixin.py:188} INFO - [2024-01-22T15:36:02.919+0200] {dagbag.py:538} INFO - Filling up the DagBag from /usr/local/lib/python3.10/dist-packages/airflow/example_dags/example_short_circuit_decorator.py
[2024-01-22T15:36:02.929+0200] {processor.py:840} INFO - DAG(s) 'example_short_circuit_decorator' retrieved from /usr/local/lib/python3.10/dist-packages/airflow/example_dags/example_short_circuit_decorator.py
[2024-01-22T15:36:02.943+0200] {logging_mixin.py:188} INFO - [2024-01-22T15:36:02.943+0200] {dag.py:3036} INFO - Sync 1 DAGs
[2024-01-22T15:36:02.956+0200] {logging_mixin.py:188} INFO - [2024-01-22T15:36:02.956+0200] {dag.py:3823} INFO - Setting next_dagrun for example_short_circuit_decorator to 2024-01-21 00:00:00+00:00, run_after=2024-01-22 00:00:00+00:00
[2024-01-22T15:36:02.973+0200] {processor.py:183} INFO - Processing /usr/local/lib/python3.10/dist-packages/airflow/example_dags/example_short_circuit_decorator.py took 0.059 seconds
[2024-01-22T15:36:49.624+0200] {processor.py:161} INFO - Started process (PID=41967) to work on /usr/local/lib/python3.10/dist-packages/airflow/example_dags/example_short_circuit_decorator.py
[2024-01-22T15:36:49.625+0200] {processor.py:830} INFO - Processing file /usr/local/lib/python3.10/dist-packages/airflow/example_dags/example_short_circuit_decorator.py for tasks to queue
[2024-01-22T15:36:49.627+0200] {logging_mixin.py:188} INFO - [2024-01-22T15:36:49.626+0200] {dagbag.py:538} INFO - Filling up the DagBag from /usr/local/lib/python3.10/dist-packages/airflow/example_dags/example_short_circuit_decorator.py
[2024-01-22T15:36:49.673+0200] {processor.py:840} INFO - DAG(s) 'example_short_circuit_decorator' retrieved from /usr/local/lib/python3.10/dist-packages/airflow/example_dags/example_short_circuit_decorator.py
[2024-01-22T15:36:49.690+0200] {logging_mixin.py:188} INFO - [2024-01-22T15:36:49.690+0200] {dag.py:3036} INFO - Sync 1 DAGs
[2024-01-22T15:36:49.704+0200] {logging_mixin.py:188} INFO - [2024-01-22T15:36:49.704+0200] {dag.py:3823} INFO - Setting next_dagrun for example_short_circuit_decorator to 2024-01-21 00:00:00+00:00, run_after=2024-01-22 00:00:00+00:00
[2024-01-22T15:36:49.724+0200] {processor.py:183} INFO - Processing /usr/local/lib/python3.10/dist-packages/airflow/example_dags/example_short_circuit_decorator.py took 0.104 seconds
[2024-01-22T15:37:34.701+0200] {processor.py:161} INFO - Started process (PID=42070) to work on /usr/local/lib/python3.10/dist-packages/airflow/example_dags/example_short_circuit_decorator.py
[2024-01-22T15:37:34.703+0200] {processor.py:830} INFO - Processing file /usr/local/lib/python3.10/dist-packages/airflow/example_dags/example_short_circuit_decorator.py for tasks to queue
[2024-01-22T15:37:34.704+0200] {logging_mixin.py:188} INFO - [2024-01-22T15:37:34.704+0200] {dagbag.py:538} INFO - Filling up the DagBag from /usr/local/lib/python3.10/dist-packages/airflow/example_dags/example_short_circuit_decorator.py
[2024-01-22T15:37:34.718+0200] {processor.py:840} INFO - DAG(s) 'example_short_circuit_decorator' retrieved from /usr/local/lib/python3.10/dist-packages/airflow/example_dags/example_short_circuit_decorator.py
[2024-01-22T15:37:34.741+0200] {logging_mixin.py:188} INFO - [2024-01-22T15:37:34.740+0200] {dag.py:3036} INFO - Sync 1 DAGs
[2024-01-22T15:37:34.762+0200] {logging_mixin.py:188} INFO - [2024-01-22T15:37:34.761+0200] {dag.py:3823} INFO - Setting next_dagrun for example_short_circuit_decorator to 2024-01-21 00:00:00+00:00, run_after=2024-01-22 00:00:00+00:00
[2024-01-22T15:37:34.789+0200] {processor.py:183} INFO - Processing /usr/local/lib/python3.10/dist-packages/airflow/example_dags/example_short_circuit_decorator.py took 0.092 seconds
[2024-01-22T15:38:16.663+0200] {processor.py:161} INFO - Started process (PID=42116) to work on /usr/local/lib/python3.10/dist-packages/airflow/example_dags/example_short_circuit_decorator.py
[2024-01-22T15:38:16.665+0200] {processor.py:830} INFO - Processing file /usr/local/lib/python3.10/dist-packages/airflow/example_dags/example_short_circuit_decorator.py for tasks to queue
[2024-01-22T15:38:16.666+0200] {logging_mixin.py:188} INFO - [2024-01-22T15:38:16.665+0200] {dagbag.py:538} INFO - Filling up the DagBag from /usr/local/lib/python3.10/dist-packages/airflow/example_dags/example_short_circuit_decorator.py
[2024-01-22T15:38:16.679+0200] {processor.py:840} INFO - DAG(s) 'example_short_circuit_decorator' retrieved from /usr/local/lib/python3.10/dist-packages/airflow/example_dags/example_short_circuit_decorator.py
[2024-01-22T15:38:16.697+0200] {logging_mixin.py:188} INFO - [2024-01-22T15:38:16.697+0200] {dag.py:3036} INFO - Sync 1 DAGs
[2024-01-22T15:38:16.714+0200] {logging_mixin.py:188} INFO - [2024-01-22T15:38:16.714+0200] {dag.py:3823} INFO - Setting next_dagrun for example_short_circuit_decorator to 2024-01-21 00:00:00+00:00, run_after=2024-01-22 00:00:00+00:00
[2024-01-22T15:38:16.734+0200] {processor.py:183} INFO - Processing /usr/local/lib/python3.10/dist-packages/airflow/example_dags/example_short_circuit_decorator.py took 0.075 seconds
[2024-01-22T15:39:09.726+0200] {processor.py:161} INFO - Started process (PID=42170) to work on /usr/local/lib/python3.10/dist-packages/airflow/example_dags/example_short_circuit_decorator.py
[2024-01-22T15:39:09.727+0200] {processor.py:830} INFO - Processing file /usr/local/lib/python3.10/dist-packages/airflow/example_dags/example_short_circuit_decorator.py for tasks to queue
[2024-01-22T15:39:09.728+0200] {logging_mixin.py:188} INFO - [2024-01-22T15:39:09.728+0200] {dagbag.py:538} INFO - Filling up the DagBag from /usr/local/lib/python3.10/dist-packages/airflow/example_dags/example_short_circuit_decorator.py
[2024-01-22T15:39:09.739+0200] {processor.py:840} INFO - DAG(s) 'example_short_circuit_decorator' retrieved from /usr/local/lib/python3.10/dist-packages/airflow/example_dags/example_short_circuit_decorator.py
[2024-01-22T15:39:09.756+0200] {logging_mixin.py:188} INFO - [2024-01-22T15:39:09.755+0200] {dag.py:3036} INFO - Sync 1 DAGs
[2024-01-22T15:39:09.770+0200] {logging_mixin.py:188} INFO - [2024-01-22T15:39:09.770+0200] {dag.py:3823} INFO - Setting next_dagrun for example_short_circuit_decorator to 2024-01-21 00:00:00+00:00, run_after=2024-01-22 00:00:00+00:00
[2024-01-22T15:39:09.884+0200] {processor.py:183} INFO - Processing /usr/local/lib/python3.10/dist-packages/airflow/example_dags/example_short_circuit_decorator.py took 0.161 seconds
[2024-01-22T15:40:08.209+0200] {processor.py:161} INFO - Started process (PID=42236) to work on /usr/local/lib/python3.10/dist-packages/airflow/example_dags/example_short_circuit_decorator.py
[2024-01-22T15:40:08.248+0200] {processor.py:830} INFO - Processing file /usr/local/lib/python3.10/dist-packages/airflow/example_dags/example_short_circuit_decorator.py for tasks to queue
[2024-01-22T15:40:08.249+0200] {logging_mixin.py:188} INFO - [2024-01-22T15:40:08.249+0200] {dagbag.py:538} INFO - Filling up the DagBag from /usr/local/lib/python3.10/dist-packages/airflow/example_dags/example_short_circuit_decorator.py
[2024-01-22T15:40:08.309+0200] {processor.py:840} INFO - DAG(s) 'example_short_circuit_decorator' retrieved from /usr/local/lib/python3.10/dist-packages/airflow/example_dags/example_short_circuit_decorator.py
[2024-01-22T15:40:08.405+0200] {logging_mixin.py:188} INFO - [2024-01-22T15:40:08.404+0200] {dag.py:3036} INFO - Sync 1 DAGs
[2024-01-22T15:40:08.507+0200] {logging_mixin.py:188} INFO - [2024-01-22T15:40:08.507+0200] {dag.py:3823} INFO - Setting next_dagrun for example_short_circuit_decorator to 2024-01-21 00:00:00+00:00, run_after=2024-01-22 00:00:00+00:00
[2024-01-22T15:40:08.588+0200] {processor.py:183} INFO - Processing /usr/local/lib/python3.10/dist-packages/airflow/example_dags/example_short_circuit_decorator.py took 0.470 seconds
[2024-01-22T15:40:51.040+0200] {processor.py:161} INFO - Started process (PID=42304) to work on /usr/local/lib/python3.10/dist-packages/airflow/example_dags/example_short_circuit_decorator.py
[2024-01-22T15:40:51.045+0200] {processor.py:830} INFO - Processing file /usr/local/lib/python3.10/dist-packages/airflow/example_dags/example_short_circuit_decorator.py for tasks to queue
[2024-01-22T15:40:51.046+0200] {logging_mixin.py:188} INFO - [2024-01-22T15:40:51.046+0200] {dagbag.py:538} INFO - Filling up the DagBag from /usr/local/lib/python3.10/dist-packages/airflow/example_dags/example_short_circuit_decorator.py
[2024-01-22T15:40:51.059+0200] {processor.py:840} INFO - DAG(s) 'example_short_circuit_decorator' retrieved from /usr/local/lib/python3.10/dist-packages/airflow/example_dags/example_short_circuit_decorator.py
[2024-01-22T15:40:51.079+0200] {logging_mixin.py:188} INFO - [2024-01-22T15:40:51.079+0200] {dag.py:3036} INFO - Sync 1 DAGs
[2024-01-22T15:40:51.100+0200] {logging_mixin.py:188} INFO - [2024-01-22T15:40:51.100+0200] {dag.py:3823} INFO - Setting next_dagrun for example_short_circuit_decorator to 2024-01-21 00:00:00+00:00, run_after=2024-01-22 00:00:00+00:00
[2024-01-22T15:40:51.127+0200] {processor.py:183} INFO - Processing /usr/local/lib/python3.10/dist-packages/airflow/example_dags/example_short_circuit_decorator.py took 0.091 seconds
[2024-01-22T15:41:44.430+0200] {processor.py:161} INFO - Started process (PID=42360) to work on /usr/local/lib/python3.10/dist-packages/airflow/example_dags/example_short_circuit_decorator.py
[2024-01-22T15:41:44.432+0200] {processor.py:830} INFO - Processing file /usr/local/lib/python3.10/dist-packages/airflow/example_dags/example_short_circuit_decorator.py for tasks to queue
[2024-01-22T15:41:44.433+0200] {logging_mixin.py:188} INFO - [2024-01-22T15:41:44.432+0200] {dagbag.py:538} INFO - Filling up the DagBag from /usr/local/lib/python3.10/dist-packages/airflow/example_dags/example_short_circuit_decorator.py
[2024-01-22T15:41:44.447+0200] {processor.py:840} INFO - DAG(s) 'example_short_circuit_decorator' retrieved from /usr/local/lib/python3.10/dist-packages/airflow/example_dags/example_short_circuit_decorator.py
[2024-01-22T15:41:44.465+0200] {logging_mixin.py:188} INFO - [2024-01-22T15:41:44.465+0200] {dag.py:3036} INFO - Sync 1 DAGs
[2024-01-22T15:41:44.485+0200] {logging_mixin.py:188} INFO - [2024-01-22T15:41:44.485+0200] {dag.py:3823} INFO - Setting next_dagrun for example_short_circuit_decorator to 2024-01-21 00:00:00+00:00, run_after=2024-01-22 00:00:00+00:00
[2024-01-22T15:41:44.513+0200] {processor.py:183} INFO - Processing /usr/local/lib/python3.10/dist-packages/airflow/example_dags/example_short_circuit_decorator.py took 0.087 seconds
[2024-01-22T15:42:22.599+0200] {processor.py:161} INFO - Started process (PID=42400) to work on /usr/local/lib/python3.10/dist-packages/airflow/example_dags/example_short_circuit_decorator.py
[2024-01-22T15:42:22.602+0200] {processor.py:830} INFO - Processing file /usr/local/lib/python3.10/dist-packages/airflow/example_dags/example_short_circuit_decorator.py for tasks to queue
[2024-01-22T15:42:22.605+0200] {logging_mixin.py:188} INFO - [2024-01-22T15:42:22.603+0200] {dagbag.py:538} INFO - Filling up the DagBag from /usr/local/lib/python3.10/dist-packages/airflow/example_dags/example_short_circuit_decorator.py
[2024-01-22T15:42:22.632+0200] {processor.py:840} INFO - DAG(s) 'example_short_circuit_decorator' retrieved from /usr/local/lib/python3.10/dist-packages/airflow/example_dags/example_short_circuit_decorator.py
[2024-01-22T15:42:22.666+0200] {logging_mixin.py:188} INFO - [2024-01-22T15:42:22.665+0200] {dag.py:3036} INFO - Sync 1 DAGs
[2024-01-22T15:42:22.686+0200] {logging_mixin.py:188} INFO - [2024-01-22T15:42:22.685+0200] {dag.py:3823} INFO - Setting next_dagrun for example_short_circuit_decorator to 2024-01-21 00:00:00+00:00, run_after=2024-01-22 00:00:00+00:00
[2024-01-22T15:42:22.701+0200] {processor.py:183} INFO - Processing /usr/local/lib/python3.10/dist-packages/airflow/example_dags/example_short_circuit_decorator.py took 0.111 seconds
[2024-01-22T15:43:03.661+0200] {processor.py:161} INFO - Started process (PID=42449) to work on /usr/local/lib/python3.10/dist-packages/airflow/example_dags/example_short_circuit_decorator.py
[2024-01-22T15:43:03.663+0200] {processor.py:830} INFO - Processing file /usr/local/lib/python3.10/dist-packages/airflow/example_dags/example_short_circuit_decorator.py for tasks to queue
[2024-01-22T15:43:03.664+0200] {logging_mixin.py:188} INFO - [2024-01-22T15:43:03.663+0200] {dagbag.py:538} INFO - Filling up the DagBag from /usr/local/lib/python3.10/dist-packages/airflow/example_dags/example_short_circuit_decorator.py
[2024-01-22T15:43:03.673+0200] {processor.py:840} INFO - DAG(s) 'example_short_circuit_decorator' retrieved from /usr/local/lib/python3.10/dist-packages/airflow/example_dags/example_short_circuit_decorator.py
[2024-01-22T15:43:03.687+0200] {logging_mixin.py:188} INFO - [2024-01-22T15:43:03.686+0200] {dag.py:3036} INFO - Sync 1 DAGs
[2024-01-22T15:43:03.701+0200] {logging_mixin.py:188} INFO - [2024-01-22T15:43:03.700+0200] {dag.py:3823} INFO - Setting next_dagrun for example_short_circuit_decorator to 2024-01-21 00:00:00+00:00, run_after=2024-01-22 00:00:00+00:00
[2024-01-22T15:43:03.717+0200] {processor.py:183} INFO - Processing /usr/local/lib/python3.10/dist-packages/airflow/example_dags/example_short_circuit_decorator.py took 0.059 seconds
[2024-01-22T15:43:54.433+0200] {processor.py:161} INFO - Started process (PID=42501) to work on /usr/local/lib/python3.10/dist-packages/airflow/example_dags/example_short_circuit_decorator.py
[2024-01-22T15:43:54.435+0200] {processor.py:830} INFO - Processing file /usr/local/lib/python3.10/dist-packages/airflow/example_dags/example_short_circuit_decorator.py for tasks to queue
[2024-01-22T15:43:54.437+0200] {logging_mixin.py:188} INFO - [2024-01-22T15:43:54.436+0200] {dagbag.py:538} INFO - Filling up the DagBag from /usr/local/lib/python3.10/dist-packages/airflow/example_dags/example_short_circuit_decorator.py
[2024-01-22T15:43:54.452+0200] {processor.py:840} INFO - DAG(s) 'example_short_circuit_decorator' retrieved from /usr/local/lib/python3.10/dist-packages/airflow/example_dags/example_short_circuit_decorator.py
[2024-01-22T15:43:54.471+0200] {logging_mixin.py:188} INFO - [2024-01-22T15:43:54.470+0200] {dag.py:3036} INFO - Sync 1 DAGs
[2024-01-22T15:43:54.490+0200] {logging_mixin.py:188} INFO - [2024-01-22T15:43:54.490+0200] {dag.py:3823} INFO - Setting next_dagrun for example_short_circuit_decorator to 2024-01-21 00:00:00+00:00, run_after=2024-01-22 00:00:00+00:00
[2024-01-22T15:43:54.517+0200] {processor.py:183} INFO - Processing /usr/local/lib/python3.10/dist-packages/airflow/example_dags/example_short_circuit_decorator.py took 0.088 seconds
[2024-01-22T15:44:44.292+0200] {processor.py:161} INFO - Started process (PID=42553) to work on /usr/local/lib/python3.10/dist-packages/airflow/example_dags/example_short_circuit_decorator.py
[2024-01-22T15:44:44.295+0200] {processor.py:830} INFO - Processing file /usr/local/lib/python3.10/dist-packages/airflow/example_dags/example_short_circuit_decorator.py for tasks to queue
[2024-01-22T15:44:44.296+0200] {logging_mixin.py:188} INFO - [2024-01-22T15:44:44.296+0200] {dagbag.py:538} INFO - Filling up the DagBag from /usr/local/lib/python3.10/dist-packages/airflow/example_dags/example_short_circuit_decorator.py
[2024-01-22T15:44:44.310+0200] {processor.py:840} INFO - DAG(s) 'example_short_circuit_decorator' retrieved from /usr/local/lib/python3.10/dist-packages/airflow/example_dags/example_short_circuit_decorator.py
[2024-01-22T15:44:44.330+0200] {logging_mixin.py:188} INFO - [2024-01-22T15:44:44.329+0200] {dag.py:3036} INFO - Sync 1 DAGs
[2024-01-22T15:44:44.351+0200] {logging_mixin.py:188} INFO - [2024-01-22T15:44:44.351+0200] {dag.py:3823} INFO - Setting next_dagrun for example_short_circuit_decorator to 2024-01-21 00:00:00+00:00, run_after=2024-01-22 00:00:00+00:00
[2024-01-22T15:44:44.377+0200] {processor.py:183} INFO - Processing /usr/local/lib/python3.10/dist-packages/airflow/example_dags/example_short_circuit_decorator.py took 0.089 seconds
[2024-01-22T15:45:34.432+0200] {processor.py:161} INFO - Started process (PID=42658) to work on /usr/local/lib/python3.10/dist-packages/airflow/example_dags/example_short_circuit_decorator.py
[2024-01-22T15:45:34.435+0200] {processor.py:830} INFO - Processing file /usr/local/lib/python3.10/dist-packages/airflow/example_dags/example_short_circuit_decorator.py for tasks to queue
[2024-01-22T15:45:34.436+0200] {logging_mixin.py:188} INFO - [2024-01-22T15:45:34.435+0200] {dagbag.py:538} INFO - Filling up the DagBag from /usr/local/lib/python3.10/dist-packages/airflow/example_dags/example_short_circuit_decorator.py
[2024-01-22T15:45:34.448+0200] {processor.py:840} INFO - DAG(s) 'example_short_circuit_decorator' retrieved from /usr/local/lib/python3.10/dist-packages/airflow/example_dags/example_short_circuit_decorator.py
[2024-01-22T15:45:34.467+0200] {logging_mixin.py:188} INFO - [2024-01-22T15:45:34.467+0200] {dag.py:3036} INFO - Sync 1 DAGs
[2024-01-22T15:45:34.488+0200] {logging_mixin.py:188} INFO - [2024-01-22T15:45:34.488+0200] {dag.py:3823} INFO - Setting next_dagrun for example_short_circuit_decorator to 2024-01-21 00:00:00+00:00, run_after=2024-01-22 00:00:00+00:00
[2024-01-22T15:45:34.521+0200] {processor.py:183} INFO - Processing /usr/local/lib/python3.10/dist-packages/airflow/example_dags/example_short_circuit_decorator.py took 0.093 seconds
[2024-01-22T15:46:16.028+0200] {processor.py:161} INFO - Started process (PID=42707) to work on /usr/local/lib/python3.10/dist-packages/airflow/example_dags/example_short_circuit_decorator.py
[2024-01-22T15:46:16.051+0200] {processor.py:830} INFO - Processing file /usr/local/lib/python3.10/dist-packages/airflow/example_dags/example_short_circuit_decorator.py for tasks to queue
[2024-01-22T15:46:16.063+0200] {logging_mixin.py:188} INFO - [2024-01-22T15:46:16.062+0200] {dagbag.py:538} INFO - Filling up the DagBag from /usr/local/lib/python3.10/dist-packages/airflow/example_dags/example_short_circuit_decorator.py
[2024-01-22T15:46:16.097+0200] {processor.py:840} INFO - DAG(s) 'example_short_circuit_decorator' retrieved from /usr/local/lib/python3.10/dist-packages/airflow/example_dags/example_short_circuit_decorator.py
[2024-01-22T15:46:16.148+0200] {logging_mixin.py:188} INFO - [2024-01-22T15:46:16.148+0200] {dag.py:3036} INFO - Sync 1 DAGs
[2024-01-22T15:46:16.230+0200] {logging_mixin.py:188} INFO - [2024-01-22T15:46:16.230+0200] {dag.py:3823} INFO - Setting next_dagrun for example_short_circuit_decorator to 2024-01-21 00:00:00+00:00, run_after=2024-01-22 00:00:00+00:00
[2024-01-22T15:46:16.285+0200] {processor.py:183} INFO - Processing /usr/local/lib/python3.10/dist-packages/airflow/example_dags/example_short_circuit_decorator.py took 0.261 seconds
[2024-01-22T15:47:14.081+0200] {processor.py:161} INFO - Started process (PID=43660) to work on /usr/local/lib/python3.10/dist-packages/airflow/example_dags/example_short_circuit_decorator.py
[2024-01-22T15:47:14.089+0200] {processor.py:830} INFO - Processing file /usr/local/lib/python3.10/dist-packages/airflow/example_dags/example_short_circuit_decorator.py for tasks to queue
[2024-01-22T15:47:14.090+0200] {logging_mixin.py:188} INFO - [2024-01-22T15:47:14.090+0200] {dagbag.py:538} INFO - Filling up the DagBag from /usr/local/lib/python3.10/dist-packages/airflow/example_dags/example_short_circuit_decorator.py
[2024-01-22T15:47:14.122+0200] {processor.py:840} INFO - DAG(s) 'example_short_circuit_decorator' retrieved from /usr/local/lib/python3.10/dist-packages/airflow/example_dags/example_short_circuit_decorator.py
[2024-01-22T15:47:14.137+0200] {logging_mixin.py:188} INFO - [2024-01-22T15:47:14.137+0200] {dag.py:3036} INFO - Sync 1 DAGs
[2024-01-22T15:47:14.152+0200] {logging_mixin.py:188} INFO - [2024-01-22T15:47:14.152+0200] {dag.py:3823} INFO - Setting next_dagrun for example_short_circuit_decorator to 2024-01-21 00:00:00+00:00, run_after=2024-01-22 00:00:00+00:00
[2024-01-22T15:47:14.172+0200] {processor.py:183} INFO - Processing /usr/local/lib/python3.10/dist-packages/airflow/example_dags/example_short_circuit_decorator.py took 0.103 seconds
[2024-01-22T15:48:00.820+0200] {processor.py:161} INFO - Started process (PID=43756) to work on /usr/local/lib/python3.10/dist-packages/airflow/example_dags/example_short_circuit_decorator.py
[2024-01-22T15:48:00.837+0200] {processor.py:830} INFO - Processing file /usr/local/lib/python3.10/dist-packages/airflow/example_dags/example_short_circuit_decorator.py for tasks to queue
[2024-01-22T15:48:00.838+0200] {logging_mixin.py:188} INFO - [2024-01-22T15:48:00.838+0200] {dagbag.py:538} INFO - Filling up the DagBag from /usr/local/lib/python3.10/dist-packages/airflow/example_dags/example_short_circuit_decorator.py
[2024-01-22T15:48:00.904+0200] {processor.py:840} INFO - DAG(s) 'example_short_circuit_decorator' retrieved from /usr/local/lib/python3.10/dist-packages/airflow/example_dags/example_short_circuit_decorator.py
[2024-01-22T15:48:00.952+0200] {logging_mixin.py:188} INFO - [2024-01-22T15:48:00.952+0200] {dag.py:3036} INFO - Sync 1 DAGs
[2024-01-22T15:48:01.117+0200] {logging_mixin.py:188} INFO - [2024-01-22T15:48:01.117+0200] {dag.py:3823} INFO - Setting next_dagrun for example_short_circuit_decorator to 2024-01-21 00:00:00+00:00, run_after=2024-01-22 00:00:00+00:00
[2024-01-22T15:48:01.266+0200] {processor.py:183} INFO - Processing /usr/local/lib/python3.10/dist-packages/airflow/example_dags/example_short_circuit_decorator.py took 0.460 seconds
[2024-01-22T15:48:46.604+0200] {processor.py:161} INFO - Started process (PID=43933) to work on /usr/local/lib/python3.10/dist-packages/airflow/example_dags/example_short_circuit_decorator.py
[2024-01-22T15:48:46.613+0200] {processor.py:830} INFO - Processing file /usr/local/lib/python3.10/dist-packages/airflow/example_dags/example_short_circuit_decorator.py for tasks to queue
[2024-01-22T15:48:46.614+0200] {logging_mixin.py:188} INFO - [2024-01-22T15:48:46.613+0200] {dagbag.py:538} INFO - Filling up the DagBag from /usr/local/lib/python3.10/dist-packages/airflow/example_dags/example_short_circuit_decorator.py
[2024-01-22T15:48:46.631+0200] {processor.py:840} INFO - DAG(s) 'example_short_circuit_decorator' retrieved from /usr/local/lib/python3.10/dist-packages/airflow/example_dags/example_short_circuit_decorator.py
[2024-01-22T15:48:46.662+0200] {logging_mixin.py:188} INFO - [2024-01-22T15:48:46.662+0200] {dag.py:3036} INFO - Sync 1 DAGs
[2024-01-22T15:48:46.705+0200] {logging_mixin.py:188} INFO - [2024-01-22T15:48:46.705+0200] {dag.py:3823} INFO - Setting next_dagrun for example_short_circuit_decorator to 2024-01-21 00:00:00+00:00, run_after=2024-01-22 00:00:00+00:00
[2024-01-22T15:48:46.747+0200] {processor.py:183} INFO - Processing /usr/local/lib/python3.10/dist-packages/airflow/example_dags/example_short_circuit_decorator.py took 0.152 seconds
