[2024-01-22T15:30:57.700+0200] {processor.py:161} INFO - Started process (PID=40664) to work on /usr/local/lib/python3.10/dist-packages/airflow/example_dags/example_dynamic_task_mapping.py
[2024-01-22T15:30:57.702+0200] {processor.py:830} INFO - Processing file /usr/local/lib/python3.10/dist-packages/airflow/example_dags/example_dynamic_task_mapping.py for tasks to queue
[2024-01-22T15:30:57.704+0200] {logging_mixin.py:188} INFO - [2024-01-22T15:30:57.703+0200] {dagbag.py:538} INFO - Filling up the DagBag from /usr/local/lib/python3.10/dist-packages/airflow/example_dags/example_dynamic_task_mapping.py
[2024-01-22T15:30:57.733+0200] {processor.py:840} INFO - DAG(s) 'example_dynamic_task_mapping' retrieved from /usr/local/lib/python3.10/dist-packages/airflow/example_dags/example_dynamic_task_mapping.py
[2024-01-22T15:30:58.008+0200] {logging_mixin.py:188} INFO - [2024-01-22T15:30:58.008+0200] {dag.py:3036} INFO - Sync 1 DAGs
[2024-01-22T15:30:58.068+0200] {logging_mixin.py:188} INFO - [2024-01-22T15:30:58.068+0200] {dag.py:3823} INFO - Setting next_dagrun for example_dynamic_task_mapping to 2022-03-04 00:00:00+00:00, run_after=2022-03-05 00:00:00+00:00
[2024-01-22T15:30:58.122+0200] {processor.py:183} INFO - Processing /usr/local/lib/python3.10/dist-packages/airflow/example_dags/example_dynamic_task_mapping.py took 0.439 seconds
[2024-01-22T15:32:12.436+0200] {processor.py:161} INFO - Started process (PID=41124) to work on /usr/local/lib/python3.10/dist-packages/airflow/example_dags/example_dynamic_task_mapping.py
[2024-01-22T15:32:12.438+0200] {processor.py:830} INFO - Processing file /usr/local/lib/python3.10/dist-packages/airflow/example_dags/example_dynamic_task_mapping.py for tasks to queue
[2024-01-22T15:32:12.438+0200] {logging_mixin.py:188} INFO - [2024-01-22T15:32:12.438+0200] {dagbag.py:538} INFO - Filling up the DagBag from /usr/local/lib/python3.10/dist-packages/airflow/example_dags/example_dynamic_task_mapping.py
[2024-01-22T15:32:12.488+0200] {processor.py:840} INFO - DAG(s) 'example_dynamic_task_mapping' retrieved from /usr/local/lib/python3.10/dist-packages/airflow/example_dags/example_dynamic_task_mapping.py
[2024-01-22T15:32:12.533+0200] {logging_mixin.py:188} INFO - [2024-01-22T15:32:12.530+0200] {dag.py:3036} INFO - Sync 1 DAGs
[2024-01-22T15:32:12.617+0200] {logging_mixin.py:188} INFO - [2024-01-22T15:32:12.617+0200] {dag.py:3823} INFO - Setting next_dagrun for example_dynamic_task_mapping to 2022-03-04 00:00:00+00:00, run_after=2022-03-05 00:00:00+00:00
[2024-01-22T15:32:12.699+0200] {processor.py:183} INFO - Processing /usr/local/lib/python3.10/dist-packages/airflow/example_dags/example_dynamic_task_mapping.py took 0.266 seconds
[2024-01-22T15:33:07.889+0200] {processor.py:161} INFO - Started process (PID=41324) to work on /usr/local/lib/python3.10/dist-packages/airflow/example_dags/example_dynamic_task_mapping.py
[2024-01-22T15:33:07.902+0200] {processor.py:830} INFO - Processing file /usr/local/lib/python3.10/dist-packages/airflow/example_dags/example_dynamic_task_mapping.py for tasks to queue
[2024-01-22T15:33:07.903+0200] {logging_mixin.py:188} INFO - [2024-01-22T15:33:07.903+0200] {dagbag.py:538} INFO - Filling up the DagBag from /usr/local/lib/python3.10/dist-packages/airflow/example_dags/example_dynamic_task_mapping.py
[2024-01-22T15:33:07.932+0200] {processor.py:840} INFO - DAG(s) 'example_dynamic_task_mapping' retrieved from /usr/local/lib/python3.10/dist-packages/airflow/example_dags/example_dynamic_task_mapping.py
[2024-01-22T15:33:07.986+0200] {logging_mixin.py:188} INFO - [2024-01-22T15:33:07.986+0200] {dag.py:3036} INFO - Sync 1 DAGs
[2024-01-22T15:33:08.088+0200] {logging_mixin.py:188} INFO - [2024-01-22T15:33:08.088+0200] {dag.py:3823} INFO - Setting next_dagrun for example_dynamic_task_mapping to 2022-03-04 00:00:00+00:00, run_after=2022-03-05 00:00:00+00:00
[2024-01-22T15:33:08.133+0200] {processor.py:183} INFO - Processing /usr/local/lib/python3.10/dist-packages/airflow/example_dags/example_dynamic_task_mapping.py took 0.252 seconds
[2024-01-22T15:34:06.281+0200] {processor.py:161} INFO - Started process (PID=41589) to work on /usr/local/lib/python3.10/dist-packages/airflow/example_dags/example_dynamic_task_mapping.py
[2024-01-22T15:34:06.286+0200] {processor.py:830} INFO - Processing file /usr/local/lib/python3.10/dist-packages/airflow/example_dags/example_dynamic_task_mapping.py for tasks to queue
[2024-01-22T15:34:06.287+0200] {logging_mixin.py:188} INFO - [2024-01-22T15:34:06.287+0200] {dagbag.py:538} INFO - Filling up the DagBag from /usr/local/lib/python3.10/dist-packages/airflow/example_dags/example_dynamic_task_mapping.py
[2024-01-22T15:34:06.306+0200] {processor.py:840} INFO - DAG(s) 'example_dynamic_task_mapping' retrieved from /usr/local/lib/python3.10/dist-packages/airflow/example_dags/example_dynamic_task_mapping.py
[2024-01-22T15:34:06.332+0200] {logging_mixin.py:188} INFO - [2024-01-22T15:34:06.332+0200] {dag.py:3036} INFO - Sync 1 DAGs
[2024-01-22T15:34:06.358+0200] {logging_mixin.py:188} INFO - [2024-01-22T15:34:06.358+0200] {dag.py:3823} INFO - Setting next_dagrun for example_dynamic_task_mapping to 2022-03-04 00:00:00+00:00, run_after=2022-03-05 00:00:00+00:00
[2024-01-22T15:34:06.395+0200] {processor.py:183} INFO - Processing /usr/local/lib/python3.10/dist-packages/airflow/example_dags/example_dynamic_task_mapping.py took 0.117 seconds
[2024-01-22T15:34:58.805+0200] {processor.py:161} INFO - Started process (PID=41659) to work on /usr/local/lib/python3.10/dist-packages/airflow/example_dags/example_dynamic_task_mapping.py
[2024-01-22T15:34:58.819+0200] {processor.py:830} INFO - Processing file /usr/local/lib/python3.10/dist-packages/airflow/example_dags/example_dynamic_task_mapping.py for tasks to queue
[2024-01-22T15:34:58.820+0200] {logging_mixin.py:188} INFO - [2024-01-22T15:34:58.819+0200] {dagbag.py:538} INFO - Filling up the DagBag from /usr/local/lib/python3.10/dist-packages/airflow/example_dags/example_dynamic_task_mapping.py
[2024-01-22T15:34:58.836+0200] {processor.py:840} INFO - DAG(s) 'example_dynamic_task_mapping' retrieved from /usr/local/lib/python3.10/dist-packages/airflow/example_dags/example_dynamic_task_mapping.py
[2024-01-22T15:34:58.864+0200] {logging_mixin.py:188} INFO - [2024-01-22T15:34:58.864+0200] {dag.py:3036} INFO - Sync 1 DAGs
[2024-01-22T15:34:58.891+0200] {logging_mixin.py:188} INFO - [2024-01-22T15:34:58.891+0200] {dag.py:3823} INFO - Setting next_dagrun for example_dynamic_task_mapping to 2022-03-04 00:00:00+00:00, run_after=2022-03-05 00:00:00+00:00
[2024-01-22T15:34:58.936+0200] {processor.py:183} INFO - Processing /usr/local/lib/python3.10/dist-packages/airflow/example_dags/example_dynamic_task_mapping.py took 0.133 seconds
[2024-01-22T15:36:10.020+0200] {processor.py:161} INFO - Started process (PID=41909) to work on /usr/local/lib/python3.10/dist-packages/airflow/example_dags/example_dynamic_task_mapping.py
[2024-01-22T15:36:10.021+0200] {processor.py:830} INFO - Processing file /usr/local/lib/python3.10/dist-packages/airflow/example_dags/example_dynamic_task_mapping.py for tasks to queue
[2024-01-22T15:36:10.022+0200] {logging_mixin.py:188} INFO - [2024-01-22T15:36:10.022+0200] {dagbag.py:538} INFO - Filling up the DagBag from /usr/local/lib/python3.10/dist-packages/airflow/example_dags/example_dynamic_task_mapping.py
[2024-01-22T15:36:10.039+0200] {processor.py:840} INFO - DAG(s) 'example_dynamic_task_mapping' retrieved from /usr/local/lib/python3.10/dist-packages/airflow/example_dags/example_dynamic_task_mapping.py
[2024-01-22T15:36:10.060+0200] {logging_mixin.py:188} INFO - [2024-01-22T15:36:10.060+0200] {dag.py:3036} INFO - Sync 1 DAGs
[2024-01-22T15:36:10.074+0200] {logging_mixin.py:188} INFO - [2024-01-22T15:36:10.074+0200] {dag.py:3823} INFO - Setting next_dagrun for example_dynamic_task_mapping to 2022-03-04 00:00:00+00:00, run_after=2022-03-05 00:00:00+00:00
[2024-01-22T15:36:10.093+0200] {processor.py:183} INFO - Processing /usr/local/lib/python3.10/dist-packages/airflow/example_dags/example_dynamic_task_mapping.py took 0.076 seconds
[2024-01-22T15:37:18.003+0200] {processor.py:161} INFO - Started process (PID=42052) to work on /usr/local/lib/python3.10/dist-packages/airflow/example_dags/example_dynamic_task_mapping.py
[2024-01-22T15:37:18.011+0200] {processor.py:830} INFO - Processing file /usr/local/lib/python3.10/dist-packages/airflow/example_dags/example_dynamic_task_mapping.py for tasks to queue
[2024-01-22T15:37:18.013+0200] {logging_mixin.py:188} INFO - [2024-01-22T15:37:18.011+0200] {dagbag.py:538} INFO - Filling up the DagBag from /usr/local/lib/python3.10/dist-packages/airflow/example_dags/example_dynamic_task_mapping.py
[2024-01-22T15:37:18.046+0200] {processor.py:840} INFO - DAG(s) 'example_dynamic_task_mapping' retrieved from /usr/local/lib/python3.10/dist-packages/airflow/example_dags/example_dynamic_task_mapping.py
[2024-01-22T15:37:18.123+0200] {logging_mixin.py:188} INFO - [2024-01-22T15:37:18.122+0200] {dag.py:3036} INFO - Sync 1 DAGs
[2024-01-22T15:37:18.227+0200] {logging_mixin.py:188} INFO - [2024-01-22T15:37:18.227+0200] {dag.py:3823} INFO - Setting next_dagrun for example_dynamic_task_mapping to 2022-03-04 00:00:00+00:00, run_after=2022-03-05 00:00:00+00:00
[2024-01-22T15:37:18.280+0200] {processor.py:183} INFO - Processing /usr/local/lib/python3.10/dist-packages/airflow/example_dags/example_dynamic_task_mapping.py took 0.284 seconds
[2024-01-22T15:38:20.287+0200] {processor.py:161} INFO - Started process (PID=42120) to work on /usr/local/lib/python3.10/dist-packages/airflow/example_dags/example_dynamic_task_mapping.py
[2024-01-22T15:38:20.289+0200] {processor.py:830} INFO - Processing file /usr/local/lib/python3.10/dist-packages/airflow/example_dags/example_dynamic_task_mapping.py for tasks to queue
[2024-01-22T15:38:20.289+0200] {logging_mixin.py:188} INFO - [2024-01-22T15:38:20.289+0200] {dagbag.py:538} INFO - Filling up the DagBag from /usr/local/lib/python3.10/dist-packages/airflow/example_dags/example_dynamic_task_mapping.py
[2024-01-22T15:38:20.297+0200] {processor.py:840} INFO - DAG(s) 'example_dynamic_task_mapping' retrieved from /usr/local/lib/python3.10/dist-packages/airflow/example_dags/example_dynamic_task_mapping.py
[2024-01-22T15:38:20.309+0200] {logging_mixin.py:188} INFO - [2024-01-22T15:38:20.309+0200] {dag.py:3036} INFO - Sync 1 DAGs
[2024-01-22T15:38:20.325+0200] {logging_mixin.py:188} INFO - [2024-01-22T15:38:20.325+0200] {dag.py:3823} INFO - Setting next_dagrun for example_dynamic_task_mapping to 2022-03-04 00:00:00+00:00, run_after=2022-03-05 00:00:00+00:00
[2024-01-22T15:38:20.343+0200] {processor.py:183} INFO - Processing /usr/local/lib/python3.10/dist-packages/airflow/example_dags/example_dynamic_task_mapping.py took 0.060 seconds
[2024-01-22T15:39:13.927+0200] {processor.py:161} INFO - Started process (PID=42174) to work on /usr/local/lib/python3.10/dist-packages/airflow/example_dags/example_dynamic_task_mapping.py
[2024-01-22T15:39:13.929+0200] {processor.py:830} INFO - Processing file /usr/local/lib/python3.10/dist-packages/airflow/example_dags/example_dynamic_task_mapping.py for tasks to queue
[2024-01-22T15:39:13.929+0200] {logging_mixin.py:188} INFO - [2024-01-22T15:39:13.929+0200] {dagbag.py:538} INFO - Filling up the DagBag from /usr/local/lib/python3.10/dist-packages/airflow/example_dags/example_dynamic_task_mapping.py
[2024-01-22T15:39:13.937+0200] {processor.py:840} INFO - DAG(s) 'example_dynamic_task_mapping' retrieved from /usr/local/lib/python3.10/dist-packages/airflow/example_dags/example_dynamic_task_mapping.py
[2024-01-22T15:39:13.949+0200] {logging_mixin.py:188} INFO - [2024-01-22T15:39:13.949+0200] {dag.py:3036} INFO - Sync 1 DAGs
[2024-01-22T15:39:13.963+0200] {logging_mixin.py:188} INFO - [2024-01-22T15:39:13.963+0200] {dag.py:3823} INFO - Setting next_dagrun for example_dynamic_task_mapping to 2022-03-04 00:00:00+00:00, run_after=2022-03-05 00:00:00+00:00
[2024-01-22T15:39:13.983+0200] {processor.py:183} INFO - Processing /usr/local/lib/python3.10/dist-packages/airflow/example_dags/example_dynamic_task_mapping.py took 0.059 seconds
[2024-01-22T15:40:15.434+0200] {processor.py:161} INFO - Started process (PID=42270) to work on /usr/local/lib/python3.10/dist-packages/airflow/example_dags/example_dynamic_task_mapping.py
[2024-01-22T15:40:15.437+0200] {processor.py:830} INFO - Processing file /usr/local/lib/python3.10/dist-packages/airflow/example_dags/example_dynamic_task_mapping.py for tasks to queue
[2024-01-22T15:40:15.438+0200] {logging_mixin.py:188} INFO - [2024-01-22T15:40:15.437+0200] {dagbag.py:538} INFO - Filling up the DagBag from /usr/local/lib/python3.10/dist-packages/airflow/example_dags/example_dynamic_task_mapping.py
[2024-01-22T15:40:15.451+0200] {processor.py:840} INFO - DAG(s) 'example_dynamic_task_mapping' retrieved from /usr/local/lib/python3.10/dist-packages/airflow/example_dags/example_dynamic_task_mapping.py
[2024-01-22T15:40:15.466+0200] {logging_mixin.py:188} INFO - [2024-01-22T15:40:15.466+0200] {dag.py:3036} INFO - Sync 1 DAGs
[2024-01-22T15:40:15.487+0200] {logging_mixin.py:188} INFO - [2024-01-22T15:40:15.487+0200] {dag.py:3823} INFO - Setting next_dagrun for example_dynamic_task_mapping to 2022-03-04 00:00:00+00:00, run_after=2022-03-05 00:00:00+00:00
[2024-01-22T15:40:15.510+0200] {processor.py:183} INFO - Processing /usr/local/lib/python3.10/dist-packages/airflow/example_dags/example_dynamic_task_mapping.py took 0.079 seconds
[2024-01-22T15:41:14.322+0200] {processor.py:161} INFO - Started process (PID=42330) to work on /usr/local/lib/python3.10/dist-packages/airflow/example_dags/example_dynamic_task_mapping.py
[2024-01-22T15:41:14.327+0200] {processor.py:830} INFO - Processing file /usr/local/lib/python3.10/dist-packages/airflow/example_dags/example_dynamic_task_mapping.py for tasks to queue
[2024-01-22T15:41:14.329+0200] {logging_mixin.py:188} INFO - [2024-01-22T15:41:14.328+0200] {dagbag.py:538} INFO - Filling up the DagBag from /usr/local/lib/python3.10/dist-packages/airflow/example_dags/example_dynamic_task_mapping.py
[2024-01-22T15:41:14.341+0200] {processor.py:840} INFO - DAG(s) 'example_dynamic_task_mapping' retrieved from /usr/local/lib/python3.10/dist-packages/airflow/example_dags/example_dynamic_task_mapping.py
[2024-01-22T15:41:14.359+0200] {logging_mixin.py:188} INFO - [2024-01-22T15:41:14.359+0200] {dag.py:3036} INFO - Sync 1 DAGs
[2024-01-22T15:41:14.397+0200] {logging_mixin.py:188} INFO - [2024-01-22T15:41:14.397+0200] {dag.py:3823} INFO - Setting next_dagrun for example_dynamic_task_mapping to 2022-03-04 00:00:00+00:00, run_after=2022-03-05 00:00:00+00:00
[2024-01-22T15:41:14.423+0200] {processor.py:183} INFO - Processing /usr/local/lib/python3.10/dist-packages/airflow/example_dags/example_dynamic_task_mapping.py took 0.106 seconds
[2024-01-22T15:42:10.426+0200] {processor.py:161} INFO - Started process (PID=42385) to work on /usr/local/lib/python3.10/dist-packages/airflow/example_dags/example_dynamic_task_mapping.py
[2024-01-22T15:42:10.429+0200] {processor.py:830} INFO - Processing file /usr/local/lib/python3.10/dist-packages/airflow/example_dags/example_dynamic_task_mapping.py for tasks to queue
[2024-01-22T15:42:10.430+0200] {logging_mixin.py:188} INFO - [2024-01-22T15:42:10.429+0200] {dagbag.py:538} INFO - Filling up the DagBag from /usr/local/lib/python3.10/dist-packages/airflow/example_dags/example_dynamic_task_mapping.py
[2024-01-22T15:42:10.441+0200] {processor.py:840} INFO - DAG(s) 'example_dynamic_task_mapping' retrieved from /usr/local/lib/python3.10/dist-packages/airflow/example_dags/example_dynamic_task_mapping.py
[2024-01-22T15:42:10.459+0200] {logging_mixin.py:188} INFO - [2024-01-22T15:42:10.459+0200] {dag.py:3036} INFO - Sync 1 DAGs
[2024-01-22T15:42:10.499+0200] {logging_mixin.py:188} INFO - [2024-01-22T15:42:10.498+0200] {dag.py:3823} INFO - Setting next_dagrun for example_dynamic_task_mapping to 2022-03-04 00:00:00+00:00, run_after=2022-03-05 00:00:00+00:00
[2024-01-22T15:42:10.521+0200] {processor.py:183} INFO - Processing /usr/local/lib/python3.10/dist-packages/airflow/example_dags/example_dynamic_task_mapping.py took 0.099 seconds
[2024-01-22T15:43:08.636+0200] {processor.py:161} INFO - Started process (PID=42454) to work on /usr/local/lib/python3.10/dist-packages/airflow/example_dags/example_dynamic_task_mapping.py
[2024-01-22T15:43:08.644+0200] {processor.py:830} INFO - Processing file /usr/local/lib/python3.10/dist-packages/airflow/example_dags/example_dynamic_task_mapping.py for tasks to queue
[2024-01-22T15:43:08.646+0200] {logging_mixin.py:188} INFO - [2024-01-22T15:43:08.645+0200] {dagbag.py:538} INFO - Filling up the DagBag from /usr/local/lib/python3.10/dist-packages/airflow/example_dags/example_dynamic_task_mapping.py
[2024-01-22T15:43:08.670+0200] {processor.py:840} INFO - DAG(s) 'example_dynamic_task_mapping' retrieved from /usr/local/lib/python3.10/dist-packages/airflow/example_dags/example_dynamic_task_mapping.py
[2024-01-22T15:43:08.690+0200] {logging_mixin.py:188} INFO - [2024-01-22T15:43:08.689+0200] {dag.py:3036} INFO - Sync 1 DAGs
[2024-01-22T15:43:08.728+0200] {logging_mixin.py:188} INFO - [2024-01-22T15:43:08.728+0200] {dag.py:3823} INFO - Setting next_dagrun for example_dynamic_task_mapping to 2022-03-04 00:00:00+00:00, run_after=2022-03-05 00:00:00+00:00
[2024-01-22T15:43:08.753+0200] {processor.py:183} INFO - Processing /usr/local/lib/python3.10/dist-packages/airflow/example_dags/example_dynamic_task_mapping.py took 0.120 seconds
[2024-01-22T15:44:00.058+0200] {processor.py:161} INFO - Started process (PID=42506) to work on /usr/local/lib/python3.10/dist-packages/airflow/example_dags/example_dynamic_task_mapping.py
[2024-01-22T15:44:00.060+0200] {processor.py:830} INFO - Processing file /usr/local/lib/python3.10/dist-packages/airflow/example_dags/example_dynamic_task_mapping.py for tasks to queue
[2024-01-22T15:44:00.061+0200] {logging_mixin.py:188} INFO - [2024-01-22T15:44:00.060+0200] {dagbag.py:538} INFO - Filling up the DagBag from /usr/local/lib/python3.10/dist-packages/airflow/example_dags/example_dynamic_task_mapping.py
[2024-01-22T15:44:00.083+0200] {processor.py:840} INFO - DAG(s) 'example_dynamic_task_mapping' retrieved from /usr/local/lib/python3.10/dist-packages/airflow/example_dags/example_dynamic_task_mapping.py
[2024-01-22T15:44:00.125+0200] {logging_mixin.py:188} INFO - [2024-01-22T15:44:00.125+0200] {dag.py:3036} INFO - Sync 1 DAGs
[2024-01-22T15:44:00.166+0200] {logging_mixin.py:188} INFO - [2024-01-22T15:44:00.166+0200] {dag.py:3823} INFO - Setting next_dagrun for example_dynamic_task_mapping to 2022-03-04 00:00:00+00:00, run_after=2022-03-05 00:00:00+00:00
[2024-01-22T15:44:00.211+0200] {processor.py:183} INFO - Processing /usr/local/lib/python3.10/dist-packages/airflow/example_dags/example_dynamic_task_mapping.py took 0.170 seconds
[2024-01-22T15:44:49.460+0200] {processor.py:161} INFO - Started process (PID=42558) to work on /usr/local/lib/python3.10/dist-packages/airflow/example_dags/example_dynamic_task_mapping.py
[2024-01-22T15:44:49.463+0200] {processor.py:830} INFO - Processing file /usr/local/lib/python3.10/dist-packages/airflow/example_dags/example_dynamic_task_mapping.py for tasks to queue
[2024-01-22T15:44:49.464+0200] {logging_mixin.py:188} INFO - [2024-01-22T15:44:49.463+0200] {dagbag.py:538} INFO - Filling up the DagBag from /usr/local/lib/python3.10/dist-packages/airflow/example_dags/example_dynamic_task_mapping.py
[2024-01-22T15:44:49.473+0200] {processor.py:840} INFO - DAG(s) 'example_dynamic_task_mapping' retrieved from /usr/local/lib/python3.10/dist-packages/airflow/example_dags/example_dynamic_task_mapping.py
[2024-01-22T15:44:49.490+0200] {logging_mixin.py:188} INFO - [2024-01-22T15:44:49.490+0200] {dag.py:3036} INFO - Sync 1 DAGs
[2024-01-22T15:44:49.509+0200] {logging_mixin.py:188} INFO - [2024-01-22T15:44:49.509+0200] {dag.py:3823} INFO - Setting next_dagrun for example_dynamic_task_mapping to 2022-03-04 00:00:00+00:00, run_after=2022-03-05 00:00:00+00:00
[2024-01-22T15:44:49.536+0200] {processor.py:183} INFO - Processing /usr/local/lib/python3.10/dist-packages/airflow/example_dags/example_dynamic_task_mapping.py took 0.080 seconds
[2024-01-22T15:45:39.523+0200] {processor.py:161} INFO - Started process (PID=42663) to work on /usr/local/lib/python3.10/dist-packages/airflow/example_dags/example_dynamic_task_mapping.py
[2024-01-22T15:45:39.532+0200] {processor.py:830} INFO - Processing file /usr/local/lib/python3.10/dist-packages/airflow/example_dags/example_dynamic_task_mapping.py for tasks to queue
[2024-01-22T15:45:39.533+0200] {logging_mixin.py:188} INFO - [2024-01-22T15:45:39.532+0200] {dagbag.py:538} INFO - Filling up the DagBag from /usr/local/lib/python3.10/dist-packages/airflow/example_dags/example_dynamic_task_mapping.py
[2024-01-22T15:45:39.552+0200] {processor.py:840} INFO - DAG(s) 'example_dynamic_task_mapping' retrieved from /usr/local/lib/python3.10/dist-packages/airflow/example_dags/example_dynamic_task_mapping.py
[2024-01-22T15:45:39.584+0200] {logging_mixin.py:188} INFO - [2024-01-22T15:45:39.584+0200] {dag.py:3036} INFO - Sync 1 DAGs
[2024-01-22T15:45:39.609+0200] {logging_mixin.py:188} INFO - [2024-01-22T15:45:39.608+0200] {dag.py:3823} INFO - Setting next_dagrun for example_dynamic_task_mapping to 2022-03-04 00:00:00+00:00, run_after=2022-03-05 00:00:00+00:00
[2024-01-22T15:45:39.639+0200] {processor.py:183} INFO - Processing /usr/local/lib/python3.10/dist-packages/airflow/example_dags/example_dynamic_task_mapping.py took 0.120 seconds
[2024-01-22T15:46:55.846+0200] {processor.py:161} INFO - Started process (PID=43643) to work on /usr/local/lib/python3.10/dist-packages/airflow/example_dags/example_dynamic_task_mapping.py
[2024-01-22T15:46:55.849+0200] {processor.py:830} INFO - Processing file /usr/local/lib/python3.10/dist-packages/airflow/example_dags/example_dynamic_task_mapping.py for tasks to queue
[2024-01-22T15:46:55.850+0200] {logging_mixin.py:188} INFO - [2024-01-22T15:46:55.849+0200] {dagbag.py:538} INFO - Filling up the DagBag from /usr/local/lib/python3.10/dist-packages/airflow/example_dags/example_dynamic_task_mapping.py
[2024-01-22T15:46:55.888+0200] {processor.py:840} INFO - DAG(s) 'example_dynamic_task_mapping' retrieved from /usr/local/lib/python3.10/dist-packages/airflow/example_dags/example_dynamic_task_mapping.py
[2024-01-22T15:46:55.921+0200] {logging_mixin.py:188} INFO - [2024-01-22T15:46:55.921+0200] {dag.py:3036} INFO - Sync 1 DAGs
[2024-01-22T15:46:55.938+0200] {logging_mixin.py:188} INFO - [2024-01-22T15:46:55.938+0200] {dag.py:3823} INFO - Setting next_dagrun for example_dynamic_task_mapping to 2022-03-04 00:00:00+00:00, run_after=2022-03-05 00:00:00+00:00
[2024-01-22T15:46:55.955+0200] {processor.py:183} INFO - Processing /usr/local/lib/python3.10/dist-packages/airflow/example_dags/example_dynamic_task_mapping.py took 0.111 seconds
[2024-01-22T15:47:47.650+0200] {processor.py:161} INFO - Started process (PID=43735) to work on /usr/local/lib/python3.10/dist-packages/airflow/example_dags/example_dynamic_task_mapping.py
[2024-01-22T15:47:47.655+0200] {processor.py:830} INFO - Processing file /usr/local/lib/python3.10/dist-packages/airflow/example_dags/example_dynamic_task_mapping.py for tasks to queue
[2024-01-22T15:47:47.656+0200] {logging_mixin.py:188} INFO - [2024-01-22T15:47:47.656+0200] {dagbag.py:538} INFO - Filling up the DagBag from /usr/local/lib/python3.10/dist-packages/airflow/example_dags/example_dynamic_task_mapping.py
[2024-01-22T15:47:47.664+0200] {processor.py:840} INFO - DAG(s) 'example_dynamic_task_mapping' retrieved from /usr/local/lib/python3.10/dist-packages/airflow/example_dags/example_dynamic_task_mapping.py
[2024-01-22T15:47:47.680+0200] {logging_mixin.py:188} INFO - [2024-01-22T15:47:47.680+0200] {dag.py:3036} INFO - Sync 1 DAGs
[2024-01-22T15:47:47.695+0200] {logging_mixin.py:188} INFO - [2024-01-22T15:47:47.695+0200] {dag.py:3823} INFO - Setting next_dagrun for example_dynamic_task_mapping to 2022-03-04 00:00:00+00:00, run_after=2022-03-05 00:00:00+00:00
[2024-01-22T15:47:47.723+0200] {processor.py:183} INFO - Processing /usr/local/lib/python3.10/dist-packages/airflow/example_dags/example_dynamic_task_mapping.py took 0.076 seconds
