[2024-01-22T15:30:08.788+0200] {processor.py:161} INFO - Started process (PID=40559) to work on /usr/local/lib/python3.10/dist-packages/airflow/example_dags/example_task_group_decorator.py
[2024-01-22T15:30:08.789+0200] {processor.py:830} INFO - Processing file /usr/local/lib/python3.10/dist-packages/airflow/example_dags/example_task_group_decorator.py for tasks to queue
[2024-01-22T15:30:08.790+0200] {logging_mixin.py:188} INFO - [2024-01-22T15:30:08.789+0200] {dagbag.py:538} INFO - Filling up the DagBag from /usr/local/lib/python3.10/dist-packages/airflow/example_dags/example_task_group_decorator.py
[2024-01-22T15:30:09.039+0200] {processor.py:840} INFO - DAG(s) 'example_task_group_decorator' retrieved from /usr/local/lib/python3.10/dist-packages/airflow/example_dags/example_task_group_decorator.py
[2024-01-22T15:30:09.197+0200] {logging_mixin.py:188} INFO - [2024-01-22T15:30:09.197+0200] {dag.py:3036} INFO - Sync 1 DAGs
[2024-01-22T15:30:09.226+0200] {logging_mixin.py:188} INFO - [2024-01-22T15:30:09.226+0200] {dag.py:3823} INFO - Setting next_dagrun for example_task_group_decorator to 2024-01-21 00:00:00+00:00, run_after=2024-01-22 00:00:00+00:00
[2024-01-22T15:30:09.254+0200] {processor.py:183} INFO - Processing /usr/local/lib/python3.10/dist-packages/airflow/example_dags/example_task_group_decorator.py took 0.468 seconds
[2024-01-22T15:31:27.017+0200] {processor.py:161} INFO - Started process (PID=40873) to work on /usr/local/lib/python3.10/dist-packages/airflow/example_dags/example_task_group_decorator.py
[2024-01-22T15:31:27.022+0200] {processor.py:830} INFO - Processing file /usr/local/lib/python3.10/dist-packages/airflow/example_dags/example_task_group_decorator.py for tasks to queue
[2024-01-22T15:31:27.023+0200] {logging_mixin.py:188} INFO - [2024-01-22T15:31:27.022+0200] {dagbag.py:538} INFO - Filling up the DagBag from /usr/local/lib/python3.10/dist-packages/airflow/example_dags/example_task_group_decorator.py
[2024-01-22T15:31:27.069+0200] {processor.py:840} INFO - DAG(s) 'example_task_group_decorator' retrieved from /usr/local/lib/python3.10/dist-packages/airflow/example_dags/example_task_group_decorator.py
[2024-01-22T15:31:27.182+0200] {logging_mixin.py:188} INFO - [2024-01-22T15:31:27.182+0200] {dag.py:3036} INFO - Sync 1 DAGs
[2024-01-22T15:31:27.282+0200] {logging_mixin.py:188} INFO - [2024-01-22T15:31:27.281+0200] {dag.py:3823} INFO - Setting next_dagrun for example_task_group_decorator to 2024-01-21 00:00:00+00:00, run_after=2024-01-22 00:00:00+00:00
[2024-01-22T15:31:27.355+0200] {processor.py:183} INFO - Processing /usr/local/lib/python3.10/dist-packages/airflow/example_dags/example_task_group_decorator.py took 0.345 seconds
[2024-01-22T15:32:05.674+0200] {processor.py:161} INFO - Started process (PID=41090) to work on /usr/local/lib/python3.10/dist-packages/airflow/example_dags/example_task_group_decorator.py
[2024-01-22T15:32:05.679+0200] {processor.py:830} INFO - Processing file /usr/local/lib/python3.10/dist-packages/airflow/example_dags/example_task_group_decorator.py for tasks to queue
[2024-01-22T15:32:05.680+0200] {logging_mixin.py:188} INFO - [2024-01-22T15:32:05.680+0200] {dagbag.py:538} INFO - Filling up the DagBag from /usr/local/lib/python3.10/dist-packages/airflow/example_dags/example_task_group_decorator.py
[2024-01-22T15:32:05.715+0200] {processor.py:840} INFO - DAG(s) 'example_task_group_decorator' retrieved from /usr/local/lib/python3.10/dist-packages/airflow/example_dags/example_task_group_decorator.py
[2024-01-22T15:32:05.753+0200] {logging_mixin.py:188} INFO - [2024-01-22T15:32:05.752+0200] {dag.py:3036} INFO - Sync 1 DAGs
[2024-01-22T15:32:05.781+0200] {logging_mixin.py:188} INFO - [2024-01-22T15:32:05.781+0200] {dag.py:3823} INFO - Setting next_dagrun for example_task_group_decorator to 2024-01-21 00:00:00+00:00, run_after=2024-01-22 00:00:00+00:00
[2024-01-22T15:32:05.813+0200] {processor.py:183} INFO - Processing /usr/local/lib/python3.10/dist-packages/airflow/example_dags/example_task_group_decorator.py took 0.142 seconds
[2024-01-22T15:32:53.851+0200] {processor.py:161} INFO - Started process (PID=41241) to work on /usr/local/lib/python3.10/dist-packages/airflow/example_dags/example_task_group_decorator.py
[2024-01-22T15:32:53.857+0200] {processor.py:830} INFO - Processing file /usr/local/lib/python3.10/dist-packages/airflow/example_dags/example_task_group_decorator.py for tasks to queue
[2024-01-22T15:32:53.858+0200] {logging_mixin.py:188} INFO - [2024-01-22T15:32:53.857+0200] {dagbag.py:538} INFO - Filling up the DagBag from /usr/local/lib/python3.10/dist-packages/airflow/example_dags/example_task_group_decorator.py
[2024-01-22T15:32:53.891+0200] {processor.py:840} INFO - DAG(s) 'example_task_group_decorator' retrieved from /usr/local/lib/python3.10/dist-packages/airflow/example_dags/example_task_group_decorator.py
[2024-01-22T15:32:53.931+0200] {logging_mixin.py:188} INFO - [2024-01-22T15:32:53.931+0200] {dag.py:3036} INFO - Sync 1 DAGs
[2024-01-22T15:32:53.965+0200] {logging_mixin.py:188} INFO - [2024-01-22T15:32:53.965+0200] {dag.py:3823} INFO - Setting next_dagrun for example_task_group_decorator to 2024-01-21 00:00:00+00:00, run_after=2024-01-22 00:00:00+00:00
[2024-01-22T15:32:54.011+0200] {processor.py:183} INFO - Processing /usr/local/lib/python3.10/dist-packages/airflow/example_dags/example_task_group_decorator.py took 0.163 seconds
[2024-01-22T15:33:49.749+0200] {processor.py:161} INFO - Started process (PID=41553) to work on /usr/local/lib/python3.10/dist-packages/airflow/example_dags/example_task_group_decorator.py
[2024-01-22T15:33:49.753+0200] {processor.py:830} INFO - Processing file /usr/local/lib/python3.10/dist-packages/airflow/example_dags/example_task_group_decorator.py for tasks to queue
[2024-01-22T15:33:49.754+0200] {logging_mixin.py:188} INFO - [2024-01-22T15:33:49.753+0200] {dagbag.py:538} INFO - Filling up the DagBag from /usr/local/lib/python3.10/dist-packages/airflow/example_dags/example_task_group_decorator.py
[2024-01-22T15:33:49.808+0200] {processor.py:840} INFO - DAG(s) 'example_task_group_decorator' retrieved from /usr/local/lib/python3.10/dist-packages/airflow/example_dags/example_task_group_decorator.py
[2024-01-22T15:33:49.877+0200] {logging_mixin.py:188} INFO - [2024-01-22T15:33:49.876+0200] {dag.py:3036} INFO - Sync 1 DAGs
[2024-01-22T15:33:49.920+0200] {logging_mixin.py:188} INFO - [2024-01-22T15:33:49.920+0200] {dag.py:3823} INFO - Setting next_dagrun for example_task_group_decorator to 2024-01-21 00:00:00+00:00, run_after=2024-01-22 00:00:00+00:00
[2024-01-22T15:33:50.044+0200] {processor.py:183} INFO - Processing /usr/local/lib/python3.10/dist-packages/airflow/example_dags/example_task_group_decorator.py took 0.309 seconds
[2024-01-22T15:34:42.375+0200] {processor.py:161} INFO - Started process (PID=41639) to work on /usr/local/lib/python3.10/dist-packages/airflow/example_dags/example_task_group_decorator.py
[2024-01-22T15:34:42.378+0200] {processor.py:830} INFO - Processing file /usr/local/lib/python3.10/dist-packages/airflow/example_dags/example_task_group_decorator.py for tasks to queue
[2024-01-22T15:34:42.379+0200] {logging_mixin.py:188} INFO - [2024-01-22T15:34:42.379+0200] {dagbag.py:538} INFO - Filling up the DagBag from /usr/local/lib/python3.10/dist-packages/airflow/example_dags/example_task_group_decorator.py
[2024-01-22T15:34:42.404+0200] {processor.py:840} INFO - DAG(s) 'example_task_group_decorator' retrieved from /usr/local/lib/python3.10/dist-packages/airflow/example_dags/example_task_group_decorator.py
[2024-01-22T15:34:42.429+0200] {logging_mixin.py:188} INFO - [2024-01-22T15:34:42.428+0200] {dag.py:3036} INFO - Sync 1 DAGs
[2024-01-22T15:34:42.476+0200] {logging_mixin.py:188} INFO - [2024-01-22T15:34:42.476+0200] {dag.py:3823} INFO - Setting next_dagrun for example_task_group_decorator to 2024-01-21 00:00:00+00:00, run_after=2024-01-22 00:00:00+00:00
[2024-01-22T15:34:42.503+0200] {processor.py:183} INFO - Processing /usr/local/lib/python3.10/dist-packages/airflow/example_dags/example_task_group_decorator.py took 0.137 seconds
[2024-01-22T15:35:28.073+0200] {processor.py:161} INFO - Started process (PID=41721) to work on /usr/local/lib/python3.10/dist-packages/airflow/example_dags/example_task_group_decorator.py
[2024-01-22T15:35:28.081+0200] {processor.py:830} INFO - Processing file /usr/local/lib/python3.10/dist-packages/airflow/example_dags/example_task_group_decorator.py for tasks to queue
[2024-01-22T15:35:28.082+0200] {logging_mixin.py:188} INFO - [2024-01-22T15:35:28.081+0200] {dagbag.py:538} INFO - Filling up the DagBag from /usr/local/lib/python3.10/dist-packages/airflow/example_dags/example_task_group_decorator.py
[2024-01-22T15:35:28.117+0200] {processor.py:840} INFO - DAG(s) 'example_task_group_decorator' retrieved from /usr/local/lib/python3.10/dist-packages/airflow/example_dags/example_task_group_decorator.py
[2024-01-22T15:35:28.151+0200] {logging_mixin.py:188} INFO - [2024-01-22T15:35:28.151+0200] {dag.py:3036} INFO - Sync 1 DAGs
[2024-01-22T15:35:28.196+0200] {logging_mixin.py:188} INFO - [2024-01-22T15:35:28.196+0200] {dag.py:3823} INFO - Setting next_dagrun for example_task_group_decorator to 2024-01-21 00:00:00+00:00, run_after=2024-01-22 00:00:00+00:00
[2024-01-22T15:35:28.213+0200] {processor.py:183} INFO - Processing /usr/local/lib/python3.10/dist-packages/airflow/example_dags/example_task_group_decorator.py took 0.142 seconds
[2024-01-22T15:36:16.654+0200] {processor.py:161} INFO - Started process (PID=41916) to work on /usr/local/lib/python3.10/dist-packages/airflow/example_dags/example_task_group_decorator.py
[2024-01-22T15:36:16.667+0200] {processor.py:830} INFO - Processing file /usr/local/lib/python3.10/dist-packages/airflow/example_dags/example_task_group_decorator.py for tasks to queue
[2024-01-22T15:36:16.667+0200] {logging_mixin.py:188} INFO - [2024-01-22T15:36:16.667+0200] {dagbag.py:538} INFO - Filling up the DagBag from /usr/local/lib/python3.10/dist-packages/airflow/example_dags/example_task_group_decorator.py
[2024-01-22T15:36:16.698+0200] {processor.py:840} INFO - DAG(s) 'example_task_group_decorator' retrieved from /usr/local/lib/python3.10/dist-packages/airflow/example_dags/example_task_group_decorator.py
[2024-01-22T15:36:16.722+0200] {logging_mixin.py:188} INFO - [2024-01-22T15:36:16.722+0200] {dag.py:3036} INFO - Sync 1 DAGs
[2024-01-22T15:36:16.736+0200] {logging_mixin.py:188} INFO - [2024-01-22T15:36:16.735+0200] {dag.py:3823} INFO - Setting next_dagrun for example_task_group_decorator to 2024-01-21 00:00:00+00:00, run_after=2024-01-22 00:00:00+00:00
[2024-01-22T15:36:16.753+0200] {processor.py:183} INFO - Processing /usr/local/lib/python3.10/dist-packages/airflow/example_dags/example_task_group_decorator.py took 0.102 seconds
[2024-01-22T15:37:01.296+0200] {processor.py:161} INFO - Started process (PID=42003) to work on /usr/local/lib/python3.10/dist-packages/airflow/example_dags/example_task_group_decorator.py
[2024-01-22T15:37:01.305+0200] {processor.py:830} INFO - Processing file /usr/local/lib/python3.10/dist-packages/airflow/example_dags/example_task_group_decorator.py for tasks to queue
[2024-01-22T15:37:01.306+0200] {logging_mixin.py:188} INFO - [2024-01-22T15:37:01.306+0200] {dagbag.py:538} INFO - Filling up the DagBag from /usr/local/lib/python3.10/dist-packages/airflow/example_dags/example_task_group_decorator.py
[2024-01-22T15:37:01.346+0200] {processor.py:840} INFO - DAG(s) 'example_task_group_decorator' retrieved from /usr/local/lib/python3.10/dist-packages/airflow/example_dags/example_task_group_decorator.py
[2024-01-22T15:37:01.383+0200] {logging_mixin.py:188} INFO - [2024-01-22T15:37:01.383+0200] {dag.py:3036} INFO - Sync 1 DAGs
[2024-01-22T15:37:01.414+0200] {logging_mixin.py:188} INFO - [2024-01-22T15:37:01.413+0200] {dag.py:3823} INFO - Setting next_dagrun for example_task_group_decorator to 2024-01-21 00:00:00+00:00, run_after=2024-01-22 00:00:00+00:00
[2024-01-22T15:37:01.440+0200] {processor.py:183} INFO - Processing /usr/local/lib/python3.10/dist-packages/airflow/example_dags/example_task_group_decorator.py took 0.147 seconds
[2024-01-22T15:37:46.750+0200] {processor.py:161} INFO - Started process (PID=42084) to work on /usr/local/lib/python3.10/dist-packages/airflow/example_dags/example_task_group_decorator.py
[2024-01-22T15:37:46.755+0200] {processor.py:830} INFO - Processing file /usr/local/lib/python3.10/dist-packages/airflow/example_dags/example_task_group_decorator.py for tasks to queue
[2024-01-22T15:37:46.756+0200] {logging_mixin.py:188} INFO - [2024-01-22T15:37:46.755+0200] {dagbag.py:538} INFO - Filling up the DagBag from /usr/local/lib/python3.10/dist-packages/airflow/example_dags/example_task_group_decorator.py
[2024-01-22T15:37:46.775+0200] {processor.py:840} INFO - DAG(s) 'example_task_group_decorator' retrieved from /usr/local/lib/python3.10/dist-packages/airflow/example_dags/example_task_group_decorator.py
[2024-01-22T15:37:46.796+0200] {logging_mixin.py:188} INFO - [2024-01-22T15:37:46.796+0200] {dag.py:3036} INFO - Sync 1 DAGs
[2024-01-22T15:37:46.817+0200] {logging_mixin.py:188} INFO - [2024-01-22T15:37:46.816+0200] {dag.py:3823} INFO - Setting next_dagrun for example_task_group_decorator to 2024-01-21 00:00:00+00:00, run_after=2024-01-22 00:00:00+00:00
[2024-01-22T15:37:46.843+0200] {processor.py:183} INFO - Processing /usr/local/lib/python3.10/dist-packages/airflow/example_dags/example_task_group_decorator.py took 0.098 seconds
[2024-01-22T15:38:26.286+0200] {processor.py:161} INFO - Started process (PID=42126) to work on /usr/local/lib/python3.10/dist-packages/airflow/example_dags/example_task_group_decorator.py
[2024-01-22T15:38:26.288+0200] {processor.py:830} INFO - Processing file /usr/local/lib/python3.10/dist-packages/airflow/example_dags/example_task_group_decorator.py for tasks to queue
[2024-01-22T15:38:26.290+0200] {logging_mixin.py:188} INFO - [2024-01-22T15:38:26.288+0200] {dagbag.py:538} INFO - Filling up the DagBag from /usr/local/lib/python3.10/dist-packages/airflow/example_dags/example_task_group_decorator.py
[2024-01-22T15:38:26.317+0200] {processor.py:840} INFO - DAG(s) 'example_task_group_decorator' retrieved from /usr/local/lib/python3.10/dist-packages/airflow/example_dags/example_task_group_decorator.py
[2024-01-22T15:38:26.369+0200] {logging_mixin.py:188} INFO - [2024-01-22T15:38:26.369+0200] {dag.py:3036} INFO - Sync 1 DAGs
[2024-01-22T15:38:26.416+0200] {logging_mixin.py:188} INFO - [2024-01-22T15:38:26.415+0200] {dag.py:3823} INFO - Setting next_dagrun for example_task_group_decorator to 2024-01-21 00:00:00+00:00, run_after=2024-01-22 00:00:00+00:00
[2024-01-22T15:38:26.467+0200] {processor.py:183} INFO - Processing /usr/local/lib/python3.10/dist-packages/airflow/example_dags/example_task_group_decorator.py took 0.187 seconds
[2024-01-22T15:39:00.731+0200] {processor.py:161} INFO - Started process (PID=42161) to work on /usr/local/lib/python3.10/dist-packages/airflow/example_dags/example_task_group_decorator.py
[2024-01-22T15:39:00.734+0200] {processor.py:830} INFO - Processing file /usr/local/lib/python3.10/dist-packages/airflow/example_dags/example_task_group_decorator.py for tasks to queue
[2024-01-22T15:39:00.735+0200] {logging_mixin.py:188} INFO - [2024-01-22T15:39:00.734+0200] {dagbag.py:538} INFO - Filling up the DagBag from /usr/local/lib/python3.10/dist-packages/airflow/example_dags/example_task_group_decorator.py
[2024-01-22T15:39:00.752+0200] {processor.py:840} INFO - DAG(s) 'example_task_group_decorator' retrieved from /usr/local/lib/python3.10/dist-packages/airflow/example_dags/example_task_group_decorator.py
[2024-01-22T15:39:00.775+0200] {logging_mixin.py:188} INFO - [2024-01-22T15:39:00.775+0200] {dag.py:3036} INFO - Sync 1 DAGs
[2024-01-22T15:39:00.798+0200] {logging_mixin.py:188} INFO - [2024-01-22T15:39:00.797+0200] {dag.py:3823} INFO - Setting next_dagrun for example_task_group_decorator to 2024-01-21 00:00:00+00:00, run_after=2024-01-22 00:00:00+00:00
[2024-01-22T15:39:00.824+0200] {processor.py:183} INFO - Processing /usr/local/lib/python3.10/dist-packages/airflow/example_dags/example_task_group_decorator.py took 0.097 seconds
[2024-01-22T15:39:40.164+0200] {processor.py:161} INFO - Started process (PID=42207) to work on /usr/local/lib/python3.10/dist-packages/airflow/example_dags/example_task_group_decorator.py
[2024-01-22T15:39:40.165+0200] {processor.py:830} INFO - Processing file /usr/local/lib/python3.10/dist-packages/airflow/example_dags/example_task_group_decorator.py for tasks to queue
[2024-01-22T15:39:40.166+0200] {logging_mixin.py:188} INFO - [2024-01-22T15:39:40.166+0200] {dagbag.py:538} INFO - Filling up the DagBag from /usr/local/lib/python3.10/dist-packages/airflow/example_dags/example_task_group_decorator.py
[2024-01-22T15:39:40.182+0200] {processor.py:840} INFO - DAG(s) 'example_task_group_decorator' retrieved from /usr/local/lib/python3.10/dist-packages/airflow/example_dags/example_task_group_decorator.py
[2024-01-22T15:39:40.205+0200] {logging_mixin.py:188} INFO - [2024-01-22T15:39:40.205+0200] {dag.py:3036} INFO - Sync 1 DAGs
[2024-01-22T15:39:40.236+0200] {logging_mixin.py:188} INFO - [2024-01-22T15:39:40.236+0200] {dag.py:3823} INFO - Setting next_dagrun for example_task_group_decorator to 2024-01-21 00:00:00+00:00, run_after=2024-01-22 00:00:00+00:00
[2024-01-22T15:39:40.257+0200] {processor.py:183} INFO - Processing /usr/local/lib/python3.10/dist-packages/airflow/example_dags/example_task_group_decorator.py took 0.096 seconds
[2024-01-22T15:40:22.751+0200] {processor.py:161} INFO - Started process (PID=42276) to work on /usr/local/lib/python3.10/dist-packages/airflow/example_dags/example_task_group_decorator.py
[2024-01-22T15:40:22.755+0200] {processor.py:830} INFO - Processing file /usr/local/lib/python3.10/dist-packages/airflow/example_dags/example_task_group_decorator.py for tasks to queue
[2024-01-22T15:40:22.756+0200] {logging_mixin.py:188} INFO - [2024-01-22T15:40:22.755+0200] {dagbag.py:538} INFO - Filling up the DagBag from /usr/local/lib/python3.10/dist-packages/airflow/example_dags/example_task_group_decorator.py
[2024-01-22T15:40:22.782+0200] {processor.py:840} INFO - DAG(s) 'example_task_group_decorator' retrieved from /usr/local/lib/python3.10/dist-packages/airflow/example_dags/example_task_group_decorator.py
[2024-01-22T15:40:22.806+0200] {logging_mixin.py:188} INFO - [2024-01-22T15:40:22.806+0200] {dag.py:3036} INFO - Sync 1 DAGs
[2024-01-22T15:40:22.848+0200] {logging_mixin.py:188} INFO - [2024-01-22T15:40:22.848+0200] {dag.py:3823} INFO - Setting next_dagrun for example_task_group_decorator to 2024-01-21 00:00:00+00:00, run_after=2024-01-22 00:00:00+00:00
[2024-01-22T15:40:22.881+0200] {processor.py:183} INFO - Processing /usr/local/lib/python3.10/dist-packages/airflow/example_dags/example_task_group_decorator.py took 0.134 seconds
[2024-01-22T15:41:03.058+0200] {processor.py:161} INFO - Started process (PID=42317) to work on /usr/local/lib/python3.10/dist-packages/airflow/example_dags/example_task_group_decorator.py
[2024-01-22T15:41:03.061+0200] {processor.py:830} INFO - Processing file /usr/local/lib/python3.10/dist-packages/airflow/example_dags/example_task_group_decorator.py for tasks to queue
[2024-01-22T15:41:03.063+0200] {logging_mixin.py:188} INFO - [2024-01-22T15:41:03.062+0200] {dagbag.py:538} INFO - Filling up the DagBag from /usr/local/lib/python3.10/dist-packages/airflow/example_dags/example_task_group_decorator.py
[2024-01-22T15:41:03.084+0200] {processor.py:840} INFO - DAG(s) 'example_task_group_decorator' retrieved from /usr/local/lib/python3.10/dist-packages/airflow/example_dags/example_task_group_decorator.py
[2024-01-22T15:41:03.106+0200] {logging_mixin.py:188} INFO - [2024-01-22T15:41:03.106+0200] {dag.py:3036} INFO - Sync 1 DAGs
[2024-01-22T15:41:03.131+0200] {logging_mixin.py:188} INFO - [2024-01-22T15:41:03.130+0200] {dag.py:3823} INFO - Setting next_dagrun for example_task_group_decorator to 2024-01-21 00:00:00+00:00, run_after=2024-01-22 00:00:00+00:00
[2024-01-22T15:41:03.172+0200] {processor.py:183} INFO - Processing /usr/local/lib/python3.10/dist-packages/airflow/example_dags/example_task_group_decorator.py took 0.118 seconds
[2024-01-22T15:41:39.703+0200] {processor.py:161} INFO - Started process (PID=42355) to work on /usr/local/lib/python3.10/dist-packages/airflow/example_dags/example_task_group_decorator.py
[2024-01-22T15:41:39.705+0200] {processor.py:830} INFO - Processing file /usr/local/lib/python3.10/dist-packages/airflow/example_dags/example_task_group_decorator.py for tasks to queue
[2024-01-22T15:41:39.706+0200] {logging_mixin.py:188} INFO - [2024-01-22T15:41:39.706+0200] {dagbag.py:538} INFO - Filling up the DagBag from /usr/local/lib/python3.10/dist-packages/airflow/example_dags/example_task_group_decorator.py
[2024-01-22T15:41:39.723+0200] {processor.py:840} INFO - DAG(s) 'example_task_group_decorator' retrieved from /usr/local/lib/python3.10/dist-packages/airflow/example_dags/example_task_group_decorator.py
[2024-01-22T15:41:39.744+0200] {logging_mixin.py:188} INFO - [2024-01-22T15:41:39.743+0200] {dag.py:3036} INFO - Sync 1 DAGs
[2024-01-22T15:41:39.777+0200] {logging_mixin.py:188} INFO - [2024-01-22T15:41:39.777+0200] {dag.py:3823} INFO - Setting next_dagrun for example_task_group_decorator to 2024-01-21 00:00:00+00:00, run_after=2024-01-22 00:00:00+00:00
[2024-01-22T15:41:39.798+0200] {processor.py:183} INFO - Processing /usr/local/lib/python3.10/dist-packages/airflow/example_dags/example_task_group_decorator.py took 0.099 seconds
[2024-01-22T15:42:15.973+0200] {processor.py:161} INFO - Started process (PID=42393) to work on /usr/local/lib/python3.10/dist-packages/airflow/example_dags/example_task_group_decorator.py
[2024-01-22T15:42:15.976+0200] {processor.py:830} INFO - Processing file /usr/local/lib/python3.10/dist-packages/airflow/example_dags/example_task_group_decorator.py for tasks to queue
[2024-01-22T15:42:15.977+0200] {logging_mixin.py:188} INFO - [2024-01-22T15:42:15.976+0200] {dagbag.py:538} INFO - Filling up the DagBag from /usr/local/lib/python3.10/dist-packages/airflow/example_dags/example_task_group_decorator.py
[2024-01-22T15:42:15.994+0200] {processor.py:840} INFO - DAG(s) 'example_task_group_decorator' retrieved from /usr/local/lib/python3.10/dist-packages/airflow/example_dags/example_task_group_decorator.py
[2024-01-22T15:42:16.014+0200] {logging_mixin.py:188} INFO - [2024-01-22T15:42:16.014+0200] {dag.py:3036} INFO - Sync 1 DAGs
[2024-01-22T15:42:16.036+0200] {logging_mixin.py:188} INFO - [2024-01-22T15:42:16.036+0200] {dag.py:3823} INFO - Setting next_dagrun for example_task_group_decorator to 2024-01-21 00:00:00+00:00, run_after=2024-01-22 00:00:00+00:00
[2024-01-22T15:42:16.063+0200] {processor.py:183} INFO - Processing /usr/local/lib/python3.10/dist-packages/airflow/example_dags/example_task_group_decorator.py took 0.095 seconds
[2024-01-22T15:42:55.667+0200] {processor.py:161} INFO - Started process (PID=42440) to work on /usr/local/lib/python3.10/dist-packages/airflow/example_dags/example_task_group_decorator.py
[2024-01-22T15:42:55.670+0200] {processor.py:830} INFO - Processing file /usr/local/lib/python3.10/dist-packages/airflow/example_dags/example_task_group_decorator.py for tasks to queue
[2024-01-22T15:42:55.672+0200] {logging_mixin.py:188} INFO - [2024-01-22T15:42:55.671+0200] {dagbag.py:538} INFO - Filling up the DagBag from /usr/local/lib/python3.10/dist-packages/airflow/example_dags/example_task_group_decorator.py
[2024-01-22T15:42:55.697+0200] {processor.py:840} INFO - DAG(s) 'example_task_group_decorator' retrieved from /usr/local/lib/python3.10/dist-packages/airflow/example_dags/example_task_group_decorator.py
[2024-01-22T15:42:55.720+0200] {logging_mixin.py:188} INFO - [2024-01-22T15:42:55.719+0200] {dag.py:3036} INFO - Sync 1 DAGs
[2024-01-22T15:42:55.741+0200] {logging_mixin.py:188} INFO - [2024-01-22T15:42:55.741+0200] {dag.py:3823} INFO - Setting next_dagrun for example_task_group_decorator to 2024-01-21 00:00:00+00:00, run_after=2024-01-22 00:00:00+00:00
[2024-01-22T15:42:55.766+0200] {processor.py:183} INFO - Processing /usr/local/lib/python3.10/dist-packages/airflow/example_dags/example_task_group_decorator.py took 0.104 seconds
[2024-01-22T15:43:33.034+0200] {processor.py:161} INFO - Started process (PID=42479) to work on /usr/local/lib/python3.10/dist-packages/airflow/example_dags/example_task_group_decorator.py
[2024-01-22T15:43:33.036+0200] {processor.py:830} INFO - Processing file /usr/local/lib/python3.10/dist-packages/airflow/example_dags/example_task_group_decorator.py for tasks to queue
[2024-01-22T15:43:33.038+0200] {logging_mixin.py:188} INFO - [2024-01-22T15:43:33.037+0200] {dagbag.py:538} INFO - Filling up the DagBag from /usr/local/lib/python3.10/dist-packages/airflow/example_dags/example_task_group_decorator.py
[2024-01-22T15:43:33.055+0200] {processor.py:840} INFO - DAG(s) 'example_task_group_decorator' retrieved from /usr/local/lib/python3.10/dist-packages/airflow/example_dags/example_task_group_decorator.py
[2024-01-22T15:43:33.076+0200] {logging_mixin.py:188} INFO - [2024-01-22T15:43:33.076+0200] {dag.py:3036} INFO - Sync 1 DAGs
[2024-01-22T15:43:33.095+0200] {logging_mixin.py:188} INFO - [2024-01-22T15:43:33.095+0200] {dag.py:3823} INFO - Setting next_dagrun for example_task_group_decorator to 2024-01-21 00:00:00+00:00, run_after=2024-01-22 00:00:00+00:00
[2024-01-22T15:43:33.128+0200] {processor.py:183} INFO - Processing /usr/local/lib/python3.10/dist-packages/airflow/example_dags/example_task_group_decorator.py took 0.098 seconds
[2024-01-22T15:44:05.723+0200] {processor.py:161} INFO - Started process (PID=42512) to work on /usr/local/lib/python3.10/dist-packages/airflow/example_dags/example_task_group_decorator.py
[2024-01-22T15:44:05.725+0200] {processor.py:830} INFO - Processing file /usr/local/lib/python3.10/dist-packages/airflow/example_dags/example_task_group_decorator.py for tasks to queue
[2024-01-22T15:44:05.726+0200] {logging_mixin.py:188} INFO - [2024-01-22T15:44:05.725+0200] {dagbag.py:538} INFO - Filling up the DagBag from /usr/local/lib/python3.10/dist-packages/airflow/example_dags/example_task_group_decorator.py
[2024-01-22T15:44:05.744+0200] {processor.py:840} INFO - DAG(s) 'example_task_group_decorator' retrieved from /usr/local/lib/python3.10/dist-packages/airflow/example_dags/example_task_group_decorator.py
[2024-01-22T15:44:05.767+0200] {logging_mixin.py:188} INFO - [2024-01-22T15:44:05.766+0200] {dag.py:3036} INFO - Sync 1 DAGs
[2024-01-22T15:44:05.790+0200] {logging_mixin.py:188} INFO - [2024-01-22T15:44:05.790+0200] {dag.py:3823} INFO - Setting next_dagrun for example_task_group_decorator to 2024-01-21 00:00:00+00:00, run_after=2024-01-22 00:00:00+00:00
[2024-01-22T15:44:05.819+0200] {processor.py:183} INFO - Processing /usr/local/lib/python3.10/dist-packages/airflow/example_dags/example_task_group_decorator.py took 0.100 seconds
[2024-01-22T15:44:39.116+0200] {processor.py:161} INFO - Started process (PID=42548) to work on /usr/local/lib/python3.10/dist-packages/airflow/example_dags/example_task_group_decorator.py
[2024-01-22T15:44:39.119+0200] {processor.py:830} INFO - Processing file /usr/local/lib/python3.10/dist-packages/airflow/example_dags/example_task_group_decorator.py for tasks to queue
[2024-01-22T15:44:39.120+0200] {logging_mixin.py:188} INFO - [2024-01-22T15:44:39.119+0200] {dagbag.py:538} INFO - Filling up the DagBag from /usr/local/lib/python3.10/dist-packages/airflow/example_dags/example_task_group_decorator.py
[2024-01-22T15:44:39.142+0200] {processor.py:840} INFO - DAG(s) 'example_task_group_decorator' retrieved from /usr/local/lib/python3.10/dist-packages/airflow/example_dags/example_task_group_decorator.py
[2024-01-22T15:44:39.165+0200] {logging_mixin.py:188} INFO - [2024-01-22T15:44:39.164+0200] {dag.py:3036} INFO - Sync 1 DAGs
[2024-01-22T15:44:39.187+0200] {logging_mixin.py:188} INFO - [2024-01-22T15:44:39.187+0200] {dag.py:3823} INFO - Setting next_dagrun for example_task_group_decorator to 2024-01-21 00:00:00+00:00, run_after=2024-01-22 00:00:00+00:00
[2024-01-22T15:44:39.216+0200] {processor.py:183} INFO - Processing /usr/local/lib/python3.10/dist-packages/airflow/example_dags/example_task_group_decorator.py took 0.105 seconds
[2024-01-22T15:45:11.457+0200] {processor.py:161} INFO - Started process (PID=42609) to work on /usr/local/lib/python3.10/dist-packages/airflow/example_dags/example_task_group_decorator.py
[2024-01-22T15:45:11.458+0200] {processor.py:830} INFO - Processing file /usr/local/lib/python3.10/dist-packages/airflow/example_dags/example_task_group_decorator.py for tasks to queue
[2024-01-22T15:45:11.459+0200] {logging_mixin.py:188} INFO - [2024-01-22T15:45:11.459+0200] {dagbag.py:538} INFO - Filling up the DagBag from /usr/local/lib/python3.10/dist-packages/airflow/example_dags/example_task_group_decorator.py
[2024-01-22T15:45:11.470+0200] {processor.py:840} INFO - DAG(s) 'example_task_group_decorator' retrieved from /usr/local/lib/python3.10/dist-packages/airflow/example_dags/example_task_group_decorator.py
[2024-01-22T15:45:11.484+0200] {logging_mixin.py:188} INFO - [2024-01-22T15:45:11.484+0200] {dag.py:3036} INFO - Sync 1 DAGs
[2024-01-22T15:45:11.497+0200] {logging_mixin.py:188} INFO - [2024-01-22T15:45:11.497+0200] {dag.py:3823} INFO - Setting next_dagrun for example_task_group_decorator to 2024-01-21 00:00:00+00:00, run_after=2024-01-22 00:00:00+00:00
[2024-01-22T15:45:11.516+0200] {processor.py:183} INFO - Processing /usr/local/lib/python3.10/dist-packages/airflow/example_dags/example_task_group_decorator.py took 0.062 seconds
[2024-01-22T15:45:46.038+0200] {processor.py:161} INFO - Started process (PID=42672) to work on /usr/local/lib/python3.10/dist-packages/airflow/example_dags/example_task_group_decorator.py
[2024-01-22T15:45:46.040+0200] {processor.py:830} INFO - Processing file /usr/local/lib/python3.10/dist-packages/airflow/example_dags/example_task_group_decorator.py for tasks to queue
[2024-01-22T15:45:46.041+0200] {logging_mixin.py:188} INFO - [2024-01-22T15:45:46.040+0200] {dagbag.py:538} INFO - Filling up the DagBag from /usr/local/lib/python3.10/dist-packages/airflow/example_dags/example_task_group_decorator.py
[2024-01-22T15:45:46.093+0200] {processor.py:840} INFO - DAG(s) 'example_task_group_decorator' retrieved from /usr/local/lib/python3.10/dist-packages/airflow/example_dags/example_task_group_decorator.py
[2024-01-22T15:45:46.188+0200] {logging_mixin.py:188} INFO - [2024-01-22T15:45:46.187+0200] {dag.py:3036} INFO - Sync 1 DAGs
[2024-01-22T15:45:46.297+0200] {logging_mixin.py:188} INFO - [2024-01-22T15:45:46.297+0200] {dag.py:3823} INFO - Setting next_dagrun for example_task_group_decorator to 2024-01-21 00:00:00+00:00, run_after=2024-01-22 00:00:00+00:00
[2024-01-22T15:45:46.446+0200] {processor.py:183} INFO - Processing /usr/local/lib/python3.10/dist-packages/airflow/example_dags/example_task_group_decorator.py took 0.410 seconds
[2024-01-22T15:46:35.110+0200] {processor.py:161} INFO - Started process (PID=42838) to work on /usr/local/lib/python3.10/dist-packages/airflow/example_dags/example_task_group_decorator.py
[2024-01-22T15:46:35.113+0200] {processor.py:830} INFO - Processing file /usr/local/lib/python3.10/dist-packages/airflow/example_dags/example_task_group_decorator.py for tasks to queue
[2024-01-22T15:46:35.114+0200] {logging_mixin.py:188} INFO - [2024-01-22T15:46:35.113+0200] {dagbag.py:538} INFO - Filling up the DagBag from /usr/local/lib/python3.10/dist-packages/airflow/example_dags/example_task_group_decorator.py
[2024-01-22T15:46:35.174+0200] {processor.py:840} INFO - DAG(s) 'example_task_group_decorator' retrieved from /usr/local/lib/python3.10/dist-packages/airflow/example_dags/example_task_group_decorator.py
[2024-01-22T15:46:35.226+0200] {logging_mixin.py:188} INFO - [2024-01-22T15:46:35.226+0200] {dag.py:3036} INFO - Sync 1 DAGs
[2024-01-22T15:46:35.257+0200] {logging_mixin.py:188} INFO - [2024-01-22T15:46:35.257+0200] {dag.py:3823} INFO - Setting next_dagrun for example_task_group_decorator to 2024-01-21 00:00:00+00:00, run_after=2024-01-22 00:00:00+00:00
[2024-01-22T15:46:35.279+0200] {processor.py:183} INFO - Processing /usr/local/lib/python3.10/dist-packages/airflow/example_dags/example_task_group_decorator.py took 0.174 seconds
[2024-01-22T15:47:29.717+0200] {processor.py:161} INFO - Started process (PID=43677) to work on /usr/local/lib/python3.10/dist-packages/airflow/example_dags/example_task_group_decorator.py
[2024-01-22T15:47:29.720+0200] {processor.py:830} INFO - Processing file /usr/local/lib/python3.10/dist-packages/airflow/example_dags/example_task_group_decorator.py for tasks to queue
[2024-01-22T15:47:29.720+0200] {logging_mixin.py:188} INFO - [2024-01-22T15:47:29.720+0200] {dagbag.py:538} INFO - Filling up the DagBag from /usr/local/lib/python3.10/dist-packages/airflow/example_dags/example_task_group_decorator.py
[2024-01-22T15:47:29.740+0200] {processor.py:840} INFO - DAG(s) 'example_task_group_decorator' retrieved from /usr/local/lib/python3.10/dist-packages/airflow/example_dags/example_task_group_decorator.py
[2024-01-22T15:47:29.756+0200] {logging_mixin.py:188} INFO - [2024-01-22T15:47:29.756+0200] {dag.py:3036} INFO - Sync 1 DAGs
[2024-01-22T15:47:29.770+0200] {logging_mixin.py:188} INFO - [2024-01-22T15:47:29.769+0200] {dag.py:3823} INFO - Setting next_dagrun for example_task_group_decorator to 2024-01-21 00:00:00+00:00, run_after=2024-01-22 00:00:00+00:00
[2024-01-22T15:47:29.786+0200] {processor.py:183} INFO - Processing /usr/local/lib/python3.10/dist-packages/airflow/example_dags/example_task_group_decorator.py took 0.071 seconds
[2024-01-22T15:48:12.119+0200] {processor.py:161} INFO - Started process (PID=43795) to work on /usr/local/lib/python3.10/dist-packages/airflow/example_dags/example_task_group_decorator.py
[2024-01-22T15:48:12.124+0200] {processor.py:830} INFO - Processing file /usr/local/lib/python3.10/dist-packages/airflow/example_dags/example_task_group_decorator.py for tasks to queue
[2024-01-22T15:48:12.128+0200] {logging_mixin.py:188} INFO - [2024-01-22T15:48:12.127+0200] {dagbag.py:538} INFO - Filling up the DagBag from /usr/local/lib/python3.10/dist-packages/airflow/example_dags/example_task_group_decorator.py
[2024-01-22T15:48:12.168+0200] {processor.py:840} INFO - DAG(s) 'example_task_group_decorator' retrieved from /usr/local/lib/python3.10/dist-packages/airflow/example_dags/example_task_group_decorator.py
[2024-01-22T15:48:12.206+0200] {logging_mixin.py:188} INFO - [2024-01-22T15:48:12.206+0200] {dag.py:3036} INFO - Sync 1 DAGs
[2024-01-22T15:48:12.245+0200] {logging_mixin.py:188} INFO - [2024-01-22T15:48:12.245+0200] {dag.py:3823} INFO - Setting next_dagrun for example_task_group_decorator to 2024-01-21 00:00:00+00:00, run_after=2024-01-22 00:00:00+00:00
[2024-01-22T15:48:12.288+0200] {processor.py:183} INFO - Processing /usr/local/lib/python3.10/dist-packages/airflow/example_dags/example_task_group_decorator.py took 0.174 seconds
