[2024-01-22T15:30:56.363+0200] {processor.py:161} INFO - Started process (PID=40648) to work on /usr/local/lib/python3.10/dist-packages/airflow/example_dags/example_local_kubernetes_executor.py
[2024-01-22T15:30:56.377+0200] {processor.py:830} INFO - Processing file /usr/local/lib/python3.10/dist-packages/airflow/example_dags/example_local_kubernetes_executor.py for tasks to queue
[2024-01-22T15:30:56.389+0200] {logging_mixin.py:188} INFO - [2024-01-22T15:30:56.381+0200] {dagbag.py:538} INFO - Filling up the DagBag from /usr/local/lib/python3.10/dist-packages/airflow/example_dags/example_local_kubernetes_executor.py
[2024-01-22T15:30:56.429+0200] {logging_mixin.py:188} INFO - [2024-01-22T15:30:56.417+0200] {example_local_kubernetes_executor.py:39} WARNING - Could not import DAGs in example_local_kubernetes_executor.py
Traceback (most recent call last):
  File "/usr/local/lib/python3.10/dist-packages/airflow/example_dags/example_local_kubernetes_executor.py", line 37, in <module>
    from kubernetes.client import models as k8s
ModuleNotFoundError: No module named 'kubernetes'
[2024-01-22T15:30:56.429+0200] {logging_mixin.py:188} INFO - [2024-01-22T15:30:56.429+0200] {example_local_kubernetes_executor.py:40} WARNING - Install Kubernetes dependencies with: pip install apache-airflow[cncf.kubernetes]
[2024-01-22T15:30:56.429+0200] {processor.py:842} WARNING - No viable dags retrieved from /usr/local/lib/python3.10/dist-packages/airflow/example_dags/example_local_kubernetes_executor.py
[2024-01-22T15:30:56.520+0200] {processor.py:183} INFO - Processing /usr/local/lib/python3.10/dist-packages/airflow/example_dags/example_local_kubernetes_executor.py took 0.172 seconds
[2024-01-22T15:32:11.779+0200] {processor.py:161} INFO - Started process (PID=41108) to work on /usr/local/lib/python3.10/dist-packages/airflow/example_dags/example_local_kubernetes_executor.py
[2024-01-22T15:32:11.782+0200] {processor.py:830} INFO - Processing file /usr/local/lib/python3.10/dist-packages/airflow/example_dags/example_local_kubernetes_executor.py for tasks to queue
[2024-01-22T15:32:11.786+0200] {logging_mixin.py:188} INFO - [2024-01-22T15:32:11.784+0200] {dagbag.py:538} INFO - Filling up the DagBag from /usr/local/lib/python3.10/dist-packages/airflow/example_dags/example_local_kubernetes_executor.py
[2024-01-22T15:32:11.824+0200] {logging_mixin.py:188} INFO - [2024-01-22T15:32:11.809+0200] {example_local_kubernetes_executor.py:39} WARNING - Could not import DAGs in example_local_kubernetes_executor.py
Traceback (most recent call last):
  File "/usr/local/lib/python3.10/dist-packages/airflow/example_dags/example_local_kubernetes_executor.py", line 37, in <module>
    from kubernetes.client import models as k8s
ModuleNotFoundError: No module named 'kubernetes'
[2024-01-22T15:32:11.829+0200] {logging_mixin.py:188} INFO - [2024-01-22T15:32:11.829+0200] {example_local_kubernetes_executor.py:40} WARNING - Install Kubernetes dependencies with: pip install apache-airflow[cncf.kubernetes]
[2024-01-22T15:32:11.829+0200] {processor.py:842} WARNING - No viable dags retrieved from /usr/local/lib/python3.10/dist-packages/airflow/example_dags/example_local_kubernetes_executor.py
[2024-01-22T15:32:11.869+0200] {processor.py:183} INFO - Processing /usr/local/lib/python3.10/dist-packages/airflow/example_dags/example_local_kubernetes_executor.py took 0.097 seconds
[2024-01-22T15:33:06.654+0200] {processor.py:161} INFO - Started process (PID=41323) to work on /usr/local/lib/python3.10/dist-packages/airflow/example_dags/example_local_kubernetes_executor.py
[2024-01-22T15:33:06.680+0200] {processor.py:830} INFO - Processing file /usr/local/lib/python3.10/dist-packages/airflow/example_dags/example_local_kubernetes_executor.py for tasks to queue
[2024-01-22T15:33:06.681+0200] {logging_mixin.py:188} INFO - [2024-01-22T15:33:06.681+0200] {dagbag.py:538} INFO - Filling up the DagBag from /usr/local/lib/python3.10/dist-packages/airflow/example_dags/example_local_kubernetes_executor.py
[2024-01-22T15:33:06.708+0200] {logging_mixin.py:188} INFO - [2024-01-22T15:33:06.706+0200] {example_local_kubernetes_executor.py:39} WARNING - Could not import DAGs in example_local_kubernetes_executor.py
Traceback (most recent call last):
  File "/usr/local/lib/python3.10/dist-packages/airflow/example_dags/example_local_kubernetes_executor.py", line 37, in <module>
    from kubernetes.client import models as k8s
ModuleNotFoundError: No module named 'kubernetes'
[2024-01-22T15:33:06.709+0200] {logging_mixin.py:188} INFO - [2024-01-22T15:33:06.709+0200] {example_local_kubernetes_executor.py:40} WARNING - Install Kubernetes dependencies with: pip install apache-airflow[cncf.kubernetes]
[2024-01-22T15:33:06.709+0200] {processor.py:842} WARNING - No viable dags retrieved from /usr/local/lib/python3.10/dist-packages/airflow/example_dags/example_local_kubernetes_executor.py
[2024-01-22T15:33:06.750+0200] {processor.py:183} INFO - Processing /usr/local/lib/python3.10/dist-packages/airflow/example_dags/example_local_kubernetes_executor.py took 0.099 seconds
[2024-01-22T15:34:06.046+0200] {processor.py:161} INFO - Started process (PID=41588) to work on /usr/local/lib/python3.10/dist-packages/airflow/example_dags/example_local_kubernetes_executor.py
[2024-01-22T15:34:06.065+0200] {processor.py:830} INFO - Processing file /usr/local/lib/python3.10/dist-packages/airflow/example_dags/example_local_kubernetes_executor.py for tasks to queue
[2024-01-22T15:34:06.066+0200] {logging_mixin.py:188} INFO - [2024-01-22T15:34:06.066+0200] {dagbag.py:538} INFO - Filling up the DagBag from /usr/local/lib/python3.10/dist-packages/airflow/example_dags/example_local_kubernetes_executor.py
[2024-01-22T15:34:06.080+0200] {logging_mixin.py:188} INFO - [2024-01-22T15:34:06.079+0200] {example_local_kubernetes_executor.py:39} WARNING - Could not import DAGs in example_local_kubernetes_executor.py
Traceback (most recent call last):
  File "/usr/local/lib/python3.10/dist-packages/airflow/example_dags/example_local_kubernetes_executor.py", line 37, in <module>
    from kubernetes.client import models as k8s
ModuleNotFoundError: No module named 'kubernetes'
[2024-01-22T15:34:06.080+0200] {logging_mixin.py:188} INFO - [2024-01-22T15:34:06.080+0200] {example_local_kubernetes_executor.py:40} WARNING - Install Kubernetes dependencies with: pip install apache-airflow[cncf.kubernetes]
[2024-01-22T15:34:06.080+0200] {processor.py:842} WARNING - No viable dags retrieved from /usr/local/lib/python3.10/dist-packages/airflow/example_dags/example_local_kubernetes_executor.py
[2024-01-22T15:34:06.091+0200] {processor.py:183} INFO - Processing /usr/local/lib/python3.10/dist-packages/airflow/example_dags/example_local_kubernetes_executor.py took 0.047 seconds
[2024-01-22T15:34:57.641+0200] {processor.py:161} INFO - Started process (PID=41658) to work on /usr/local/lib/python3.10/dist-packages/airflow/example_dags/example_local_kubernetes_executor.py
[2024-01-22T15:34:57.642+0200] {processor.py:830} INFO - Processing file /usr/local/lib/python3.10/dist-packages/airflow/example_dags/example_local_kubernetes_executor.py for tasks to queue
[2024-01-22T15:34:57.643+0200] {logging_mixin.py:188} INFO - [2024-01-22T15:34:57.643+0200] {dagbag.py:538} INFO - Filling up the DagBag from /usr/local/lib/python3.10/dist-packages/airflow/example_dags/example_local_kubernetes_executor.py
[2024-01-22T15:34:57.649+0200] {logging_mixin.py:188} INFO - [2024-01-22T15:34:57.648+0200] {example_local_kubernetes_executor.py:39} WARNING - Could not import DAGs in example_local_kubernetes_executor.py
Traceback (most recent call last):
  File "/usr/local/lib/python3.10/dist-packages/airflow/example_dags/example_local_kubernetes_executor.py", line 37, in <module>
    from kubernetes.client import models as k8s
ModuleNotFoundError: No module named 'kubernetes'
[2024-01-22T15:34:57.649+0200] {logging_mixin.py:188} INFO - [2024-01-22T15:34:57.649+0200] {example_local_kubernetes_executor.py:40} WARNING - Install Kubernetes dependencies with: pip install apache-airflow[cncf.kubernetes]
[2024-01-22T15:34:57.649+0200] {processor.py:842} WARNING - No viable dags retrieved from /usr/local/lib/python3.10/dist-packages/airflow/example_dags/example_local_kubernetes_executor.py
[2024-01-22T15:34:57.670+0200] {processor.py:183} INFO - Processing /usr/local/lib/python3.10/dist-packages/airflow/example_dags/example_local_kubernetes_executor.py took 0.045 seconds
[2024-01-22T15:36:09.233+0200] {processor.py:161} INFO - Started process (PID=41908) to work on /usr/local/lib/python3.10/dist-packages/airflow/example_dags/example_local_kubernetes_executor.py
[2024-01-22T15:36:09.236+0200] {processor.py:830} INFO - Processing file /usr/local/lib/python3.10/dist-packages/airflow/example_dags/example_local_kubernetes_executor.py for tasks to queue
[2024-01-22T15:36:09.237+0200] {logging_mixin.py:188} INFO - [2024-01-22T15:36:09.237+0200] {dagbag.py:538} INFO - Filling up the DagBag from /usr/local/lib/python3.10/dist-packages/airflow/example_dags/example_local_kubernetes_executor.py
[2024-01-22T15:36:09.274+0200] {logging_mixin.py:188} INFO - [2024-01-22T15:36:09.273+0200] {example_local_kubernetes_executor.py:39} WARNING - Could not import DAGs in example_local_kubernetes_executor.py
Traceback (most recent call last):
  File "/usr/local/lib/python3.10/dist-packages/airflow/example_dags/example_local_kubernetes_executor.py", line 37, in <module>
    from kubernetes.client import models as k8s
ModuleNotFoundError: No module named 'kubernetes'
[2024-01-22T15:36:09.274+0200] {logging_mixin.py:188} INFO - [2024-01-22T15:36:09.274+0200] {example_local_kubernetes_executor.py:40} WARNING - Install Kubernetes dependencies with: pip install apache-airflow[cncf.kubernetes]
[2024-01-22T15:36:09.274+0200] {processor.py:842} WARNING - No viable dags retrieved from /usr/local/lib/python3.10/dist-packages/airflow/example_dags/example_local_kubernetes_executor.py
[2024-01-22T15:36:09.294+0200] {processor.py:183} INFO - Processing /usr/local/lib/python3.10/dist-packages/airflow/example_dags/example_local_kubernetes_executor.py took 0.063 seconds
[2024-01-22T15:37:16.864+0200] {processor.py:161} INFO - Started process (PID=42046) to work on /usr/local/lib/python3.10/dist-packages/airflow/example_dags/example_local_kubernetes_executor.py
[2024-01-22T15:37:16.865+0200] {processor.py:830} INFO - Processing file /usr/local/lib/python3.10/dist-packages/airflow/example_dags/example_local_kubernetes_executor.py for tasks to queue
[2024-01-22T15:37:16.867+0200] {logging_mixin.py:188} INFO - [2024-01-22T15:37:16.866+0200] {dagbag.py:538} INFO - Filling up the DagBag from /usr/local/lib/python3.10/dist-packages/airflow/example_dags/example_local_kubernetes_executor.py
[2024-01-22T15:37:16.870+0200] {logging_mixin.py:188} INFO - [2024-01-22T15:37:16.870+0200] {example_local_kubernetes_executor.py:39} WARNING - Could not import DAGs in example_local_kubernetes_executor.py
Traceback (most recent call last):
  File "/usr/local/lib/python3.10/dist-packages/airflow/example_dags/example_local_kubernetes_executor.py", line 37, in <module>
    from kubernetes.client import models as k8s
ModuleNotFoundError: No module named 'kubernetes'
[2024-01-22T15:37:16.870+0200] {logging_mixin.py:188} INFO - [2024-01-22T15:37:16.870+0200] {example_local_kubernetes_executor.py:40} WARNING - Install Kubernetes dependencies with: pip install apache-airflow[cncf.kubernetes]
[2024-01-22T15:37:16.870+0200] {processor.py:842} WARNING - No viable dags retrieved from /usr/local/lib/python3.10/dist-packages/airflow/example_dags/example_local_kubernetes_executor.py
[2024-01-22T15:37:16.894+0200] {processor.py:183} INFO - Processing /usr/local/lib/python3.10/dist-packages/airflow/example_dags/example_local_kubernetes_executor.py took 0.033 seconds
[2024-01-22T15:38:19.150+0200] {processor.py:161} INFO - Started process (PID=42119) to work on /usr/local/lib/python3.10/dist-packages/airflow/example_dags/example_local_kubernetes_executor.py
[2024-01-22T15:38:19.152+0200] {processor.py:830} INFO - Processing file /usr/local/lib/python3.10/dist-packages/airflow/example_dags/example_local_kubernetes_executor.py for tasks to queue
[2024-01-22T15:38:19.153+0200] {logging_mixin.py:188} INFO - [2024-01-22T15:38:19.152+0200] {dagbag.py:538} INFO - Filling up the DagBag from /usr/local/lib/python3.10/dist-packages/airflow/example_dags/example_local_kubernetes_executor.py
[2024-01-22T15:38:19.155+0200] {logging_mixin.py:188} INFO - [2024-01-22T15:38:19.155+0200] {example_local_kubernetes_executor.py:39} WARNING - Could not import DAGs in example_local_kubernetes_executor.py
Traceback (most recent call last):
  File "/usr/local/lib/python3.10/dist-packages/airflow/example_dags/example_local_kubernetes_executor.py", line 37, in <module>
    from kubernetes.client import models as k8s
ModuleNotFoundError: No module named 'kubernetes'
[2024-01-22T15:38:19.155+0200] {logging_mixin.py:188} INFO - [2024-01-22T15:38:19.155+0200] {example_local_kubernetes_executor.py:40} WARNING - Install Kubernetes dependencies with: pip install apache-airflow[cncf.kubernetes]
[2024-01-22T15:38:19.156+0200] {processor.py:842} WARNING - No viable dags retrieved from /usr/local/lib/python3.10/dist-packages/airflow/example_dags/example_local_kubernetes_executor.py
[2024-01-22T15:38:19.164+0200] {processor.py:183} INFO - Processing /usr/local/lib/python3.10/dist-packages/airflow/example_dags/example_local_kubernetes_executor.py took 0.017 seconds
[2024-01-22T15:39:12.795+0200] {processor.py:161} INFO - Started process (PID=42173) to work on /usr/local/lib/python3.10/dist-packages/airflow/example_dags/example_local_kubernetes_executor.py
[2024-01-22T15:39:12.797+0200] {processor.py:830} INFO - Processing file /usr/local/lib/python3.10/dist-packages/airflow/example_dags/example_local_kubernetes_executor.py for tasks to queue
[2024-01-22T15:39:12.799+0200] {logging_mixin.py:188} INFO - [2024-01-22T15:39:12.798+0200] {dagbag.py:538} INFO - Filling up the DagBag from /usr/local/lib/python3.10/dist-packages/airflow/example_dags/example_local_kubernetes_executor.py
[2024-01-22T15:39:12.803+0200] {logging_mixin.py:188} INFO - [2024-01-22T15:39:12.802+0200] {example_local_kubernetes_executor.py:39} WARNING - Could not import DAGs in example_local_kubernetes_executor.py
Traceback (most recent call last):
  File "/usr/local/lib/python3.10/dist-packages/airflow/example_dags/example_local_kubernetes_executor.py", line 37, in <module>
    from kubernetes.client import models as k8s
ModuleNotFoundError: No module named 'kubernetes'
[2024-01-22T15:39:12.803+0200] {logging_mixin.py:188} INFO - [2024-01-22T15:39:12.803+0200] {example_local_kubernetes_executor.py:40} WARNING - Install Kubernetes dependencies with: pip install apache-airflow[cncf.kubernetes]
[2024-01-22T15:39:12.803+0200] {processor.py:842} WARNING - No viable dags retrieved from /usr/local/lib/python3.10/dist-packages/airflow/example_dags/example_local_kubernetes_executor.py
[2024-01-22T15:39:12.815+0200] {processor.py:183} INFO - Processing /usr/local/lib/python3.10/dist-packages/airflow/example_dags/example_local_kubernetes_executor.py took 0.023 seconds
[2024-01-22T15:40:14.297+0200] {processor.py:161} INFO - Started process (PID=42269) to work on /usr/local/lib/python3.10/dist-packages/airflow/example_dags/example_local_kubernetes_executor.py
[2024-01-22T15:40:14.300+0200] {processor.py:830} INFO - Processing file /usr/local/lib/python3.10/dist-packages/airflow/example_dags/example_local_kubernetes_executor.py for tasks to queue
[2024-01-22T15:40:14.301+0200] {logging_mixin.py:188} INFO - [2024-01-22T15:40:14.300+0200] {dagbag.py:538} INFO - Filling up the DagBag from /usr/local/lib/python3.10/dist-packages/airflow/example_dags/example_local_kubernetes_executor.py
[2024-01-22T15:40:14.333+0200] {logging_mixin.py:188} INFO - [2024-01-22T15:40:14.331+0200] {example_local_kubernetes_executor.py:39} WARNING - Could not import DAGs in example_local_kubernetes_executor.py
Traceback (most recent call last):
  File "/usr/local/lib/python3.10/dist-packages/airflow/example_dags/example_local_kubernetes_executor.py", line 37, in <module>
    from kubernetes.client import models as k8s
ModuleNotFoundError: No module named 'kubernetes'
[2024-01-22T15:40:14.334+0200] {logging_mixin.py:188} INFO - [2024-01-22T15:40:14.333+0200] {example_local_kubernetes_executor.py:40} WARNING - Install Kubernetes dependencies with: pip install apache-airflow[cncf.kubernetes]
[2024-01-22T15:40:14.334+0200] {processor.py:842} WARNING - No viable dags retrieved from /usr/local/lib/python3.10/dist-packages/airflow/example_dags/example_local_kubernetes_executor.py
[2024-01-22T15:40:14.345+0200] {processor.py:183} INFO - Processing /usr/local/lib/python3.10/dist-packages/airflow/example_dags/example_local_kubernetes_executor.py took 0.052 seconds
[2024-01-22T15:41:13.959+0200] {processor.py:161} INFO - Started process (PID=42329) to work on /usr/local/lib/python3.10/dist-packages/airflow/example_dags/example_local_kubernetes_executor.py
[2024-01-22T15:41:13.963+0200] {processor.py:830} INFO - Processing file /usr/local/lib/python3.10/dist-packages/airflow/example_dags/example_local_kubernetes_executor.py for tasks to queue
[2024-01-22T15:41:13.964+0200] {logging_mixin.py:188} INFO - [2024-01-22T15:41:13.964+0200] {dagbag.py:538} INFO - Filling up the DagBag from /usr/local/lib/python3.10/dist-packages/airflow/example_dags/example_local_kubernetes_executor.py
[2024-01-22T15:41:13.969+0200] {logging_mixin.py:188} INFO - [2024-01-22T15:41:13.968+0200] {example_local_kubernetes_executor.py:39} WARNING - Could not import DAGs in example_local_kubernetes_executor.py
Traceback (most recent call last):
  File "/usr/local/lib/python3.10/dist-packages/airflow/example_dags/example_local_kubernetes_executor.py", line 37, in <module>
    from kubernetes.client import models as k8s
ModuleNotFoundError: No module named 'kubernetes'
[2024-01-22T15:41:13.969+0200] {logging_mixin.py:188} INFO - [2024-01-22T15:41:13.969+0200] {example_local_kubernetes_executor.py:40} WARNING - Install Kubernetes dependencies with: pip install apache-airflow[cncf.kubernetes]
[2024-01-22T15:41:13.969+0200] {processor.py:842} WARNING - No viable dags retrieved from /usr/local/lib/python3.10/dist-packages/airflow/example_dags/example_local_kubernetes_executor.py
[2024-01-22T15:41:13.983+0200] {processor.py:183} INFO - Processing /usr/local/lib/python3.10/dist-packages/airflow/example_dags/example_local_kubernetes_executor.py took 0.028 seconds
[2024-01-22T15:42:09.285+0200] {processor.py:161} INFO - Started process (PID=42384) to work on /usr/local/lib/python3.10/dist-packages/airflow/example_dags/example_local_kubernetes_executor.py
[2024-01-22T15:42:09.289+0200] {processor.py:830} INFO - Processing file /usr/local/lib/python3.10/dist-packages/airflow/example_dags/example_local_kubernetes_executor.py for tasks to queue
[2024-01-22T15:42:09.290+0200] {logging_mixin.py:188} INFO - [2024-01-22T15:42:09.289+0200] {dagbag.py:538} INFO - Filling up the DagBag from /usr/local/lib/python3.10/dist-packages/airflow/example_dags/example_local_kubernetes_executor.py
[2024-01-22T15:42:09.294+0200] {logging_mixin.py:188} INFO - [2024-01-22T15:42:09.294+0200] {example_local_kubernetes_executor.py:39} WARNING - Could not import DAGs in example_local_kubernetes_executor.py
Traceback (most recent call last):
  File "/usr/local/lib/python3.10/dist-packages/airflow/example_dags/example_local_kubernetes_executor.py", line 37, in <module>
    from kubernetes.client import models as k8s
ModuleNotFoundError: No module named 'kubernetes'
[2024-01-22T15:42:09.294+0200] {logging_mixin.py:188} INFO - [2024-01-22T15:42:09.294+0200] {example_local_kubernetes_executor.py:40} WARNING - Install Kubernetes dependencies with: pip install apache-airflow[cncf.kubernetes]
[2024-01-22T15:42:09.295+0200] {processor.py:842} WARNING - No viable dags retrieved from /usr/local/lib/python3.10/dist-packages/airflow/example_dags/example_local_kubernetes_executor.py
[2024-01-22T15:42:09.307+0200] {processor.py:183} INFO - Processing /usr/local/lib/python3.10/dist-packages/airflow/example_dags/example_local_kubernetes_executor.py took 0.026 seconds
[2024-01-22T15:43:07.490+0200] {processor.py:161} INFO - Started process (PID=42453) to work on /usr/local/lib/python3.10/dist-packages/airflow/example_dags/example_local_kubernetes_executor.py
[2024-01-22T15:43:07.493+0200] {processor.py:830} INFO - Processing file /usr/local/lib/python3.10/dist-packages/airflow/example_dags/example_local_kubernetes_executor.py for tasks to queue
[2024-01-22T15:43:07.493+0200] {logging_mixin.py:188} INFO - [2024-01-22T15:43:07.493+0200] {dagbag.py:538} INFO - Filling up the DagBag from /usr/local/lib/python3.10/dist-packages/airflow/example_dags/example_local_kubernetes_executor.py
[2024-01-22T15:43:07.497+0200] {logging_mixin.py:188} INFO - [2024-01-22T15:43:07.496+0200] {example_local_kubernetes_executor.py:39} WARNING - Could not import DAGs in example_local_kubernetes_executor.py
Traceback (most recent call last):
  File "/usr/local/lib/python3.10/dist-packages/airflow/example_dags/example_local_kubernetes_executor.py", line 37, in <module>
    from kubernetes.client import models as k8s
ModuleNotFoundError: No module named 'kubernetes'
[2024-01-22T15:43:07.497+0200] {logging_mixin.py:188} INFO - [2024-01-22T15:43:07.497+0200] {example_local_kubernetes_executor.py:40} WARNING - Install Kubernetes dependencies with: pip install apache-airflow[cncf.kubernetes]
[2024-01-22T15:43:07.497+0200] {processor.py:842} WARNING - No viable dags retrieved from /usr/local/lib/python3.10/dist-packages/airflow/example_dags/example_local_kubernetes_executor.py
[2024-01-22T15:43:07.506+0200] {processor.py:183} INFO - Processing /usr/local/lib/python3.10/dist-packages/airflow/example_dags/example_local_kubernetes_executor.py took 0.019 seconds
[2024-01-22T15:43:58.896+0200] {processor.py:161} INFO - Started process (PID=42505) to work on /usr/local/lib/python3.10/dist-packages/airflow/example_dags/example_local_kubernetes_executor.py
[2024-01-22T15:43:58.899+0200] {processor.py:830} INFO - Processing file /usr/local/lib/python3.10/dist-packages/airflow/example_dags/example_local_kubernetes_executor.py for tasks to queue
[2024-01-22T15:43:58.900+0200] {logging_mixin.py:188} INFO - [2024-01-22T15:43:58.899+0200] {dagbag.py:538} INFO - Filling up the DagBag from /usr/local/lib/python3.10/dist-packages/airflow/example_dags/example_local_kubernetes_executor.py
[2024-01-22T15:43:58.904+0200] {logging_mixin.py:188} INFO - [2024-01-22T15:43:58.903+0200] {example_local_kubernetes_executor.py:39} WARNING - Could not import DAGs in example_local_kubernetes_executor.py
Traceback (most recent call last):
  File "/usr/local/lib/python3.10/dist-packages/airflow/example_dags/example_local_kubernetes_executor.py", line 37, in <module>
    from kubernetes.client import models as k8s
ModuleNotFoundError: No module named 'kubernetes'
[2024-01-22T15:43:58.904+0200] {logging_mixin.py:188} INFO - [2024-01-22T15:43:58.904+0200] {example_local_kubernetes_executor.py:40} WARNING - Install Kubernetes dependencies with: pip install apache-airflow[cncf.kubernetes]
[2024-01-22T15:43:58.905+0200] {processor.py:842} WARNING - No viable dags retrieved from /usr/local/lib/python3.10/dist-packages/airflow/example_dags/example_local_kubernetes_executor.py
[2024-01-22T15:43:58.916+0200] {processor.py:183} INFO - Processing /usr/local/lib/python3.10/dist-packages/airflow/example_dags/example_local_kubernetes_executor.py took 0.025 seconds
[2024-01-22T15:44:48.309+0200] {processor.py:161} INFO - Started process (PID=42557) to work on /usr/local/lib/python3.10/dist-packages/airflow/example_dags/example_local_kubernetes_executor.py
[2024-01-22T15:44:48.312+0200] {processor.py:830} INFO - Processing file /usr/local/lib/python3.10/dist-packages/airflow/example_dags/example_local_kubernetes_executor.py for tasks to queue
[2024-01-22T15:44:48.313+0200] {logging_mixin.py:188} INFO - [2024-01-22T15:44:48.313+0200] {dagbag.py:538} INFO - Filling up the DagBag from /usr/local/lib/python3.10/dist-packages/airflow/example_dags/example_local_kubernetes_executor.py
[2024-01-22T15:44:48.318+0200] {logging_mixin.py:188} INFO - [2024-01-22T15:44:48.317+0200] {example_local_kubernetes_executor.py:39} WARNING - Could not import DAGs in example_local_kubernetes_executor.py
Traceback (most recent call last):
  File "/usr/local/lib/python3.10/dist-packages/airflow/example_dags/example_local_kubernetes_executor.py", line 37, in <module>
    from kubernetes.client import models as k8s
ModuleNotFoundError: No module named 'kubernetes'
[2024-01-22T15:44:48.318+0200] {logging_mixin.py:188} INFO - [2024-01-22T15:44:48.318+0200] {example_local_kubernetes_executor.py:40} WARNING - Install Kubernetes dependencies with: pip install apache-airflow[cncf.kubernetes]
[2024-01-22T15:44:48.318+0200] {processor.py:842} WARNING - No viable dags retrieved from /usr/local/lib/python3.10/dist-packages/airflow/example_dags/example_local_kubernetes_executor.py
[2024-01-22T15:44:48.332+0200] {processor.py:183} INFO - Processing /usr/local/lib/python3.10/dist-packages/airflow/example_dags/example_local_kubernetes_executor.py took 0.027 seconds
[2024-01-22T15:45:38.363+0200] {processor.py:161} INFO - Started process (PID=42662) to work on /usr/local/lib/python3.10/dist-packages/airflow/example_dags/example_local_kubernetes_executor.py
[2024-01-22T15:45:38.366+0200] {processor.py:830} INFO - Processing file /usr/local/lib/python3.10/dist-packages/airflow/example_dags/example_local_kubernetes_executor.py for tasks to queue
[2024-01-22T15:45:38.367+0200] {logging_mixin.py:188} INFO - [2024-01-22T15:45:38.367+0200] {dagbag.py:538} INFO - Filling up the DagBag from /usr/local/lib/python3.10/dist-packages/airflow/example_dags/example_local_kubernetes_executor.py
[2024-01-22T15:45:38.372+0200] {logging_mixin.py:188} INFO - [2024-01-22T15:45:38.371+0200] {example_local_kubernetes_executor.py:39} WARNING - Could not import DAGs in example_local_kubernetes_executor.py
Traceback (most recent call last):
  File "/usr/local/lib/python3.10/dist-packages/airflow/example_dags/example_local_kubernetes_executor.py", line 37, in <module>
    from kubernetes.client import models as k8s
ModuleNotFoundError: No module named 'kubernetes'
[2024-01-22T15:45:38.372+0200] {logging_mixin.py:188} INFO - [2024-01-22T15:45:38.372+0200] {example_local_kubernetes_executor.py:40} WARNING - Install Kubernetes dependencies with: pip install apache-airflow[cncf.kubernetes]
[2024-01-22T15:45:38.372+0200] {processor.py:842} WARNING - No viable dags retrieved from /usr/local/lib/python3.10/dist-packages/airflow/example_dags/example_local_kubernetes_executor.py
[2024-01-22T15:45:38.385+0200] {processor.py:183} INFO - Processing /usr/local/lib/python3.10/dist-packages/airflow/example_dags/example_local_kubernetes_executor.py took 0.026 seconds
[2024-01-22T15:46:54.627+0200] {processor.py:161} INFO - Started process (PID=43642) to work on /usr/local/lib/python3.10/dist-packages/airflow/example_dags/example_local_kubernetes_executor.py
[2024-01-22T15:46:54.629+0200] {processor.py:830} INFO - Processing file /usr/local/lib/python3.10/dist-packages/airflow/example_dags/example_local_kubernetes_executor.py for tasks to queue
[2024-01-22T15:46:54.630+0200] {logging_mixin.py:188} INFO - [2024-01-22T15:46:54.630+0200] {dagbag.py:538} INFO - Filling up the DagBag from /usr/local/lib/python3.10/dist-packages/airflow/example_dags/example_local_kubernetes_executor.py
[2024-01-22T15:46:54.671+0200] {logging_mixin.py:188} INFO - [2024-01-22T15:46:54.669+0200] {example_local_kubernetes_executor.py:39} WARNING - Could not import DAGs in example_local_kubernetes_executor.py
Traceback (most recent call last):
  File "/usr/local/lib/python3.10/dist-packages/airflow/example_dags/example_local_kubernetes_executor.py", line 37, in <module>
    from kubernetes.client import models as k8s
ModuleNotFoundError: No module named 'kubernetes'
[2024-01-22T15:46:54.672+0200] {logging_mixin.py:188} INFO - [2024-01-22T15:46:54.671+0200] {example_local_kubernetes_executor.py:40} WARNING - Install Kubernetes dependencies with: pip install apache-airflow[cncf.kubernetes]
[2024-01-22T15:46:54.672+0200] {processor.py:842} WARNING - No viable dags retrieved from /usr/local/lib/python3.10/dist-packages/airflow/example_dags/example_local_kubernetes_executor.py
[2024-01-22T15:46:54.705+0200] {processor.py:183} INFO - Processing /usr/local/lib/python3.10/dist-packages/airflow/example_dags/example_local_kubernetes_executor.py took 0.090 seconds
[2024-01-22T15:47:46.519+0200] {processor.py:161} INFO - Started process (PID=43734) to work on /usr/local/lib/python3.10/dist-packages/airflow/example_dags/example_local_kubernetes_executor.py
[2024-01-22T15:47:46.522+0200] {processor.py:830} INFO - Processing file /usr/local/lib/python3.10/dist-packages/airflow/example_dags/example_local_kubernetes_executor.py for tasks to queue
[2024-01-22T15:47:46.523+0200] {logging_mixin.py:188} INFO - [2024-01-22T15:47:46.522+0200] {dagbag.py:538} INFO - Filling up the DagBag from /usr/local/lib/python3.10/dist-packages/airflow/example_dags/example_local_kubernetes_executor.py
[2024-01-22T15:47:46.529+0200] {logging_mixin.py:188} INFO - [2024-01-22T15:47:46.528+0200] {example_local_kubernetes_executor.py:39} WARNING - Could not import DAGs in example_local_kubernetes_executor.py
Traceback (most recent call last):
  File "/usr/local/lib/python3.10/dist-packages/airflow/example_dags/example_local_kubernetes_executor.py", line 37, in <module>
    from kubernetes.client import models as k8s
ModuleNotFoundError: No module named 'kubernetes'
[2024-01-22T15:47:46.529+0200] {logging_mixin.py:188} INFO - [2024-01-22T15:47:46.529+0200] {example_local_kubernetes_executor.py:40} WARNING - Install Kubernetes dependencies with: pip install apache-airflow[cncf.kubernetes]
[2024-01-22T15:47:46.529+0200] {processor.py:842} WARNING - No viable dags retrieved from /usr/local/lib/python3.10/dist-packages/airflow/example_dags/example_local_kubernetes_executor.py
[2024-01-22T15:47:46.537+0200] {processor.py:183} INFO - Processing /usr/local/lib/python3.10/dist-packages/airflow/example_dags/example_local_kubernetes_executor.py took 0.021 seconds
[2024-01-22T15:48:57.300+0200] {processor.py:161} INFO - Started process (PID=44002) to work on /usr/local/lib/python3.10/dist-packages/airflow/example_dags/example_local_kubernetes_executor.py
[2024-01-22T15:48:57.312+0200] {processor.py:830} INFO - Processing file /usr/local/lib/python3.10/dist-packages/airflow/example_dags/example_local_kubernetes_executor.py for tasks to queue
[2024-01-22T15:48:57.316+0200] {logging_mixin.py:188} INFO - [2024-01-22T15:48:57.315+0200] {dagbag.py:538} INFO - Filling up the DagBag from /usr/local/lib/python3.10/dist-packages/airflow/example_dags/example_local_kubernetes_executor.py
[2024-01-22T15:48:57.356+0200] {logging_mixin.py:188} INFO - [2024-01-22T15:48:57.354+0200] {example_local_kubernetes_executor.py:39} WARNING - Could not import DAGs in example_local_kubernetes_executor.py
Traceback (most recent call last):
  File "/usr/local/lib/python3.10/dist-packages/airflow/example_dags/example_local_kubernetes_executor.py", line 37, in <module>
    from kubernetes.client import models as k8s
ModuleNotFoundError: No module named 'kubernetes'
[2024-01-22T15:48:57.356+0200] {logging_mixin.py:188} INFO - [2024-01-22T15:48:57.356+0200] {example_local_kubernetes_executor.py:40} WARNING - Install Kubernetes dependencies with: pip install apache-airflow[cncf.kubernetes]
[2024-01-22T15:48:57.356+0200] {processor.py:842} WARNING - No viable dags retrieved from /usr/local/lib/python3.10/dist-packages/airflow/example_dags/example_local_kubernetes_executor.py
[2024-01-22T15:48:57.386+0200] {processor.py:183} INFO - Processing /usr/local/lib/python3.10/dist-packages/airflow/example_dags/example_local_kubernetes_executor.py took 0.105 seconds
