[2024-01-22T15:31:05.362+0200] {processor.py:161} INFO - Started process (PID=40699) to work on /usr/local/lib/python3.10/dist-packages/airflow/example_dags/example_kubernetes_executor.py
[2024-01-22T15:31:05.376+0200] {processor.py:830} INFO - Processing file /usr/local/lib/python3.10/dist-packages/airflow/example_dags/example_kubernetes_executor.py for tasks to queue
[2024-01-22T15:31:05.382+0200] {logging_mixin.py:188} INFO - [2024-01-22T15:31:05.382+0200] {dagbag.py:538} INFO - Filling up the DagBag from /usr/local/lib/python3.10/dist-packages/airflow/example_dags/example_kubernetes_executor.py
[2024-01-22T15:31:05.446+0200] {logging_mixin.py:188} INFO - [2024-01-22T15:31:05.439+0200] {example_kubernetes_executor.py:38} WARNING - The example_kubernetes_executor example DAG requires the kubernetes provider. Please install it with: pip install apache-airflow[cncf.kubernetes]
[2024-01-22T15:31:05.447+0200] {processor.py:842} WARNING - No viable dags retrieved from /usr/local/lib/python3.10/dist-packages/airflow/example_dags/example_kubernetes_executor.py
[2024-01-22T15:31:05.583+0200] {processor.py:183} INFO - Processing /usr/local/lib/python3.10/dist-packages/airflow/example_dags/example_kubernetes_executor.py took 0.305 seconds
[2024-01-22T15:32:17.181+0200] {processor.py:161} INFO - Started process (PID=41150) to work on /usr/local/lib/python3.10/dist-packages/airflow/example_dags/example_kubernetes_executor.py
[2024-01-22T15:32:17.190+0200] {processor.py:830} INFO - Processing file /usr/local/lib/python3.10/dist-packages/airflow/example_dags/example_kubernetes_executor.py for tasks to queue
[2024-01-22T15:32:17.191+0200] {logging_mixin.py:188} INFO - [2024-01-22T15:32:17.191+0200] {dagbag.py:538} INFO - Filling up the DagBag from /usr/local/lib/python3.10/dist-packages/airflow/example_dags/example_kubernetes_executor.py
[2024-01-22T15:32:17.205+0200] {logging_mixin.py:188} INFO - [2024-01-22T15:32:17.205+0200] {example_kubernetes_executor.py:38} WARNING - The example_kubernetes_executor example DAG requires the kubernetes provider. Please install it with: pip install apache-airflow[cncf.kubernetes]
[2024-01-22T15:32:17.205+0200] {processor.py:842} WARNING - No viable dags retrieved from /usr/local/lib/python3.10/dist-packages/airflow/example_dags/example_kubernetes_executor.py
[2024-01-22T15:32:17.226+0200] {processor.py:183} INFO - Processing /usr/local/lib/python3.10/dist-packages/airflow/example_dags/example_kubernetes_executor.py took 0.060 seconds
[2024-01-22T15:33:11.808+0200] {processor.py:161} INFO - Started process (PID=41365) to work on /usr/local/lib/python3.10/dist-packages/airflow/example_dags/example_kubernetes_executor.py
[2024-01-22T15:33:11.811+0200] {processor.py:830} INFO - Processing file /usr/local/lib/python3.10/dist-packages/airflow/example_dags/example_kubernetes_executor.py for tasks to queue
[2024-01-22T15:33:11.819+0200] {logging_mixin.py:188} INFO - [2024-01-22T15:33:11.816+0200] {dagbag.py:538} INFO - Filling up the DagBag from /usr/local/lib/python3.10/dist-packages/airflow/example_dags/example_kubernetes_executor.py
[2024-01-22T15:33:11.854+0200] {logging_mixin.py:188} INFO - [2024-01-22T15:33:11.851+0200] {example_kubernetes_executor.py:38} WARNING - The example_kubernetes_executor example DAG requires the kubernetes provider. Please install it with: pip install apache-airflow[cncf.kubernetes]
[2024-01-22T15:33:11.857+0200] {processor.py:842} WARNING - No viable dags retrieved from /usr/local/lib/python3.10/dist-packages/airflow/example_dags/example_kubernetes_executor.py
[2024-01-22T15:33:11.941+0200] {processor.py:183} INFO - Processing /usr/local/lib/python3.10/dist-packages/airflow/example_dags/example_kubernetes_executor.py took 0.143 seconds
[2024-01-22T15:34:10.793+0200] {processor.py:161} INFO - Started process (PID=41597) to work on /usr/local/lib/python3.10/dist-packages/airflow/example_dags/example_kubernetes_executor.py
[2024-01-22T15:34:10.806+0200] {processor.py:830} INFO - Processing file /usr/local/lib/python3.10/dist-packages/airflow/example_dags/example_kubernetes_executor.py for tasks to queue
[2024-01-22T15:34:10.807+0200] {logging_mixin.py:188} INFO - [2024-01-22T15:34:10.807+0200] {dagbag.py:538} INFO - Filling up the DagBag from /usr/local/lib/python3.10/dist-packages/airflow/example_dags/example_kubernetes_executor.py
[2024-01-22T15:34:10.811+0200] {logging_mixin.py:188} INFO - [2024-01-22T15:34:10.811+0200] {example_kubernetes_executor.py:38} WARNING - The example_kubernetes_executor example DAG requires the kubernetes provider. Please install it with: pip install apache-airflow[cncf.kubernetes]
[2024-01-22T15:34:10.811+0200] {processor.py:842} WARNING - No viable dags retrieved from /usr/local/lib/python3.10/dist-packages/airflow/example_dags/example_kubernetes_executor.py
[2024-01-22T15:34:10.823+0200] {processor.py:183} INFO - Processing /usr/local/lib/python3.10/dist-packages/airflow/example_dags/example_kubernetes_executor.py took 0.033 seconds
[2024-01-22T15:35:02.725+0200] {processor.py:161} INFO - Started process (PID=41662) to work on /usr/local/lib/python3.10/dist-packages/airflow/example_dags/example_kubernetes_executor.py
[2024-01-22T15:35:02.733+0200] {processor.py:830} INFO - Processing file /usr/local/lib/python3.10/dist-packages/airflow/example_dags/example_kubernetes_executor.py for tasks to queue
[2024-01-22T15:35:02.734+0200] {logging_mixin.py:188} INFO - [2024-01-22T15:35:02.734+0200] {dagbag.py:538} INFO - Filling up the DagBag from /usr/local/lib/python3.10/dist-packages/airflow/example_dags/example_kubernetes_executor.py
[2024-01-22T15:35:02.737+0200] {logging_mixin.py:188} INFO - [2024-01-22T15:35:02.737+0200] {example_kubernetes_executor.py:38} WARNING - The example_kubernetes_executor example DAG requires the kubernetes provider. Please install it with: pip install apache-airflow[cncf.kubernetes]
[2024-01-22T15:35:02.737+0200] {processor.py:842} WARNING - No viable dags retrieved from /usr/local/lib/python3.10/dist-packages/airflow/example_dags/example_kubernetes_executor.py
[2024-01-22T15:35:02.756+0200] {processor.py:183} INFO - Processing /usr/local/lib/python3.10/dist-packages/airflow/example_dags/example_kubernetes_executor.py took 0.033 seconds
[2024-01-22T15:36:14.219+0200] {processor.py:161} INFO - Started process (PID=41913) to work on /usr/local/lib/python3.10/dist-packages/airflow/example_dags/example_kubernetes_executor.py
[2024-01-22T15:36:14.223+0200] {processor.py:830} INFO - Processing file /usr/local/lib/python3.10/dist-packages/airflow/example_dags/example_kubernetes_executor.py for tasks to queue
[2024-01-22T15:36:14.224+0200] {logging_mixin.py:188} INFO - [2024-01-22T15:36:14.223+0200] {dagbag.py:538} INFO - Filling up the DagBag from /usr/local/lib/python3.10/dist-packages/airflow/example_dags/example_kubernetes_executor.py
[2024-01-22T15:36:14.230+0200] {logging_mixin.py:188} INFO - [2024-01-22T15:36:14.230+0200] {example_kubernetes_executor.py:38} WARNING - The example_kubernetes_executor example DAG requires the kubernetes provider. Please install it with: pip install apache-airflow[cncf.kubernetes]
[2024-01-22T15:36:14.231+0200] {processor.py:842} WARNING - No viable dags retrieved from /usr/local/lib/python3.10/dist-packages/airflow/example_dags/example_kubernetes_executor.py
[2024-01-22T15:36:14.241+0200] {processor.py:183} INFO - Processing /usr/local/lib/python3.10/dist-packages/airflow/example_dags/example_kubernetes_executor.py took 0.025 seconds
[2024-01-22T15:37:22.000+0200] {processor.py:161} INFO - Started process (PID=42058) to work on /usr/local/lib/python3.10/dist-packages/airflow/example_dags/example_kubernetes_executor.py
[2024-01-22T15:37:22.001+0200] {processor.py:830} INFO - Processing file /usr/local/lib/python3.10/dist-packages/airflow/example_dags/example_kubernetes_executor.py for tasks to queue
[2024-01-22T15:37:22.002+0200] {logging_mixin.py:188} INFO - [2024-01-22T15:37:22.002+0200] {dagbag.py:538} INFO - Filling up the DagBag from /usr/local/lib/python3.10/dist-packages/airflow/example_dags/example_kubernetes_executor.py
[2024-01-22T15:37:22.006+0200] {logging_mixin.py:188} INFO - [2024-01-22T15:37:22.006+0200] {example_kubernetes_executor.py:38} WARNING - The example_kubernetes_executor example DAG requires the kubernetes provider. Please install it with: pip install apache-airflow[cncf.kubernetes]
[2024-01-22T15:37:22.006+0200] {processor.py:842} WARNING - No viable dags retrieved from /usr/local/lib/python3.10/dist-packages/airflow/example_dags/example_kubernetes_executor.py
[2024-01-22T15:37:22.013+0200] {processor.py:183} INFO - Processing /usr/local/lib/python3.10/dist-packages/airflow/example_dags/example_kubernetes_executor.py took 0.016 seconds
[2024-01-22T15:38:22.843+0200] {processor.py:161} INFO - Started process (PID=42123) to work on /usr/local/lib/python3.10/dist-packages/airflow/example_dags/example_kubernetes_executor.py
[2024-01-22T15:38:22.845+0200] {processor.py:830} INFO - Processing file /usr/local/lib/python3.10/dist-packages/airflow/example_dags/example_kubernetes_executor.py for tasks to queue
[2024-01-22T15:38:22.845+0200] {logging_mixin.py:188} INFO - [2024-01-22T15:38:22.845+0200] {dagbag.py:538} INFO - Filling up the DagBag from /usr/local/lib/python3.10/dist-packages/airflow/example_dags/example_kubernetes_executor.py
[2024-01-22T15:38:22.848+0200] {logging_mixin.py:188} INFO - [2024-01-22T15:38:22.848+0200] {example_kubernetes_executor.py:38} WARNING - The example_kubernetes_executor example DAG requires the kubernetes provider. Please install it with: pip install apache-airflow[cncf.kubernetes]
[2024-01-22T15:38:22.848+0200] {processor.py:842} WARNING - No viable dags retrieved from /usr/local/lib/python3.10/dist-packages/airflow/example_dags/example_kubernetes_executor.py
[2024-01-22T15:38:22.856+0200] {processor.py:183} INFO - Processing /usr/local/lib/python3.10/dist-packages/airflow/example_dags/example_kubernetes_executor.py took 0.017 seconds
[2024-01-22T15:39:17.015+0200] {processor.py:161} INFO - Started process (PID=42177) to work on /usr/local/lib/python3.10/dist-packages/airflow/example_dags/example_kubernetes_executor.py
[2024-01-22T15:39:17.017+0200] {processor.py:830} INFO - Processing file /usr/local/lib/python3.10/dist-packages/airflow/example_dags/example_kubernetes_executor.py for tasks to queue
[2024-01-22T15:39:17.018+0200] {logging_mixin.py:188} INFO - [2024-01-22T15:39:17.018+0200] {dagbag.py:538} INFO - Filling up the DagBag from /usr/local/lib/python3.10/dist-packages/airflow/example_dags/example_kubernetes_executor.py
[2024-01-22T15:39:17.030+0200] {logging_mixin.py:188} INFO - [2024-01-22T15:39:17.029+0200] {example_kubernetes_executor.py:38} WARNING - The example_kubernetes_executor example DAG requires the kubernetes provider. Please install it with: pip install apache-airflow[cncf.kubernetes]
[2024-01-22T15:39:17.030+0200] {processor.py:842} WARNING - No viable dags retrieved from /usr/local/lib/python3.10/dist-packages/airflow/example_dags/example_kubernetes_executor.py
[2024-01-22T15:39:17.039+0200] {processor.py:183} INFO - Processing /usr/local/lib/python3.10/dist-packages/airflow/example_dags/example_kubernetes_executor.py took 0.027 seconds
[2024-01-22T15:40:20.088+0200] {processor.py:161} INFO - Started process (PID=42273) to work on /usr/local/lib/python3.10/dist-packages/airflow/example_dags/example_kubernetes_executor.py
[2024-01-22T15:40:20.092+0200] {processor.py:830} INFO - Processing file /usr/local/lib/python3.10/dist-packages/airflow/example_dags/example_kubernetes_executor.py for tasks to queue
[2024-01-22T15:40:20.093+0200] {logging_mixin.py:188} INFO - [2024-01-22T15:40:20.092+0200] {dagbag.py:538} INFO - Filling up the DagBag from /usr/local/lib/python3.10/dist-packages/airflow/example_dags/example_kubernetes_executor.py
[2024-01-22T15:40:20.098+0200] {logging_mixin.py:188} INFO - [2024-01-22T15:40:20.098+0200] {example_kubernetes_executor.py:38} WARNING - The example_kubernetes_executor example DAG requires the kubernetes provider. Please install it with: pip install apache-airflow[cncf.kubernetes]
[2024-01-22T15:40:20.098+0200] {processor.py:842} WARNING - No viable dags retrieved from /usr/local/lib/python3.10/dist-packages/airflow/example_dags/example_kubernetes_executor.py
[2024-01-22T15:40:20.112+0200] {processor.py:183} INFO - Processing /usr/local/lib/python3.10/dist-packages/airflow/example_dags/example_kubernetes_executor.py took 0.027 seconds
[2024-01-22T15:41:18.168+0200] {processor.py:161} INFO - Started process (PID=42333) to work on /usr/local/lib/python3.10/dist-packages/airflow/example_dags/example_kubernetes_executor.py
[2024-01-22T15:41:18.171+0200] {processor.py:830} INFO - Processing file /usr/local/lib/python3.10/dist-packages/airflow/example_dags/example_kubernetes_executor.py for tasks to queue
[2024-01-22T15:41:18.172+0200] {logging_mixin.py:188} INFO - [2024-01-22T15:41:18.171+0200] {dagbag.py:538} INFO - Filling up the DagBag from /usr/local/lib/python3.10/dist-packages/airflow/example_dags/example_kubernetes_executor.py
[2024-01-22T15:41:18.175+0200] {logging_mixin.py:188} INFO - [2024-01-22T15:41:18.175+0200] {example_kubernetes_executor.py:38} WARNING - The example_kubernetes_executor example DAG requires the kubernetes provider. Please install it with: pip install apache-airflow[cncf.kubernetes]
[2024-01-22T15:41:18.176+0200] {processor.py:842} WARNING - No viable dags retrieved from /usr/local/lib/python3.10/dist-packages/airflow/example_dags/example_kubernetes_executor.py
[2024-01-22T15:41:18.187+0200] {processor.py:183} INFO - Processing /usr/local/lib/python3.10/dist-packages/airflow/example_dags/example_kubernetes_executor.py took 0.023 seconds
[2024-01-22T15:42:12.555+0200] {processor.py:161} INFO - Started process (PID=42390) to work on /usr/local/lib/python3.10/dist-packages/airflow/example_dags/example_kubernetes_executor.py
[2024-01-22T15:42:12.564+0200] {processor.py:830} INFO - Processing file /usr/local/lib/python3.10/dist-packages/airflow/example_dags/example_kubernetes_executor.py for tasks to queue
[2024-01-22T15:42:12.565+0200] {logging_mixin.py:188} INFO - [2024-01-22T15:42:12.565+0200] {dagbag.py:538} INFO - Filling up the DagBag from /usr/local/lib/python3.10/dist-packages/airflow/example_dags/example_kubernetes_executor.py
[2024-01-22T15:42:12.568+0200] {logging_mixin.py:188} INFO - [2024-01-22T15:42:12.568+0200] {example_kubernetes_executor.py:38} WARNING - The example_kubernetes_executor example DAG requires the kubernetes provider. Please install it with: pip install apache-airflow[cncf.kubernetes]
[2024-01-22T15:42:12.568+0200] {processor.py:842} WARNING - No viable dags retrieved from /usr/local/lib/python3.10/dist-packages/airflow/example_dags/example_kubernetes_executor.py
[2024-01-22T15:42:12.583+0200] {processor.py:183} INFO - Processing /usr/local/lib/python3.10/dist-packages/airflow/example_dags/example_kubernetes_executor.py took 0.031 seconds
[2024-01-22T15:43:12.318+0200] {processor.py:161} INFO - Started process (PID=42457) to work on /usr/local/lib/python3.10/dist-packages/airflow/example_dags/example_kubernetes_executor.py
[2024-01-22T15:43:12.319+0200] {processor.py:830} INFO - Processing file /usr/local/lib/python3.10/dist-packages/airflow/example_dags/example_kubernetes_executor.py for tasks to queue
[2024-01-22T15:43:12.320+0200] {logging_mixin.py:188} INFO - [2024-01-22T15:43:12.319+0200] {dagbag.py:538} INFO - Filling up the DagBag from /usr/local/lib/python3.10/dist-packages/airflow/example_dags/example_kubernetes_executor.py
[2024-01-22T15:43:12.322+0200] {logging_mixin.py:188} INFO - [2024-01-22T15:43:12.322+0200] {example_kubernetes_executor.py:38} WARNING - The example_kubernetes_executor example DAG requires the kubernetes provider. Please install it with: pip install apache-airflow[cncf.kubernetes]
[2024-01-22T15:43:12.323+0200] {processor.py:842} WARNING - No viable dags retrieved from /usr/local/lib/python3.10/dist-packages/airflow/example_dags/example_kubernetes_executor.py
[2024-01-22T15:43:12.332+0200] {processor.py:183} INFO - Processing /usr/local/lib/python3.10/dist-packages/airflow/example_dags/example_kubernetes_executor.py took 0.017 seconds
[2024-01-22T15:44:03.094+0200] {processor.py:161} INFO - Started process (PID=42509) to work on /usr/local/lib/python3.10/dist-packages/airflow/example_dags/example_kubernetes_executor.py
[2024-01-22T15:44:03.096+0200] {processor.py:830} INFO - Processing file /usr/local/lib/python3.10/dist-packages/airflow/example_dags/example_kubernetes_executor.py for tasks to queue
[2024-01-22T15:44:03.097+0200] {logging_mixin.py:188} INFO - [2024-01-22T15:44:03.096+0200] {dagbag.py:538} INFO - Filling up the DagBag from /usr/local/lib/python3.10/dist-packages/airflow/example_dags/example_kubernetes_executor.py
[2024-01-22T15:44:03.100+0200] {logging_mixin.py:188} INFO - [2024-01-22T15:44:03.100+0200] {example_kubernetes_executor.py:38} WARNING - The example_kubernetes_executor example DAG requires the kubernetes provider. Please install it with: pip install apache-airflow[cncf.kubernetes]
[2024-01-22T15:44:03.100+0200] {processor.py:842} WARNING - No viable dags retrieved from /usr/local/lib/python3.10/dist-packages/airflow/example_dags/example_kubernetes_executor.py
[2024-01-22T15:44:03.111+0200] {processor.py:183} INFO - Processing /usr/local/lib/python3.10/dist-packages/airflow/example_dags/example_kubernetes_executor.py took 0.022 seconds
[2024-01-22T15:44:52.315+0200] {processor.py:161} INFO - Started process (PID=42561) to work on /usr/local/lib/python3.10/dist-packages/airflow/example_dags/example_kubernetes_executor.py
[2024-01-22T15:44:52.317+0200] {processor.py:830} INFO - Processing file /usr/local/lib/python3.10/dist-packages/airflow/example_dags/example_kubernetes_executor.py for tasks to queue
[2024-01-22T15:44:52.318+0200] {logging_mixin.py:188} INFO - [2024-01-22T15:44:52.318+0200] {dagbag.py:538} INFO - Filling up the DagBag from /usr/local/lib/python3.10/dist-packages/airflow/example_dags/example_kubernetes_executor.py
[2024-01-22T15:44:52.323+0200] {logging_mixin.py:188} INFO - [2024-01-22T15:44:52.323+0200] {example_kubernetes_executor.py:38} WARNING - The example_kubernetes_executor example DAG requires the kubernetes provider. Please install it with: pip install apache-airflow[cncf.kubernetes]
[2024-01-22T15:44:52.323+0200] {processor.py:842} WARNING - No viable dags retrieved from /usr/local/lib/python3.10/dist-packages/airflow/example_dags/example_kubernetes_executor.py
[2024-01-22T15:44:52.336+0200] {processor.py:183} INFO - Processing /usr/local/lib/python3.10/dist-packages/airflow/example_dags/example_kubernetes_executor.py took 0.026 seconds
[2024-01-22T15:45:43.289+0200] {processor.py:161} INFO - Started process (PID=42667) to work on /usr/local/lib/python3.10/dist-packages/airflow/example_dags/example_kubernetes_executor.py
[2024-01-22T15:45:43.294+0200] {processor.py:830} INFO - Processing file /usr/local/lib/python3.10/dist-packages/airflow/example_dags/example_kubernetes_executor.py for tasks to queue
[2024-01-22T15:45:43.295+0200] {logging_mixin.py:188} INFO - [2024-01-22T15:45:43.294+0200] {dagbag.py:538} INFO - Filling up the DagBag from /usr/local/lib/python3.10/dist-packages/airflow/example_dags/example_kubernetes_executor.py
[2024-01-22T15:45:43.298+0200] {logging_mixin.py:188} INFO - [2024-01-22T15:45:43.297+0200] {example_kubernetes_executor.py:38} WARNING - The example_kubernetes_executor example DAG requires the kubernetes provider. Please install it with: pip install apache-airflow[cncf.kubernetes]
[2024-01-22T15:45:43.298+0200] {processor.py:842} WARNING - No viable dags retrieved from /usr/local/lib/python3.10/dist-packages/airflow/example_dags/example_kubernetes_executor.py
[2024-01-22T15:45:43.316+0200] {processor.py:183} INFO - Processing /usr/local/lib/python3.10/dist-packages/airflow/example_dags/example_kubernetes_executor.py took 0.030 seconds
[2024-01-22T15:47:00.902+0200] {processor.py:161} INFO - Started process (PID=43646) to work on /usr/local/lib/python3.10/dist-packages/airflow/example_dags/example_kubernetes_executor.py
[2024-01-22T15:47:00.905+0200] {processor.py:830} INFO - Processing file /usr/local/lib/python3.10/dist-packages/airflow/example_dags/example_kubernetes_executor.py for tasks to queue
[2024-01-22T15:47:00.905+0200] {logging_mixin.py:188} INFO - [2024-01-22T15:47:00.905+0200] {dagbag.py:538} INFO - Filling up the DagBag from /usr/local/lib/python3.10/dist-packages/airflow/example_dags/example_kubernetes_executor.py
[2024-01-22T15:47:00.910+0200] {logging_mixin.py:188} INFO - [2024-01-22T15:47:00.910+0200] {example_kubernetes_executor.py:38} WARNING - The example_kubernetes_executor example DAG requires the kubernetes provider. Please install it with: pip install apache-airflow[cncf.kubernetes]
[2024-01-22T15:47:00.910+0200] {processor.py:842} WARNING - No viable dags retrieved from /usr/local/lib/python3.10/dist-packages/airflow/example_dags/example_kubernetes_executor.py
[2024-01-22T15:47:00.920+0200] {processor.py:183} INFO - Processing /usr/local/lib/python3.10/dist-packages/airflow/example_dags/example_kubernetes_executor.py took 0.021 seconds
[2024-01-22T15:48:08.687+0200] {processor.py:161} INFO - Started process (PID=43786) to work on /usr/local/lib/python3.10/dist-packages/airflow/example_dags/example_kubernetes_executor.py
[2024-01-22T15:48:08.688+0200] {processor.py:830} INFO - Processing file /usr/local/lib/python3.10/dist-packages/airflow/example_dags/example_kubernetes_executor.py for tasks to queue
[2024-01-22T15:48:08.689+0200] {logging_mixin.py:188} INFO - [2024-01-22T15:48:08.688+0200] {dagbag.py:538} INFO - Filling up the DagBag from /usr/local/lib/python3.10/dist-packages/airflow/example_dags/example_kubernetes_executor.py
[2024-01-22T15:48:08.697+0200] {logging_mixin.py:188} INFO - [2024-01-22T15:48:08.697+0200] {example_kubernetes_executor.py:38} WARNING - The example_kubernetes_executor example DAG requires the kubernetes provider. Please install it with: pip install apache-airflow[cncf.kubernetes]
[2024-01-22T15:48:08.697+0200] {processor.py:842} WARNING - No viable dags retrieved from /usr/local/lib/python3.10/dist-packages/airflow/example_dags/example_kubernetes_executor.py
[2024-01-22T15:48:08.733+0200] {processor.py:183} INFO - Processing /usr/local/lib/python3.10/dist-packages/airflow/example_dags/example_kubernetes_executor.py took 0.062 seconds
