[2024-01-22T15:31:12.919+0200] {processor.py:161} INFO - Started process (PID=40769) to work on /usr/local/lib/python3.10/dist-packages/airflow/example_dags/example_branch_operator_decorator.py
[2024-01-22T15:31:12.919+0200] {processor.py:830} INFO - Processing file /usr/local/lib/python3.10/dist-packages/airflow/example_dags/example_branch_operator_decorator.py for tasks to queue
[2024-01-22T15:31:12.920+0200] {logging_mixin.py:188} INFO - [2024-01-22T15:31:12.920+0200] {dagbag.py:538} INFO - Filling up the DagBag from /usr/local/lib/python3.10/dist-packages/airflow/example_dags/example_branch_operator_decorator.py
[2024-01-22T15:31:12.994+0200] {processor.py:840} INFO - DAG(s) 'example_branch_python_operator_decorator' retrieved from /usr/local/lib/python3.10/dist-packages/airflow/example_dags/example_branch_operator_decorator.py
[2024-01-22T15:31:13.496+0200] {logging_mixin.py:188} INFO - [2024-01-22T15:31:13.496+0200] {dag.py:3036} INFO - Sync 1 DAGs
[2024-01-22T15:31:13.527+0200] {logging_mixin.py:188} INFO - [2024-01-22T15:31:13.527+0200] {dag.py:3823} INFO - Setting next_dagrun for example_branch_python_operator_decorator to 2024-01-21 00:00:00+00:00, run_after=2024-01-22 00:00:00+00:00
[2024-01-22T15:31:13.573+0200] {processor.py:183} INFO - Processing /usr/local/lib/python3.10/dist-packages/airflow/example_dags/example_branch_operator_decorator.py took 0.662 seconds
[2024-01-22T15:32:20.750+0200] {processor.py:161} INFO - Started process (PID=41182) to work on /usr/local/lib/python3.10/dist-packages/airflow/example_dags/example_branch_operator_decorator.py
[2024-01-22T15:32:20.751+0200] {processor.py:830} INFO - Processing file /usr/local/lib/python3.10/dist-packages/airflow/example_dags/example_branch_operator_decorator.py for tasks to queue
[2024-01-22T15:32:20.755+0200] {logging_mixin.py:188} INFO - [2024-01-22T15:32:20.752+0200] {dagbag.py:538} INFO - Filling up the DagBag from /usr/local/lib/python3.10/dist-packages/airflow/example_dags/example_branch_operator_decorator.py
[2024-01-22T15:32:20.779+0200] {processor.py:840} INFO - DAG(s) 'example_branch_python_operator_decorator' retrieved from /usr/local/lib/python3.10/dist-packages/airflow/example_dags/example_branch_operator_decorator.py
[2024-01-22T15:32:20.800+0200] {logging_mixin.py:188} INFO - [2024-01-22T15:32:20.800+0200] {dag.py:3036} INFO - Sync 1 DAGs
[2024-01-22T15:32:20.819+0200] {logging_mixin.py:188} INFO - [2024-01-22T15:32:20.818+0200] {dag.py:3823} INFO - Setting next_dagrun for example_branch_python_operator_decorator to 2024-01-21 00:00:00+00:00, run_after=2024-01-22 00:00:00+00:00
[2024-01-22T15:32:20.839+0200] {processor.py:183} INFO - Processing /usr/local/lib/python3.10/dist-packages/airflow/example_dags/example_branch_operator_decorator.py took 0.092 seconds
[2024-01-22T15:33:17.025+0200] {processor.py:161} INFO - Started process (PID=41403) to work on /usr/local/lib/python3.10/dist-packages/airflow/example_dags/example_branch_operator_decorator.py
[2024-01-22T15:33:17.032+0200] {processor.py:830} INFO - Processing file /usr/local/lib/python3.10/dist-packages/airflow/example_dags/example_branch_operator_decorator.py for tasks to queue
[2024-01-22T15:33:17.033+0200] {logging_mixin.py:188} INFO - [2024-01-22T15:33:17.033+0200] {dagbag.py:538} INFO - Filling up the DagBag from /usr/local/lib/python3.10/dist-packages/airflow/example_dags/example_branch_operator_decorator.py
[2024-01-22T15:33:17.076+0200] {processor.py:840} INFO - DAG(s) 'example_branch_python_operator_decorator' retrieved from /usr/local/lib/python3.10/dist-packages/airflow/example_dags/example_branch_operator_decorator.py
[2024-01-22T15:33:17.108+0200] {logging_mixin.py:188} INFO - [2024-01-22T15:33:17.108+0200] {dag.py:3036} INFO - Sync 1 DAGs
[2024-01-22T15:33:17.135+0200] {logging_mixin.py:188} INFO - [2024-01-22T15:33:17.135+0200] {dag.py:3823} INFO - Setting next_dagrun for example_branch_python_operator_decorator to 2024-01-21 00:00:00+00:00, run_after=2024-01-22 00:00:00+00:00
[2024-01-22T15:33:17.167+0200] {processor.py:183} INFO - Processing /usr/local/lib/python3.10/dist-packages/airflow/example_dags/example_branch_operator_decorator.py took 0.146 seconds
[2024-01-22T15:34:15.037+0200] {processor.py:161} INFO - Started process (PID=41601) to work on /usr/local/lib/python3.10/dist-packages/airflow/example_dags/example_branch_operator_decorator.py
[2024-01-22T15:34:15.043+0200] {processor.py:830} INFO - Processing file /usr/local/lib/python3.10/dist-packages/airflow/example_dags/example_branch_operator_decorator.py for tasks to queue
[2024-01-22T15:34:15.044+0200] {logging_mixin.py:188} INFO - [2024-01-22T15:34:15.043+0200] {dagbag.py:538} INFO - Filling up the DagBag from /usr/local/lib/python3.10/dist-packages/airflow/example_dags/example_branch_operator_decorator.py
[2024-01-22T15:34:15.098+0200] {processor.py:840} INFO - DAG(s) 'example_branch_python_operator_decorator' retrieved from /usr/local/lib/python3.10/dist-packages/airflow/example_dags/example_branch_operator_decorator.py
[2024-01-22T15:34:15.133+0200] {logging_mixin.py:188} INFO - [2024-01-22T15:34:15.132+0200] {dag.py:3036} INFO - Sync 1 DAGs
[2024-01-22T15:34:15.164+0200] {logging_mixin.py:188} INFO - [2024-01-22T15:34:15.163+0200] {dag.py:3823} INFO - Setting next_dagrun for example_branch_python_operator_decorator to 2024-01-21 00:00:00+00:00, run_after=2024-01-22 00:00:00+00:00
[2024-01-22T15:34:15.205+0200] {processor.py:183} INFO - Processing /usr/local/lib/python3.10/dist-packages/airflow/example_dags/example_branch_operator_decorator.py took 0.171 seconds
[2024-01-22T15:35:26.192+0200] {processor.py:161} INFO - Started process (PID=41719) to work on /usr/local/lib/python3.10/dist-packages/airflow/example_dags/example_branch_operator_decorator.py
[2024-01-22T15:35:26.194+0200] {processor.py:830} INFO - Processing file /usr/local/lib/python3.10/dist-packages/airflow/example_dags/example_branch_operator_decorator.py for tasks to queue
[2024-01-22T15:35:26.195+0200] {logging_mixin.py:188} INFO - [2024-01-22T15:35:26.195+0200] {dagbag.py:538} INFO - Filling up the DagBag from /usr/local/lib/python3.10/dist-packages/airflow/example_dags/example_branch_operator_decorator.py
[2024-01-22T15:35:26.237+0200] {processor.py:840} INFO - DAG(s) 'example_branch_python_operator_decorator' retrieved from /usr/local/lib/python3.10/dist-packages/airflow/example_dags/example_branch_operator_decorator.py
[2024-01-22T15:35:26.275+0200] {logging_mixin.py:188} INFO - [2024-01-22T15:35:26.274+0200] {dag.py:3036} INFO - Sync 1 DAGs
[2024-01-22T15:35:26.299+0200] {logging_mixin.py:188} INFO - [2024-01-22T15:35:26.299+0200] {dag.py:3823} INFO - Setting next_dagrun for example_branch_python_operator_decorator to 2024-01-21 00:00:00+00:00, run_after=2024-01-22 00:00:00+00:00
[2024-01-22T15:35:26.336+0200] {processor.py:183} INFO - Processing /usr/local/lib/python3.10/dist-packages/airflow/example_dags/example_branch_operator_decorator.py took 0.160 seconds
[2024-01-22T15:36:36.686+0200] {processor.py:161} INFO - Started process (PID=41936) to work on /usr/local/lib/python3.10/dist-packages/airflow/example_dags/example_branch_operator_decorator.py
[2024-01-22T15:36:36.688+0200] {processor.py:830} INFO - Processing file /usr/local/lib/python3.10/dist-packages/airflow/example_dags/example_branch_operator_decorator.py for tasks to queue
[2024-01-22T15:36:36.689+0200] {logging_mixin.py:188} INFO - [2024-01-22T15:36:36.689+0200] {dagbag.py:538} INFO - Filling up the DagBag from /usr/local/lib/python3.10/dist-packages/airflow/example_dags/example_branch_operator_decorator.py
[2024-01-22T15:36:36.716+0200] {processor.py:840} INFO - DAG(s) 'example_branch_python_operator_decorator' retrieved from /usr/local/lib/python3.10/dist-packages/airflow/example_dags/example_branch_operator_decorator.py
[2024-01-22T15:36:36.741+0200] {logging_mixin.py:188} INFO - [2024-01-22T15:36:36.740+0200] {dag.py:3036} INFO - Sync 1 DAGs
[2024-01-22T15:36:36.763+0200] {logging_mixin.py:188} INFO - [2024-01-22T15:36:36.763+0200] {dag.py:3823} INFO - Setting next_dagrun for example_branch_python_operator_decorator to 2024-01-21 00:00:00+00:00, run_after=2024-01-22 00:00:00+00:00
[2024-01-22T15:36:36.791+0200] {processor.py:183} INFO - Processing /usr/local/lib/python3.10/dist-packages/airflow/example_dags/example_branch_operator_decorator.py took 0.109 seconds
[2024-01-22T15:37:43.899+0200] {processor.py:161} INFO - Started process (PID=42081) to work on /usr/local/lib/python3.10/dist-packages/airflow/example_dags/example_branch_operator_decorator.py
[2024-01-22T15:37:43.902+0200] {processor.py:830} INFO - Processing file /usr/local/lib/python3.10/dist-packages/airflow/example_dags/example_branch_operator_decorator.py for tasks to queue
[2024-01-22T15:37:43.904+0200] {logging_mixin.py:188} INFO - [2024-01-22T15:37:43.903+0200] {dagbag.py:538} INFO - Filling up the DagBag from /usr/local/lib/python3.10/dist-packages/airflow/example_dags/example_branch_operator_decorator.py
[2024-01-22T15:37:43.930+0200] {processor.py:840} INFO - DAG(s) 'example_branch_python_operator_decorator' retrieved from /usr/local/lib/python3.10/dist-packages/airflow/example_dags/example_branch_operator_decorator.py
[2024-01-22T15:37:43.954+0200] {logging_mixin.py:188} INFO - [2024-01-22T15:37:43.954+0200] {dag.py:3036} INFO - Sync 1 DAGs
[2024-01-22T15:37:43.975+0200] {logging_mixin.py:188} INFO - [2024-01-22T15:37:43.975+0200] {dag.py:3823} INFO - Setting next_dagrun for example_branch_python_operator_decorator to 2024-01-21 00:00:00+00:00, run_after=2024-01-22 00:00:00+00:00
[2024-01-22T15:37:44.013+0200] {processor.py:183} INFO - Processing /usr/local/lib/python3.10/dist-packages/airflow/example_dags/example_branch_operator_decorator.py took 0.121 seconds
[2024-01-22T15:38:39.301+0200] {processor.py:161} INFO - Started process (PID=42140) to work on /usr/local/lib/python3.10/dist-packages/airflow/example_dags/example_branch_operator_decorator.py
[2024-01-22T15:38:39.303+0200] {processor.py:830} INFO - Processing file /usr/local/lib/python3.10/dist-packages/airflow/example_dags/example_branch_operator_decorator.py for tasks to queue
[2024-01-22T15:38:39.303+0200] {logging_mixin.py:188} INFO - [2024-01-22T15:38:39.303+0200] {dagbag.py:538} INFO - Filling up the DagBag from /usr/local/lib/python3.10/dist-packages/airflow/example_dags/example_branch_operator_decorator.py
[2024-01-22T15:38:39.321+0200] {processor.py:840} INFO - DAG(s) 'example_branch_python_operator_decorator' retrieved from /usr/local/lib/python3.10/dist-packages/airflow/example_dags/example_branch_operator_decorator.py
[2024-01-22T15:38:39.338+0200] {logging_mixin.py:188} INFO - [2024-01-22T15:38:39.338+0200] {dag.py:3036} INFO - Sync 1 DAGs
[2024-01-22T15:38:39.354+0200] {logging_mixin.py:188} INFO - [2024-01-22T15:38:39.354+0200] {dag.py:3823} INFO - Setting next_dagrun for example_branch_python_operator_decorator to 2024-01-21 00:00:00+00:00, run_after=2024-01-22 00:00:00+00:00
[2024-01-22T15:38:39.374+0200] {processor.py:183} INFO - Processing /usr/local/lib/python3.10/dist-packages/airflow/example_dags/example_branch_operator_decorator.py took 0.076 seconds
[2024-01-22T15:39:37.645+0200] {processor.py:161} INFO - Started process (PID=42204) to work on /usr/local/lib/python3.10/dist-packages/airflow/example_dags/example_branch_operator_decorator.py
[2024-01-22T15:39:37.648+0200] {processor.py:830} INFO - Processing file /usr/local/lib/python3.10/dist-packages/airflow/example_dags/example_branch_operator_decorator.py for tasks to queue
[2024-01-22T15:39:37.649+0200] {logging_mixin.py:188} INFO - [2024-01-22T15:39:37.649+0200] {dagbag.py:538} INFO - Filling up the DagBag from /usr/local/lib/python3.10/dist-packages/airflow/example_dags/example_branch_operator_decorator.py
[2024-01-22T15:39:37.690+0200] {processor.py:840} INFO - DAG(s) 'example_branch_python_operator_decorator' retrieved from /usr/local/lib/python3.10/dist-packages/airflow/example_dags/example_branch_operator_decorator.py
[2024-01-22T15:39:37.706+0200] {logging_mixin.py:188} INFO - [2024-01-22T15:39:37.705+0200] {dag.py:3036} INFO - Sync 1 DAGs
[2024-01-22T15:39:37.720+0200] {logging_mixin.py:188} INFO - [2024-01-22T15:39:37.720+0200] {dag.py:3823} INFO - Setting next_dagrun for example_branch_python_operator_decorator to 2024-01-21 00:00:00+00:00, run_after=2024-01-22 00:00:00+00:00
[2024-01-22T15:39:37.738+0200] {processor.py:183} INFO - Processing /usr/local/lib/python3.10/dist-packages/airflow/example_dags/example_branch_operator_decorator.py took 0.096 seconds
[2024-01-22T15:40:40.625+0200] {processor.py:161} INFO - Started process (PID=42294) to work on /usr/local/lib/python3.10/dist-packages/airflow/example_dags/example_branch_operator_decorator.py
[2024-01-22T15:40:40.629+0200] {processor.py:830} INFO - Processing file /usr/local/lib/python3.10/dist-packages/airflow/example_dags/example_branch_operator_decorator.py for tasks to queue
[2024-01-22T15:40:40.630+0200] {logging_mixin.py:188} INFO - [2024-01-22T15:40:40.629+0200] {dagbag.py:538} INFO - Filling up the DagBag from /usr/local/lib/python3.10/dist-packages/airflow/example_dags/example_branch_operator_decorator.py
[2024-01-22T15:40:40.655+0200] {processor.py:840} INFO - DAG(s) 'example_branch_python_operator_decorator' retrieved from /usr/local/lib/python3.10/dist-packages/airflow/example_dags/example_branch_operator_decorator.py
[2024-01-22T15:40:40.679+0200] {logging_mixin.py:188} INFO - [2024-01-22T15:40:40.679+0200] {dag.py:3036} INFO - Sync 1 DAGs
[2024-01-22T15:40:40.699+0200] {logging_mixin.py:188} INFO - [2024-01-22T15:40:40.699+0200] {dag.py:3823} INFO - Setting next_dagrun for example_branch_python_operator_decorator to 2024-01-21 00:00:00+00:00, run_after=2024-01-22 00:00:00+00:00
[2024-01-22T15:40:40.724+0200] {processor.py:183} INFO - Processing /usr/local/lib/python3.10/dist-packages/airflow/example_dags/example_branch_operator_decorator.py took 0.103 seconds
[2024-01-22T15:41:36.075+0200] {processor.py:161} INFO - Started process (PID=42351) to work on /usr/local/lib/python3.10/dist-packages/airflow/example_dags/example_branch_operator_decorator.py
[2024-01-22T15:41:36.078+0200] {processor.py:830} INFO - Processing file /usr/local/lib/python3.10/dist-packages/airflow/example_dags/example_branch_operator_decorator.py for tasks to queue
[2024-01-22T15:41:36.079+0200] {logging_mixin.py:188} INFO - [2024-01-22T15:41:36.079+0200] {dagbag.py:538} INFO - Filling up the DagBag from /usr/local/lib/python3.10/dist-packages/airflow/example_dags/example_branch_operator_decorator.py
[2024-01-22T15:41:36.102+0200] {processor.py:840} INFO - DAG(s) 'example_branch_python_operator_decorator' retrieved from /usr/local/lib/python3.10/dist-packages/airflow/example_dags/example_branch_operator_decorator.py
[2024-01-22T15:41:36.129+0200] {logging_mixin.py:188} INFO - [2024-01-22T15:41:36.129+0200] {dag.py:3036} INFO - Sync 1 DAGs
[2024-01-22T15:41:36.151+0200] {logging_mixin.py:188} INFO - [2024-01-22T15:41:36.151+0200] {dag.py:3823} INFO - Setting next_dagrun for example_branch_python_operator_decorator to 2024-01-21 00:00:00+00:00, run_after=2024-01-22 00:00:00+00:00
[2024-01-22T15:41:36.172+0200] {processor.py:183} INFO - Processing /usr/local/lib/python3.10/dist-packages/airflow/example_dags/example_branch_operator_decorator.py took 0.101 seconds
[2024-01-22T15:42:31.751+0200] {processor.py:161} INFO - Started process (PID=42411) to work on /usr/local/lib/python3.10/dist-packages/airflow/example_dags/example_branch_operator_decorator.py
[2024-01-22T15:42:31.753+0200] {processor.py:830} INFO - Processing file /usr/local/lib/python3.10/dist-packages/airflow/example_dags/example_branch_operator_decorator.py for tasks to queue
[2024-01-22T15:42:31.754+0200] {logging_mixin.py:188} INFO - [2024-01-22T15:42:31.753+0200] {dagbag.py:538} INFO - Filling up the DagBag from /usr/local/lib/python3.10/dist-packages/airflow/example_dags/example_branch_operator_decorator.py
[2024-01-22T15:42:31.779+0200] {processor.py:840} INFO - DAG(s) 'example_branch_python_operator_decorator' retrieved from /usr/local/lib/python3.10/dist-packages/airflow/example_dags/example_branch_operator_decorator.py
[2024-01-22T15:42:31.807+0200] {logging_mixin.py:188} INFO - [2024-01-22T15:42:31.807+0200] {dag.py:3036} INFO - Sync 1 DAGs
[2024-01-22T15:42:31.830+0200] {logging_mixin.py:188} INFO - [2024-01-22T15:42:31.830+0200] {dag.py:3823} INFO - Setting next_dagrun for example_branch_python_operator_decorator to 2024-01-21 00:00:00+00:00, run_after=2024-01-22 00:00:00+00:00
[2024-01-22T15:42:31.860+0200] {processor.py:183} INFO - Processing /usr/local/lib/python3.10/dist-packages/airflow/example_dags/example_branch_operator_decorator.py took 0.115 seconds
[2024-01-22T15:43:29.473+0200] {processor.py:161} INFO - Started process (PID=42476) to work on /usr/local/lib/python3.10/dist-packages/airflow/example_dags/example_branch_operator_decorator.py
[2024-01-22T15:43:29.477+0200] {processor.py:830} INFO - Processing file /usr/local/lib/python3.10/dist-packages/airflow/example_dags/example_branch_operator_decorator.py for tasks to queue
[2024-01-22T15:43:29.478+0200] {logging_mixin.py:188} INFO - [2024-01-22T15:43:29.478+0200] {dagbag.py:538} INFO - Filling up the DagBag from /usr/local/lib/python3.10/dist-packages/airflow/example_dags/example_branch_operator_decorator.py
[2024-01-22T15:43:29.503+0200] {processor.py:840} INFO - DAG(s) 'example_branch_python_operator_decorator' retrieved from /usr/local/lib/python3.10/dist-packages/airflow/example_dags/example_branch_operator_decorator.py
[2024-01-22T15:43:29.541+0200] {logging_mixin.py:188} INFO - [2024-01-22T15:43:29.541+0200] {dag.py:3036} INFO - Sync 1 DAGs
[2024-01-22T15:43:29.569+0200] {logging_mixin.py:188} INFO - [2024-01-22T15:43:29.569+0200] {dag.py:3823} INFO - Setting next_dagrun for example_branch_python_operator_decorator to 2024-01-21 00:00:00+00:00, run_after=2024-01-22 00:00:00+00:00
[2024-01-22T15:43:29.596+0200] {processor.py:183} INFO - Processing /usr/local/lib/python3.10/dist-packages/airflow/example_dags/example_branch_operator_decorator.py took 0.127 seconds
[2024-01-22T15:44:20.856+0200] {processor.py:161} INFO - Started process (PID=42528) to work on /usr/local/lib/python3.10/dist-packages/airflow/example_dags/example_branch_operator_decorator.py
[2024-01-22T15:44:20.859+0200] {processor.py:830} INFO - Processing file /usr/local/lib/python3.10/dist-packages/airflow/example_dags/example_branch_operator_decorator.py for tasks to queue
[2024-01-22T15:44:20.860+0200] {logging_mixin.py:188} INFO - [2024-01-22T15:44:20.859+0200] {dagbag.py:538} INFO - Filling up the DagBag from /usr/local/lib/python3.10/dist-packages/airflow/example_dags/example_branch_operator_decorator.py
[2024-01-22T15:44:20.886+0200] {processor.py:840} INFO - DAG(s) 'example_branch_python_operator_decorator' retrieved from /usr/local/lib/python3.10/dist-packages/airflow/example_dags/example_branch_operator_decorator.py
[2024-01-22T15:44:20.913+0200] {logging_mixin.py:188} INFO - [2024-01-22T15:44:20.912+0200] {dag.py:3036} INFO - Sync 1 DAGs
[2024-01-22T15:44:20.936+0200] {logging_mixin.py:188} INFO - [2024-01-22T15:44:20.936+0200] {dag.py:3823} INFO - Setting next_dagrun for example_branch_python_operator_decorator to 2024-01-21 00:00:00+00:00, run_after=2024-01-22 00:00:00+00:00
[2024-01-22T15:44:20.967+0200] {processor.py:183} INFO - Processing /usr/local/lib/python3.10/dist-packages/airflow/example_dags/example_branch_operator_decorator.py took 0.116 seconds
[2024-01-22T15:45:08.937+0200] {processor.py:161} INFO - Started process (PID=42593) to work on /usr/local/lib/python3.10/dist-packages/airflow/example_dags/example_branch_operator_decorator.py
[2024-01-22T15:45:08.938+0200] {processor.py:830} INFO - Processing file /usr/local/lib/python3.10/dist-packages/airflow/example_dags/example_branch_operator_decorator.py for tasks to queue
[2024-01-22T15:45:08.939+0200] {logging_mixin.py:188} INFO - [2024-01-22T15:45:08.939+0200] {dagbag.py:538} INFO - Filling up the DagBag from /usr/local/lib/python3.10/dist-packages/airflow/example_dags/example_branch_operator_decorator.py
[2024-01-22T15:45:08.955+0200] {processor.py:840} INFO - DAG(s) 'example_branch_python_operator_decorator' retrieved from /usr/local/lib/python3.10/dist-packages/airflow/example_dags/example_branch_operator_decorator.py
[2024-01-22T15:45:08.970+0200] {logging_mixin.py:188} INFO - [2024-01-22T15:45:08.970+0200] {dag.py:3036} INFO - Sync 1 DAGs
[2024-01-22T15:45:08.985+0200] {logging_mixin.py:188} INFO - [2024-01-22T15:45:08.985+0200] {dag.py:3823} INFO - Setting next_dagrun for example_branch_python_operator_decorator to 2024-01-21 00:00:00+00:00, run_after=2024-01-22 00:00:00+00:00
[2024-01-22T15:45:09.001+0200] {processor.py:183} INFO - Processing /usr/local/lib/python3.10/dist-packages/airflow/example_dags/example_branch_operator_decorator.py took 0.067 seconds
[2024-01-22T15:46:05.506+0200] {processor.py:161} INFO - Started process (PID=42692) to work on /usr/local/lib/python3.10/dist-packages/airflow/example_dags/example_branch_operator_decorator.py
[2024-01-22T15:46:05.509+0200] {processor.py:830} INFO - Processing file /usr/local/lib/python3.10/dist-packages/airflow/example_dags/example_branch_operator_decorator.py for tasks to queue
[2024-01-22T15:46:05.510+0200] {logging_mixin.py:188} INFO - [2024-01-22T15:46:05.509+0200] {dagbag.py:538} INFO - Filling up the DagBag from /usr/local/lib/python3.10/dist-packages/airflow/example_dags/example_branch_operator_decorator.py
[2024-01-22T15:46:05.557+0200] {processor.py:840} INFO - DAG(s) 'example_branch_python_operator_decorator' retrieved from /usr/local/lib/python3.10/dist-packages/airflow/example_dags/example_branch_operator_decorator.py
[2024-01-22T15:46:05.588+0200] {logging_mixin.py:188} INFO - [2024-01-22T15:46:05.588+0200] {dag.py:3036} INFO - Sync 1 DAGs
[2024-01-22T15:46:05.625+0200] {logging_mixin.py:188} INFO - [2024-01-22T15:46:05.625+0200] {dag.py:3823} INFO - Setting next_dagrun for example_branch_python_operator_decorator to 2024-01-21 00:00:00+00:00, run_after=2024-01-22 00:00:00+00:00
[2024-01-22T15:46:05.652+0200] {processor.py:183} INFO - Processing /usr/local/lib/python3.10/dist-packages/airflow/example_dags/example_branch_operator_decorator.py took 0.148 seconds
[2024-01-22T15:47:24.149+0200] {processor.py:161} INFO - Started process (PID=43671) to work on /usr/local/lib/python3.10/dist-packages/airflow/example_dags/example_branch_operator_decorator.py
[2024-01-22T15:47:24.153+0200] {processor.py:830} INFO - Processing file /usr/local/lib/python3.10/dist-packages/airflow/example_dags/example_branch_operator_decorator.py for tasks to queue
[2024-01-22T15:47:24.155+0200] {logging_mixin.py:188} INFO - [2024-01-22T15:47:24.154+0200] {dagbag.py:538} INFO - Filling up the DagBag from /usr/local/lib/python3.10/dist-packages/airflow/example_dags/example_branch_operator_decorator.py
[2024-01-22T15:47:24.187+0200] {processor.py:840} INFO - DAG(s) 'example_branch_python_operator_decorator' retrieved from /usr/local/lib/python3.10/dist-packages/airflow/example_dags/example_branch_operator_decorator.py
[2024-01-22T15:47:24.215+0200] {logging_mixin.py:188} INFO - [2024-01-22T15:47:24.215+0200] {dag.py:3036} INFO - Sync 1 DAGs
[2024-01-22T15:47:24.257+0200] {logging_mixin.py:188} INFO - [2024-01-22T15:47:24.257+0200] {dag.py:3823} INFO - Setting next_dagrun for example_branch_python_operator_decorator to 2024-01-21 00:00:00+00:00, run_after=2024-01-22 00:00:00+00:00
[2024-01-22T15:47:24.378+0200] {processor.py:183} INFO - Processing /usr/local/lib/python3.10/dist-packages/airflow/example_dags/example_branch_operator_decorator.py took 0.237 seconds
[2024-01-22T15:48:29.675+0200] {processor.py:161} INFO - Started process (PID=43822) to work on /usr/local/lib/python3.10/dist-packages/airflow/example_dags/example_branch_operator_decorator.py
[2024-01-22T15:48:29.689+0200] {processor.py:830} INFO - Processing file /usr/local/lib/python3.10/dist-packages/airflow/example_dags/example_branch_operator_decorator.py for tasks to queue
[2024-01-22T15:48:29.690+0200] {logging_mixin.py:188} INFO - [2024-01-22T15:48:29.690+0200] {dagbag.py:538} INFO - Filling up the DagBag from /usr/local/lib/python3.10/dist-packages/airflow/example_dags/example_branch_operator_decorator.py
[2024-01-22T15:48:29.731+0200] {processor.py:840} INFO - DAG(s) 'example_branch_python_operator_decorator' retrieved from /usr/local/lib/python3.10/dist-packages/airflow/example_dags/example_branch_operator_decorator.py
[2024-01-22T15:48:29.796+0200] {logging_mixin.py:188} INFO - [2024-01-22T15:48:29.796+0200] {dag.py:3036} INFO - Sync 1 DAGs
[2024-01-22T15:48:29.850+0200] {logging_mixin.py:188} INFO - [2024-01-22T15:48:29.849+0200] {dag.py:3823} INFO - Setting next_dagrun for example_branch_python_operator_decorator to 2024-01-21 00:00:00+00:00, run_after=2024-01-22 00:00:00+00:00
[2024-01-22T15:48:29.892+0200] {processor.py:183} INFO - Processing /usr/local/lib/python3.10/dist-packages/airflow/example_dags/example_branch_operator_decorator.py took 0.223 seconds
