[2024-01-22T15:30:43.973+0200] {processor.py:161} INFO - Started process (PID=40617) to work on /usr/local/lib/python3.10/dist-packages/airflow/example_dags/example_complex.py
[2024-01-22T15:30:43.974+0200] {processor.py:830} INFO - Processing file /usr/local/lib/python3.10/dist-packages/airflow/example_dags/example_complex.py for tasks to queue
[2024-01-22T15:30:43.975+0200] {logging_mixin.py:188} INFO - [2024-01-22T15:30:43.974+0200] {dagbag.py:538} INFO - Filling up the DagBag from /usr/local/lib/python3.10/dist-packages/airflow/example_dags/example_complex.py
[2024-01-22T15:30:43.983+0200] {processor.py:840} INFO - DAG(s) 'example_complex' retrieved from /usr/local/lib/python3.10/dist-packages/airflow/example_dags/example_complex.py
[2024-01-22T15:30:44.223+0200] {logging_mixin.py:188} INFO - [2024-01-22T15:30:44.223+0200] {dag.py:3036} INFO - Sync 1 DAGs
[2024-01-22T15:30:44.229+0200] {logging_mixin.py:188} INFO - [2024-01-22T15:30:44.229+0200] {dag.py:3823} INFO - Setting next_dagrun for example_complex to None, run_after=None
[2024-01-22T15:30:44.319+0200] {processor.py:183} INFO - Processing /usr/local/lib/python3.10/dist-packages/airflow/example_dags/example_complex.py took 0.352 seconds
[2024-01-22T15:31:55.979+0200] {processor.py:161} INFO - Started process (PID=41068) to work on /usr/local/lib/python3.10/dist-packages/airflow/example_dags/example_complex.py
[2024-01-22T15:31:55.990+0200] {processor.py:830} INFO - Processing file /usr/local/lib/python3.10/dist-packages/airflow/example_dags/example_complex.py for tasks to queue
[2024-01-22T15:31:55.991+0200] {logging_mixin.py:188} INFO - [2024-01-22T15:31:55.991+0200] {dagbag.py:538} INFO - Filling up the DagBag from /usr/local/lib/python3.10/dist-packages/airflow/example_dags/example_complex.py
[2024-01-22T15:31:56.062+0200] {processor.py:840} INFO - DAG(s) 'example_complex' retrieved from /usr/local/lib/python3.10/dist-packages/airflow/example_dags/example_complex.py
[2024-01-22T15:31:56.298+0200] {logging_mixin.py:188} INFO - [2024-01-22T15:31:56.298+0200] {dag.py:3036} INFO - Sync 1 DAGs
[2024-01-22T15:31:56.378+0200] {logging_mixin.py:188} INFO - [2024-01-22T15:31:56.377+0200] {dag.py:3823} INFO - Setting next_dagrun for example_complex to None, run_after=None
[2024-01-22T15:31:56.468+0200] {processor.py:183} INFO - Processing /usr/local/lib/python3.10/dist-packages/airflow/example_dags/example_complex.py took 0.511 seconds
[2024-01-22T15:32:50.448+0200] {processor.py:161} INFO - Started process (PID=41236) to work on /usr/local/lib/python3.10/dist-packages/airflow/example_dags/example_complex.py
[2024-01-22T15:32:50.453+0200] {processor.py:830} INFO - Processing file /usr/local/lib/python3.10/dist-packages/airflow/example_dags/example_complex.py for tasks to queue
[2024-01-22T15:32:50.454+0200] {logging_mixin.py:188} INFO - [2024-01-22T15:32:50.454+0200] {dagbag.py:538} INFO - Filling up the DagBag from /usr/local/lib/python3.10/dist-packages/airflow/example_dags/example_complex.py
[2024-01-22T15:32:50.492+0200] {processor.py:840} INFO - DAG(s) 'example_complex' retrieved from /usr/local/lib/python3.10/dist-packages/airflow/example_dags/example_complex.py
[2024-01-22T15:32:50.576+0200] {logging_mixin.py:188} INFO - [2024-01-22T15:32:50.575+0200] {dag.py:3036} INFO - Sync 1 DAGs
[2024-01-22T15:32:50.611+0200] {logging_mixin.py:188} INFO - [2024-01-22T15:32:50.610+0200] {dag.py:3823} INFO - Setting next_dagrun for example_complex to None, run_after=None
[2024-01-22T15:32:50.655+0200] {processor.py:183} INFO - Processing /usr/local/lib/python3.10/dist-packages/airflow/example_dags/example_complex.py took 0.218 seconds
[2024-01-22T15:33:57.646+0200] {processor.py:161} INFO - Started process (PID=41562) to work on /usr/local/lib/python3.10/dist-packages/airflow/example_dags/example_complex.py
[2024-01-22T15:33:57.650+0200] {processor.py:830} INFO - Processing file /usr/local/lib/python3.10/dist-packages/airflow/example_dags/example_complex.py for tasks to queue
[2024-01-22T15:33:57.654+0200] {logging_mixin.py:188} INFO - [2024-01-22T15:33:57.651+0200] {dagbag.py:538} INFO - Filling up the DagBag from /usr/local/lib/python3.10/dist-packages/airflow/example_dags/example_complex.py
[2024-01-22T15:33:57.698+0200] {processor.py:840} INFO - DAG(s) 'example_complex' retrieved from /usr/local/lib/python3.10/dist-packages/airflow/example_dags/example_complex.py
[2024-01-22T15:33:57.746+0200] {logging_mixin.py:188} INFO - [2024-01-22T15:33:57.746+0200] {dag.py:3036} INFO - Sync 1 DAGs
[2024-01-22T15:33:57.823+0200] {logging_mixin.py:188} INFO - [2024-01-22T15:33:57.823+0200] {dag.py:3823} INFO - Setting next_dagrun for example_complex to None, run_after=None
[2024-01-22T15:33:57.864+0200] {processor.py:183} INFO - Processing /usr/local/lib/python3.10/dist-packages/airflow/example_dags/example_complex.py took 0.232 seconds
[2024-01-22T15:34:49.850+0200] {processor.py:161} INFO - Started process (PID=41651) to work on /usr/local/lib/python3.10/dist-packages/airflow/example_dags/example_complex.py
[2024-01-22T15:34:49.852+0200] {processor.py:830} INFO - Processing file /usr/local/lib/python3.10/dist-packages/airflow/example_dags/example_complex.py for tasks to queue
[2024-01-22T15:34:49.853+0200] {logging_mixin.py:188} INFO - [2024-01-22T15:34:49.853+0200] {dagbag.py:538} INFO - Filling up the DagBag from /usr/local/lib/python3.10/dist-packages/airflow/example_dags/example_complex.py
[2024-01-22T15:34:49.873+0200] {processor.py:840} INFO - DAG(s) 'example_complex' retrieved from /usr/local/lib/python3.10/dist-packages/airflow/example_dags/example_complex.py
[2024-01-22T15:34:49.915+0200] {logging_mixin.py:188} INFO - [2024-01-22T15:34:49.915+0200] {dag.py:3036} INFO - Sync 1 DAGs
[2024-01-22T15:34:49.935+0200] {logging_mixin.py:188} INFO - [2024-01-22T15:34:49.934+0200] {dag.py:3823} INFO - Setting next_dagrun for example_complex to None, run_after=None
[2024-01-22T15:34:49.960+0200] {processor.py:183} INFO - Processing /usr/local/lib/python3.10/dist-packages/airflow/example_dags/example_complex.py took 0.121 seconds
[2024-01-22T15:35:38.071+0200] {processor.py:161} INFO - Started process (PID=41804) to work on /usr/local/lib/python3.10/dist-packages/airflow/example_dags/example_complex.py
[2024-01-22T15:35:38.073+0200] {processor.py:830} INFO - Processing file /usr/local/lib/python3.10/dist-packages/airflow/example_dags/example_complex.py for tasks to queue
[2024-01-22T15:35:38.073+0200] {logging_mixin.py:188} INFO - [2024-01-22T15:35:38.073+0200] {dagbag.py:538} INFO - Filling up the DagBag from /usr/local/lib/python3.10/dist-packages/airflow/example_dags/example_complex.py
[2024-01-22T15:35:38.104+0200] {processor.py:840} INFO - DAG(s) 'example_complex' retrieved from /usr/local/lib/python3.10/dist-packages/airflow/example_dags/example_complex.py
[2024-01-22T15:35:38.157+0200] {logging_mixin.py:188} INFO - [2024-01-22T15:35:38.154+0200] {dag.py:3036} INFO - Sync 1 DAGs
[2024-01-22T15:35:38.187+0200] {logging_mixin.py:188} INFO - [2024-01-22T15:35:38.187+0200] {dag.py:3823} INFO - Setting next_dagrun for example_complex to None, run_after=None
[2024-01-22T15:35:38.239+0200] {processor.py:183} INFO - Processing /usr/local/lib/python3.10/dist-packages/airflow/example_dags/example_complex.py took 0.171 seconds
[2024-01-22T15:36:25.941+0200] {processor.py:161} INFO - Started process (PID=41926) to work on /usr/local/lib/python3.10/dist-packages/airflow/example_dags/example_complex.py
[2024-01-22T15:36:25.943+0200] {processor.py:830} INFO - Processing file /usr/local/lib/python3.10/dist-packages/airflow/example_dags/example_complex.py for tasks to queue
[2024-01-22T15:36:25.943+0200] {logging_mixin.py:188} INFO - [2024-01-22T15:36:25.943+0200] {dagbag.py:538} INFO - Filling up the DagBag from /usr/local/lib/python3.10/dist-packages/airflow/example_dags/example_complex.py
[2024-01-22T15:36:25.952+0200] {processor.py:840} INFO - DAG(s) 'example_complex' retrieved from /usr/local/lib/python3.10/dist-packages/airflow/example_dags/example_complex.py
[2024-01-22T15:36:25.973+0200] {logging_mixin.py:188} INFO - [2024-01-22T15:36:25.973+0200] {dag.py:3036} INFO - Sync 1 DAGs
[2024-01-22T15:36:25.981+0200] {logging_mixin.py:188} INFO - [2024-01-22T15:36:25.981+0200] {dag.py:3823} INFO - Setting next_dagrun for example_complex to None, run_after=None
[2024-01-22T15:36:25.999+0200] {processor.py:183} INFO - Processing /usr/local/lib/python3.10/dist-packages/airflow/example_dags/example_complex.py took 0.061 seconds
[2024-01-22T15:37:11.579+0200] {processor.py:161} INFO - Started process (PID=42035) to work on /usr/local/lib/python3.10/dist-packages/airflow/example_dags/example_complex.py
[2024-01-22T15:37:11.581+0200] {processor.py:830} INFO - Processing file /usr/local/lib/python3.10/dist-packages/airflow/example_dags/example_complex.py for tasks to queue
[2024-01-22T15:37:11.582+0200] {logging_mixin.py:188} INFO - [2024-01-22T15:37:11.582+0200] {dagbag.py:538} INFO - Filling up the DagBag from /usr/local/lib/python3.10/dist-packages/airflow/example_dags/example_complex.py
[2024-01-22T15:37:11.592+0200] {processor.py:840} INFO - DAG(s) 'example_complex' retrieved from /usr/local/lib/python3.10/dist-packages/airflow/example_dags/example_complex.py
[2024-01-22T15:37:11.614+0200] {logging_mixin.py:188} INFO - [2024-01-22T15:37:11.614+0200] {dag.py:3036} INFO - Sync 1 DAGs
[2024-01-22T15:37:11.623+0200] {logging_mixin.py:188} INFO - [2024-01-22T15:37:11.623+0200] {dag.py:3823} INFO - Setting next_dagrun for example_complex to None, run_after=None
[2024-01-22T15:37:11.642+0200] {processor.py:183} INFO - Processing /usr/local/lib/python3.10/dist-packages/airflow/example_dags/example_complex.py took 0.066 seconds
[2024-01-22T15:37:58.239+0200] {processor.py:161} INFO - Started process (PID=42097) to work on /usr/local/lib/python3.10/dist-packages/airflow/example_dags/example_complex.py
[2024-01-22T15:37:58.242+0200] {processor.py:830} INFO - Processing file /usr/local/lib/python3.10/dist-packages/airflow/example_dags/example_complex.py for tasks to queue
[2024-01-22T15:37:58.243+0200] {logging_mixin.py:188} INFO - [2024-01-22T15:37:58.242+0200] {dagbag.py:538} INFO - Filling up the DagBag from /usr/local/lib/python3.10/dist-packages/airflow/example_dags/example_complex.py
[2024-01-22T15:37:58.258+0200] {processor.py:840} INFO - DAG(s) 'example_complex' retrieved from /usr/local/lib/python3.10/dist-packages/airflow/example_dags/example_complex.py
[2024-01-22T15:37:58.286+0200] {logging_mixin.py:188} INFO - [2024-01-22T15:37:58.285+0200] {dag.py:3036} INFO - Sync 1 DAGs
[2024-01-22T15:37:58.297+0200] {logging_mixin.py:188} INFO - [2024-01-22T15:37:58.297+0200] {dag.py:3823} INFO - Setting next_dagrun for example_complex to None, run_after=None
[2024-01-22T15:37:58.323+0200] {processor.py:183} INFO - Processing /usr/local/lib/python3.10/dist-packages/airflow/example_dags/example_complex.py took 0.087 seconds
[2024-01-22T15:38:50.589+0200] {processor.py:161} INFO - Started process (PID=42151) to work on /usr/local/lib/python3.10/dist-packages/airflow/example_dags/example_complex.py
[2024-01-22T15:38:50.592+0200] {processor.py:830} INFO - Processing file /usr/local/lib/python3.10/dist-packages/airflow/example_dags/example_complex.py for tasks to queue
[2024-01-22T15:38:50.593+0200] {logging_mixin.py:188} INFO - [2024-01-22T15:38:50.593+0200] {dagbag.py:538} INFO - Filling up the DagBag from /usr/local/lib/python3.10/dist-packages/airflow/example_dags/example_complex.py
[2024-01-22T15:38:50.607+0200] {processor.py:840} INFO - DAG(s) 'example_complex' retrieved from /usr/local/lib/python3.10/dist-packages/airflow/example_dags/example_complex.py
[2024-01-22T15:38:50.638+0200] {logging_mixin.py:188} INFO - [2024-01-22T15:38:50.638+0200] {dag.py:3036} INFO - Sync 1 DAGs
[2024-01-22T15:38:50.651+0200] {logging_mixin.py:188} INFO - [2024-01-22T15:38:50.651+0200] {dag.py:3823} INFO - Setting next_dagrun for example_complex to None, run_after=None
[2024-01-22T15:38:50.680+0200] {processor.py:183} INFO - Processing /usr/local/lib/python3.10/dist-packages/airflow/example_dags/example_complex.py took 0.095 seconds
[2024-01-22T15:39:49.831+0200] {processor.py:161} INFO - Started process (PID=42217) to work on /usr/local/lib/python3.10/dist-packages/airflow/example_dags/example_complex.py
[2024-01-22T15:39:49.836+0200] {processor.py:830} INFO - Processing file /usr/local/lib/python3.10/dist-packages/airflow/example_dags/example_complex.py for tasks to queue
[2024-01-22T15:39:49.855+0200] {logging_mixin.py:188} INFO - [2024-01-22T15:39:49.845+0200] {dagbag.py:538} INFO - Filling up the DagBag from /usr/local/lib/python3.10/dist-packages/airflow/example_dags/example_complex.py
[2024-01-22T15:39:49.972+0200] {processor.py:840} INFO - DAG(s) 'example_complex' retrieved from /usr/local/lib/python3.10/dist-packages/airflow/example_dags/example_complex.py
[2024-01-22T15:39:50.117+0200] {logging_mixin.py:188} INFO - [2024-01-22T15:39:50.116+0200] {dag.py:3036} INFO - Sync 1 DAGs
[2024-01-22T15:39:50.163+0200] {logging_mixin.py:188} INFO - [2024-01-22T15:39:50.163+0200] {dag.py:3823} INFO - Setting next_dagrun for example_complex to None, run_after=None
[2024-01-22T15:39:50.274+0200] {processor.py:183} INFO - Processing /usr/local/lib/python3.10/dist-packages/airflow/example_dags/example_complex.py took 0.462 seconds
[2024-01-22T15:40:33.152+0200] {processor.py:161} INFO - Started process (PID=42287) to work on /usr/local/lib/python3.10/dist-packages/airflow/example_dags/example_complex.py
[2024-01-22T15:40:33.155+0200] {processor.py:830} INFO - Processing file /usr/local/lib/python3.10/dist-packages/airflow/example_dags/example_complex.py for tasks to queue
[2024-01-22T15:40:33.156+0200] {logging_mixin.py:188} INFO - [2024-01-22T15:40:33.156+0200] {dagbag.py:538} INFO - Filling up the DagBag from /usr/local/lib/python3.10/dist-packages/airflow/example_dags/example_complex.py
[2024-01-22T15:40:33.168+0200] {processor.py:840} INFO - DAG(s) 'example_complex' retrieved from /usr/local/lib/python3.10/dist-packages/airflow/example_dags/example_complex.py
[2024-01-22T15:40:33.195+0200] {logging_mixin.py:188} INFO - [2024-01-22T15:40:33.195+0200] {dag.py:3036} INFO - Sync 1 DAGs
[2024-01-22T15:40:33.207+0200] {logging_mixin.py:188} INFO - [2024-01-22T15:40:33.207+0200] {dag.py:3823} INFO - Setting next_dagrun for example_complex to None, run_after=None
[2024-01-22T15:40:33.232+0200] {processor.py:183} INFO - Processing /usr/local/lib/python3.10/dist-packages/airflow/example_dags/example_complex.py took 0.085 seconds
[2024-01-22T15:41:29.769+0200] {processor.py:161} INFO - Started process (PID=42344) to work on /usr/local/lib/python3.10/dist-packages/airflow/example_dags/example_complex.py
[2024-01-22T15:41:29.771+0200] {processor.py:830} INFO - Processing file /usr/local/lib/python3.10/dist-packages/airflow/example_dags/example_complex.py for tasks to queue
[2024-01-22T15:41:29.772+0200] {logging_mixin.py:188} INFO - [2024-01-22T15:41:29.771+0200] {dagbag.py:538} INFO - Filling up the DagBag from /usr/local/lib/python3.10/dist-packages/airflow/example_dags/example_complex.py
[2024-01-22T15:41:29.784+0200] {processor.py:840} INFO - DAG(s) 'example_complex' retrieved from /usr/local/lib/python3.10/dist-packages/airflow/example_dags/example_complex.py
[2024-01-22T15:41:29.813+0200] {logging_mixin.py:188} INFO - [2024-01-22T15:41:29.813+0200] {dag.py:3036} INFO - Sync 1 DAGs
[2024-01-22T15:41:29.825+0200] {logging_mixin.py:188} INFO - [2024-01-22T15:41:29.825+0200] {dag.py:3823} INFO - Setting next_dagrun for example_complex to None, run_after=None
[2024-01-22T15:41:29.854+0200] {processor.py:183} INFO - Processing /usr/local/lib/python3.10/dist-packages/airflow/example_dags/example_complex.py took 0.089 seconds
[2024-01-22T15:42:24.970+0200] {processor.py:161} INFO - Started process (PID=42404) to work on /usr/local/lib/python3.10/dist-packages/airflow/example_dags/example_complex.py
[2024-01-22T15:42:24.974+0200] {processor.py:830} INFO - Processing file /usr/local/lib/python3.10/dist-packages/airflow/example_dags/example_complex.py for tasks to queue
[2024-01-22T15:42:24.975+0200] {logging_mixin.py:188} INFO - [2024-01-22T15:42:24.975+0200] {dagbag.py:538} INFO - Filling up the DagBag from /usr/local/lib/python3.10/dist-packages/airflow/example_dags/example_complex.py
[2024-01-22T15:42:24.983+0200] {processor.py:840} INFO - DAG(s) 'example_complex' retrieved from /usr/local/lib/python3.10/dist-packages/airflow/example_dags/example_complex.py
[2024-01-22T15:42:25.028+0200] {logging_mixin.py:188} INFO - [2024-01-22T15:42:25.027+0200] {dag.py:3036} INFO - Sync 1 DAGs
[2024-01-22T15:42:25.037+0200] {logging_mixin.py:188} INFO - [2024-01-22T15:42:25.037+0200] {dag.py:3823} INFO - Setting next_dagrun for example_complex to None, run_after=None
[2024-01-22T15:42:25.058+0200] {processor.py:183} INFO - Processing /usr/local/lib/python3.10/dist-packages/airflow/example_dags/example_complex.py took 0.091 seconds
[2024-01-22T15:43:22.660+0200] {processor.py:161} INFO - Started process (PID=42469) to work on /usr/local/lib/python3.10/dist-packages/airflow/example_dags/example_complex.py
[2024-01-22T15:43:22.663+0200] {processor.py:830} INFO - Processing file /usr/local/lib/python3.10/dist-packages/airflow/example_dags/example_complex.py for tasks to queue
[2024-01-22T15:43:22.664+0200] {logging_mixin.py:188} INFO - [2024-01-22T15:43:22.663+0200] {dagbag.py:538} INFO - Filling up the DagBag from /usr/local/lib/python3.10/dist-packages/airflow/example_dags/example_complex.py
[2024-01-22T15:43:22.676+0200] {processor.py:840} INFO - DAG(s) 'example_complex' retrieved from /usr/local/lib/python3.10/dist-packages/airflow/example_dags/example_complex.py
[2024-01-22T15:43:22.705+0200] {logging_mixin.py:188} INFO - [2024-01-22T15:43:22.705+0200] {dag.py:3036} INFO - Sync 1 DAGs
[2024-01-22T15:43:22.718+0200] {logging_mixin.py:188} INFO - [2024-01-22T15:43:22.718+0200] {dag.py:3823} INFO - Setting next_dagrun for example_complex to None, run_after=None
[2024-01-22T15:43:22.747+0200] {processor.py:183} INFO - Processing /usr/local/lib/python3.10/dist-packages/airflow/example_dags/example_complex.py took 0.092 seconds
[2024-01-22T15:44:13.605+0200] {processor.py:161} INFO - Started process (PID=42521) to work on /usr/local/lib/python3.10/dist-packages/airflow/example_dags/example_complex.py
[2024-01-22T15:44:13.607+0200] {processor.py:830} INFO - Processing file /usr/local/lib/python3.10/dist-packages/airflow/example_dags/example_complex.py for tasks to queue
[2024-01-22T15:44:13.608+0200] {logging_mixin.py:188} INFO - [2024-01-22T15:44:13.607+0200] {dagbag.py:538} INFO - Filling up the DagBag from /usr/local/lib/python3.10/dist-packages/airflow/example_dags/example_complex.py
[2024-01-22T15:44:13.619+0200] {processor.py:840} INFO - DAG(s) 'example_complex' retrieved from /usr/local/lib/python3.10/dist-packages/airflow/example_dags/example_complex.py
[2024-01-22T15:44:13.646+0200] {logging_mixin.py:188} INFO - [2024-01-22T15:44:13.646+0200] {dag.py:3036} INFO - Sync 1 DAGs
[2024-01-22T15:44:13.658+0200] {logging_mixin.py:188} INFO - [2024-01-22T15:44:13.658+0200] {dag.py:3823} INFO - Setting next_dagrun for example_complex to None, run_after=None
[2024-01-22T15:44:13.687+0200] {processor.py:183} INFO - Processing /usr/local/lib/python3.10/dist-packages/airflow/example_dags/example_complex.py took 0.087 seconds
[2024-01-22T15:45:03.787+0200] {processor.py:161} INFO - Started process (PID=42572) to work on /usr/local/lib/python3.10/dist-packages/airflow/example_dags/example_complex.py
[2024-01-22T15:45:03.789+0200] {processor.py:830} INFO - Processing file /usr/local/lib/python3.10/dist-packages/airflow/example_dags/example_complex.py for tasks to queue
[2024-01-22T15:45:03.791+0200] {logging_mixin.py:188} INFO - [2024-01-22T15:45:03.790+0200] {dagbag.py:538} INFO - Filling up the DagBag from /usr/local/lib/python3.10/dist-packages/airflow/example_dags/example_complex.py
[2024-01-22T15:45:03.805+0200] {processor.py:840} INFO - DAG(s) 'example_complex' retrieved from /usr/local/lib/python3.10/dist-packages/airflow/example_dags/example_complex.py
[2024-01-22T15:45:03.837+0200] {logging_mixin.py:188} INFO - [2024-01-22T15:45:03.837+0200] {dag.py:3036} INFO - Sync 1 DAGs
[2024-01-22T15:45:03.851+0200] {logging_mixin.py:188} INFO - [2024-01-22T15:45:03.851+0200] {dag.py:3823} INFO - Setting next_dagrun for example_complex to None, run_after=None
[2024-01-22T15:45:03.882+0200] {processor.py:183} INFO - Processing /usr/local/lib/python3.10/dist-packages/airflow/example_dags/example_complex.py took 0.100 seconds
[2024-01-22T15:45:56.600+0200] {processor.py:161} INFO - Started process (PID=42685) to work on /usr/local/lib/python3.10/dist-packages/airflow/example_dags/example_complex.py
[2024-01-22T15:45:56.603+0200] {processor.py:830} INFO - Processing file /usr/local/lib/python3.10/dist-packages/airflow/example_dags/example_complex.py for tasks to queue
[2024-01-22T15:45:56.603+0200] {logging_mixin.py:188} INFO - [2024-01-22T15:45:56.603+0200] {dagbag.py:538} INFO - Filling up the DagBag from /usr/local/lib/python3.10/dist-packages/airflow/example_dags/example_complex.py
[2024-01-22T15:45:56.611+0200] {processor.py:840} INFO - DAG(s) 'example_complex' retrieved from /usr/local/lib/python3.10/dist-packages/airflow/example_dags/example_complex.py
[2024-01-22T15:45:56.629+0200] {logging_mixin.py:188} INFO - [2024-01-22T15:45:56.629+0200] {dag.py:3036} INFO - Sync 1 DAGs
[2024-01-22T15:45:56.640+0200] {logging_mixin.py:188} INFO - [2024-01-22T15:45:56.640+0200] {dag.py:3823} INFO - Setting next_dagrun for example_complex to None, run_after=None
[2024-01-22T15:45:56.673+0200] {processor.py:183} INFO - Processing /usr/local/lib/python3.10/dist-packages/airflow/example_dags/example_complex.py took 0.076 seconds
[2024-01-22T15:46:49.415+0200] {processor.py:161} INFO - Started process (PID=43567) to work on /usr/local/lib/python3.10/dist-packages/airflow/example_dags/example_complex.py
[2024-01-22T15:46:49.419+0200] {processor.py:830} INFO - Processing file /usr/local/lib/python3.10/dist-packages/airflow/example_dags/example_complex.py for tasks to queue
[2024-01-22T15:46:49.420+0200] {logging_mixin.py:188} INFO - [2024-01-22T15:46:49.420+0200] {dagbag.py:538} INFO - Filling up the DagBag from /usr/local/lib/python3.10/dist-packages/airflow/example_dags/example_complex.py
[2024-01-22T15:46:49.480+0200] {processor.py:840} INFO - DAG(s) 'example_complex' retrieved from /usr/local/lib/python3.10/dist-packages/airflow/example_dags/example_complex.py
[2024-01-22T15:46:49.636+0200] {logging_mixin.py:188} INFO - [2024-01-22T15:46:49.636+0200] {dag.py:3036} INFO - Sync 1 DAGs
[2024-01-22T15:46:49.723+0200] {logging_mixin.py:188} INFO - [2024-01-22T15:46:49.723+0200] {dag.py:3823} INFO - Setting next_dagrun for example_complex to None, run_after=None
[2024-01-22T15:46:49.865+0200] {processor.py:183} INFO - Processing /usr/local/lib/python3.10/dist-packages/airflow/example_dags/example_complex.py took 0.461 seconds
[2024-01-22T15:47:41.232+0200] {processor.py:161} INFO - Started process (PID=43705) to work on /usr/local/lib/python3.10/dist-packages/airflow/example_dags/example_complex.py
[2024-01-22T15:47:41.234+0200] {processor.py:830} INFO - Processing file /usr/local/lib/python3.10/dist-packages/airflow/example_dags/example_complex.py for tasks to queue
[2024-01-22T15:47:41.237+0200] {logging_mixin.py:188} INFO - [2024-01-22T15:47:41.235+0200] {dagbag.py:538} INFO - Filling up the DagBag from /usr/local/lib/python3.10/dist-packages/airflow/example_dags/example_complex.py
[2024-01-22T15:47:41.280+0200] {processor.py:840} INFO - DAG(s) 'example_complex' retrieved from /usr/local/lib/python3.10/dist-packages/airflow/example_dags/example_complex.py
[2024-01-22T15:47:41.327+0200] {logging_mixin.py:188} INFO - [2024-01-22T15:47:41.327+0200] {dag.py:3036} INFO - Sync 1 DAGs
[2024-01-22T15:47:41.387+0200] {logging_mixin.py:188} INFO - [2024-01-22T15:47:41.386+0200] {dag.py:3823} INFO - Setting next_dagrun for example_complex to None, run_after=None
[2024-01-22T15:47:41.435+0200] {processor.py:183} INFO - Processing /usr/local/lib/python3.10/dist-packages/airflow/example_dags/example_complex.py took 0.217 seconds
[2024-01-22T15:48:23.826+0200] {processor.py:161} INFO - Started process (PID=43812) to work on /usr/local/lib/python3.10/dist-packages/airflow/example_dags/example_complex.py
[2024-01-22T15:48:23.829+0200] {processor.py:830} INFO - Processing file /usr/local/lib/python3.10/dist-packages/airflow/example_dags/example_complex.py for tasks to queue
[2024-01-22T15:48:23.830+0200] {logging_mixin.py:188} INFO - [2024-01-22T15:48:23.830+0200] {dagbag.py:538} INFO - Filling up the DagBag from /usr/local/lib/python3.10/dist-packages/airflow/example_dags/example_complex.py
[2024-01-22T15:48:23.844+0200] {processor.py:840} INFO - DAG(s) 'example_complex' retrieved from /usr/local/lib/python3.10/dist-packages/airflow/example_dags/example_complex.py
[2024-01-22T15:48:23.877+0200] {logging_mixin.py:188} INFO - [2024-01-22T15:48:23.876+0200] {dag.py:3036} INFO - Sync 1 DAGs
[2024-01-22T15:48:23.892+0200] {logging_mixin.py:188} INFO - [2024-01-22T15:48:23.892+0200] {dag.py:3823} INFO - Setting next_dagrun for example_complex to None, run_after=None
[2024-01-22T15:48:23.920+0200] {processor.py:183} INFO - Processing /usr/local/lib/python3.10/dist-packages/airflow/example_dags/example_complex.py took 0.100 seconds
