[2024-01-22T15:30:26.479+0200] {processor.py:161} INFO - Started process (PID=40591) to work on /usr/local/lib/python3.10/dist-packages/airflow/example_dags/tutorial_taskflow_api_virtualenv.py
[2024-01-22T15:30:26.480+0200] {processor.py:830} INFO - Processing file /usr/local/lib/python3.10/dist-packages/airflow/example_dags/tutorial_taskflow_api_virtualenv.py for tasks to queue
[2024-01-22T15:30:26.488+0200] {logging_mixin.py:188} INFO - [2024-01-22T15:30:26.480+0200] {dagbag.py:538} INFO - Filling up the DagBag from /usr/local/lib/python3.10/dist-packages/airflow/example_dags/tutorial_taskflow_api_virtualenv.py
[2024-01-22T15:30:26.507+0200] {processor.py:840} INFO - DAG(s) 'tutorial_taskflow_api_virtualenv' retrieved from /usr/local/lib/python3.10/dist-packages/airflow/example_dags/tutorial_taskflow_api_virtualenv.py
[2024-01-22T15:30:26.657+0200] {logging_mixin.py:188} INFO - [2024-01-22T15:30:26.657+0200] {dag.py:3036} INFO - Sync 1 DAGs
[2024-01-22T15:30:26.675+0200] {logging_mixin.py:188} INFO - [2024-01-22T15:30:26.675+0200] {dag.py:3823} INFO - Setting next_dagrun for tutorial_taskflow_api_virtualenv to None, run_after=None
[2024-01-22T15:30:26.745+0200] {processor.py:183} INFO - Processing /usr/local/lib/python3.10/dist-packages/airflow/example_dags/tutorial_taskflow_api_virtualenv.py took 0.268 seconds
[2024-01-22T15:31:40.224+0200] {processor.py:161} INFO - Started process (PID=40956) to work on /usr/local/lib/python3.10/dist-packages/airflow/example_dags/tutorial_taskflow_api_virtualenv.py
[2024-01-22T15:31:40.250+0200] {processor.py:830} INFO - Processing file /usr/local/lib/python3.10/dist-packages/airflow/example_dags/tutorial_taskflow_api_virtualenv.py for tasks to queue
[2024-01-22T15:31:40.251+0200] {logging_mixin.py:188} INFO - [2024-01-22T15:31:40.251+0200] {dagbag.py:538} INFO - Filling up the DagBag from /usr/local/lib/python3.10/dist-packages/airflow/example_dags/tutorial_taskflow_api_virtualenv.py
[2024-01-22T15:31:40.390+0200] {processor.py:840} INFO - DAG(s) 'tutorial_taskflow_api_virtualenv' retrieved from /usr/local/lib/python3.10/dist-packages/airflow/example_dags/tutorial_taskflow_api_virtualenv.py
[2024-01-22T15:31:40.593+0200] {logging_mixin.py:188} INFO - [2024-01-22T15:31:40.508+0200] {dag.py:3036} INFO - Sync 1 DAGs
[2024-01-22T15:31:40.602+0200] {logging_mixin.py:188} INFO - [2024-01-22T15:31:40.601+0200] {dag.py:3823} INFO - Setting next_dagrun for tutorial_taskflow_api_virtualenv to None, run_after=None
[2024-01-22T15:31:40.808+0200] {processor.py:183} INFO - Processing /usr/local/lib/python3.10/dist-packages/airflow/example_dags/tutorial_taskflow_api_virtualenv.py took 0.587 seconds
[2024-01-22T15:32:35.040+0200] {processor.py:161} INFO - Started process (PID=41197) to work on /usr/local/lib/python3.10/dist-packages/airflow/example_dags/tutorial_taskflow_api_virtualenv.py
[2024-01-22T15:32:35.043+0200] {processor.py:830} INFO - Processing file /usr/local/lib/python3.10/dist-packages/airflow/example_dags/tutorial_taskflow_api_virtualenv.py for tasks to queue
[2024-01-22T15:32:35.045+0200] {logging_mixin.py:188} INFO - [2024-01-22T15:32:35.044+0200] {dagbag.py:538} INFO - Filling up the DagBag from /usr/local/lib/python3.10/dist-packages/airflow/example_dags/tutorial_taskflow_api_virtualenv.py
[2024-01-22T15:32:35.113+0200] {processor.py:840} INFO - DAG(s) 'tutorial_taskflow_api_virtualenv' retrieved from /usr/local/lib/python3.10/dist-packages/airflow/example_dags/tutorial_taskflow_api_virtualenv.py
[2024-01-22T15:32:35.154+0200] {logging_mixin.py:188} INFO - [2024-01-22T15:32:35.154+0200] {dag.py:3036} INFO - Sync 1 DAGs
[2024-01-22T15:32:35.185+0200] {logging_mixin.py:188} INFO - [2024-01-22T15:32:35.185+0200] {dag.py:3823} INFO - Setting next_dagrun for tutorial_taskflow_api_virtualenv to None, run_after=None
[2024-01-22T15:32:35.231+0200] {processor.py:183} INFO - Processing /usr/local/lib/python3.10/dist-packages/airflow/example_dags/tutorial_taskflow_api_virtualenv.py took 0.204 seconds
[2024-01-22T15:33:26.023+0200] {processor.py:161} INFO - Started process (PID=41476) to work on /usr/local/lib/python3.10/dist-packages/airflow/example_dags/tutorial_taskflow_api_virtualenv.py
[2024-01-22T15:33:26.026+0200] {processor.py:830} INFO - Processing file /usr/local/lib/python3.10/dist-packages/airflow/example_dags/tutorial_taskflow_api_virtualenv.py for tasks to queue
[2024-01-22T15:33:26.029+0200] {logging_mixin.py:188} INFO - [2024-01-22T15:33:26.028+0200] {dagbag.py:538} INFO - Filling up the DagBag from /usr/local/lib/python3.10/dist-packages/airflow/example_dags/tutorial_taskflow_api_virtualenv.py
[2024-01-22T15:33:26.084+0200] {processor.py:840} INFO - DAG(s) 'tutorial_taskflow_api_virtualenv' retrieved from /usr/local/lib/python3.10/dist-packages/airflow/example_dags/tutorial_taskflow_api_virtualenv.py
[2024-01-22T15:33:26.151+0200] {logging_mixin.py:188} INFO - [2024-01-22T15:33:26.151+0200] {dag.py:3036} INFO - Sync 1 DAGs
[2024-01-22T15:33:26.180+0200] {logging_mixin.py:188} INFO - [2024-01-22T15:33:26.180+0200] {dag.py:3823} INFO - Setting next_dagrun for tutorial_taskflow_api_virtualenv to None, run_after=None
[2024-01-22T15:33:26.216+0200] {processor.py:183} INFO - Processing /usr/local/lib/python3.10/dist-packages/airflow/example_dags/tutorial_taskflow_api_virtualenv.py took 0.202 seconds
[2024-01-22T15:34:22.574+0200] {processor.py:161} INFO - Started process (PID=41607) to work on /usr/local/lib/python3.10/dist-packages/airflow/example_dags/tutorial_taskflow_api_virtualenv.py
[2024-01-22T15:34:22.576+0200] {processor.py:830} INFO - Processing file /usr/local/lib/python3.10/dist-packages/airflow/example_dags/tutorial_taskflow_api_virtualenv.py for tasks to queue
[2024-01-22T15:34:22.581+0200] {logging_mixin.py:188} INFO - [2024-01-22T15:34:22.578+0200] {dagbag.py:538} INFO - Filling up the DagBag from /usr/local/lib/python3.10/dist-packages/airflow/example_dags/tutorial_taskflow_api_virtualenv.py
[2024-01-22T15:34:22.626+0200] {processor.py:840} INFO - DAG(s) 'tutorial_taskflow_api_virtualenv' retrieved from /usr/local/lib/python3.10/dist-packages/airflow/example_dags/tutorial_taskflow_api_virtualenv.py
[2024-01-22T15:34:22.677+0200] {logging_mixin.py:188} INFO - [2024-01-22T15:34:22.676+0200] {dag.py:3036} INFO - Sync 1 DAGs
[2024-01-22T15:34:22.689+0200] {logging_mixin.py:188} INFO - [2024-01-22T15:34:22.689+0200] {dag.py:3823} INFO - Setting next_dagrun for tutorial_taskflow_api_virtualenv to None, run_after=None
[2024-01-22T15:34:22.729+0200] {processor.py:183} INFO - Processing /usr/local/lib/python3.10/dist-packages/airflow/example_dags/tutorial_taskflow_api_virtualenv.py took 0.162 seconds
[2024-01-22T15:35:09.779+0200] {processor.py:161} INFO - Started process (PID=41698) to work on /usr/local/lib/python3.10/dist-packages/airflow/example_dags/tutorial_taskflow_api_virtualenv.py
[2024-01-22T15:35:09.783+0200] {processor.py:830} INFO - Processing file /usr/local/lib/python3.10/dist-packages/airflow/example_dags/tutorial_taskflow_api_virtualenv.py for tasks to queue
[2024-01-22T15:35:09.784+0200] {logging_mixin.py:188} INFO - [2024-01-22T15:35:09.784+0200] {dagbag.py:538} INFO - Filling up the DagBag from /usr/local/lib/python3.10/dist-packages/airflow/example_dags/tutorial_taskflow_api_virtualenv.py
[2024-01-22T15:35:09.806+0200] {processor.py:840} INFO - DAG(s) 'tutorial_taskflow_api_virtualenv' retrieved from /usr/local/lib/python3.10/dist-packages/airflow/example_dags/tutorial_taskflow_api_virtualenv.py
[2024-01-22T15:35:09.834+0200] {logging_mixin.py:188} INFO - [2024-01-22T15:35:09.834+0200] {dag.py:3036} INFO - Sync 1 DAGs
[2024-01-22T15:35:09.863+0200] {logging_mixin.py:188} INFO - [2024-01-22T15:35:09.863+0200] {dag.py:3823} INFO - Setting next_dagrun for tutorial_taskflow_api_virtualenv to None, run_after=None
[2024-01-22T15:35:09.882+0200] {processor.py:183} INFO - Processing /usr/local/lib/python3.10/dist-packages/airflow/example_dags/tutorial_taskflow_api_virtualenv.py took 0.115 seconds
[2024-01-22T15:35:57.219+0200] {processor.py:161} INFO - Started process (PID=41842) to work on /usr/local/lib/python3.10/dist-packages/airflow/example_dags/tutorial_taskflow_api_virtualenv.py
[2024-01-22T15:35:57.235+0200] {processor.py:830} INFO - Processing file /usr/local/lib/python3.10/dist-packages/airflow/example_dags/tutorial_taskflow_api_virtualenv.py for tasks to queue
[2024-01-22T15:35:57.236+0200] {logging_mixin.py:188} INFO - [2024-01-22T15:35:57.235+0200] {dagbag.py:538} INFO - Filling up the DagBag from /usr/local/lib/python3.10/dist-packages/airflow/example_dags/tutorial_taskflow_api_virtualenv.py
[2024-01-22T15:35:57.335+0200] {processor.py:840} INFO - DAG(s) 'tutorial_taskflow_api_virtualenv' retrieved from /usr/local/lib/python3.10/dist-packages/airflow/example_dags/tutorial_taskflow_api_virtualenv.py
[2024-01-22T15:35:57.422+0200] {logging_mixin.py:188} INFO - [2024-01-22T15:35:57.420+0200] {dag.py:3036} INFO - Sync 1 DAGs
[2024-01-22T15:35:57.495+0200] {logging_mixin.py:188} INFO - [2024-01-22T15:35:57.495+0200] {dag.py:3823} INFO - Setting next_dagrun for tutorial_taskflow_api_virtualenv to None, run_after=None
[2024-01-22T15:35:57.797+0200] {processor.py:183} INFO - Processing /usr/local/lib/python3.10/dist-packages/airflow/example_dags/tutorial_taskflow_api_virtualenv.py took 0.580 seconds
[2024-01-22T15:36:44.474+0200] {processor.py:161} INFO - Started process (PID=41959) to work on /usr/local/lib/python3.10/dist-packages/airflow/example_dags/tutorial_taskflow_api_virtualenv.py
[2024-01-22T15:36:44.476+0200] {processor.py:830} INFO - Processing file /usr/local/lib/python3.10/dist-packages/airflow/example_dags/tutorial_taskflow_api_virtualenv.py for tasks to queue
[2024-01-22T15:36:44.477+0200] {logging_mixin.py:188} INFO - [2024-01-22T15:36:44.476+0200] {dagbag.py:538} INFO - Filling up the DagBag from /usr/local/lib/python3.10/dist-packages/airflow/example_dags/tutorial_taskflow_api_virtualenv.py
[2024-01-22T15:36:44.510+0200] {processor.py:840} INFO - DAG(s) 'tutorial_taskflow_api_virtualenv' retrieved from /usr/local/lib/python3.10/dist-packages/airflow/example_dags/tutorial_taskflow_api_virtualenv.py
[2024-01-22T15:36:44.524+0200] {logging_mixin.py:188} INFO - [2024-01-22T15:36:44.524+0200] {dag.py:3036} INFO - Sync 1 DAGs
[2024-01-22T15:36:44.534+0200] {logging_mixin.py:188} INFO - [2024-01-22T15:36:44.533+0200] {dag.py:3823} INFO - Setting next_dagrun for tutorial_taskflow_api_virtualenv to None, run_after=None
[2024-01-22T15:36:44.558+0200] {processor.py:183} INFO - Processing /usr/local/lib/python3.10/dist-packages/airflow/example_dags/tutorial_taskflow_api_virtualenv.py took 0.088 seconds
[2024-01-22T15:37:29.450+0200] {processor.py:161} INFO - Started process (PID=42065) to work on /usr/local/lib/python3.10/dist-packages/airflow/example_dags/tutorial_taskflow_api_virtualenv.py
[2024-01-22T15:37:29.451+0200] {processor.py:830} INFO - Processing file /usr/local/lib/python3.10/dist-packages/airflow/example_dags/tutorial_taskflow_api_virtualenv.py for tasks to queue
[2024-01-22T15:37:29.452+0200] {logging_mixin.py:188} INFO - [2024-01-22T15:37:29.452+0200] {dagbag.py:538} INFO - Filling up the DagBag from /usr/local/lib/python3.10/dist-packages/airflow/example_dags/tutorial_taskflow_api_virtualenv.py
[2024-01-22T15:37:29.463+0200] {processor.py:840} INFO - DAG(s) 'tutorial_taskflow_api_virtualenv' retrieved from /usr/local/lib/python3.10/dist-packages/airflow/example_dags/tutorial_taskflow_api_virtualenv.py
[2024-01-22T15:37:29.476+0200] {logging_mixin.py:188} INFO - [2024-01-22T15:37:29.476+0200] {dag.py:3036} INFO - Sync 1 DAGs
[2024-01-22T15:37:29.484+0200] {logging_mixin.py:188} INFO - [2024-01-22T15:37:29.484+0200] {dag.py:3823} INFO - Setting next_dagrun for tutorial_taskflow_api_virtualenv to None, run_after=None
[2024-01-22T15:37:29.511+0200] {processor.py:183} INFO - Processing /usr/local/lib/python3.10/dist-packages/airflow/example_dags/tutorial_taskflow_api_virtualenv.py took 0.064 seconds
[2024-01-22T15:38:11.397+0200] {processor.py:161} INFO - Started process (PID=42111) to work on /usr/local/lib/python3.10/dist-packages/airflow/example_dags/tutorial_taskflow_api_virtualenv.py
[2024-01-22T15:38:11.399+0200] {processor.py:830} INFO - Processing file /usr/local/lib/python3.10/dist-packages/airflow/example_dags/tutorial_taskflow_api_virtualenv.py for tasks to queue
[2024-01-22T15:38:11.400+0200] {logging_mixin.py:188} INFO - [2024-01-22T15:38:11.399+0200] {dagbag.py:538} INFO - Filling up the DagBag from /usr/local/lib/python3.10/dist-packages/airflow/example_dags/tutorial_taskflow_api_virtualenv.py
[2024-01-22T15:38:11.412+0200] {processor.py:840} INFO - DAG(s) 'tutorial_taskflow_api_virtualenv' retrieved from /usr/local/lib/python3.10/dist-packages/airflow/example_dags/tutorial_taskflow_api_virtualenv.py
[2024-01-22T15:38:11.425+0200] {logging_mixin.py:188} INFO - [2024-01-22T15:38:11.425+0200] {dag.py:3036} INFO - Sync 1 DAGs
[2024-01-22T15:38:11.434+0200] {logging_mixin.py:188} INFO - [2024-01-22T15:38:11.434+0200] {dag.py:3823} INFO - Setting next_dagrun for tutorial_taskflow_api_virtualenv to None, run_after=None
[2024-01-22T15:38:11.455+0200] {processor.py:183} INFO - Processing /usr/local/lib/python3.10/dist-packages/airflow/example_dags/tutorial_taskflow_api_virtualenv.py took 0.061 seconds
[2024-01-22T15:38:46.868+0200] {processor.py:161} INFO - Started process (PID=42147) to work on /usr/local/lib/python3.10/dist-packages/airflow/example_dags/tutorial_taskflow_api_virtualenv.py
[2024-01-22T15:38:46.871+0200] {processor.py:830} INFO - Processing file /usr/local/lib/python3.10/dist-packages/airflow/example_dags/tutorial_taskflow_api_virtualenv.py for tasks to queue
[2024-01-22T15:38:46.872+0200] {logging_mixin.py:188} INFO - [2024-01-22T15:38:46.871+0200] {dagbag.py:538} INFO - Filling up the DagBag from /usr/local/lib/python3.10/dist-packages/airflow/example_dags/tutorial_taskflow_api_virtualenv.py
[2024-01-22T15:38:46.886+0200] {processor.py:840} INFO - DAG(s) 'tutorial_taskflow_api_virtualenv' retrieved from /usr/local/lib/python3.10/dist-packages/airflow/example_dags/tutorial_taskflow_api_virtualenv.py
[2024-01-22T15:38:46.907+0200] {logging_mixin.py:188} INFO - [2024-01-22T15:38:46.906+0200] {dag.py:3036} INFO - Sync 1 DAGs
[2024-01-22T15:38:46.921+0200] {logging_mixin.py:188} INFO - [2024-01-22T15:38:46.920+0200] {dag.py:3823} INFO - Setting next_dagrun for tutorial_taskflow_api_virtualenv to None, run_after=None
[2024-01-22T15:38:46.947+0200] {processor.py:183} INFO - Processing /usr/local/lib/python3.10/dist-packages/airflow/example_dags/tutorial_taskflow_api_virtualenv.py took 0.083 seconds
[2024-01-22T15:39:26.159+0200] {processor.py:161} INFO - Started process (PID=42186) to work on /usr/local/lib/python3.10/dist-packages/airflow/example_dags/tutorial_taskflow_api_virtualenv.py
[2024-01-22T15:39:26.162+0200] {processor.py:830} INFO - Processing file /usr/local/lib/python3.10/dist-packages/airflow/example_dags/tutorial_taskflow_api_virtualenv.py for tasks to queue
[2024-01-22T15:39:26.163+0200] {logging_mixin.py:188} INFO - [2024-01-22T15:39:26.163+0200] {dagbag.py:538} INFO - Filling up the DagBag from /usr/local/lib/python3.10/dist-packages/airflow/example_dags/tutorial_taskflow_api_virtualenv.py
[2024-01-22T15:39:26.175+0200] {processor.py:840} INFO - DAG(s) 'tutorial_taskflow_api_virtualenv' retrieved from /usr/local/lib/python3.10/dist-packages/airflow/example_dags/tutorial_taskflow_api_virtualenv.py
[2024-01-22T15:39:26.190+0200] {logging_mixin.py:188} INFO - [2024-01-22T15:39:26.189+0200] {dag.py:3036} INFO - Sync 1 DAGs
[2024-01-22T15:39:26.199+0200] {logging_mixin.py:188} INFO - [2024-01-22T15:39:26.199+0200] {dag.py:3823} INFO - Setting next_dagrun for tutorial_taskflow_api_virtualenv to None, run_after=None
[2024-01-22T15:39:26.219+0200] {processor.py:183} INFO - Processing /usr/local/lib/python3.10/dist-packages/airflow/example_dags/tutorial_taskflow_api_virtualenv.py took 0.063 seconds
[2024-01-22T15:40:06.408+0200] {processor.py:161} INFO - Started process (PID=42235) to work on /usr/local/lib/python3.10/dist-packages/airflow/example_dags/tutorial_taskflow_api_virtualenv.py
[2024-01-22T15:40:06.416+0200] {processor.py:830} INFO - Processing file /usr/local/lib/python3.10/dist-packages/airflow/example_dags/tutorial_taskflow_api_virtualenv.py for tasks to queue
[2024-01-22T15:40:06.417+0200] {logging_mixin.py:188} INFO - [2024-01-22T15:40:06.417+0200] {dagbag.py:538} INFO - Filling up the DagBag from /usr/local/lib/python3.10/dist-packages/airflow/example_dags/tutorial_taskflow_api_virtualenv.py
[2024-01-22T15:40:06.438+0200] {processor.py:840} INFO - DAG(s) 'tutorial_taskflow_api_virtualenv' retrieved from /usr/local/lib/python3.10/dist-packages/airflow/example_dags/tutorial_taskflow_api_virtualenv.py
[2024-01-22T15:40:06.509+0200] {logging_mixin.py:188} INFO - [2024-01-22T15:40:06.488+0200] {dag.py:3036} INFO - Sync 1 DAGs
[2024-01-22T15:40:06.518+0200] {logging_mixin.py:188} INFO - [2024-01-22T15:40:06.518+0200] {dag.py:3823} INFO - Setting next_dagrun for tutorial_taskflow_api_virtualenv to None, run_after=None
[2024-01-22T15:40:06.756+0200] {processor.py:183} INFO - Processing /usr/local/lib/python3.10/dist-packages/airflow/example_dags/tutorial_taskflow_api_virtualenv.py took 0.351 seconds
[2024-01-22T15:40:49.801+0200] {processor.py:161} INFO - Started process (PID=42303) to work on /usr/local/lib/python3.10/dist-packages/airflow/example_dags/tutorial_taskflow_api_virtualenv.py
[2024-01-22T15:40:49.806+0200] {processor.py:830} INFO - Processing file /usr/local/lib/python3.10/dist-packages/airflow/example_dags/tutorial_taskflow_api_virtualenv.py for tasks to queue
[2024-01-22T15:40:49.807+0200] {logging_mixin.py:188} INFO - [2024-01-22T15:40:49.807+0200] {dagbag.py:538} INFO - Filling up the DagBag from /usr/local/lib/python3.10/dist-packages/airflow/example_dags/tutorial_taskflow_api_virtualenv.py
[2024-01-22T15:40:49.834+0200] {processor.py:840} INFO - DAG(s) 'tutorial_taskflow_api_virtualenv' retrieved from /usr/local/lib/python3.10/dist-packages/airflow/example_dags/tutorial_taskflow_api_virtualenv.py
[2024-01-22T15:40:49.853+0200] {logging_mixin.py:188} INFO - [2024-01-22T15:40:49.853+0200] {dag.py:3036} INFO - Sync 1 DAGs
[2024-01-22T15:40:49.865+0200] {logging_mixin.py:188} INFO - [2024-01-22T15:40:49.864+0200] {dag.py:3823} INFO - Setting next_dagrun for tutorial_taskflow_api_virtualenv to None, run_after=None
[2024-01-22T15:40:49.892+0200] {processor.py:183} INFO - Processing /usr/local/lib/python3.10/dist-packages/airflow/example_dags/tutorial_taskflow_api_virtualenv.py took 0.099 seconds
[2024-01-22T15:41:28.051+0200] {processor.py:161} INFO - Started process (PID=42342) to work on /usr/local/lib/python3.10/dist-packages/airflow/example_dags/tutorial_taskflow_api_virtualenv.py
[2024-01-22T15:41:28.054+0200] {processor.py:830} INFO - Processing file /usr/local/lib/python3.10/dist-packages/airflow/example_dags/tutorial_taskflow_api_virtualenv.py for tasks to queue
[2024-01-22T15:41:28.056+0200] {logging_mixin.py:188} INFO - [2024-01-22T15:41:28.055+0200] {dagbag.py:538} INFO - Filling up the DagBag from /usr/local/lib/python3.10/dist-packages/airflow/example_dags/tutorial_taskflow_api_virtualenv.py
[2024-01-22T15:41:28.069+0200] {processor.py:840} INFO - DAG(s) 'tutorial_taskflow_api_virtualenv' retrieved from /usr/local/lib/python3.10/dist-packages/airflow/example_dags/tutorial_taskflow_api_virtualenv.py
[2024-01-22T15:41:28.089+0200] {logging_mixin.py:188} INFO - [2024-01-22T15:41:28.088+0200] {dag.py:3036} INFO - Sync 1 DAGs
[2024-01-22T15:41:28.100+0200] {logging_mixin.py:188} INFO - [2024-01-22T15:41:28.099+0200] {dag.py:3823} INFO - Setting next_dagrun for tutorial_taskflow_api_virtualenv to None, run_after=None
[2024-01-22T15:41:28.129+0200] {processor.py:183} INFO - Processing /usr/local/lib/python3.10/dist-packages/airflow/example_dags/tutorial_taskflow_api_virtualenv.py took 0.082 seconds
[2024-01-22T15:42:21.437+0200] {processor.py:161} INFO - Started process (PID=42399) to work on /usr/local/lib/python3.10/dist-packages/airflow/example_dags/tutorial_taskflow_api_virtualenv.py
[2024-01-22T15:42:21.438+0200] {processor.py:830} INFO - Processing file /usr/local/lib/python3.10/dist-packages/airflow/example_dags/tutorial_taskflow_api_virtualenv.py for tasks to queue
[2024-01-22T15:42:21.439+0200] {logging_mixin.py:188} INFO - [2024-01-22T15:42:21.439+0200] {dagbag.py:538} INFO - Filling up the DagBag from /usr/local/lib/python3.10/dist-packages/airflow/example_dags/tutorial_taskflow_api_virtualenv.py
[2024-01-22T15:42:21.448+0200] {processor.py:840} INFO - DAG(s) 'tutorial_taskflow_api_virtualenv' retrieved from /usr/local/lib/python3.10/dist-packages/airflow/example_dags/tutorial_taskflow_api_virtualenv.py
[2024-01-22T15:42:21.460+0200] {logging_mixin.py:188} INFO - [2024-01-22T15:42:21.460+0200] {dag.py:3036} INFO - Sync 1 DAGs
[2024-01-22T15:42:21.468+0200] {logging_mixin.py:188} INFO - [2024-01-22T15:42:21.468+0200] {dag.py:3823} INFO - Setting next_dagrun for tutorial_taskflow_api_virtualenv to None, run_after=None
[2024-01-22T15:42:21.487+0200] {processor.py:183} INFO - Processing /usr/local/lib/python3.10/dist-packages/airflow/example_dags/tutorial_taskflow_api_virtualenv.py took 0.052 seconds
[2024-01-22T15:43:01.957+0200] {processor.py:161} INFO - Started process (PID=42446) to work on /usr/local/lib/python3.10/dist-packages/airflow/example_dags/tutorial_taskflow_api_virtualenv.py
[2024-01-22T15:43:01.961+0200] {processor.py:830} INFO - Processing file /usr/local/lib/python3.10/dist-packages/airflow/example_dags/tutorial_taskflow_api_virtualenv.py for tasks to queue
[2024-01-22T15:43:01.962+0200] {logging_mixin.py:188} INFO - [2024-01-22T15:43:01.961+0200] {dagbag.py:538} INFO - Filling up the DagBag from /usr/local/lib/python3.10/dist-packages/airflow/example_dags/tutorial_taskflow_api_virtualenv.py
[2024-01-22T15:43:01.977+0200] {processor.py:840} INFO - DAG(s) 'tutorial_taskflow_api_virtualenv' retrieved from /usr/local/lib/python3.10/dist-packages/airflow/example_dags/tutorial_taskflow_api_virtualenv.py
[2024-01-22T15:43:01.998+0200] {logging_mixin.py:188} INFO - [2024-01-22T15:43:01.998+0200] {dag.py:3036} INFO - Sync 1 DAGs
[2024-01-22T15:43:02.011+0200] {logging_mixin.py:188} INFO - [2024-01-22T15:43:02.011+0200] {dag.py:3823} INFO - Setting next_dagrun for tutorial_taskflow_api_virtualenv to None, run_after=None
[2024-01-22T15:43:02.040+0200] {processor.py:183} INFO - Processing /usr/local/lib/python3.10/dist-packages/airflow/example_dags/tutorial_taskflow_api_virtualenv.py took 0.088 seconds
[2024-01-22T15:43:51.452+0200] {processor.py:161} INFO - Started process (PID=42498) to work on /usr/local/lib/python3.10/dist-packages/airflow/example_dags/tutorial_taskflow_api_virtualenv.py
[2024-01-22T15:43:51.454+0200] {processor.py:830} INFO - Processing file /usr/local/lib/python3.10/dist-packages/airflow/example_dags/tutorial_taskflow_api_virtualenv.py for tasks to queue
[2024-01-22T15:43:51.455+0200] {logging_mixin.py:188} INFO - [2024-01-22T15:43:51.454+0200] {dagbag.py:538} INFO - Filling up the DagBag from /usr/local/lib/python3.10/dist-packages/airflow/example_dags/tutorial_taskflow_api_virtualenv.py
[2024-01-22T15:43:51.470+0200] {processor.py:840} INFO - DAG(s) 'tutorial_taskflow_api_virtualenv' retrieved from /usr/local/lib/python3.10/dist-packages/airflow/example_dags/tutorial_taskflow_api_virtualenv.py
[2024-01-22T15:43:51.491+0200] {logging_mixin.py:188} INFO - [2024-01-22T15:43:51.490+0200] {dag.py:3036} INFO - Sync 1 DAGs
[2024-01-22T15:43:51.504+0200] {logging_mixin.py:188} INFO - [2024-01-22T15:43:51.504+0200] {dag.py:3823} INFO - Setting next_dagrun for tutorial_taskflow_api_virtualenv to None, run_after=None
[2024-01-22T15:43:51.534+0200] {processor.py:183} INFO - Processing /usr/local/lib/python3.10/dist-packages/airflow/example_dags/tutorial_taskflow_api_virtualenv.py took 0.088 seconds
[2024-01-22T15:44:28.592+0200] {processor.py:161} INFO - Started process (PID=42537) to work on /usr/local/lib/python3.10/dist-packages/airflow/example_dags/tutorial_taskflow_api_virtualenv.py
[2024-01-22T15:44:28.595+0200] {processor.py:830} INFO - Processing file /usr/local/lib/python3.10/dist-packages/airflow/example_dags/tutorial_taskflow_api_virtualenv.py for tasks to queue
[2024-01-22T15:44:28.596+0200] {logging_mixin.py:188} INFO - [2024-01-22T15:44:28.595+0200] {dagbag.py:538} INFO - Filling up the DagBag from /usr/local/lib/python3.10/dist-packages/airflow/example_dags/tutorial_taskflow_api_virtualenv.py
[2024-01-22T15:44:28.610+0200] {processor.py:840} INFO - DAG(s) 'tutorial_taskflow_api_virtualenv' retrieved from /usr/local/lib/python3.10/dist-packages/airflow/example_dags/tutorial_taskflow_api_virtualenv.py
[2024-01-22T15:44:28.628+0200] {logging_mixin.py:188} INFO - [2024-01-22T15:44:28.628+0200] {dag.py:3036} INFO - Sync 1 DAGs
[2024-01-22T15:44:28.641+0200] {logging_mixin.py:188} INFO - [2024-01-22T15:44:28.641+0200] {dag.py:3823} INFO - Setting next_dagrun for tutorial_taskflow_api_virtualenv to None, run_after=None
[2024-01-22T15:44:28.668+0200] {processor.py:183} INFO - Processing /usr/local/lib/python3.10/dist-packages/airflow/example_dags/tutorial_taskflow_api_virtualenv.py took 0.080 seconds
[2024-01-22T15:45:16.849+0200] {processor.py:161} INFO - Started process (PID=42642) to work on /usr/local/lib/python3.10/dist-packages/airflow/example_dags/tutorial_taskflow_api_virtualenv.py
[2024-01-22T15:45:16.852+0200] {processor.py:830} INFO - Processing file /usr/local/lib/python3.10/dist-packages/airflow/example_dags/tutorial_taskflow_api_virtualenv.py for tasks to queue
[2024-01-22T15:45:16.855+0200] {logging_mixin.py:188} INFO - [2024-01-22T15:45:16.854+0200] {dagbag.py:538} INFO - Filling up the DagBag from /usr/local/lib/python3.10/dist-packages/airflow/example_dags/tutorial_taskflow_api_virtualenv.py
[2024-01-22T15:45:16.870+0200] {processor.py:840} INFO - DAG(s) 'tutorial_taskflow_api_virtualenv' retrieved from /usr/local/lib/python3.10/dist-packages/airflow/example_dags/tutorial_taskflow_api_virtualenv.py
[2024-01-22T15:45:16.891+0200] {logging_mixin.py:188} INFO - [2024-01-22T15:45:16.890+0200] {dag.py:3036} INFO - Sync 1 DAGs
[2024-01-22T15:45:16.903+0200] {logging_mixin.py:188} INFO - [2024-01-22T15:45:16.903+0200] {dag.py:3823} INFO - Setting next_dagrun for tutorial_taskflow_api_virtualenv to None, run_after=None
[2024-01-22T15:45:16.933+0200] {processor.py:183} INFO - Processing /usr/local/lib/python3.10/dist-packages/airflow/example_dags/tutorial_taskflow_api_virtualenv.py took 0.087 seconds
[2024-01-22T15:46:12.842+0200] {processor.py:161} INFO - Started process (PID=42704) to work on /usr/local/lib/python3.10/dist-packages/airflow/example_dags/tutorial_taskflow_api_virtualenv.py
[2024-01-22T15:46:12.844+0200] {processor.py:830} INFO - Processing file /usr/local/lib/python3.10/dist-packages/airflow/example_dags/tutorial_taskflow_api_virtualenv.py for tasks to queue
[2024-01-22T15:46:12.844+0200] {logging_mixin.py:188} INFO - [2024-01-22T15:46:12.844+0200] {dagbag.py:538} INFO - Filling up the DagBag from /usr/local/lib/python3.10/dist-packages/airflow/example_dags/tutorial_taskflow_api_virtualenv.py
[2024-01-22T15:46:12.856+0200] {processor.py:840} INFO - DAG(s) 'tutorial_taskflow_api_virtualenv' retrieved from /usr/local/lib/python3.10/dist-packages/airflow/example_dags/tutorial_taskflow_api_virtualenv.py
[2024-01-22T15:46:12.867+0200] {logging_mixin.py:188} INFO - [2024-01-22T15:46:12.867+0200] {dag.py:3036} INFO - Sync 1 DAGs
[2024-01-22T15:46:12.875+0200] {logging_mixin.py:188} INFO - [2024-01-22T15:46:12.875+0200] {dag.py:3823} INFO - Setting next_dagrun for tutorial_taskflow_api_virtualenv to None, run_after=None
[2024-01-22T15:46:12.893+0200] {processor.py:183} INFO - Processing /usr/local/lib/python3.10/dist-packages/airflow/example_dags/tutorial_taskflow_api_virtualenv.py took 0.054 seconds
[2024-01-22T15:47:11.316+0200] {processor.py:161} INFO - Started process (PID=43657) to work on /usr/local/lib/python3.10/dist-packages/airflow/example_dags/tutorial_taskflow_api_virtualenv.py
[2024-01-22T15:47:11.320+0200] {processor.py:830} INFO - Processing file /usr/local/lib/python3.10/dist-packages/airflow/example_dags/tutorial_taskflow_api_virtualenv.py for tasks to queue
[2024-01-22T15:47:11.321+0200] {logging_mixin.py:188} INFO - [2024-01-22T15:47:11.320+0200] {dagbag.py:538} INFO - Filling up the DagBag from /usr/local/lib/python3.10/dist-packages/airflow/example_dags/tutorial_taskflow_api_virtualenv.py
[2024-01-22T15:47:11.353+0200] {processor.py:840} INFO - DAG(s) 'tutorial_taskflow_api_virtualenv' retrieved from /usr/local/lib/python3.10/dist-packages/airflow/example_dags/tutorial_taskflow_api_virtualenv.py
[2024-01-22T15:47:11.372+0200] {logging_mixin.py:188} INFO - [2024-01-22T15:47:11.372+0200] {dag.py:3036} INFO - Sync 1 DAGs
[2024-01-22T15:47:11.383+0200] {logging_mixin.py:188} INFO - [2024-01-22T15:47:11.383+0200] {dag.py:3823} INFO - Setting next_dagrun for tutorial_taskflow_api_virtualenv to None, run_after=None
[2024-01-22T15:47:11.414+0200] {processor.py:183} INFO - Processing /usr/local/lib/python3.10/dist-packages/airflow/example_dags/tutorial_taskflow_api_virtualenv.py took 0.102 seconds
[2024-01-22T15:47:56.828+0200] {processor.py:161} INFO - Started process (PID=43746) to work on /usr/local/lib/python3.10/dist-packages/airflow/example_dags/tutorial_taskflow_api_virtualenv.py
[2024-01-22T15:47:56.833+0200] {processor.py:830} INFO - Processing file /usr/local/lib/python3.10/dist-packages/airflow/example_dags/tutorial_taskflow_api_virtualenv.py for tasks to queue
[2024-01-22T15:47:56.833+0200] {logging_mixin.py:188} INFO - [2024-01-22T15:47:56.833+0200] {dagbag.py:538} INFO - Filling up the DagBag from /usr/local/lib/python3.10/dist-packages/airflow/example_dags/tutorial_taskflow_api_virtualenv.py
[2024-01-22T15:47:56.856+0200] {processor.py:840} INFO - DAG(s) 'tutorial_taskflow_api_virtualenv' retrieved from /usr/local/lib/python3.10/dist-packages/airflow/example_dags/tutorial_taskflow_api_virtualenv.py
[2024-01-22T15:47:56.889+0200] {logging_mixin.py:188} INFO - [2024-01-22T15:47:56.889+0200] {dag.py:3036} INFO - Sync 1 DAGs
[2024-01-22T15:47:56.908+0200] {logging_mixin.py:188} INFO - [2024-01-22T15:47:56.908+0200] {dag.py:3823} INFO - Setting next_dagrun for tutorial_taskflow_api_virtualenv to None, run_after=None
[2024-01-22T15:47:56.940+0200] {processor.py:183} INFO - Processing /usr/local/lib/python3.10/dist-packages/airflow/example_dags/tutorial_taskflow_api_virtualenv.py took 0.121 seconds
[2024-01-22T15:48:42.948+0200] {processor.py:161} INFO - Started process (PID=43930) to work on /usr/local/lib/python3.10/dist-packages/airflow/example_dags/tutorial_taskflow_api_virtualenv.py
[2024-01-22T15:48:42.959+0200] {processor.py:830} INFO - Processing file /usr/local/lib/python3.10/dist-packages/airflow/example_dags/tutorial_taskflow_api_virtualenv.py for tasks to queue
[2024-01-22T15:48:42.960+0200] {logging_mixin.py:188} INFO - [2024-01-22T15:48:42.960+0200] {dagbag.py:538} INFO - Filling up the DagBag from /usr/local/lib/python3.10/dist-packages/airflow/example_dags/tutorial_taskflow_api_virtualenv.py
[2024-01-22T15:48:42.984+0200] {processor.py:840} INFO - DAG(s) 'tutorial_taskflow_api_virtualenv' retrieved from /usr/local/lib/python3.10/dist-packages/airflow/example_dags/tutorial_taskflow_api_virtualenv.py
[2024-01-22T15:48:43.009+0200] {logging_mixin.py:188} INFO - [2024-01-22T15:48:43.009+0200] {dag.py:3036} INFO - Sync 1 DAGs
[2024-01-22T15:48:43.038+0200] {logging_mixin.py:188} INFO - [2024-01-22T15:48:43.038+0200] {dag.py:3823} INFO - Setting next_dagrun for tutorial_taskflow_api_virtualenv to None, run_after=None
[2024-01-22T15:48:43.073+0200] {processor.py:183} INFO - Processing /usr/local/lib/python3.10/dist-packages/airflow/example_dags/tutorial_taskflow_api_virtualenv.py took 0.128 seconds
