[2024-01-22T15:30:33.152+0200] {processor.py:161} INFO - Started process (PID=40607) to work on /usr/local/lib/python3.10/dist-packages/airflow/example_dags/tutorial_taskflow_api.py
[2024-01-22T15:30:33.153+0200] {processor.py:830} INFO - Processing file /usr/local/lib/python3.10/dist-packages/airflow/example_dags/tutorial_taskflow_api.py for tasks to queue
[2024-01-22T15:30:33.153+0200] {logging_mixin.py:188} INFO - [2024-01-22T15:30:33.153+0200] {dagbag.py:538} INFO - Filling up the DagBag from /usr/local/lib/python3.10/dist-packages/airflow/example_dags/tutorial_taskflow_api.py
[2024-01-22T15:30:33.184+0200] {processor.py:840} INFO - DAG(s) 'tutorial_taskflow_api' retrieved from /usr/local/lib/python3.10/dist-packages/airflow/example_dags/tutorial_taskflow_api.py
[2024-01-22T15:30:33.514+0200] {logging_mixin.py:188} INFO - [2024-01-22T15:30:33.514+0200] {dag.py:3036} INFO - Sync 1 DAGs
[2024-01-22T15:30:33.519+0200] {logging_mixin.py:188} INFO - [2024-01-22T15:30:33.519+0200] {dag.py:3823} INFO - Setting next_dagrun for tutorial_taskflow_api to None, run_after=None
[2024-01-22T15:30:33.615+0200] {processor.py:183} INFO - Processing /usr/local/lib/python3.10/dist-packages/airflow/example_dags/tutorial_taskflow_api.py took 0.485 seconds
[2024-01-22T15:31:46.107+0200] {processor.py:161} INFO - Started process (PID=41007) to work on /usr/local/lib/python3.10/dist-packages/airflow/example_dags/tutorial_taskflow_api.py
[2024-01-22T15:31:46.112+0200] {processor.py:830} INFO - Processing file /usr/local/lib/python3.10/dist-packages/airflow/example_dags/tutorial_taskflow_api.py for tasks to queue
[2024-01-22T15:31:46.116+0200] {logging_mixin.py:188} INFO - [2024-01-22T15:31:46.114+0200] {dagbag.py:538} INFO - Filling up the DagBag from /usr/local/lib/python3.10/dist-packages/airflow/example_dags/tutorial_taskflow_api.py
[2024-01-22T15:31:46.143+0200] {processor.py:840} INFO - DAG(s) 'tutorial_taskflow_api' retrieved from /usr/local/lib/python3.10/dist-packages/airflow/example_dags/tutorial_taskflow_api.py
[2024-01-22T15:31:46.184+0200] {logging_mixin.py:188} INFO - [2024-01-22T15:31:46.183+0200] {dag.py:3036} INFO - Sync 1 DAGs
[2024-01-22T15:31:46.212+0200] {logging_mixin.py:188} INFO - [2024-01-22T15:31:46.212+0200] {dag.py:3823} INFO - Setting next_dagrun for tutorial_taskflow_api to None, run_after=None
[2024-01-22T15:31:46.250+0200] {processor.py:183} INFO - Processing /usr/local/lib/python3.10/dist-packages/airflow/example_dags/tutorial_taskflow_api.py took 0.149 seconds
[2024-01-22T15:32:40.263+0200] {processor.py:161} INFO - Started process (PID=41203) to work on /usr/local/lib/python3.10/dist-packages/airflow/example_dags/tutorial_taskflow_api.py
[2024-01-22T15:32:40.278+0200] {processor.py:830} INFO - Processing file /usr/local/lib/python3.10/dist-packages/airflow/example_dags/tutorial_taskflow_api.py for tasks to queue
[2024-01-22T15:32:40.279+0200] {logging_mixin.py:188} INFO - [2024-01-22T15:32:40.279+0200] {dagbag.py:538} INFO - Filling up the DagBag from /usr/local/lib/python3.10/dist-packages/airflow/example_dags/tutorial_taskflow_api.py
[2024-01-22T15:32:40.289+0200] {processor.py:840} INFO - DAG(s) 'tutorial_taskflow_api' retrieved from /usr/local/lib/python3.10/dist-packages/airflow/example_dags/tutorial_taskflow_api.py
[2024-01-22T15:32:40.318+0200] {logging_mixin.py:188} INFO - [2024-01-22T15:32:40.318+0200] {dag.py:3036} INFO - Sync 1 DAGs
[2024-01-22T15:32:40.325+0200] {logging_mixin.py:188} INFO - [2024-01-22T15:32:40.325+0200] {dag.py:3823} INFO - Setting next_dagrun for tutorial_taskflow_api to None, run_after=None
[2024-01-22T15:32:40.356+0200] {processor.py:183} INFO - Processing /usr/local/lib/python3.10/dist-packages/airflow/example_dags/tutorial_taskflow_api.py took 0.096 seconds
[2024-01-22T15:33:31.362+0200] {processor.py:161} INFO - Started process (PID=41512) to work on /usr/local/lib/python3.10/dist-packages/airflow/example_dags/tutorial_taskflow_api.py
[2024-01-22T15:33:31.375+0200] {processor.py:830} INFO - Processing file /usr/local/lib/python3.10/dist-packages/airflow/example_dags/tutorial_taskflow_api.py for tasks to queue
[2024-01-22T15:33:31.376+0200] {logging_mixin.py:188} INFO - [2024-01-22T15:33:31.376+0200] {dagbag.py:538} INFO - Filling up the DagBag from /usr/local/lib/python3.10/dist-packages/airflow/example_dags/tutorial_taskflow_api.py
[2024-01-22T15:33:31.393+0200] {processor.py:840} INFO - DAG(s) 'tutorial_taskflow_api' retrieved from /usr/local/lib/python3.10/dist-packages/airflow/example_dags/tutorial_taskflow_api.py
[2024-01-22T15:33:31.429+0200] {logging_mixin.py:188} INFO - [2024-01-22T15:33:31.429+0200] {dag.py:3036} INFO - Sync 1 DAGs
[2024-01-22T15:33:31.445+0200] {logging_mixin.py:188} INFO - [2024-01-22T15:33:31.445+0200] {dag.py:3823} INFO - Setting next_dagrun for tutorial_taskflow_api to None, run_after=None
[2024-01-22T15:33:31.475+0200] {processor.py:183} INFO - Processing /usr/local/lib/python3.10/dist-packages/airflow/example_dags/tutorial_taskflow_api.py took 0.123 seconds
[2024-01-22T15:34:27.136+0200] {processor.py:161} INFO - Started process (PID=41611) to work on /usr/local/lib/python3.10/dist-packages/airflow/example_dags/tutorial_taskflow_api.py
[2024-01-22T15:34:27.139+0200] {processor.py:830} INFO - Processing file /usr/local/lib/python3.10/dist-packages/airflow/example_dags/tutorial_taskflow_api.py for tasks to queue
[2024-01-22T15:34:27.140+0200] {logging_mixin.py:188} INFO - [2024-01-22T15:34:27.140+0200] {dagbag.py:538} INFO - Filling up the DagBag from /usr/local/lib/python3.10/dist-packages/airflow/example_dags/tutorial_taskflow_api.py
[2024-01-22T15:34:27.146+0200] {processor.py:840} INFO - DAG(s) 'tutorial_taskflow_api' retrieved from /usr/local/lib/python3.10/dist-packages/airflow/example_dags/tutorial_taskflow_api.py
[2024-01-22T15:34:27.179+0200] {logging_mixin.py:188} INFO - [2024-01-22T15:34:27.179+0200] {dag.py:3036} INFO - Sync 1 DAGs
[2024-01-22T15:34:27.198+0200] {logging_mixin.py:188} INFO - [2024-01-22T15:34:27.198+0200] {dag.py:3823} INFO - Setting next_dagrun for tutorial_taskflow_api to None, run_after=None
[2024-01-22T15:34:27.228+0200] {processor.py:183} INFO - Processing /usr/local/lib/python3.10/dist-packages/airflow/example_dags/tutorial_taskflow_api.py took 0.095 seconds
[2024-01-22T15:35:14.058+0200] {processor.py:161} INFO - Started process (PID=41702) to work on /usr/local/lib/python3.10/dist-packages/airflow/example_dags/tutorial_taskflow_api.py
[2024-01-22T15:35:14.061+0200] {processor.py:830} INFO - Processing file /usr/local/lib/python3.10/dist-packages/airflow/example_dags/tutorial_taskflow_api.py for tasks to queue
[2024-01-22T15:35:14.061+0200] {logging_mixin.py:188} INFO - [2024-01-22T15:35:14.061+0200] {dagbag.py:538} INFO - Filling up the DagBag from /usr/local/lib/python3.10/dist-packages/airflow/example_dags/tutorial_taskflow_api.py
[2024-01-22T15:35:14.067+0200] {processor.py:840} INFO - DAG(s) 'tutorial_taskflow_api' retrieved from /usr/local/lib/python3.10/dist-packages/airflow/example_dags/tutorial_taskflow_api.py
[2024-01-22T15:35:14.080+0200] {logging_mixin.py:188} INFO - [2024-01-22T15:35:14.079+0200] {dag.py:3036} INFO - Sync 1 DAGs
[2024-01-22T15:35:14.092+0200] {logging_mixin.py:188} INFO - [2024-01-22T15:35:14.092+0200] {dag.py:3823} INFO - Setting next_dagrun for tutorial_taskflow_api to None, run_after=None
[2024-01-22T15:35:14.115+0200] {processor.py:183} INFO - Processing /usr/local/lib/python3.10/dist-packages/airflow/example_dags/tutorial_taskflow_api.py took 0.060 seconds
[2024-01-22T15:36:02.705+0200] {processor.py:161} INFO - Started process (PID=41901) to work on /usr/local/lib/python3.10/dist-packages/airflow/example_dags/tutorial_taskflow_api.py
[2024-01-22T15:36:02.708+0200] {processor.py:830} INFO - Processing file /usr/local/lib/python3.10/dist-packages/airflow/example_dags/tutorial_taskflow_api.py for tasks to queue
[2024-01-22T15:36:02.708+0200] {logging_mixin.py:188} INFO - [2024-01-22T15:36:02.708+0200] {dagbag.py:538} INFO - Filling up the DagBag from /usr/local/lib/python3.10/dist-packages/airflow/example_dags/tutorial_taskflow_api.py
[2024-01-22T15:36:02.718+0200] {processor.py:840} INFO - DAG(s) 'tutorial_taskflow_api' retrieved from /usr/local/lib/python3.10/dist-packages/airflow/example_dags/tutorial_taskflow_api.py
[2024-01-22T15:36:02.732+0200] {logging_mixin.py:188} INFO - [2024-01-22T15:36:02.732+0200] {dag.py:3036} INFO - Sync 1 DAGs
[2024-01-22T15:36:02.741+0200] {logging_mixin.py:188} INFO - [2024-01-22T15:36:02.741+0200] {dag.py:3823} INFO - Setting next_dagrun for tutorial_taskflow_api to None, run_after=None
[2024-01-22T15:36:02.762+0200] {processor.py:183} INFO - Processing /usr/local/lib/python3.10/dist-packages/airflow/example_dags/tutorial_taskflow_api.py took 0.059 seconds
[2024-01-22T15:36:48.519+0200] {processor.py:161} INFO - Started process (PID=41966) to work on /usr/local/lib/python3.10/dist-packages/airflow/example_dags/tutorial_taskflow_api.py
[2024-01-22T15:36:48.532+0200] {processor.py:830} INFO - Processing file /usr/local/lib/python3.10/dist-packages/airflow/example_dags/tutorial_taskflow_api.py for tasks to queue
[2024-01-22T15:36:48.533+0200] {logging_mixin.py:188} INFO - [2024-01-22T15:36:48.532+0200] {dagbag.py:538} INFO - Filling up the DagBag from /usr/local/lib/python3.10/dist-packages/airflow/example_dags/tutorial_taskflow_api.py
[2024-01-22T15:36:48.556+0200] {processor.py:840} INFO - DAG(s) 'tutorial_taskflow_api' retrieved from /usr/local/lib/python3.10/dist-packages/airflow/example_dags/tutorial_taskflow_api.py
[2024-01-22T15:36:48.625+0200] {logging_mixin.py:188} INFO - [2024-01-22T15:36:48.624+0200] {dag.py:3036} INFO - Sync 1 DAGs
[2024-01-22T15:36:48.646+0200] {logging_mixin.py:188} INFO - [2024-01-22T15:36:48.646+0200] {dag.py:3823} INFO - Setting next_dagrun for tutorial_taskflow_api to None, run_after=None
[2024-01-22T15:36:48.804+0200] {processor.py:183} INFO - Processing /usr/local/lib/python3.10/dist-packages/airflow/example_dags/tutorial_taskflow_api.py took 0.287 seconds
[2024-01-22T15:37:33.565+0200] {processor.py:161} INFO - Started process (PID=42069) to work on /usr/local/lib/python3.10/dist-packages/airflow/example_dags/tutorial_taskflow_api.py
[2024-01-22T15:37:33.567+0200] {processor.py:830} INFO - Processing file /usr/local/lib/python3.10/dist-packages/airflow/example_dags/tutorial_taskflow_api.py for tasks to queue
[2024-01-22T15:37:33.568+0200] {logging_mixin.py:188} INFO - [2024-01-22T15:37:33.568+0200] {dagbag.py:538} INFO - Filling up the DagBag from /usr/local/lib/python3.10/dist-packages/airflow/example_dags/tutorial_taskflow_api.py
[2024-01-22T15:37:33.579+0200] {processor.py:840} INFO - DAG(s) 'tutorial_taskflow_api' retrieved from /usr/local/lib/python3.10/dist-packages/airflow/example_dags/tutorial_taskflow_api.py
[2024-01-22T15:37:33.597+0200] {logging_mixin.py:188} INFO - [2024-01-22T15:37:33.597+0200] {dag.py:3036} INFO - Sync 1 DAGs
[2024-01-22T15:37:33.609+0200] {logging_mixin.py:188} INFO - [2024-01-22T15:37:33.609+0200] {dag.py:3823} INFO - Setting next_dagrun for tutorial_taskflow_api to None, run_after=None
[2024-01-22T15:37:33.636+0200] {processor.py:183} INFO - Processing /usr/local/lib/python3.10/dist-packages/airflow/example_dags/tutorial_taskflow_api.py took 0.075 seconds
[2024-01-22T15:38:15.524+0200] {processor.py:161} INFO - Started process (PID=42115) to work on /usr/local/lib/python3.10/dist-packages/airflow/example_dags/tutorial_taskflow_api.py
[2024-01-22T15:38:15.525+0200] {processor.py:830} INFO - Processing file /usr/local/lib/python3.10/dist-packages/airflow/example_dags/tutorial_taskflow_api.py for tasks to queue
[2024-01-22T15:38:15.525+0200] {logging_mixin.py:188} INFO - [2024-01-22T15:38:15.525+0200] {dagbag.py:538} INFO - Filling up the DagBag from /usr/local/lib/python3.10/dist-packages/airflow/example_dags/tutorial_taskflow_api.py
[2024-01-22T15:38:15.532+0200] {processor.py:840} INFO - DAG(s) 'tutorial_taskflow_api' retrieved from /usr/local/lib/python3.10/dist-packages/airflow/example_dags/tutorial_taskflow_api.py
[2024-01-22T15:38:15.544+0200] {logging_mixin.py:188} INFO - [2024-01-22T15:38:15.544+0200] {dag.py:3036} INFO - Sync 1 DAGs
[2024-01-22T15:38:15.554+0200] {logging_mixin.py:188} INFO - [2024-01-22T15:38:15.552+0200] {dag.py:3823} INFO - Setting next_dagrun for tutorial_taskflow_api to None, run_after=None
[2024-01-22T15:38:15.572+0200] {processor.py:183} INFO - Processing /usr/local/lib/python3.10/dist-packages/airflow/example_dags/tutorial_taskflow_api.py took 0.052 seconds
[2024-01-22T15:39:09.085+0200] {processor.py:161} INFO - Started process (PID=42169) to work on /usr/local/lib/python3.10/dist-packages/airflow/example_dags/tutorial_taskflow_api.py
[2024-01-22T15:39:09.087+0200] {processor.py:830} INFO - Processing file /usr/local/lib/python3.10/dist-packages/airflow/example_dags/tutorial_taskflow_api.py for tasks to queue
[2024-01-22T15:39:09.089+0200] {logging_mixin.py:188} INFO - [2024-01-22T15:39:09.088+0200] {dagbag.py:538} INFO - Filling up the DagBag from /usr/local/lib/python3.10/dist-packages/airflow/example_dags/tutorial_taskflow_api.py
[2024-01-22T15:39:09.097+0200] {processor.py:840} INFO - DAG(s) 'tutorial_taskflow_api' retrieved from /usr/local/lib/python3.10/dist-packages/airflow/example_dags/tutorial_taskflow_api.py
[2024-01-22T15:39:09.118+0200] {logging_mixin.py:188} INFO - [2024-01-22T15:39:09.115+0200] {dag.py:3036} INFO - Sync 1 DAGs
[2024-01-22T15:39:09.133+0200] {logging_mixin.py:188} INFO - [2024-01-22T15:39:09.133+0200] {dag.py:3823} INFO - Setting next_dagrun for tutorial_taskflow_api to None, run_after=None
[2024-01-22T15:39:09.173+0200] {processor.py:183} INFO - Processing /usr/local/lib/python3.10/dist-packages/airflow/example_dags/tutorial_taskflow_api.py took 0.091 seconds
[2024-01-22T15:39:47.504+0200] {processor.py:161} INFO - Started process (PID=42215) to work on /usr/local/lib/python3.10/dist-packages/airflow/example_dags/tutorial_taskflow_api.py
[2024-01-22T15:39:47.506+0200] {processor.py:830} INFO - Processing file /usr/local/lib/python3.10/dist-packages/airflow/example_dags/tutorial_taskflow_api.py for tasks to queue
[2024-01-22T15:39:47.507+0200] {logging_mixin.py:188} INFO - [2024-01-22T15:39:47.507+0200] {dagbag.py:538} INFO - Filling up the DagBag from /usr/local/lib/python3.10/dist-packages/airflow/example_dags/tutorial_taskflow_api.py
[2024-01-22T15:39:47.513+0200] {processor.py:840} INFO - DAG(s) 'tutorial_taskflow_api' retrieved from /usr/local/lib/python3.10/dist-packages/airflow/example_dags/tutorial_taskflow_api.py
[2024-01-22T15:39:47.526+0200] {logging_mixin.py:188} INFO - [2024-01-22T15:39:47.525+0200] {dag.py:3036} INFO - Sync 1 DAGs
[2024-01-22T15:39:47.536+0200] {logging_mixin.py:188} INFO - [2024-01-22T15:39:47.536+0200] {dag.py:3823} INFO - Setting next_dagrun for tutorial_taskflow_api to None, run_after=None
[2024-01-22T15:39:47.555+0200] {processor.py:183} INFO - Processing /usr/local/lib/python3.10/dist-packages/airflow/example_dags/tutorial_taskflow_api.py took 0.054 seconds
[2024-01-22T15:40:31.009+0200] {processor.py:161} INFO - Started process (PID=42284) to work on /usr/local/lib/python3.10/dist-packages/airflow/example_dags/tutorial_taskflow_api.py
[2024-01-22T15:40:31.013+0200] {processor.py:830} INFO - Processing file /usr/local/lib/python3.10/dist-packages/airflow/example_dags/tutorial_taskflow_api.py for tasks to queue
[2024-01-22T15:40:31.014+0200] {logging_mixin.py:188} INFO - [2024-01-22T15:40:31.013+0200] {dagbag.py:538} INFO - Filling up the DagBag from /usr/local/lib/python3.10/dist-packages/airflow/example_dags/tutorial_taskflow_api.py
[2024-01-22T15:40:31.024+0200] {processor.py:840} INFO - DAG(s) 'tutorial_taskflow_api' retrieved from /usr/local/lib/python3.10/dist-packages/airflow/example_dags/tutorial_taskflow_api.py
[2024-01-22T15:40:31.046+0200] {logging_mixin.py:188} INFO - [2024-01-22T15:40:31.046+0200] {dag.py:3036} INFO - Sync 1 DAGs
[2024-01-22T15:40:31.059+0200] {logging_mixin.py:188} INFO - [2024-01-22T15:40:31.058+0200] {dag.py:3823} INFO - Setting next_dagrun for tutorial_taskflow_api to None, run_after=None
[2024-01-22T15:40:31.085+0200] {processor.py:183} INFO - Processing /usr/local/lib/python3.10/dist-packages/airflow/example_dags/tutorial_taskflow_api.py took 0.080 seconds
[2024-01-22T15:41:10.765+0200] {processor.py:161} INFO - Started process (PID=42326) to work on /usr/local/lib/python3.10/dist-packages/airflow/example_dags/tutorial_taskflow_api.py
[2024-01-22T15:41:10.767+0200] {processor.py:830} INFO - Processing file /usr/local/lib/python3.10/dist-packages/airflow/example_dags/tutorial_taskflow_api.py for tasks to queue
[2024-01-22T15:41:10.768+0200] {logging_mixin.py:188} INFO - [2024-01-22T15:41:10.767+0200] {dagbag.py:538} INFO - Filling up the DagBag from /usr/local/lib/python3.10/dist-packages/airflow/example_dags/tutorial_taskflow_api.py
[2024-01-22T15:41:10.776+0200] {processor.py:840} INFO - DAG(s) 'tutorial_taskflow_api' retrieved from /usr/local/lib/python3.10/dist-packages/airflow/example_dags/tutorial_taskflow_api.py
[2024-01-22T15:41:10.796+0200] {logging_mixin.py:188} INFO - [2024-01-22T15:41:10.795+0200] {dag.py:3036} INFO - Sync 1 DAGs
[2024-01-22T15:41:10.806+0200] {logging_mixin.py:188} INFO - [2024-01-22T15:41:10.806+0200] {dag.py:3823} INFO - Setting next_dagrun for tutorial_taskflow_api to None, run_after=None
[2024-01-22T15:41:10.833+0200] {processor.py:183} INFO - Processing /usr/local/lib/python3.10/dist-packages/airflow/example_dags/tutorial_taskflow_api.py took 0.073 seconds
[2024-01-22T15:42:05.836+0200] {processor.py:161} INFO - Started process (PID=42381) to work on /usr/local/lib/python3.10/dist-packages/airflow/example_dags/tutorial_taskflow_api.py
[2024-01-22T15:42:05.838+0200] {processor.py:830} INFO - Processing file /usr/local/lib/python3.10/dist-packages/airflow/example_dags/tutorial_taskflow_api.py for tasks to queue
[2024-01-22T15:42:05.839+0200] {logging_mixin.py:188} INFO - [2024-01-22T15:42:05.839+0200] {dagbag.py:538} INFO - Filling up the DagBag from /usr/local/lib/python3.10/dist-packages/airflow/example_dags/tutorial_taskflow_api.py
[2024-01-22T15:42:05.848+0200] {processor.py:840} INFO - DAG(s) 'tutorial_taskflow_api' retrieved from /usr/local/lib/python3.10/dist-packages/airflow/example_dags/tutorial_taskflow_api.py
[2024-01-22T15:42:05.866+0200] {logging_mixin.py:188} INFO - [2024-01-22T15:42:05.866+0200] {dag.py:3036} INFO - Sync 1 DAGs
[2024-01-22T15:42:05.879+0200] {logging_mixin.py:188} INFO - [2024-01-22T15:42:05.878+0200] {dag.py:3823} INFO - Setting next_dagrun for tutorial_taskflow_api to None, run_after=None
[2024-01-22T15:42:05.904+0200] {processor.py:183} INFO - Processing /usr/local/lib/python3.10/dist-packages/airflow/example_dags/tutorial_taskflow_api.py took 0.074 seconds
[2024-01-22T15:43:03.509+0200] {processor.py:161} INFO - Started process (PID=42448) to work on /usr/local/lib/python3.10/dist-packages/airflow/example_dags/tutorial_taskflow_api.py
[2024-01-22T15:43:03.511+0200] {processor.py:830} INFO - Processing file /usr/local/lib/python3.10/dist-packages/airflow/example_dags/tutorial_taskflow_api.py for tasks to queue
[2024-01-22T15:43:03.512+0200] {logging_mixin.py:188} INFO - [2024-01-22T15:43:03.512+0200] {dagbag.py:538} INFO - Filling up the DagBag from /usr/local/lib/python3.10/dist-packages/airflow/example_dags/tutorial_taskflow_api.py
[2024-01-22T15:43:03.519+0200] {processor.py:840} INFO - DAG(s) 'tutorial_taskflow_api' retrieved from /usr/local/lib/python3.10/dist-packages/airflow/example_dags/tutorial_taskflow_api.py
[2024-01-22T15:43:03.531+0200] {logging_mixin.py:188} INFO - [2024-01-22T15:43:03.531+0200] {dag.py:3036} INFO - Sync 1 DAGs
[2024-01-22T15:43:03.539+0200] {logging_mixin.py:188} INFO - [2024-01-22T15:43:03.539+0200] {dag.py:3823} INFO - Setting next_dagrun for tutorial_taskflow_api to None, run_after=None
[2024-01-22T15:43:03.559+0200] {processor.py:183} INFO - Processing /usr/local/lib/python3.10/dist-packages/airflow/example_dags/tutorial_taskflow_api.py took 0.053 seconds
[2024-01-22T15:43:53.836+0200] {processor.py:161} INFO - Started process (PID=42500) to work on /usr/local/lib/python3.10/dist-packages/airflow/example_dags/tutorial_taskflow_api.py
[2024-01-22T15:43:53.839+0200] {processor.py:830} INFO - Processing file /usr/local/lib/python3.10/dist-packages/airflow/example_dags/tutorial_taskflow_api.py for tasks to queue
[2024-01-22T15:43:53.841+0200] {logging_mixin.py:188} INFO - [2024-01-22T15:43:53.840+0200] {dagbag.py:538} INFO - Filling up the DagBag from /usr/local/lib/python3.10/dist-packages/airflow/example_dags/tutorial_taskflow_api.py
[2024-01-22T15:43:53.850+0200] {processor.py:840} INFO - DAG(s) 'tutorial_taskflow_api' retrieved from /usr/local/lib/python3.10/dist-packages/airflow/example_dags/tutorial_taskflow_api.py
[2024-01-22T15:43:53.894+0200] {logging_mixin.py:188} INFO - [2024-01-22T15:43:53.894+0200] {dag.py:3036} INFO - Sync 1 DAGs
[2024-01-22T15:43:53.918+0200] {logging_mixin.py:188} INFO - [2024-01-22T15:43:53.918+0200] {dag.py:3823} INFO - Setting next_dagrun for tutorial_taskflow_api to None, run_after=None
[2024-01-22T15:43:53.962+0200] {processor.py:183} INFO - Processing /usr/local/lib/python3.10/dist-packages/airflow/example_dags/tutorial_taskflow_api.py took 0.130 seconds
[2024-01-22T15:44:43.144+0200] {processor.py:161} INFO - Started process (PID=42552) to work on /usr/local/lib/python3.10/dist-packages/airflow/example_dags/tutorial_taskflow_api.py
[2024-01-22T15:44:43.146+0200] {processor.py:830} INFO - Processing file /usr/local/lib/python3.10/dist-packages/airflow/example_dags/tutorial_taskflow_api.py for tasks to queue
[2024-01-22T15:44:43.148+0200] {logging_mixin.py:188} INFO - [2024-01-22T15:44:43.147+0200] {dagbag.py:538} INFO - Filling up the DagBag from /usr/local/lib/python3.10/dist-packages/airflow/example_dags/tutorial_taskflow_api.py
[2024-01-22T15:44:43.156+0200] {processor.py:840} INFO - DAG(s) 'tutorial_taskflow_api' retrieved from /usr/local/lib/python3.10/dist-packages/airflow/example_dags/tutorial_taskflow_api.py
[2024-01-22T15:44:43.174+0200] {logging_mixin.py:188} INFO - [2024-01-22T15:44:43.174+0200] {dag.py:3036} INFO - Sync 1 DAGs
[2024-01-22T15:44:43.186+0200] {logging_mixin.py:188} INFO - [2024-01-22T15:44:43.186+0200] {dag.py:3823} INFO - Setting next_dagrun for tutorial_taskflow_api to None, run_after=None
[2024-01-22T15:44:43.211+0200] {processor.py:183} INFO - Processing /usr/local/lib/python3.10/dist-packages/airflow/example_dags/tutorial_taskflow_api.py took 0.071 seconds
[2024-01-22T15:45:33.186+0200] {processor.py:161} INFO - Started process (PID=42657) to work on /usr/local/lib/python3.10/dist-packages/airflow/example_dags/tutorial_taskflow_api.py
[2024-01-22T15:45:33.187+0200] {processor.py:830} INFO - Processing file /usr/local/lib/python3.10/dist-packages/airflow/example_dags/tutorial_taskflow_api.py for tasks to queue
[2024-01-22T15:45:33.188+0200] {logging_mixin.py:188} INFO - [2024-01-22T15:45:33.188+0200] {dagbag.py:538} INFO - Filling up the DagBag from /usr/local/lib/python3.10/dist-packages/airflow/example_dags/tutorial_taskflow_api.py
[2024-01-22T15:45:33.195+0200] {processor.py:840} INFO - DAG(s) 'tutorial_taskflow_api' retrieved from /usr/local/lib/python3.10/dist-packages/airflow/example_dags/tutorial_taskflow_api.py
[2024-01-22T15:45:33.231+0200] {logging_mixin.py:188} INFO - [2024-01-22T15:45:33.231+0200] {dag.py:3036} INFO - Sync 1 DAGs
[2024-01-22T15:45:33.251+0200] {logging_mixin.py:188} INFO - [2024-01-22T15:45:33.250+0200] {dag.py:3823} INFO - Setting next_dagrun for tutorial_taskflow_api to None, run_after=None
[2024-01-22T15:45:33.278+0200] {processor.py:183} INFO - Processing /usr/local/lib/python3.10/dist-packages/airflow/example_dags/tutorial_taskflow_api.py took 0.106 seconds
[2024-01-22T15:46:14.756+0200] {processor.py:161} INFO - Started process (PID=42706) to work on /usr/local/lib/python3.10/dist-packages/airflow/example_dags/tutorial_taskflow_api.py
[2024-01-22T15:46:14.761+0200] {processor.py:830} INFO - Processing file /usr/local/lib/python3.10/dist-packages/airflow/example_dags/tutorial_taskflow_api.py for tasks to queue
[2024-01-22T15:46:14.762+0200] {logging_mixin.py:188} INFO - [2024-01-22T15:46:14.762+0200] {dagbag.py:538} INFO - Filling up the DagBag from /usr/local/lib/python3.10/dist-packages/airflow/example_dags/tutorial_taskflow_api.py
[2024-01-22T15:46:14.768+0200] {processor.py:840} INFO - DAG(s) 'tutorial_taskflow_api' retrieved from /usr/local/lib/python3.10/dist-packages/airflow/example_dags/tutorial_taskflow_api.py
[2024-01-22T15:46:14.802+0200] {logging_mixin.py:188} INFO - [2024-01-22T15:46:14.802+0200] {dag.py:3036} INFO - Sync 1 DAGs
[2024-01-22T15:46:14.818+0200] {logging_mixin.py:188} INFO - [2024-01-22T15:46:14.818+0200] {dag.py:3823} INFO - Setting next_dagrun for tutorial_taskflow_api to None, run_after=None
[2024-01-22T15:46:14.859+0200] {processor.py:183} INFO - Processing /usr/local/lib/python3.10/dist-packages/airflow/example_dags/tutorial_taskflow_api.py took 0.109 seconds
[2024-01-22T15:47:13.120+0200] {processor.py:161} INFO - Started process (PID=43659) to work on /usr/local/lib/python3.10/dist-packages/airflow/example_dags/tutorial_taskflow_api.py
[2024-01-22T15:47:13.122+0200] {processor.py:830} INFO - Processing file /usr/local/lib/python3.10/dist-packages/airflow/example_dags/tutorial_taskflow_api.py for tasks to queue
[2024-01-22T15:47:13.123+0200] {logging_mixin.py:188} INFO - [2024-01-22T15:47:13.123+0200] {dagbag.py:538} INFO - Filling up the DagBag from /usr/local/lib/python3.10/dist-packages/airflow/example_dags/tutorial_taskflow_api.py
[2024-01-22T15:47:13.132+0200] {processor.py:840} INFO - DAG(s) 'tutorial_taskflow_api' retrieved from /usr/local/lib/python3.10/dist-packages/airflow/example_dags/tutorial_taskflow_api.py
[2024-01-22T15:47:13.145+0200] {logging_mixin.py:188} INFO - [2024-01-22T15:47:13.145+0200] {dag.py:3036} INFO - Sync 1 DAGs
[2024-01-22T15:47:13.153+0200] {logging_mixin.py:188} INFO - [2024-01-22T15:47:13.153+0200] {dag.py:3823} INFO - Setting next_dagrun for tutorial_taskflow_api to None, run_after=None
[2024-01-22T15:47:13.170+0200] {processor.py:183} INFO - Processing /usr/local/lib/python3.10/dist-packages/airflow/example_dags/tutorial_taskflow_api.py took 0.053 seconds
[2024-01-22T15:47:59.589+0200] {processor.py:161} INFO - Started process (PID=43751) to work on /usr/local/lib/python3.10/dist-packages/airflow/example_dags/tutorial_taskflow_api.py
[2024-01-22T15:47:59.592+0200] {processor.py:830} INFO - Processing file /usr/local/lib/python3.10/dist-packages/airflow/example_dags/tutorial_taskflow_api.py for tasks to queue
[2024-01-22T15:47:59.594+0200] {logging_mixin.py:188} INFO - [2024-01-22T15:47:59.593+0200] {dagbag.py:538} INFO - Filling up the DagBag from /usr/local/lib/python3.10/dist-packages/airflow/example_dags/tutorial_taskflow_api.py
[2024-01-22T15:47:59.635+0200] {processor.py:840} INFO - DAG(s) 'tutorial_taskflow_api' retrieved from /usr/local/lib/python3.10/dist-packages/airflow/example_dags/tutorial_taskflow_api.py
[2024-01-22T15:47:59.661+0200] {logging_mixin.py:188} INFO - [2024-01-22T15:47:59.660+0200] {dag.py:3036} INFO - Sync 1 DAGs
[2024-01-22T15:47:59.680+0200] {logging_mixin.py:188} INFO - [2024-01-22T15:47:59.680+0200] {dag.py:3823} INFO - Setting next_dagrun for tutorial_taskflow_api to None, run_after=None
[2024-01-22T15:47:59.711+0200] {processor.py:183} INFO - Processing /usr/local/lib/python3.10/dist-packages/airflow/example_dags/tutorial_taskflow_api.py took 0.160 seconds
[2024-01-22T15:48:45.459+0200] {processor.py:161} INFO - Started process (PID=43932) to work on /usr/local/lib/python3.10/dist-packages/airflow/example_dags/tutorial_taskflow_api.py
[2024-01-22T15:48:45.470+0200] {processor.py:830} INFO - Processing file /usr/local/lib/python3.10/dist-packages/airflow/example_dags/tutorial_taskflow_api.py for tasks to queue
[2024-01-22T15:48:45.471+0200] {logging_mixin.py:188} INFO - [2024-01-22T15:48:45.471+0200] {dagbag.py:538} INFO - Filling up the DagBag from /usr/local/lib/python3.10/dist-packages/airflow/example_dags/tutorial_taskflow_api.py
[2024-01-22T15:48:45.479+0200] {processor.py:840} INFO - DAG(s) 'tutorial_taskflow_api' retrieved from /usr/local/lib/python3.10/dist-packages/airflow/example_dags/tutorial_taskflow_api.py
[2024-01-22T15:48:45.494+0200] {logging_mixin.py:188} INFO - [2024-01-22T15:48:45.494+0200] {dag.py:3036} INFO - Sync 1 DAGs
[2024-01-22T15:48:45.503+0200] {logging_mixin.py:188} INFO - [2024-01-22T15:48:45.502+0200] {dag.py:3823} INFO - Setting next_dagrun for tutorial_taskflow_api to None, run_after=None
[2024-01-22T15:48:45.521+0200] {processor.py:183} INFO - Processing /usr/local/lib/python3.10/dist-packages/airflow/example_dags/tutorial_taskflow_api.py took 0.064 seconds
