[2024-01-22T15:30:37.064+0200] {processor.py:161} INFO - Started process (PID=40611) to work on /usr/local/lib/python3.10/dist-packages/airflow/example_dags/tutorial_objectstorage.py
[2024-01-22T15:30:37.064+0200] {processor.py:830} INFO - Processing file /usr/local/lib/python3.10/dist-packages/airflow/example_dags/tutorial_objectstorage.py for tasks to queue
[2024-01-22T15:30:37.065+0200] {logging_mixin.py:188} INFO - [2024-01-22T15:30:37.065+0200] {dagbag.py:538} INFO - Filling up the DagBag from /usr/local/lib/python3.10/dist-packages/airflow/example_dags/tutorial_objectstorage.py
[2024-01-22T15:30:37.088+0200] {processor.py:840} INFO - DAG(s) 'tutorial_objectstorage' retrieved from /usr/local/lib/python3.10/dist-packages/airflow/example_dags/tutorial_objectstorage.py
[2024-01-22T15:30:37.219+0200] {logging_mixin.py:188} INFO - [2024-01-22T15:30:37.218+0200] {dag.py:3036} INFO - Sync 1 DAGs
[2024-01-22T15:30:37.224+0200] {logging_mixin.py:188} INFO - [2024-01-22T15:30:37.224+0200] {dag.py:3823} INFO - Setting next_dagrun for tutorial_objectstorage to None, run_after=None
[2024-01-22T15:30:37.266+0200] {processor.py:183} INFO - Processing /usr/local/lib/python3.10/dist-packages/airflow/example_dags/tutorial_objectstorage.py took 0.211 seconds
[2024-01-22T15:31:49.812+0200] {processor.py:161} INFO - Started process (PID=41026) to work on /usr/local/lib/python3.10/dist-packages/airflow/example_dags/tutorial_objectstorage.py
[2024-01-22T15:31:49.822+0200] {processor.py:830} INFO - Processing file /usr/local/lib/python3.10/dist-packages/airflow/example_dags/tutorial_objectstorage.py for tasks to queue
[2024-01-22T15:31:49.823+0200] {logging_mixin.py:188} INFO - [2024-01-22T15:31:49.823+0200] {dagbag.py:538} INFO - Filling up the DagBag from /usr/local/lib/python3.10/dist-packages/airflow/example_dags/tutorial_objectstorage.py
[2024-01-22T15:31:49.841+0200] {processor.py:840} INFO - DAG(s) 'tutorial_objectstorage' retrieved from /usr/local/lib/python3.10/dist-packages/airflow/example_dags/tutorial_objectstorage.py
[2024-01-22T15:31:49.869+0200] {logging_mixin.py:188} INFO - [2024-01-22T15:31:49.868+0200] {dag.py:3036} INFO - Sync 1 DAGs
[2024-01-22T15:31:49.877+0200] {logging_mixin.py:188} INFO - [2024-01-22T15:31:49.876+0200] {dag.py:3823} INFO - Setting next_dagrun for tutorial_objectstorage to None, run_after=None
[2024-01-22T15:31:49.921+0200] {processor.py:183} INFO - Processing /usr/local/lib/python3.10/dist-packages/airflow/example_dags/tutorial_objectstorage.py took 0.111 seconds
[2024-01-22T15:32:43.919+0200] {processor.py:161} INFO - Started process (PID=41228) to work on /usr/local/lib/python3.10/dist-packages/airflow/example_dags/tutorial_objectstorage.py
[2024-01-22T15:32:43.922+0200] {processor.py:830} INFO - Processing file /usr/local/lib/python3.10/dist-packages/airflow/example_dags/tutorial_objectstorage.py for tasks to queue
[2024-01-22T15:32:43.926+0200] {logging_mixin.py:188} INFO - [2024-01-22T15:32:43.923+0200] {dagbag.py:538} INFO - Filling up the DagBag from /usr/local/lib/python3.10/dist-packages/airflow/example_dags/tutorial_objectstorage.py
[2024-01-22T15:32:43.963+0200] {processor.py:840} INFO - DAG(s) 'tutorial_objectstorage' retrieved from /usr/local/lib/python3.10/dist-packages/airflow/example_dags/tutorial_objectstorage.py
[2024-01-22T15:32:43.998+0200] {logging_mixin.py:188} INFO - [2024-01-22T15:32:43.998+0200] {dag.py:3036} INFO - Sync 1 DAGs
[2024-01-22T15:32:44.039+0200] {logging_mixin.py:188} INFO - [2024-01-22T15:32:44.039+0200] {dag.py:3823} INFO - Setting next_dagrun for tutorial_objectstorage to None, run_after=None
[2024-01-22T15:32:44.115+0200] {processor.py:183} INFO - Processing /usr/local/lib/python3.10/dist-packages/airflow/example_dags/tutorial_objectstorage.py took 0.205 seconds
[2024-01-22T15:33:35.312+0200] {processor.py:161} INFO - Started process (PID=41527) to work on /usr/local/lib/python3.10/dist-packages/airflow/example_dags/tutorial_objectstorage.py
[2024-01-22T15:33:35.314+0200] {processor.py:830} INFO - Processing file /usr/local/lib/python3.10/dist-packages/airflow/example_dags/tutorial_objectstorage.py for tasks to queue
[2024-01-22T15:33:35.315+0200] {logging_mixin.py:188} INFO - [2024-01-22T15:33:35.315+0200] {dagbag.py:538} INFO - Filling up the DagBag from /usr/local/lib/python3.10/dist-packages/airflow/example_dags/tutorial_objectstorage.py
[2024-01-22T15:33:35.356+0200] {processor.py:840} INFO - DAG(s) 'tutorial_objectstorage' retrieved from /usr/local/lib/python3.10/dist-packages/airflow/example_dags/tutorial_objectstorage.py
[2024-01-22T15:33:35.385+0200] {logging_mixin.py:188} INFO - [2024-01-22T15:33:35.384+0200] {dag.py:3036} INFO - Sync 1 DAGs
[2024-01-22T15:33:35.400+0200] {logging_mixin.py:188} INFO - [2024-01-22T15:33:35.400+0200] {dag.py:3823} INFO - Setting next_dagrun for tutorial_objectstorage to None, run_after=None
[2024-01-22T15:33:35.440+0200] {processor.py:183} INFO - Processing /usr/local/lib/python3.10/dist-packages/airflow/example_dags/tutorial_objectstorage.py took 0.135 seconds
[2024-01-22T15:34:30.371+0200] {processor.py:161} INFO - Started process (PID=41614) to work on /usr/local/lib/python3.10/dist-packages/airflow/example_dags/tutorial_objectstorage.py
[2024-01-22T15:34:30.373+0200] {processor.py:830} INFO - Processing file /usr/local/lib/python3.10/dist-packages/airflow/example_dags/tutorial_objectstorage.py for tasks to queue
[2024-01-22T15:34:30.374+0200] {logging_mixin.py:188} INFO - [2024-01-22T15:34:30.374+0200] {dagbag.py:538} INFO - Filling up the DagBag from /usr/local/lib/python3.10/dist-packages/airflow/example_dags/tutorial_objectstorage.py
[2024-01-22T15:34:30.399+0200] {processor.py:840} INFO - DAG(s) 'tutorial_objectstorage' retrieved from /usr/local/lib/python3.10/dist-packages/airflow/example_dags/tutorial_objectstorage.py
[2024-01-22T15:34:30.426+0200] {logging_mixin.py:188} INFO - [2024-01-22T15:34:30.426+0200] {dag.py:3036} INFO - Sync 1 DAGs
[2024-01-22T15:34:30.434+0200] {logging_mixin.py:188} INFO - [2024-01-22T15:34:30.434+0200] {dag.py:3823} INFO - Setting next_dagrun for tutorial_objectstorage to None, run_after=None
[2024-01-22T15:34:30.472+0200] {processor.py:183} INFO - Processing /usr/local/lib/python3.10/dist-packages/airflow/example_dags/tutorial_objectstorage.py took 0.111 seconds
[2024-01-22T15:35:17.263+0200] {processor.py:161} INFO - Started process (PID=41706) to work on /usr/local/lib/python3.10/dist-packages/airflow/example_dags/tutorial_objectstorage.py
[2024-01-22T15:35:17.267+0200] {processor.py:830} INFO - Processing file /usr/local/lib/python3.10/dist-packages/airflow/example_dags/tutorial_objectstorage.py for tasks to queue
[2024-01-22T15:35:17.268+0200] {logging_mixin.py:188} INFO - [2024-01-22T15:35:17.267+0200] {dagbag.py:538} INFO - Filling up the DagBag from /usr/local/lib/python3.10/dist-packages/airflow/example_dags/tutorial_objectstorage.py
[2024-01-22T15:35:17.278+0200] {processor.py:840} INFO - DAG(s) 'tutorial_objectstorage' retrieved from /usr/local/lib/python3.10/dist-packages/airflow/example_dags/tutorial_objectstorage.py
[2024-01-22T15:35:17.294+0200] {logging_mixin.py:188} INFO - [2024-01-22T15:35:17.294+0200] {dag.py:3036} INFO - Sync 1 DAGs
[2024-01-22T15:35:17.306+0200] {logging_mixin.py:188} INFO - [2024-01-22T15:35:17.305+0200] {dag.py:3823} INFO - Setting next_dagrun for tutorial_objectstorage to None, run_after=None
[2024-01-22T15:35:17.330+0200] {processor.py:183} INFO - Processing /usr/local/lib/python3.10/dist-packages/airflow/example_dags/tutorial_objectstorage.py took 0.071 seconds
[2024-01-22T15:36:05.505+0200] {processor.py:161} INFO - Started process (PID=41904) to work on /usr/local/lib/python3.10/dist-packages/airflow/example_dags/tutorial_objectstorage.py
[2024-01-22T15:36:05.507+0200] {processor.py:830} INFO - Processing file /usr/local/lib/python3.10/dist-packages/airflow/example_dags/tutorial_objectstorage.py for tasks to queue
[2024-01-22T15:36:05.508+0200] {logging_mixin.py:188} INFO - [2024-01-22T15:36:05.507+0200] {dagbag.py:538} INFO - Filling up the DagBag from /usr/local/lib/python3.10/dist-packages/airflow/example_dags/tutorial_objectstorage.py
[2024-01-22T15:36:05.538+0200] {processor.py:840} INFO - DAG(s) 'tutorial_objectstorage' retrieved from /usr/local/lib/python3.10/dist-packages/airflow/example_dags/tutorial_objectstorage.py
[2024-01-22T15:36:05.591+0200] {logging_mixin.py:188} INFO - [2024-01-22T15:36:05.591+0200] {dag.py:3036} INFO - Sync 1 DAGs
[2024-01-22T15:36:05.599+0200] {logging_mixin.py:188} INFO - [2024-01-22T15:36:05.599+0200] {dag.py:3823} INFO - Setting next_dagrun for tutorial_objectstorage to None, run_after=None
[2024-01-22T15:36:05.688+0200] {processor.py:183} INFO - Processing /usr/local/lib/python3.10/dist-packages/airflow/example_dags/tutorial_objectstorage.py took 0.198 seconds
[2024-01-22T15:36:52.173+0200] {processor.py:161} INFO - Started process (PID=41969) to work on /usr/local/lib/python3.10/dist-packages/airflow/example_dags/tutorial_objectstorage.py
[2024-01-22T15:36:52.196+0200] {processor.py:830} INFO - Processing file /usr/local/lib/python3.10/dist-packages/airflow/example_dags/tutorial_objectstorage.py for tasks to queue
[2024-01-22T15:36:52.197+0200] {logging_mixin.py:188} INFO - [2024-01-22T15:36:52.197+0200] {dagbag.py:538} INFO - Filling up the DagBag from /usr/local/lib/python3.10/dist-packages/airflow/example_dags/tutorial_objectstorage.py
[2024-01-22T15:36:52.213+0200] {processor.py:840} INFO - DAG(s) 'tutorial_objectstorage' retrieved from /usr/local/lib/python3.10/dist-packages/airflow/example_dags/tutorial_objectstorage.py
[2024-01-22T15:36:52.230+0200] {logging_mixin.py:188} INFO - [2024-01-22T15:36:52.229+0200] {dag.py:3036} INFO - Sync 1 DAGs
[2024-01-22T15:36:52.249+0200] {logging_mixin.py:188} INFO - [2024-01-22T15:36:52.248+0200] {dag.py:3823} INFO - Setting next_dagrun for tutorial_objectstorage to None, run_after=None
[2024-01-22T15:36:52.296+0200] {processor.py:183} INFO - Processing /usr/local/lib/python3.10/dist-packages/airflow/example_dags/tutorial_objectstorage.py took 0.126 seconds
[2024-01-22T15:37:36.326+0200] {processor.py:161} INFO - Started process (PID=42072) to work on /usr/local/lib/python3.10/dist-packages/airflow/example_dags/tutorial_objectstorage.py
[2024-01-22T15:37:36.329+0200] {processor.py:830} INFO - Processing file /usr/local/lib/python3.10/dist-packages/airflow/example_dags/tutorial_objectstorage.py for tasks to queue
[2024-01-22T15:37:36.330+0200] {logging_mixin.py:188} INFO - [2024-01-22T15:37:36.330+0200] {dagbag.py:538} INFO - Filling up the DagBag from /usr/local/lib/python3.10/dist-packages/airflow/example_dags/tutorial_objectstorage.py
[2024-01-22T15:37:36.344+0200] {processor.py:840} INFO - DAG(s) 'tutorial_objectstorage' retrieved from /usr/local/lib/python3.10/dist-packages/airflow/example_dags/tutorial_objectstorage.py
[2024-01-22T15:37:36.361+0200] {logging_mixin.py:188} INFO - [2024-01-22T15:37:36.361+0200] {dag.py:3036} INFO - Sync 1 DAGs
[2024-01-22T15:37:36.374+0200] {logging_mixin.py:188} INFO - [2024-01-22T15:37:36.374+0200] {dag.py:3823} INFO - Setting next_dagrun for tutorial_objectstorage to None, run_after=None
[2024-01-22T15:37:36.404+0200] {processor.py:183} INFO - Processing /usr/local/lib/python3.10/dist-packages/airflow/example_dags/tutorial_objectstorage.py took 0.083 seconds
[2024-01-22T15:38:18.843+0200] {processor.py:161} INFO - Started process (PID=42118) to work on /usr/local/lib/python3.10/dist-packages/airflow/example_dags/tutorial_objectstorage.py
[2024-01-22T15:38:18.845+0200] {processor.py:830} INFO - Processing file /usr/local/lib/python3.10/dist-packages/airflow/example_dags/tutorial_objectstorage.py for tasks to queue
[2024-01-22T15:38:18.845+0200] {logging_mixin.py:188} INFO - [2024-01-22T15:38:18.845+0200] {dagbag.py:538} INFO - Filling up the DagBag from /usr/local/lib/python3.10/dist-packages/airflow/example_dags/tutorial_objectstorage.py
[2024-01-22T15:38:18.853+0200] {processor.py:840} INFO - DAG(s) 'tutorial_objectstorage' retrieved from /usr/local/lib/python3.10/dist-packages/airflow/example_dags/tutorial_objectstorage.py
[2024-01-22T15:38:18.865+0200] {logging_mixin.py:188} INFO - [2024-01-22T15:38:18.865+0200] {dag.py:3036} INFO - Sync 1 DAGs
[2024-01-22T15:38:18.874+0200] {logging_mixin.py:188} INFO - [2024-01-22T15:38:18.874+0200] {dag.py:3823} INFO - Setting next_dagrun for tutorial_objectstorage to None, run_after=None
[2024-01-22T15:38:18.892+0200] {processor.py:183} INFO - Processing /usr/local/lib/python3.10/dist-packages/airflow/example_dags/tutorial_objectstorage.py took 0.052 seconds
[2024-01-22T15:39:11.662+0200] {processor.py:161} INFO - Started process (PID=42172) to work on /usr/local/lib/python3.10/dist-packages/airflow/example_dags/tutorial_objectstorage.py
[2024-01-22T15:39:11.663+0200] {processor.py:830} INFO - Processing file /usr/local/lib/python3.10/dist-packages/airflow/example_dags/tutorial_objectstorage.py for tasks to queue
[2024-01-22T15:39:11.664+0200] {logging_mixin.py:188} INFO - [2024-01-22T15:39:11.664+0200] {dagbag.py:538} INFO - Filling up the DagBag from /usr/local/lib/python3.10/dist-packages/airflow/example_dags/tutorial_objectstorage.py
[2024-01-22T15:39:11.673+0200] {processor.py:840} INFO - DAG(s) 'tutorial_objectstorage' retrieved from /usr/local/lib/python3.10/dist-packages/airflow/example_dags/tutorial_objectstorage.py
[2024-01-22T15:39:11.687+0200] {logging_mixin.py:188} INFO - [2024-01-22T15:39:11.687+0200] {dag.py:3036} INFO - Sync 1 DAGs
[2024-01-22T15:39:11.699+0200] {logging_mixin.py:188} INFO - [2024-01-22T15:39:11.699+0200] {dag.py:3823} INFO - Setting next_dagrun for tutorial_objectstorage to None, run_after=None
[2024-01-22T15:39:11.722+0200] {processor.py:183} INFO - Processing /usr/local/lib/python3.10/dist-packages/airflow/example_dags/tutorial_objectstorage.py took 0.064 seconds
[2024-01-22T15:40:10.523+0200] {processor.py:161} INFO - Started process (PID=42265) to work on /usr/local/lib/python3.10/dist-packages/airflow/example_dags/tutorial_objectstorage.py
[2024-01-22T15:40:10.526+0200] {processor.py:830} INFO - Processing file /usr/local/lib/python3.10/dist-packages/airflow/example_dags/tutorial_objectstorage.py for tasks to queue
[2024-01-22T15:40:10.528+0200] {logging_mixin.py:188} INFO - [2024-01-22T15:40:10.527+0200] {dagbag.py:538} INFO - Filling up the DagBag from /usr/local/lib/python3.10/dist-packages/airflow/example_dags/tutorial_objectstorage.py
[2024-01-22T15:40:10.562+0200] {processor.py:840} INFO - DAG(s) 'tutorial_objectstorage' retrieved from /usr/local/lib/python3.10/dist-packages/airflow/example_dags/tutorial_objectstorage.py
[2024-01-22T15:40:10.596+0200] {logging_mixin.py:188} INFO - [2024-01-22T15:40:10.595+0200] {dag.py:3036} INFO - Sync 1 DAGs
[2024-01-22T15:40:10.620+0200] {logging_mixin.py:188} INFO - [2024-01-22T15:40:10.620+0200] {dag.py:3823} INFO - Setting next_dagrun for tutorial_objectstorage to None, run_after=None
[2024-01-22T15:40:10.650+0200] {processor.py:183} INFO - Processing /usr/local/lib/python3.10/dist-packages/airflow/example_dags/tutorial_objectstorage.py took 0.132 seconds
[2024-01-22T15:40:52.543+0200] {processor.py:161} INFO - Started process (PID=42306) to work on /usr/local/lib/python3.10/dist-packages/airflow/example_dags/tutorial_objectstorage.py
[2024-01-22T15:40:52.546+0200] {processor.py:830} INFO - Processing file /usr/local/lib/python3.10/dist-packages/airflow/example_dags/tutorial_objectstorage.py for tasks to queue
[2024-01-22T15:40:52.547+0200] {logging_mixin.py:188} INFO - [2024-01-22T15:40:52.546+0200] {dagbag.py:538} INFO - Filling up the DagBag from /usr/local/lib/python3.10/dist-packages/airflow/example_dags/tutorial_objectstorage.py
[2024-01-22T15:40:52.558+0200] {processor.py:840} INFO - DAG(s) 'tutorial_objectstorage' retrieved from /usr/local/lib/python3.10/dist-packages/airflow/example_dags/tutorial_objectstorage.py
[2024-01-22T15:40:52.578+0200] {logging_mixin.py:188} INFO - [2024-01-22T15:40:52.578+0200] {dag.py:3036} INFO - Sync 1 DAGs
[2024-01-22T15:40:52.591+0200] {logging_mixin.py:188} INFO - [2024-01-22T15:40:52.590+0200] {dag.py:3823} INFO - Setting next_dagrun for tutorial_objectstorage to None, run_after=None
[2024-01-22T15:40:52.615+0200] {processor.py:183} INFO - Processing /usr/local/lib/python3.10/dist-packages/airflow/example_dags/tutorial_objectstorage.py took 0.076 seconds
[2024-01-22T15:41:46.372+0200] {processor.py:161} INFO - Started process (PID=42362) to work on /usr/local/lib/python3.10/dist-packages/airflow/example_dags/tutorial_objectstorage.py
[2024-01-22T15:41:46.375+0200] {processor.py:830} INFO - Processing file /usr/local/lib/python3.10/dist-packages/airflow/example_dags/tutorial_objectstorage.py for tasks to queue
[2024-01-22T15:41:46.376+0200] {logging_mixin.py:188} INFO - [2024-01-22T15:41:46.375+0200] {dagbag.py:538} INFO - Filling up the DagBag from /usr/local/lib/python3.10/dist-packages/airflow/example_dags/tutorial_objectstorage.py
[2024-01-22T15:41:46.385+0200] {processor.py:840} INFO - DAG(s) 'tutorial_objectstorage' retrieved from /usr/local/lib/python3.10/dist-packages/airflow/example_dags/tutorial_objectstorage.py
[2024-01-22T15:41:46.403+0200] {logging_mixin.py:188} INFO - [2024-01-22T15:41:46.403+0200] {dag.py:3036} INFO - Sync 1 DAGs
[2024-01-22T15:41:46.415+0200] {logging_mixin.py:188} INFO - [2024-01-22T15:41:46.415+0200] {dag.py:3823} INFO - Setting next_dagrun for tutorial_objectstorage to None, run_after=None
[2024-01-22T15:41:46.442+0200] {processor.py:183} INFO - Processing /usr/local/lib/python3.10/dist-packages/airflow/example_dags/tutorial_objectstorage.py took 0.074 seconds
[2024-01-22T15:42:43.003+0200] {processor.py:161} INFO - Started process (PID=42425) to work on /usr/local/lib/python3.10/dist-packages/airflow/example_dags/tutorial_objectstorage.py
[2024-01-22T15:42:43.005+0200] {processor.py:830} INFO - Processing file /usr/local/lib/python3.10/dist-packages/airflow/example_dags/tutorial_objectstorage.py for tasks to queue
[2024-01-22T15:42:43.005+0200] {logging_mixin.py:188} INFO - [2024-01-22T15:42:43.005+0200] {dagbag.py:538} INFO - Filling up the DagBag from /usr/local/lib/python3.10/dist-packages/airflow/example_dags/tutorial_objectstorage.py
[2024-01-22T15:42:43.043+0200] {processor.py:840} INFO - DAG(s) 'tutorial_objectstorage' retrieved from /usr/local/lib/python3.10/dist-packages/airflow/example_dags/tutorial_objectstorage.py
[2024-01-22T15:42:43.085+0200] {logging_mixin.py:188} INFO - [2024-01-22T15:42:43.085+0200] {dag.py:3036} INFO - Sync 1 DAGs
[2024-01-22T15:42:43.097+0200] {logging_mixin.py:188} INFO - [2024-01-22T15:42:43.097+0200] {dag.py:3823} INFO - Setting next_dagrun for tutorial_objectstorage to None, run_after=None
[2024-01-22T15:42:43.160+0200] {processor.py:183} INFO - Processing /usr/local/lib/python3.10/dist-packages/airflow/example_dags/tutorial_objectstorage.py took 0.161 seconds
[2024-01-22T15:43:21.515+0200] {processor.py:161} INFO - Started process (PID=42468) to work on /usr/local/lib/python3.10/dist-packages/airflow/example_dags/tutorial_objectstorage.py
[2024-01-22T15:43:21.517+0200] {processor.py:830} INFO - Processing file /usr/local/lib/python3.10/dist-packages/airflow/example_dags/tutorial_objectstorage.py for tasks to queue
[2024-01-22T15:43:21.518+0200] {logging_mixin.py:188} INFO - [2024-01-22T15:43:21.518+0200] {dagbag.py:538} INFO - Filling up the DagBag from /usr/local/lib/python3.10/dist-packages/airflow/example_dags/tutorial_objectstorage.py
[2024-01-22T15:43:21.530+0200] {processor.py:840} INFO - DAG(s) 'tutorial_objectstorage' retrieved from /usr/local/lib/python3.10/dist-packages/airflow/example_dags/tutorial_objectstorage.py
[2024-01-22T15:43:21.551+0200] {logging_mixin.py:188} INFO - [2024-01-22T15:43:21.550+0200] {dag.py:3036} INFO - Sync 1 DAGs
[2024-01-22T15:43:21.563+0200] {logging_mixin.py:188} INFO - [2024-01-22T15:43:21.562+0200] {dag.py:3823} INFO - Setting next_dagrun for tutorial_objectstorage to None, run_after=None
[2024-01-22T15:43:21.590+0200] {processor.py:183} INFO - Processing /usr/local/lib/python3.10/dist-packages/airflow/example_dags/tutorial_objectstorage.py took 0.080 seconds
[2024-01-22T15:44:12.466+0200] {processor.py:161} INFO - Started process (PID=42520) to work on /usr/local/lib/python3.10/dist-packages/airflow/example_dags/tutorial_objectstorage.py
[2024-01-22T15:44:12.468+0200] {processor.py:830} INFO - Processing file /usr/local/lib/python3.10/dist-packages/airflow/example_dags/tutorial_objectstorage.py for tasks to queue
[2024-01-22T15:44:12.469+0200] {logging_mixin.py:188} INFO - [2024-01-22T15:44:12.468+0200] {dagbag.py:538} INFO - Filling up the DagBag from /usr/local/lib/python3.10/dist-packages/airflow/example_dags/tutorial_objectstorage.py
[2024-01-22T15:44:12.480+0200] {processor.py:840} INFO - DAG(s) 'tutorial_objectstorage' retrieved from /usr/local/lib/python3.10/dist-packages/airflow/example_dags/tutorial_objectstorage.py
[2024-01-22T15:44:12.497+0200] {logging_mixin.py:188} INFO - [2024-01-22T15:44:12.496+0200] {dag.py:3036} INFO - Sync 1 DAGs
[2024-01-22T15:44:12.509+0200] {logging_mixin.py:188} INFO - [2024-01-22T15:44:12.508+0200] {dag.py:3823} INFO - Setting next_dagrun for tutorial_objectstorage to None, run_after=None
[2024-01-22T15:44:12.534+0200] {processor.py:183} INFO - Processing /usr/local/lib/python3.10/dist-packages/airflow/example_dags/tutorial_objectstorage.py took 0.073 seconds
[2024-01-22T15:45:02.629+0200] {processor.py:161} INFO - Started process (PID=42571) to work on /usr/local/lib/python3.10/dist-packages/airflow/example_dags/tutorial_objectstorage.py
[2024-01-22T15:45:02.631+0200] {processor.py:830} INFO - Processing file /usr/local/lib/python3.10/dist-packages/airflow/example_dags/tutorial_objectstorage.py for tasks to queue
[2024-01-22T15:45:02.632+0200] {logging_mixin.py:188} INFO - [2024-01-22T15:45:02.631+0200] {dagbag.py:538} INFO - Filling up the DagBag from /usr/local/lib/python3.10/dist-packages/airflow/example_dags/tutorial_objectstorage.py
[2024-01-22T15:45:02.642+0200] {processor.py:840} INFO - DAG(s) 'tutorial_objectstorage' retrieved from /usr/local/lib/python3.10/dist-packages/airflow/example_dags/tutorial_objectstorage.py
[2024-01-22T15:45:02.659+0200] {logging_mixin.py:188} INFO - [2024-01-22T15:45:02.659+0200] {dag.py:3036} INFO - Sync 1 DAGs
[2024-01-22T15:45:02.670+0200] {logging_mixin.py:188} INFO - [2024-01-22T15:45:02.670+0200] {dag.py:3823} INFO - Setting next_dagrun for tutorial_objectstorage to None, run_after=None
[2024-01-22T15:45:02.696+0200] {processor.py:183} INFO - Processing /usr/local/lib/python3.10/dist-packages/airflow/example_dags/tutorial_objectstorage.py took 0.073 seconds
[2024-01-22T15:45:56.233+0200] {processor.py:161} INFO - Started process (PID=42684) to work on /usr/local/lib/python3.10/dist-packages/airflow/example_dags/tutorial_objectstorage.py
[2024-01-22T15:45:56.234+0200] {processor.py:830} INFO - Processing file /usr/local/lib/python3.10/dist-packages/airflow/example_dags/tutorial_objectstorage.py for tasks to queue
[2024-01-22T15:45:56.235+0200] {logging_mixin.py:188} INFO - [2024-01-22T15:45:56.235+0200] {dagbag.py:538} INFO - Filling up the DagBag from /usr/local/lib/python3.10/dist-packages/airflow/example_dags/tutorial_objectstorage.py
[2024-01-22T15:45:56.246+0200] {processor.py:840} INFO - DAG(s) 'tutorial_objectstorage' retrieved from /usr/local/lib/python3.10/dist-packages/airflow/example_dags/tutorial_objectstorage.py
[2024-01-22T15:45:56.257+0200] {logging_mixin.py:188} INFO - [2024-01-22T15:45:56.257+0200] {dag.py:3036} INFO - Sync 1 DAGs
[2024-01-22T15:45:56.265+0200] {logging_mixin.py:188} INFO - [2024-01-22T15:45:56.265+0200] {dag.py:3823} INFO - Setting next_dagrun for tutorial_objectstorage to None, run_after=None
[2024-01-22T15:45:56.281+0200] {processor.py:183} INFO - Processing /usr/local/lib/python3.10/dist-packages/airflow/example_dags/tutorial_objectstorage.py took 0.051 seconds
[2024-01-22T15:46:47.348+0200] {processor.py:161} INFO - Started process (PID=43552) to work on /usr/local/lib/python3.10/dist-packages/airflow/example_dags/tutorial_objectstorage.py
[2024-01-22T15:46:47.354+0200] {processor.py:830} INFO - Processing file /usr/local/lib/python3.10/dist-packages/airflow/example_dags/tutorial_objectstorage.py for tasks to queue
[2024-01-22T15:46:47.361+0200] {logging_mixin.py:188} INFO - [2024-01-22T15:46:47.358+0200] {dagbag.py:538} INFO - Filling up the DagBag from /usr/local/lib/python3.10/dist-packages/airflow/example_dags/tutorial_objectstorage.py
[2024-01-22T15:46:47.446+0200] {processor.py:840} INFO - DAG(s) 'tutorial_objectstorage' retrieved from /usr/local/lib/python3.10/dist-packages/airflow/example_dags/tutorial_objectstorage.py
[2024-01-22T15:46:47.554+0200] {logging_mixin.py:188} INFO - [2024-01-22T15:46:47.553+0200] {dag.py:3036} INFO - Sync 1 DAGs
[2024-01-22T15:46:47.590+0200] {logging_mixin.py:188} INFO - [2024-01-22T15:46:47.589+0200] {dag.py:3823} INFO - Setting next_dagrun for tutorial_objectstorage to None, run_after=None
[2024-01-22T15:46:47.757+0200] {processor.py:183} INFO - Processing /usr/local/lib/python3.10/dist-packages/airflow/example_dags/tutorial_objectstorage.py took 0.446 seconds
[2024-01-22T15:47:39.155+0200] {processor.py:161} INFO - Started process (PID=43694) to work on /usr/local/lib/python3.10/dist-packages/airflow/example_dags/tutorial_objectstorage.py
[2024-01-22T15:47:39.157+0200] {processor.py:830} INFO - Processing file /usr/local/lib/python3.10/dist-packages/airflow/example_dags/tutorial_objectstorage.py for tasks to queue
[2024-01-22T15:47:39.158+0200] {logging_mixin.py:188} INFO - [2024-01-22T15:47:39.158+0200] {dagbag.py:538} INFO - Filling up the DagBag from /usr/local/lib/python3.10/dist-packages/airflow/example_dags/tutorial_objectstorage.py
[2024-01-22T15:47:39.167+0200] {processor.py:840} INFO - DAG(s) 'tutorial_objectstorage' retrieved from /usr/local/lib/python3.10/dist-packages/airflow/example_dags/tutorial_objectstorage.py
[2024-01-22T15:47:39.187+0200] {logging_mixin.py:188} INFO - [2024-01-22T15:47:39.187+0200] {dag.py:3036} INFO - Sync 1 DAGs
[2024-01-22T15:47:39.202+0200] {logging_mixin.py:188} INFO - [2024-01-22T15:47:39.200+0200] {dag.py:3823} INFO - Setting next_dagrun for tutorial_objectstorage to None, run_after=None
[2024-01-22T15:47:39.269+0200] {processor.py:183} INFO - Processing /usr/local/lib/python3.10/dist-packages/airflow/example_dags/tutorial_objectstorage.py took 0.124 seconds
[2024-01-22T15:48:22.100+0200] {processor.py:161} INFO - Started process (PID=43810) to work on /usr/local/lib/python3.10/dist-packages/airflow/example_dags/tutorial_objectstorage.py
[2024-01-22T15:48:22.103+0200] {processor.py:830} INFO - Processing file /usr/local/lib/python3.10/dist-packages/airflow/example_dags/tutorial_objectstorage.py for tasks to queue
[2024-01-22T15:48:22.104+0200] {logging_mixin.py:188} INFO - [2024-01-22T15:48:22.104+0200] {dagbag.py:538} INFO - Filling up the DagBag from /usr/local/lib/python3.10/dist-packages/airflow/example_dags/tutorial_objectstorage.py
[2024-01-22T15:48:22.128+0200] {processor.py:840} INFO - DAG(s) 'tutorial_objectstorage' retrieved from /usr/local/lib/python3.10/dist-packages/airflow/example_dags/tutorial_objectstorage.py
[2024-01-22T15:48:22.141+0200] {logging_mixin.py:188} INFO - [2024-01-22T15:48:22.141+0200] {dag.py:3036} INFO - Sync 1 DAGs
[2024-01-22T15:48:22.148+0200] {logging_mixin.py:188} INFO - [2024-01-22T15:48:22.148+0200] {dag.py:3823} INFO - Setting next_dagrun for tutorial_objectstorage to None, run_after=None
[2024-01-22T15:48:22.167+0200] {processor.py:183} INFO - Processing /usr/local/lib/python3.10/dist-packages/airflow/example_dags/tutorial_objectstorage.py took 0.070 seconds
