[2024-01-22T15:30:23.566+0200] {processor.py:161} INFO - Started process (PID=40589) to work on /usr/local/lib/python3.10/dist-packages/airflow/example_dags/tutorial.py
[2024-01-22T15:30:23.567+0200] {processor.py:830} INFO - Processing file /usr/local/lib/python3.10/dist-packages/airflow/example_dags/tutorial.py for tasks to queue
[2024-01-22T15:30:23.567+0200] {logging_mixin.py:188} INFO - [2024-01-22T15:30:23.567+0200] {dagbag.py:538} INFO - Filling up the DagBag from /usr/local/lib/python3.10/dist-packages/airflow/example_dags/tutorial.py
[2024-01-22T15:30:23.608+0200] {processor.py:840} INFO - DAG(s) 'tutorial' retrieved from /usr/local/lib/python3.10/dist-packages/airflow/example_dags/tutorial.py
[2024-01-22T15:30:23.941+0200] {logging_mixin.py:188} INFO - [2024-01-22T15:30:23.941+0200] {dag.py:3036} INFO - Sync 1 DAGs
[2024-01-22T15:30:24.032+0200] {logging_mixin.py:188} INFO - [2024-01-22T15:30:24.031+0200] {dag.py:3823} INFO - Setting next_dagrun for tutorial to 2024-01-21 00:00:00+00:00, run_after=2024-01-22 00:00:00+00:00
[2024-01-22T15:30:24.130+0200] {processor.py:183} INFO - Processing /usr/local/lib/python3.10/dist-packages/airflow/example_dags/tutorial.py took 0.567 seconds
[2024-01-22T15:31:38.080+0200] {processor.py:161} INFO - Started process (PID=40952) to work on /usr/local/lib/python3.10/dist-packages/airflow/example_dags/tutorial.py
[2024-01-22T15:31:38.093+0200] {processor.py:830} INFO - Processing file /usr/local/lib/python3.10/dist-packages/airflow/example_dags/tutorial.py for tasks to queue
[2024-01-22T15:31:38.102+0200] {logging_mixin.py:188} INFO - [2024-01-22T15:31:38.100+0200] {dagbag.py:538} INFO - Filling up the DagBag from /usr/local/lib/python3.10/dist-packages/airflow/example_dags/tutorial.py
[2024-01-22T15:31:38.165+0200] {processor.py:840} INFO - DAG(s) 'tutorial' retrieved from /usr/local/lib/python3.10/dist-packages/airflow/example_dags/tutorial.py
[2024-01-22T15:31:38.316+0200] {logging_mixin.py:188} INFO - [2024-01-22T15:31:38.316+0200] {dag.py:3036} INFO - Sync 1 DAGs
[2024-01-22T15:31:38.527+0200] {logging_mixin.py:188} INFO - [2024-01-22T15:31:38.526+0200] {dag.py:3823} INFO - Setting next_dagrun for tutorial to 2024-01-21 00:00:00+00:00, run_after=2024-01-22 00:00:00+00:00
[2024-01-22T15:31:38.725+0200] {processor.py:183} INFO - Processing /usr/local/lib/python3.10/dist-packages/airflow/example_dags/tutorial.py took 0.679 seconds
[2024-01-22T15:32:32.083+0200] {processor.py:161} INFO - Started process (PID=41195) to work on /usr/local/lib/python3.10/dist-packages/airflow/example_dags/tutorial.py
[2024-01-22T15:32:32.099+0200] {processor.py:830} INFO - Processing file /usr/local/lib/python3.10/dist-packages/airflow/example_dags/tutorial.py for tasks to queue
[2024-01-22T15:32:32.101+0200] {logging_mixin.py:188} INFO - [2024-01-22T15:32:32.099+0200] {dagbag.py:538} INFO - Filling up the DagBag from /usr/local/lib/python3.10/dist-packages/airflow/example_dags/tutorial.py
[2024-01-22T15:32:32.133+0200] {processor.py:840} INFO - DAG(s) 'tutorial' retrieved from /usr/local/lib/python3.10/dist-packages/airflow/example_dags/tutorial.py
[2024-01-22T15:32:32.189+0200] {logging_mixin.py:188} INFO - [2024-01-22T15:32:32.188+0200] {dag.py:3036} INFO - Sync 1 DAGs
[2024-01-22T15:32:32.243+0200] {logging_mixin.py:188} INFO - [2024-01-22T15:32:32.243+0200] {dag.py:3823} INFO - Setting next_dagrun for tutorial to 2024-01-21 00:00:00+00:00, run_after=2024-01-22 00:00:00+00:00
[2024-01-22T15:32:32.293+0200] {processor.py:183} INFO - Processing /usr/local/lib/python3.10/dist-packages/airflow/example_dags/tutorial.py took 0.213 seconds
[2024-01-22T15:33:23.783+0200] {processor.py:161} INFO - Started process (PID=41459) to work on /usr/local/lib/python3.10/dist-packages/airflow/example_dags/tutorial.py
[2024-01-22T15:33:23.785+0200] {processor.py:830} INFO - Processing file /usr/local/lib/python3.10/dist-packages/airflow/example_dags/tutorial.py for tasks to queue
[2024-01-22T15:33:23.789+0200] {logging_mixin.py:188} INFO - [2024-01-22T15:33:23.788+0200] {dagbag.py:538} INFO - Filling up the DagBag from /usr/local/lib/python3.10/dist-packages/airflow/example_dags/tutorial.py
[2024-01-22T15:33:23.814+0200] {processor.py:840} INFO - DAG(s) 'tutorial' retrieved from /usr/local/lib/python3.10/dist-packages/airflow/example_dags/tutorial.py
[2024-01-22T15:33:23.917+0200] {logging_mixin.py:188} INFO - [2024-01-22T15:33:23.917+0200] {dag.py:3036} INFO - Sync 1 DAGs
[2024-01-22T15:33:23.980+0200] {logging_mixin.py:188} INFO - [2024-01-22T15:33:23.980+0200] {dag.py:3823} INFO - Setting next_dagrun for tutorial to 2024-01-21 00:00:00+00:00, run_after=2024-01-22 00:00:00+00:00
[2024-01-22T15:33:24.051+0200] {processor.py:183} INFO - Processing /usr/local/lib/python3.10/dist-packages/airflow/example_dags/tutorial.py took 0.278 seconds
[2024-01-22T15:34:19.942+0200] {processor.py:161} INFO - Started process (PID=41605) to work on /usr/local/lib/python3.10/dist-packages/airflow/example_dags/tutorial.py
[2024-01-22T15:34:19.944+0200] {processor.py:830} INFO - Processing file /usr/local/lib/python3.10/dist-packages/airflow/example_dags/tutorial.py for tasks to queue
[2024-01-22T15:34:19.945+0200] {logging_mixin.py:188} INFO - [2024-01-22T15:34:19.944+0200] {dagbag.py:538} INFO - Filling up the DagBag from /usr/local/lib/python3.10/dist-packages/airflow/example_dags/tutorial.py
[2024-01-22T15:34:19.953+0200] {processor.py:840} INFO - DAG(s) 'tutorial' retrieved from /usr/local/lib/python3.10/dist-packages/airflow/example_dags/tutorial.py
[2024-01-22T15:34:19.987+0200] {logging_mixin.py:188} INFO - [2024-01-22T15:34:19.987+0200] {dag.py:3036} INFO - Sync 1 DAGs
[2024-01-22T15:34:20.027+0200] {logging_mixin.py:188} INFO - [2024-01-22T15:34:20.026+0200] {dag.py:3823} INFO - Setting next_dagrun for tutorial to 2024-01-21 00:00:00+00:00, run_after=2024-01-22 00:00:00+00:00
[2024-01-22T15:34:20.107+0200] {processor.py:183} INFO - Processing /usr/local/lib/python3.10/dist-packages/airflow/example_dags/tutorial.py took 0.169 seconds
[2024-01-22T15:35:07.456+0200] {processor.py:161} INFO - Started process (PID=41671) to work on /usr/local/lib/python3.10/dist-packages/airflow/example_dags/tutorial.py
[2024-01-22T15:35:07.464+0200] {processor.py:830} INFO - Processing file /usr/local/lib/python3.10/dist-packages/airflow/example_dags/tutorial.py for tasks to queue
[2024-01-22T15:35:07.465+0200] {logging_mixin.py:188} INFO - [2024-01-22T15:35:07.464+0200] {dagbag.py:538} INFO - Filling up the DagBag from /usr/local/lib/python3.10/dist-packages/airflow/example_dags/tutorial.py
[2024-01-22T15:35:07.477+0200] {processor.py:840} INFO - DAG(s) 'tutorial' retrieved from /usr/local/lib/python3.10/dist-packages/airflow/example_dags/tutorial.py
[2024-01-22T15:35:07.518+0200] {logging_mixin.py:188} INFO - [2024-01-22T15:35:07.518+0200] {dag.py:3036} INFO - Sync 1 DAGs
[2024-01-22T15:35:07.561+0200] {logging_mixin.py:188} INFO - [2024-01-22T15:35:07.560+0200] {dag.py:3823} INFO - Setting next_dagrun for tutorial to 2024-01-21 00:00:00+00:00, run_after=2024-01-22 00:00:00+00:00
[2024-01-22T15:35:07.619+0200] {processor.py:183} INFO - Processing /usr/local/lib/python3.10/dist-packages/airflow/example_dags/tutorial.py took 0.177 seconds
[2024-01-22T15:35:54.939+0200] {processor.py:161} INFO - Started process (PID=41821) to work on /usr/local/lib/python3.10/dist-packages/airflow/example_dags/tutorial.py
[2024-01-22T15:35:54.941+0200] {processor.py:830} INFO - Processing file /usr/local/lib/python3.10/dist-packages/airflow/example_dags/tutorial.py for tasks to queue
[2024-01-22T15:35:54.942+0200] {logging_mixin.py:188} INFO - [2024-01-22T15:35:54.941+0200] {dagbag.py:538} INFO - Filling up the DagBag from /usr/local/lib/python3.10/dist-packages/airflow/example_dags/tutorial.py
[2024-01-22T15:35:54.954+0200] {processor.py:840} INFO - DAG(s) 'tutorial' retrieved from /usr/local/lib/python3.10/dist-packages/airflow/example_dags/tutorial.py
[2024-01-22T15:35:54.990+0200] {logging_mixin.py:188} INFO - [2024-01-22T15:35:54.989+0200] {dag.py:3036} INFO - Sync 1 DAGs
[2024-01-22T15:35:55.003+0200] {logging_mixin.py:188} INFO - [2024-01-22T15:35:55.003+0200] {dag.py:3823} INFO - Setting next_dagrun for tutorial to 2024-01-21 00:00:00+00:00, run_after=2024-01-22 00:00:00+00:00
[2024-01-22T15:35:55.036+0200] {processor.py:183} INFO - Processing /usr/local/lib/python3.10/dist-packages/airflow/example_dags/tutorial.py took 0.112 seconds
[2024-01-22T15:36:42.005+0200] {processor.py:161} INFO - Started process (PID=41957) to work on /usr/local/lib/python3.10/dist-packages/airflow/example_dags/tutorial.py
[2024-01-22T15:36:42.007+0200] {processor.py:830} INFO - Processing file /usr/local/lib/python3.10/dist-packages/airflow/example_dags/tutorial.py for tasks to queue
[2024-01-22T15:36:42.010+0200] {logging_mixin.py:188} INFO - [2024-01-22T15:36:42.009+0200] {dagbag.py:538} INFO - Filling up the DagBag from /usr/local/lib/python3.10/dist-packages/airflow/example_dags/tutorial.py
[2024-01-22T15:36:42.046+0200] {processor.py:840} INFO - DAG(s) 'tutorial' retrieved from /usr/local/lib/python3.10/dist-packages/airflow/example_dags/tutorial.py
[2024-01-22T15:36:42.113+0200] {logging_mixin.py:188} INFO - [2024-01-22T15:36:42.112+0200] {dag.py:3036} INFO - Sync 1 DAGs
[2024-01-22T15:36:42.175+0200] {logging_mixin.py:188} INFO - [2024-01-22T15:36:42.173+0200] {dag.py:3823} INFO - Setting next_dagrun for tutorial to 2024-01-21 00:00:00+00:00, run_after=2024-01-22 00:00:00+00:00
[2024-01-22T15:36:42.208+0200] {processor.py:183} INFO - Processing /usr/local/lib/python3.10/dist-packages/airflow/example_dags/tutorial.py took 0.212 seconds
[2024-01-22T15:37:27.172+0200] {processor.py:161} INFO - Started process (PID=42063) to work on /usr/local/lib/python3.10/dist-packages/airflow/example_dags/tutorial.py
[2024-01-22T15:37:27.175+0200] {processor.py:830} INFO - Processing file /usr/local/lib/python3.10/dist-packages/airflow/example_dags/tutorial.py for tasks to queue
[2024-01-22T15:37:27.176+0200] {logging_mixin.py:188} INFO - [2024-01-22T15:37:27.176+0200] {dagbag.py:538} INFO - Filling up the DagBag from /usr/local/lib/python3.10/dist-packages/airflow/example_dags/tutorial.py
[2024-01-22T15:37:27.188+0200] {processor.py:840} INFO - DAG(s) 'tutorial' retrieved from /usr/local/lib/python3.10/dist-packages/airflow/example_dags/tutorial.py
[2024-01-22T15:37:27.207+0200] {logging_mixin.py:188} INFO - [2024-01-22T15:37:27.207+0200] {dag.py:3036} INFO - Sync 1 DAGs
[2024-01-22T15:37:27.227+0200] {logging_mixin.py:188} INFO - [2024-01-22T15:37:27.226+0200] {dag.py:3823} INFO - Setting next_dagrun for tutorial to 2024-01-21 00:00:00+00:00, run_after=2024-01-22 00:00:00+00:00
[2024-01-22T15:37:27.257+0200] {processor.py:183} INFO - Processing /usr/local/lib/python3.10/dist-packages/airflow/example_dags/tutorial.py took 0.089 seconds
[2024-01-22T15:38:09.008+0200] {processor.py:161} INFO - Started process (PID=42109) to work on /usr/local/lib/python3.10/dist-packages/airflow/example_dags/tutorial.py
[2024-01-22T15:38:09.011+0200] {processor.py:830} INFO - Processing file /usr/local/lib/python3.10/dist-packages/airflow/example_dags/tutorial.py for tasks to queue
[2024-01-22T15:38:09.012+0200] {logging_mixin.py:188} INFO - [2024-01-22T15:38:09.012+0200] {dagbag.py:538} INFO - Filling up the DagBag from /usr/local/lib/python3.10/dist-packages/airflow/example_dags/tutorial.py
[2024-01-22T15:38:09.022+0200] {processor.py:840} INFO - DAG(s) 'tutorial' retrieved from /usr/local/lib/python3.10/dist-packages/airflow/example_dags/tutorial.py
[2024-01-22T15:38:09.038+0200] {logging_mixin.py:188} INFO - [2024-01-22T15:38:09.038+0200] {dag.py:3036} INFO - Sync 1 DAGs
[2024-01-22T15:38:09.057+0200] {logging_mixin.py:188} INFO - [2024-01-22T15:38:09.056+0200] {dag.py:3823} INFO - Setting next_dagrun for tutorial to 2024-01-21 00:00:00+00:00, run_after=2024-01-22 00:00:00+00:00
[2024-01-22T15:38:09.074+0200] {processor.py:183} INFO - Processing /usr/local/lib/python3.10/dist-packages/airflow/example_dags/tutorial.py took 0.070 seconds
[2024-01-22T15:38:44.447+0200] {processor.py:161} INFO - Started process (PID=42145) to work on /usr/local/lib/python3.10/dist-packages/airflow/example_dags/tutorial.py
[2024-01-22T15:38:44.448+0200] {processor.py:830} INFO - Processing file /usr/local/lib/python3.10/dist-packages/airflow/example_dags/tutorial.py for tasks to queue
[2024-01-22T15:38:44.449+0200] {logging_mixin.py:188} INFO - [2024-01-22T15:38:44.448+0200] {dagbag.py:538} INFO - Filling up the DagBag from /usr/local/lib/python3.10/dist-packages/airflow/example_dags/tutorial.py
[2024-01-22T15:38:44.455+0200] {processor.py:840} INFO - DAG(s) 'tutorial' retrieved from /usr/local/lib/python3.10/dist-packages/airflow/example_dags/tutorial.py
[2024-01-22T15:38:44.467+0200] {logging_mixin.py:188} INFO - [2024-01-22T15:38:44.466+0200] {dag.py:3036} INFO - Sync 1 DAGs
[2024-01-22T15:38:44.488+0200] {logging_mixin.py:188} INFO - [2024-01-22T15:38:44.488+0200] {dag.py:3823} INFO - Setting next_dagrun for tutorial to 2024-01-21 00:00:00+00:00, run_after=2024-01-22 00:00:00+00:00
[2024-01-22T15:38:44.571+0200] {processor.py:183} INFO - Processing /usr/local/lib/python3.10/dist-packages/airflow/example_dags/tutorial.py took 0.127 seconds
[2024-01-22T15:39:24.419+0200] {processor.py:161} INFO - Started process (PID=42184) to work on /usr/local/lib/python3.10/dist-packages/airflow/example_dags/tutorial.py
[2024-01-22T15:39:24.421+0200] {processor.py:830} INFO - Processing file /usr/local/lib/python3.10/dist-packages/airflow/example_dags/tutorial.py for tasks to queue
[2024-01-22T15:39:24.421+0200] {logging_mixin.py:188} INFO - [2024-01-22T15:39:24.421+0200] {dagbag.py:538} INFO - Filling up the DagBag from /usr/local/lib/python3.10/dist-packages/airflow/example_dags/tutorial.py
[2024-01-22T15:39:24.428+0200] {processor.py:840} INFO - DAG(s) 'tutorial' retrieved from /usr/local/lib/python3.10/dist-packages/airflow/example_dags/tutorial.py
[2024-01-22T15:39:24.440+0200] {logging_mixin.py:188} INFO - [2024-01-22T15:39:24.440+0200] {dag.py:3036} INFO - Sync 1 DAGs
[2024-01-22T15:39:24.456+0200] {logging_mixin.py:188} INFO - [2024-01-22T15:39:24.456+0200] {dag.py:3823} INFO - Setting next_dagrun for tutorial to 2024-01-21 00:00:00+00:00, run_after=2024-01-22 00:00:00+00:00
[2024-01-22T15:39:24.475+0200] {processor.py:183} INFO - Processing /usr/local/lib/python3.10/dist-packages/airflow/example_dags/tutorial.py took 0.059 seconds
[2024-01-22T15:40:03.783+0200] {processor.py:161} INFO - Started process (PID=42233) to work on /usr/local/lib/python3.10/dist-packages/airflow/example_dags/tutorial.py
[2024-01-22T15:40:03.786+0200] {processor.py:830} INFO - Processing file /usr/local/lib/python3.10/dist-packages/airflow/example_dags/tutorial.py for tasks to queue
[2024-01-22T15:40:03.787+0200] {logging_mixin.py:188} INFO - [2024-01-22T15:40:03.787+0200] {dagbag.py:538} INFO - Filling up the DagBag from /usr/local/lib/python3.10/dist-packages/airflow/example_dags/tutorial.py
[2024-01-22T15:40:03.802+0200] {processor.py:840} INFO - DAG(s) 'tutorial' retrieved from /usr/local/lib/python3.10/dist-packages/airflow/example_dags/tutorial.py
[2024-01-22T15:40:03.820+0200] {logging_mixin.py:188} INFO - [2024-01-22T15:40:03.820+0200] {dag.py:3036} INFO - Sync 1 DAGs
[2024-01-22T15:40:03.841+0200] {logging_mixin.py:188} INFO - [2024-01-22T15:40:03.841+0200] {dag.py:3823} INFO - Setting next_dagrun for tutorial to 2024-01-21 00:00:00+00:00, run_after=2024-01-22 00:00:00+00:00
[2024-01-22T15:40:03.867+0200] {processor.py:183} INFO - Processing /usr/local/lib/python3.10/dist-packages/airflow/example_dags/tutorial.py took 0.088 seconds
[2024-01-22T15:40:47.916+0200] {processor.py:161} INFO - Started process (PID=42301) to work on /usr/local/lib/python3.10/dist-packages/airflow/example_dags/tutorial.py
[2024-01-22T15:40:47.919+0200] {processor.py:830} INFO - Processing file /usr/local/lib/python3.10/dist-packages/airflow/example_dags/tutorial.py for tasks to queue
[2024-01-22T15:40:47.921+0200] {logging_mixin.py:188} INFO - [2024-01-22T15:40:47.920+0200] {dagbag.py:538} INFO - Filling up the DagBag from /usr/local/lib/python3.10/dist-packages/airflow/example_dags/tutorial.py
[2024-01-22T15:40:47.930+0200] {processor.py:840} INFO - DAG(s) 'tutorial' retrieved from /usr/local/lib/python3.10/dist-packages/airflow/example_dags/tutorial.py
[2024-01-22T15:40:47.949+0200] {logging_mixin.py:188} INFO - [2024-01-22T15:40:47.949+0200] {dag.py:3036} INFO - Sync 1 DAGs
[2024-01-22T15:40:47.971+0200] {logging_mixin.py:188} INFO - [2024-01-22T15:40:47.970+0200] {dag.py:3823} INFO - Setting next_dagrun for tutorial to 2024-01-21 00:00:00+00:00, run_after=2024-01-22 00:00:00+00:00
[2024-01-22T15:40:47.998+0200] {processor.py:183} INFO - Processing /usr/local/lib/python3.10/dist-packages/airflow/example_dags/tutorial.py took 0.090 seconds
[2024-01-22T15:41:25.767+0200] {processor.py:161} INFO - Started process (PID=42340) to work on /usr/local/lib/python3.10/dist-packages/airflow/example_dags/tutorial.py
[2024-01-22T15:41:25.769+0200] {processor.py:830} INFO - Processing file /usr/local/lib/python3.10/dist-packages/airflow/example_dags/tutorial.py for tasks to queue
[2024-01-22T15:41:25.770+0200] {logging_mixin.py:188} INFO - [2024-01-22T15:41:25.769+0200] {dagbag.py:538} INFO - Filling up the DagBag from /usr/local/lib/python3.10/dist-packages/airflow/example_dags/tutorial.py
[2024-01-22T15:41:25.778+0200] {processor.py:840} INFO - DAG(s) 'tutorial' retrieved from /usr/local/lib/python3.10/dist-packages/airflow/example_dags/tutorial.py
[2024-01-22T15:41:25.795+0200] {logging_mixin.py:188} INFO - [2024-01-22T15:41:25.795+0200] {dag.py:3036} INFO - Sync 1 DAGs
[2024-01-22T15:41:25.815+0200] {logging_mixin.py:188} INFO - [2024-01-22T15:41:25.815+0200] {dag.py:3823} INFO - Setting next_dagrun for tutorial to 2024-01-21 00:00:00+00:00, run_after=2024-01-22 00:00:00+00:00
[2024-01-22T15:41:25.843+0200] {processor.py:183} INFO - Processing /usr/local/lib/python3.10/dist-packages/airflow/example_dags/tutorial.py took 0.080 seconds
[2024-01-22T15:42:01.948+0200] {processor.py:161} INFO - Started process (PID=42377) to work on /usr/local/lib/python3.10/dist-packages/airflow/example_dags/tutorial.py
[2024-01-22T15:42:01.949+0200] {processor.py:830} INFO - Processing file /usr/local/lib/python3.10/dist-packages/airflow/example_dags/tutorial.py for tasks to queue
[2024-01-22T15:42:01.951+0200] {logging_mixin.py:188} INFO - [2024-01-22T15:42:01.950+0200] {dagbag.py:538} INFO - Filling up the DagBag from /usr/local/lib/python3.10/dist-packages/airflow/example_dags/tutorial.py
[2024-01-22T15:42:01.962+0200] {processor.py:840} INFO - DAG(s) 'tutorial' retrieved from /usr/local/lib/python3.10/dist-packages/airflow/example_dags/tutorial.py
[2024-01-22T15:42:01.981+0200] {logging_mixin.py:188} INFO - [2024-01-22T15:42:01.980+0200] {dag.py:3036} INFO - Sync 1 DAGs
[2024-01-22T15:42:02.001+0200] {logging_mixin.py:188} INFO - [2024-01-22T15:42:02.001+0200] {dag.py:3823} INFO - Setting next_dagrun for tutorial to 2024-01-21 00:00:00+00:00, run_after=2024-01-22 00:00:00+00:00
[2024-01-22T15:42:02.026+0200] {processor.py:183} INFO - Processing /usr/local/lib/python3.10/dist-packages/airflow/example_dags/tutorial.py took 0.084 seconds
[2024-01-22T15:42:39.287+0200] {processor.py:161} INFO - Started process (PID=42420) to work on /usr/local/lib/python3.10/dist-packages/airflow/example_dags/tutorial.py
[2024-01-22T15:42:39.289+0200] {processor.py:830} INFO - Processing file /usr/local/lib/python3.10/dist-packages/airflow/example_dags/tutorial.py for tasks to queue
[2024-01-22T15:42:39.290+0200] {logging_mixin.py:188} INFO - [2024-01-22T15:42:39.289+0200] {dagbag.py:538} INFO - Filling up the DagBag from /usr/local/lib/python3.10/dist-packages/airflow/example_dags/tutorial.py
[2024-01-22T15:42:39.299+0200] {processor.py:840} INFO - DAG(s) 'tutorial' retrieved from /usr/local/lib/python3.10/dist-packages/airflow/example_dags/tutorial.py
[2024-01-22T15:42:39.317+0200] {logging_mixin.py:188} INFO - [2024-01-22T15:42:39.316+0200] {dag.py:3036} INFO - Sync 1 DAGs
[2024-01-22T15:42:39.337+0200] {logging_mixin.py:188} INFO - [2024-01-22T15:42:39.336+0200] {dag.py:3823} INFO - Setting next_dagrun for tutorial to 2024-01-21 00:00:00+00:00, run_after=2024-01-22 00:00:00+00:00
[2024-01-22T15:42:39.364+0200] {processor.py:183} INFO - Processing /usr/local/lib/python3.10/dist-packages/airflow/example_dags/tutorial.py took 0.081 seconds
[2024-01-22T15:43:18.706+0200] {processor.py:161} INFO - Started process (PID=42464) to work on /usr/local/lib/python3.10/dist-packages/airflow/example_dags/tutorial.py
[2024-01-22T15:43:18.709+0200] {processor.py:830} INFO - Processing file /usr/local/lib/python3.10/dist-packages/airflow/example_dags/tutorial.py for tasks to queue
[2024-01-22T15:43:18.710+0200] {logging_mixin.py:188} INFO - [2024-01-22T15:43:18.710+0200] {dagbag.py:538} INFO - Filling up the DagBag from /usr/local/lib/python3.10/dist-packages/airflow/example_dags/tutorial.py
[2024-01-22T15:43:18.720+0200] {processor.py:840} INFO - DAG(s) 'tutorial' retrieved from /usr/local/lib/python3.10/dist-packages/airflow/example_dags/tutorial.py
[2024-01-22T15:43:18.738+0200] {logging_mixin.py:188} INFO - [2024-01-22T15:43:18.737+0200] {dag.py:3036} INFO - Sync 1 DAGs
[2024-01-22T15:43:18.758+0200] {logging_mixin.py:188} INFO - [2024-01-22T15:43:18.756+0200] {dag.py:3823} INFO - Setting next_dagrun for tutorial to 2024-01-21 00:00:00+00:00, run_after=2024-01-22 00:00:00+00:00
[2024-01-22T15:43:18.785+0200] {processor.py:183} INFO - Processing /usr/local/lib/python3.10/dist-packages/airflow/example_dags/tutorial.py took 0.084 seconds
[2024-01-22T15:44:09.418+0200] {processor.py:161} INFO - Started process (PID=42516) to work on /usr/local/lib/python3.10/dist-packages/airflow/example_dags/tutorial.py
[2024-01-22T15:44:09.420+0200] {processor.py:830} INFO - Processing file /usr/local/lib/python3.10/dist-packages/airflow/example_dags/tutorial.py for tasks to queue
[2024-01-22T15:44:09.422+0200] {logging_mixin.py:188} INFO - [2024-01-22T15:44:09.421+0200] {dagbag.py:538} INFO - Filling up the DagBag from /usr/local/lib/python3.10/dist-packages/airflow/example_dags/tutorial.py
[2024-01-22T15:44:09.432+0200] {processor.py:840} INFO - DAG(s) 'tutorial' retrieved from /usr/local/lib/python3.10/dist-packages/airflow/example_dags/tutorial.py
[2024-01-22T15:44:09.450+0200] {logging_mixin.py:188} INFO - [2024-01-22T15:44:09.450+0200] {dag.py:3036} INFO - Sync 1 DAGs
[2024-01-22T15:44:09.468+0200] {logging_mixin.py:188} INFO - [2024-01-22T15:44:09.468+0200] {dag.py:3823} INFO - Setting next_dagrun for tutorial to 2024-01-21 00:00:00+00:00, run_after=2024-01-22 00:00:00+00:00
[2024-01-22T15:44:09.494+0200] {processor.py:183} INFO - Processing /usr/local/lib/python3.10/dist-packages/airflow/example_dags/tutorial.py took 0.080 seconds
[2024-01-22T15:44:58.631+0200] {processor.py:161} INFO - Started process (PID=42567) to work on /usr/local/lib/python3.10/dist-packages/airflow/example_dags/tutorial.py
[2024-01-22T15:44:58.633+0200] {processor.py:830} INFO - Processing file /usr/local/lib/python3.10/dist-packages/airflow/example_dags/tutorial.py for tasks to queue
[2024-01-22T15:44:58.634+0200] {logging_mixin.py:188} INFO - [2024-01-22T15:44:58.633+0200] {dagbag.py:538} INFO - Filling up the DagBag from /usr/local/lib/python3.10/dist-packages/airflow/example_dags/tutorial.py
[2024-01-22T15:44:58.645+0200] {processor.py:840} INFO - DAG(s) 'tutorial' retrieved from /usr/local/lib/python3.10/dist-packages/airflow/example_dags/tutorial.py
[2024-01-22T15:44:58.663+0200] {logging_mixin.py:188} INFO - [2024-01-22T15:44:58.663+0200] {dag.py:3036} INFO - Sync 1 DAGs
[2024-01-22T15:44:58.683+0200] {logging_mixin.py:188} INFO - [2024-01-22T15:44:58.683+0200] {dag.py:3823} INFO - Setting next_dagrun for tutorial to 2024-01-21 00:00:00+00:00, run_after=2024-01-22 00:00:00+00:00
[2024-01-22T15:44:58.707+0200] {processor.py:183} INFO - Processing /usr/local/lib/python3.10/dist-packages/airflow/example_dags/tutorial.py took 0.082 seconds
[2024-01-22T15:45:51.864+0200] {processor.py:161} INFO - Started process (PID=42680) to work on /usr/local/lib/python3.10/dist-packages/airflow/example_dags/tutorial.py
[2024-01-22T15:45:51.868+0200] {processor.py:830} INFO - Processing file /usr/local/lib/python3.10/dist-packages/airflow/example_dags/tutorial.py for tasks to queue
[2024-01-22T15:45:51.869+0200] {logging_mixin.py:188} INFO - [2024-01-22T15:45:51.869+0200] {dagbag.py:538} INFO - Filling up the DagBag from /usr/local/lib/python3.10/dist-packages/airflow/example_dags/tutorial.py
[2024-01-22T15:45:51.887+0200] {processor.py:840} INFO - DAG(s) 'tutorial' retrieved from /usr/local/lib/python3.10/dist-packages/airflow/example_dags/tutorial.py
[2024-01-22T15:45:51.914+0200] {logging_mixin.py:188} INFO - [2024-01-22T15:45:51.914+0200] {dag.py:3036} INFO - Sync 1 DAGs
[2024-01-22T15:45:51.939+0200] {logging_mixin.py:188} INFO - [2024-01-22T15:45:51.939+0200] {dag.py:3823} INFO - Setting next_dagrun for tutorial to 2024-01-21 00:00:00+00:00, run_after=2024-01-22 00:00:00+00:00
[2024-01-22T15:45:51.973+0200] {processor.py:183} INFO - Processing /usr/local/lib/python3.10/dist-packages/airflow/example_dags/tutorial.py took 0.115 seconds
[2024-01-22T15:46:40.667+0200] {processor.py:161} INFO - Started process (PID=43484) to work on /usr/local/lib/python3.10/dist-packages/airflow/example_dags/tutorial.py
[2024-01-22T15:46:40.688+0200] {processor.py:830} INFO - Processing file /usr/local/lib/python3.10/dist-packages/airflow/example_dags/tutorial.py for tasks to queue
[2024-01-22T15:46:40.698+0200] {logging_mixin.py:188} INFO - [2024-01-22T15:46:40.689+0200] {dagbag.py:538} INFO - Filling up the DagBag from /usr/local/lib/python3.10/dist-packages/airflow/example_dags/tutorial.py
[2024-01-22T15:46:40.788+0200] {processor.py:840} INFO - DAG(s) 'tutorial' retrieved from /usr/local/lib/python3.10/dist-packages/airflow/example_dags/tutorial.py
[2024-01-22T15:46:41.016+0200] {logging_mixin.py:188} INFO - [2024-01-22T15:46:41.016+0200] {dag.py:3036} INFO - Sync 1 DAGs
[2024-01-22T15:46:41.389+0200] {logging_mixin.py:188} INFO - [2024-01-22T15:46:41.389+0200] {dag.py:3823} INFO - Setting next_dagrun for tutorial to 2024-01-21 00:00:00+00:00, run_after=2024-01-22 00:00:00+00:00
[2024-01-22T15:46:41.510+0200] {processor.py:183} INFO - Processing /usr/local/lib/python3.10/dist-packages/airflow/example_dags/tutorial.py took 0.860 seconds
[2024-01-22T15:47:34.879+0200] {processor.py:161} INFO - Started process (PID=43684) to work on /usr/local/lib/python3.10/dist-packages/airflow/example_dags/tutorial.py
[2024-01-22T15:47:34.884+0200] {processor.py:830} INFO - Processing file /usr/local/lib/python3.10/dist-packages/airflow/example_dags/tutorial.py for tasks to queue
[2024-01-22T15:47:34.885+0200] {logging_mixin.py:188} INFO - [2024-01-22T15:47:34.884+0200] {dagbag.py:538} INFO - Filling up the DagBag from /usr/local/lib/python3.10/dist-packages/airflow/example_dags/tutorial.py
[2024-01-22T15:47:34.896+0200] {processor.py:840} INFO - DAG(s) 'tutorial' retrieved from /usr/local/lib/python3.10/dist-packages/airflow/example_dags/tutorial.py
[2024-01-22T15:47:34.916+0200] {logging_mixin.py:188} INFO - [2024-01-22T15:47:34.916+0200] {dag.py:3036} INFO - Sync 1 DAGs
[2024-01-22T15:47:34.939+0200] {logging_mixin.py:188} INFO - [2024-01-22T15:47:34.939+0200] {dag.py:3823} INFO - Setting next_dagrun for tutorial to 2024-01-21 00:00:00+00:00, run_after=2024-01-22 00:00:00+00:00
[2024-01-22T15:47:34.968+0200] {processor.py:183} INFO - Processing /usr/local/lib/python3.10/dist-packages/airflow/example_dags/tutorial.py took 0.093 seconds
[2024-01-22T15:48:18.101+0200] {processor.py:161} INFO - Started process (PID=43806) to work on /usr/local/lib/python3.10/dist-packages/airflow/example_dags/tutorial.py
[2024-01-22T15:48:18.104+0200] {processor.py:830} INFO - Processing file /usr/local/lib/python3.10/dist-packages/airflow/example_dags/tutorial.py for tasks to queue
[2024-01-22T15:48:18.105+0200] {logging_mixin.py:188} INFO - [2024-01-22T15:48:18.104+0200] {dagbag.py:538} INFO - Filling up the DagBag from /usr/local/lib/python3.10/dist-packages/airflow/example_dags/tutorial.py
[2024-01-22T15:48:18.112+0200] {processor.py:840} INFO - DAG(s) 'tutorial' retrieved from /usr/local/lib/python3.10/dist-packages/airflow/example_dags/tutorial.py
[2024-01-22T15:48:18.127+0200] {logging_mixin.py:188} INFO - [2024-01-22T15:48:18.127+0200] {dag.py:3036} INFO - Sync 1 DAGs
[2024-01-22T15:48:18.140+0200] {logging_mixin.py:188} INFO - [2024-01-22T15:48:18.140+0200] {dag.py:3823} INFO - Setting next_dagrun for tutorial to 2024-01-21 00:00:00+00:00, run_after=2024-01-22 00:00:00+00:00
[2024-01-22T15:48:18.158+0200] {processor.py:183} INFO - Processing /usr/local/lib/python3.10/dist-packages/airflow/example_dags/tutorial.py took 0.060 seconds
